0 0
1 0
4 0
9 0
16 0
25 0
36 0
49 0
64 0
81 0
100 0
121 0
144 0
169 0
196 0
225 0
256 0
289 0
324 0
361 0
400 0
441 0
484 0
529 0
576 0
625 0
676 0
729 0
784 0
841 0
900 0
961 0
1024 0
1089 0
1156 0
1225 0
1296 0
1369 0
1444 0
1521 0
1600 0
1681 0
1764 0
1849 0
1936 0
2025 0
2116 0
2209 0
2304 0
2401 0
2500 0
2601 0
2704 0
2809 0
2916 0
3025 0
3136 0
3249 0
3364 0
3481 0
3600 0
3721 0
3844 0
3969 0
4096 0
4225 0
4356 0
4489 0
4624 0
4761 0
4900 0
5041 0
5184 0
5329 0
5476 0
5625 0
5776 0
5929 0
6084 0
6241 0
6400 0
6561 0
6724 0
6889 0
7056 0
7225 0
7396 0
7569 0
7744 0
7921 0
8100 0
8281 0
8464 0
8649 0
8836 0
9025 0
9216 0
9409 0
9604 0
9801 0
10000 0
10201 0
10404 0
10609 0
10816 0
11025 0
11236 0
11449 0
11664 0
11881 0
12100 0
12321 0
12544 0
12769 0
12996 0
13225 0
13456 0
13689 0
13924 0
14161 0
14400 0
14641 0
14884 0
15129 0
15376 0
15625 0
15876 0
16129 0
16384 0
16641 0
16900 0
17161 0
17424 0
17689 0
17956 0
18225 0
18496 0
18769 0
19044 0
19321 0
19600 0
19881 0
20164 0
20449 0
20736 0
21025 0
21316 0
21609 0
21904 0
22201 0
22500 0
22801 0
23104 0
23409 0
23716 0
24025 0
24336 0
24649 0
24964 0
25281 0
25600 0
25921 0
26244 0
26569 0
26896 0
27225 0
27556 0
27889 0
28224 0
28561 0
28900 0
29241 0
29584 0
29929 0
30276 0
30625 0
30976 0
31329 0
31684 0
32041 0
32400 0
32761 0
33124 0
33489 0
33856 0
34225 0
34596 0
34969 0
35344 0
35721 0
36100 0
36481 0
36864 0
37249 0
37636 0
38025 0
38416 0
38809 0
39204 0
39601 0
40000 0
40401 0
40804 0
41209 0
41616 0
42025 0
42436 0
42849 0
43264 0
43681 0
44100 0
44521 0
44944 0
45369 0
45796 0
46225 0
46656 0
47089 0
47524 0
47961 0
48400 0
48841 0
49284 0
49729 0
50176 0
50625 0
51076 0
51529 0
51984 0
52441 0
52900 0
53361 0
53824 0
54289 0
54756 0
55225 0
55696 0
56169 0
56644 0
57121 0
57600 0
58081 0
58564 0
59049 0
59536 0
60025 0
60516 0
61009 0
61504 0
62001 0
62500 0
63001 0
63504 0
64009 0
64516 0
65025 0
65536 0
66049 0
66564 0
67081 0
67600 0
68121 0
68644 0
69169 0
69696 0
70225 0
70756 0
71289 0
71824 0
72361 0
72900 0
73441 0
73984 0
74529 0
75076 0
75625 0
76176 0
76729 0
77284 0
77841 0
78400 0
78961 0
79524 0
80089 0
80656 0
81225 0
81796 0
82369 0
82944 0
83521 0
84100 0
84681 0
85264 0
85849 0
86436 0
87025 0
87616 0
88209 0
88804 0
89401 0
90000 0
90601 0
91204 0
91809 0
92416 0
93025 0
93636 0
94249 0
94864 0
95481 0
96100 0
96721 0
97344 0
97969 0
98596 0
99225 0
99856 0
100489 0
101124 0
101761 0
102400 0
103041 0
103684 0
104329 0
104976 0
105625 0
106276 0
106929 0
107584 0
108241 0
108900 0
109561 0
110224 0
110889 0
111556 0
112225 0
112896 0
113569 0
114244 0
114921 0
115600 0
116281 0
116964 0
117649 0
118336 0
119025 0
119716 0
120409 0
121104 0
121801 0
122500 0
123201 0
123904 0
124609 0
125316 0
126025 0
126736 0
127449 0
128164 0
128881 0
129600 0
130321 0
131044 0
131769 0
132496 0
133225 0
133956 0
134689 0
135424 0
136161 0
136900 0
137641 0
138384 0
139129 0
139876 0
140625 0
141376 0
142129 0
142884 0
143641 0
144400 0
145161 0
145924 0
146689 0
147456 0
148225 0
148996 0
149769 0
150544 0
151321 0
152100 0
152881 0
153664 0
154449 0
155236 0
156025 0
156816 0
157609 0
158404 0
159201 0
160000 0
160801 0
161604 0
162409 0
163216 0
164025 0
164836 0
165649 0
166464 0
167281 0
168100 0
168921 0
169744 0
170569 0
171396 0
172225 0
173056 0
173889 0
174724 0
175561 0
176400 0
177241 0
178084 0
178929 0
179776 0
180625 0
181476 0
182329 0
183184 0
184041 0
184900 0
185761 0
186624 0
187489 0
188356 0
189225 0
190096 0
190969 0
191844 0
192721 0
193600 0
194481 0
195364 0
196249 0
197136 0
198025 0
198916 0
199809 0
200704 0
201601 0
202500 0
203401 0
204304 0
205209 0
206116 0
207025 0
207936 0
208849 0
209764 0
210681 0
211600 0
212521 0
213444 0
214369 0
215296 0
216225 0
217156 0
218089 0
219024 0
219961 0
220900 0
221841 0
222784 0
223729 0
224676 0
225625 0
226576 0
227529 0
228484 0
229441 0
230400 0
231361 0
232324 0
233289 0
234256 0
235225 0
236196 0
237169 0
238144 0
239121 0
240100 0
241081 0
242064 0
243049 0
244036 0
245025 0
246016 0
247009 0
248004 0
249001 0
1000000 1
998001 1
996004 1
994009 1
992016 1
990025 1
988036 1
986049 1
984064 1
982081 1
980100 1
978121 1
976144 1
974169 1
972196 1
970225 1
968256 1
966289 1
964324 1
962361 1
960400 1
958441 1
956484 1
954529 1
952576 1
950625 1
948676 1
946729 1
944784 1
942841 1
940900 1
938961 1
937024 1
935089 1
933156 1
931225 1
929296 1
927369 1
925444 1
923521 1
921600 1
919681 1
917764 1
915849 1
913936 1
912025 1
910116 1
908209 1
906304 1
904401 1
902500 1
900601 1
898704 1
896809 1
894916 1
893025 1
891136 1
889249 1
887364 1
885481 1
883600 1
881721 1
879844 1
877969 1
876096 1
874225 1
872356 1
870489 1
868624 1
866761 1
864900 1
863041 1
861184 1
859329 1
857476 1
855625 1
853776 1
851929 1
850084 1
848241 1
846400 1
844561 1
842724 1
840889 1
839056 1
837225 1
835396 1
833569 1
831744 1
829921 1
828100 1
826281 1
824464 1
822649 1
820836 1
819025 1
817216 1
815409 1
813604 1
811801 1
810000 1
808201 1
806404 1
804609 1
802816 1
801025 1
799236 1
797449 1
795664 1
793881 1
792100 1
790321 1
788544 1
786769 1
784996 1
783225 1
781456 1
779689 1
777924 1
776161 1
774400 1
772641 1
770884 1
769129 1
767376 1
765625 1
763876 1
762129 1
760384 1
758641 1
756900 1
755161 1
753424 1
751689 1
749956 1
748225 1
746496 1
744769 1
743044 1
741321 1
739600 1
737881 1
736164 1
734449 1
732736 1
731025 1
729316 1
727609 1
725904 1
724201 1
722500 1
720801 1
719104 1
717409 1
715716 1
714025 1
712336 1
710649 1
708964 1
707281 1
705600 1
703921 1
702244 1
700569 1
698896 1
697225 1
695556 1
693889 1
692224 1
690561 1
688900 1
687241 1
685584 1
683929 1
682276 1
680625 1
678976 1
677329 1
675684 1
674041 1
672400 1
670761 1
669124 1
667489 1
665856 1
664225 1
662596 1
660969 1
659344 1
657721 1
656100 1
654481 1
652864 1
651249 1
649636 1
648025 1
646416 1
644809 1
643204 1
641601 1
640000 1
638401 1
636804 1
635209 1
633616 1
632025 1
630436 1
628849 1
627264 1
625681 1
624100 1
622521 1
620944 1
619369 1
617796 1
616225 1
614656 1
613089 1
611524 1
609961 1
608400 1
606841 1
605284 1
603729 1
602176 1
600625 1
599076 1
597529 1
595984 1
594441 1
592900 1
591361 1
589824 1
588289 1
586756 1
585225 1
583696 1
582169 1
580644 1
579121 1
577600 1
576081 1
574564 1
573049 1
571536 1
570025 1
568516 1
567009 1
565504 1
564001 1
562500 1
561001 1
559504 1
558009 1
556516 1
555025 1
553536 1
552049 1
550564 1
549081 1
547600 1
546121 1
544644 1
543169 1
541696 1
540225 1
538756 1
537289 1
535824 1
534361 1
532900 1
531441 1
529984 1
528529 1
527076 1
525625 1
524176 1
522729 1
521284 1
519841 1
518400 1
516961 1
515524 1
514089 1
512656 1
511225 1
509796 1
508369 1
506944 1
505521 1
504100 1
502681 1
501264 1
499849 1
498436 1
497025 1
495616 1
494209 1
492804 1
491401 1
490000 1
488601 1
487204 1
485809 1
484416 1
483025 1
481636 1
480249 1
478864 1
477481 1
476100 1
474721 1
473344 1
471969 1
470596 1
469225 1
467856 1
466489 1
465124 1
463761 1
462400 1
461041 1
459684 1
458329 1
456976 1
455625 1
454276 1
452929 1
451584 1
450241 1
448900 1
447561 1
446224 1
444889 1
443556 1
442225 1
440896 1
439569 1
438244 1
436921 1
435600 1
434281 1
432964 1
431649 1
430336 1
429025 1
427716 1
426409 1
425104 1
423801 1
422500 1
421201 1
419904 1
418609 1
417316 1
416025 1
414736 1
413449 1
412164 1
410881 1
409600 1
408321 1
407044 1
405769 1
404496 1
403225 1
401956 1
400689 1
399424 1
398161 1
396900 1
395641 1
394384 1
393129 1
391876 1
390625 1
389376 1
388129 1
386884 1
385641 1
384400 1
383161 1
381924 1
380689 1
379456 1
378225 1
376996 1
375769 1
374544 1
373321 1
372100 1
370881 1
369664 1
368449 1
367236 1
366025 1
364816 1
363609 1
362404 1
361201 1
360000 1
358801 1
357604 1
356409 1
355216 1
354025 1
352836 1
351649 1
350464 1
349281 1
348100 1
346921 1
345744 1
344569 1
343396 1
342225 1
341056 1
339889 1
338724 1
337561 1
336400 1
335241 1
334084 1
332929 1
331776 1
330625 1
329476 1
328329 1
327184 1
326041 1
324900 1
323761 1
322624 1
321489 1
320356 1
319225 1
318096 1
316969 1
315844 1
314721 1
313600 1
312481 1
311364 1
310249 1
309136 1
308025 1
306916 1
305809 1
304704 1
303601 1
302500 1
301401 1
300304 1
299209 1
298116 1
297025 1
295936 1
294849 1
293764 1
292681 1
291600 1
290521 1
289444 1
288369 1
287296 1
286225 1
285156 1
284089 1
283024 1
281961 1
280900 1
279841 1
278784 1
277729 1
276676 1
275625 1
274576 1
273529 1
272484 1
271441 1
270400 1
269361 1
268324 1
267289 1
266256 1
265225 1
264196 1
263169 1
262144 1
261121 1
260100 1
259081 1
258064 1
257049 1
256036 1
255025 1
254016 1
253009 1
252004 1
251001 1
-1109 -9992
-7078 1300
4017 8115
-4398 -3483
5812 -1976
-5148 -5877
8621 8236
-6625 6171
-1430 -3455
-6153 7780
5347 -1330
9623 3780
6008 -4277
-9604 -1750
4780 -5717
6105 -9488
-5907 7771
-3488 -4534
773 -9778
7481 3504
-2567 -9908
-5580 3170
4619 -286
-3349 7021
-2961 3243
-4406 -4757
-1675 9805
-2797 -1474
-2308 -8376
-58 3029
2367 -8934
6839 4664
8235 4006
6782 -3871
-1992 -3494
1592 9499
-3333 7050
-3430 -8289
2512 -5744
953 -5210
8891 -8259
-9365 -7465
-2719 -8789
3639 2012
2447 -6537
-1567 8525
7276 437
8515 -160
-2565 5634
1973 -4752
2693 -4841
-8564 -7531
-456 2494
3136 3715
-7993 9872
4333 7908
6862 1166
-9629 1298
-681 -5589
-8868 4147
-9641 -9496
3806 -1376
-8136 -1355
-3409 -7186
-2415 -3680
1913 -6262
-8158 -8288
944 2769
-5817 4213
-3993 -7301
-7102 6756
705 -5325
9450 -3951
-8873 -6282
1631 -7518
-7389 -1878
-3990 1102
-1571 -7636
-2543 4016
-3275 -1368
3442 -8042
-1604 4535
-9869 -1783
4154 -7931
5173 5821
-2898 -4942
-6486 8202
-9129 -3352
5492 -6856
-2633 2645
9507 -6190
5386 -9076
-9047 8792
7178 3000
1708 8362
-707 5012
-1172 -3797
3464 -4385
7191 5304
-475 -8906
8292 -4232
4622 6059
7975 5887
-1972 -8545
8307 -2538
6747 -4081
-6514 4973
-388 1927
-2976 1190
4943 3343
-3397 -3018
-6757 -1034
2359 -5087
-2191 8215
4381 3811
1257 9041
2865 517
-4920 -3330
8593 -4606
9802 4900
3793 -943
7771 1888
-6891 -5098
6681 -8303
-6656 3269
5561 702
-3351 -8402
-9321 2168
9953 -2074
9107 -6153
9194 1386
-1838 187
-138 -4283
-9971 -9104
-4032 -2075
-1320 3467
2603 -2105
8136 5446
3414 9219
-6553 -524
3167 -2553
-2112 4127
-715 -9622
-2869 -2912
1475 3305
-2946 3687
-7344 7383
-4614 9719
-8299 4714
-9698 7973
1032 -3282
-5959 3843
-6993 9344
-5173 -6573
-2950 -8104
-4245 -6247
8170 9614
8492 -8794
-9519 7667
338 8886
3071 -4362
5378 7174
-8491 -4794
-1502 -4896
-7882 -5031
-7919 -1842
-1710 -7423
-5239 -2319
-8416 6153
9158 -1844
5666 -874
8980 -9917
1468 3947
6096 -9221
4859 2974
4846 -5736
3800 -4305
1088 -2087
3466 -3333
6012 9381
1926 1327
-8785 -1698
-2007 8019
-4399 -4432
8123 -8937
9278 -1628
-495 -3338
-572 9144
-5113 -3800
2720 -6105
1551 -5514
-891 -8799
2283 8730
7707 -5501
-9100 -6907
5984 7265
6912 4556
-1045 -2983
-1395 -2781
-5559 -8647
-7411 -9850
-9762 -6553
1713 -5831
-1946 -7880
-6956 6822
9238 4694
8673 6210
-5166 -2506
-2464 -4492
-8057 -3868
1257 8194
4512 -9513
4168 -2704
-4254 2176
-8761 3133
-6496 -5321
-3675 -7557
-4452 4522
-7457 8837
-4246 -2838
8838 -623
9357 9278
3070 -5872
-6407 2792
9983 -1211
-2698 -7912
-7206 8146
-5270 -2291
-8693 4288
6988 6084
4849 -1337
666 -5447
-1031 3501
-5242 -3566
421 -1143
5709 4578
-3932 -317
1536 1385
6504 7667
6003 -7711
-189 -7690
5594 -7075
245 -8921
-3495 -98
183 -3032
4195 6268
-5475 -9001
7116 8480
-7816 -5323
499 -8625
-4106 -7334
-1654 900
8117 60
-1203 -1216
-4493 -3245
-8087 3110
-6550 -2656
-9678 -5172
3204 -1645
-9410 174
5559 9805
-7501 -8820
-3294 3026
-3168 -2464
-6436 -6934
4988 9035
349 899
-2628 8040
5750 7239
-8360 2058
8637 -3900
-5371 -5847
9188 3341
4504 -8575
-6919 6852
1995 -3117
254 2027
4823 -8334
5109 -5396
-5539 -8455
2573 -4267
-7352 9812
-3278 5071
-3020 -6686
8674 638
-5306 8595
8358 -2107
-1254 -9264
7849 5646
-4728 8255
-5791 -4093
-2890 -330
-5999 2652
-6008 -5441
-3529 -757
2779 6773
8724 9941
-9246 2279
8896 6425
9673 4689
-9802 1429
-5891 -9443
-5911 -4628
1333 2109
9168 -3360
3752 -1492
-2549 836
9279 1975
4864 5180
-4672 -7888
-8918 -8931
2258 -3427
-2159 6076
9138 8014
-27 -1729
-9173 3153
9161 -8550
-1615 -402
-910 4359
-3985 6342
6032 -1260
1515 -1955
-2012 7696
7327 -5143
-6036 1522
6801 6968
-8621 -9024
-9996 785
5 -3658
7720 -893
8342 2266
2544 5809
9719 2787
1109 6252
-9135 -4260
-5897 245
-3738 8375
4680 8563
4990 9164
-7189 8283
9672 -4019
-417 -8283
-6322 -305
1666 -4416
-6831 -6812
-75 -1591
-6965 3450
5702 6159
-9225 -4694
-4401 7480
-1181 -3804
-2999 110
-7514 -6272
-7826 -9862
-4421 -4370
-8692 5683
-7101 2375
4991 3246
9054 -2341
-3801 -1460
1718 -3531
9188 -6581
9174 -8839
-2329 -8692
4095 -2848
619 1508
-6744 5976
6118 -4217
-8006 -9678
-7274 -576
-7533 -6462
1130 -3903
2796 4944
5610 -217
-5261 -6684
9445 5355
-8915 7838
-644 8091
8255 -1131
8714 -3746
-5907 -8601
3322 -397
-5046 1638
-774 8070
6230 7077
9573 -562
-182 2891
-3908 -850
-17 -5858
-257 -5274
5715 4644
4539 9966
-9114 4564
-5320 1528
-9870 2964
5849 -9540
-1408 333
5881 -5607
-111 8454
7636 -2610
-5230 7115
6469 -7740
-7808 -1443
-417 3090
2822 -3480
9463 -4660
-2745 6941
-8764 -3011
6315 -3277
134 6019
-4401 6207
8904 5908
9895 179
4108 1212
9106 -9430
-4086 -1343
5713 1595
-5816 7381
9331 -1977
1045 -6849
-5063 -3596
-992 2919
3437 -8241
-8397 2476
-794 -8155
-1815 -8201
-6457 3507
7602 -8801
-8348 8404
8002 -8961
-3699 7978
7743 -229
-9936 2516
7759 6445
8756 -2883
8663 -2062
8646 2424
-574 5872
7074 9410
7533 -6764
-5442 -3413
6772 954
-2246 6941
-204 7400
-9932 3162
6643 -8037
4555 -4991
4126 -9089
-8322 6046
2479 -3305
2257 -4192
1279 4306
9860 -7363
6613 8077
-2310 9438
7027 2127
-5536 -7171
-4044 -1688
2055 -8285
-7680 713
70 4676
-9937 1833
6653 -5232
5835 -5792
9760 -3856
2325 -5483
-5063 -4422
-1561 2178
-5358 9785
5887 2742
7469 6994
-100 3420
373 3908
-6068 2092
6970 5171
7416 -6090
-7625 -8519
-366 -8282
-1950 -7071
-9781 -1206
-4442 -3172
79 9769
7016 -1136
5510 -1430
1811 -3160
-3808 -850
3948 2548
-832 -5246
-4617 -6066
-8845 -8356
9798 -1053
3826 4631
-5471 -5891
3330 -4690
9760 1279
1698 -5382
-377 -9645
-1173 16
-6739 210
-4054 -3212
4638 -272
-5043 -9483
4062 -5235
2378 -7016
3693 6010
-5395 2970
-7097 -4186
7242 -5760
-2735 6404
-6518 -869
5129 -9064
5199 6501
2744 -536
7286 -9516
7014 -1343
-5836 -2753
8423 7620
8921 2223
6375 -5595
688 7017
-6201 6131
5072 -5124
8313 -5022
-1256 4098
-7668 3509
-1732 1346
6833 6961
6227 -9360
9135 -7166
1569 6650
9742 -3181
195 6213
1398 187
233 -6880
-8485 8224
6084 496
2462 8456
8832 -7766
-8530 7448
-6907 -2283
-3998 5130
3851 9877
-5686 826
6943 -5971
247 5177
-286 5368
9752 -3191
4908 -9446
-9216 -6678
-968 9741
-3444 -2278
-6865 3505
3030 -4687
-2372 -9832
-4001 -6547
-9837 -2861
1960 -9203
3210 2267
6391 -6920
-6527 3735
-8910 -1114
-7938 -7536
1577 2348
-2693 298
4666 5934
643 198
7795 -2174
-8246 -8836
9818 -6499
4526 -8591
3589 -1508
2182 2417
9628 -6662
-2241 9910
2258 -7406
-9676 -2799
-6991 6701
151 3877
-1948 -9447
2517 2502
7479 -4062
-4090 -3975
9057 -4077
5229 -7339
-3561 -5300
-7122 6435
3163 -1018
-3104 3630
4714 -9784
-7127 -5136
3001 -6364
-6856 -8886
-8540 -8350
7490 199
5974 1408
9242 1884
-144 -1679
-427 7229
-2130 7778
1650 -1276
3018 -5792
9408 3647
7006 1975
7300 5568
8350 3213
-7720 6760
-5712 -4763
-9456 9889
7933 9418
9764 -4423
-3120 -1790
4615 -2543
1851 -7483
7983 6530
4758 6516
6631 9015
637 4600
8132 6915
7120 6521
-8406 -2404
-2085 -8762
8358 -3061
271 9912
-1077 2889
2592 -9398
8531 -487
1329 8046
-228 -4785
9523 -5737
7342 6045
-5804 -2494
5840 -8028
-9093 6649
-6340 6667
9030 -1263
-196 947
6112 2385
3207 2709
9140 9058
5695 -1232
9047 2586
-4258 5707
6720 -2982
-3403 5547
-3136 770
-9286 599
5701 -2412
-4186 4258
6171 -4031
8621 817
2133 7114
-6029 -7206
-2543 3851
-5152 -6744
8372 -498
979 -954
-7231 6345
-51 -427
-5902 -4500
9447 -5249
6828 -5739
2131 -7837
-3016 -7298
-1355 -6931
-6681 -7053
8340 8209
-9414 -5440
-7775 2719
-4443 1379
-4525 -6995
9584 70
-8820 -363
-8989 7935
7717 -9728
-6725 2756
-5359 999
8838 -7465
6884 628
-2913 41
2980 -6031
4368 7533
-430 6164
-8019 -1734
519 -292
-2849 7367
7913 -4205
-1746 4889
-246 -8481
-470 8796
-8050 -7955
9925 -9884
-8873 1349
586 -6789
-1822 -4455
6202 -2195
5055 -9463
-1395 -2636
7176 4524
9793 3715
-9578 5576
-7479 8290
-844 5728
-1441 -4254
-6343 5927
-3593 -141
-7977 -4739
7426 4844
-464 155
5187 -4853
-2691 -2863
-4706 8408
4205 -6052
984 1144
-5625 -1630
-8030 5906
53 -8356
9994 -374
7155 6784
-2223 207
-2057 4269
9540 -4333
-6281 -6447
-8760 -93
6721 -2257
-2706 2840
9249 -2298
-478 207
-5444 8256
-5739 -5120
-8958 -1477
-8016 -632
-986 6546
7760 -9395
-7768 -1159
2522 -3192
-5859 2797
-8535 9893
9776 7494
-2224 -3235
66 -6439
-5935 -7871
6691 6898
-8486 9467
-8331 718
130 -2957
2949 2336
-6433 7289
-413 -9938
-5521 3353
-1827 9423
7513 -7808
-8235 6301
-8762 6717
7482 -9739
386 -9713
-210 -297
3706 -6306
-8738 9413
-571 -3144
8521 3172
1829 5899
-2836 -8230
-2210 -4298
-5251 -6179
8278 -3354
-2305 9039
4621 -9035
9601 -3919
2929 1804
4827 -3024
-3607 4328
-7614 9248
-8129 7495
4628 5944
-2945 -9748
-6766 -6171
9740 -6611
3122 3695
-2433 5871
-3891 1618
-2955 8483
-5929 3484
8980 -3957
-2629 -9178
2693 -1581
-9596 1359
468 2855
-5770 9513
2058 1178
1085 -9618
-7222 -9356
-5955 4996
606 -2320
4808 5868
7111 -3203
-1883 8930
4828 5248
4288 -5741
-796 -8255
1700 -3856
155 -5767
822 9731
-470 3128
4636 1217
2993 -8977
3533 -9095
4627 -498
122 -4096
-1263 284
4073 9132
3027 -1516
-8798 -624
-5693 -1768
-2575 3072
-6327 3943
7703 3281
-5484 9493
-1114 -8383
9570 7966
9289 -9786
7193 9297
1594 857
-3592 6
9302 -7979
38 -8419
-6792 -4693
8592 228
-9170 3716
9533 -5626
-9046 1017
9747 -8901
-223 2906
-8019 4220
-647 -1513
-1015 -3491
2683 -4061
-3038 2673
-406 1339
4335 -2275
320 1808
1403 -963
2675 -2529
6329 2304
4499 -5292
-4678 4410
-7349 4876
-8740 6427
7029 6313
-8072 -6146
1575 -5839
-7323 -481
-7599 -2993
-8178 3090
-2595 -812
5900 -9350
6941 8446
-3981 -9095
-2385 -6954
4156 -9843
1128 5746
51 4790
-4042 8604
-6710 -8293
3487 -6444
2755 6390
-171 5394
9706 -27
7831 -7495
-1090 -2924
-9869 6421
9940 -6890
-7004 -5908
4011 2330
9821 167
-2182 4589
1972 3232
8434 -1315
1190 745
3022 3204
1295 -8948
-6736 -150
9502 975
-1292 -4475
8527 -1998
-8158 8679
-3433 -6085
5200 7145
8116 6082
-8034 -2345
-1279 3959
-7527 -6389
7863 9760
-1648 -8870
-2064 8435
3887 -1175
-6133 -2206
4717 278
-7270 6526
-1684 -2795
-8944 7125
-1694 5117
6912 -7515
533 8804
6583 -8320
6206 -334
550 -3535
-6719 5254
5034 -8463
9856 -8225
-7496 3937
9098 2431
-5438 -8155
-492 -2325
4734 -8625
6497 1520
7945 7123
2400 -6860
-1933 -6787
-5973 7706
-5477 -6630
9337 6936
-9990 1110
-7559 8500
7951 3565
-2152 9891
6560 1551
5735 4526
2049 3807
-2866 -616
-1002 -2318
-8604 3086
9726 5115
-4612 8536
-648 -7340
-5673 -3983
5649 1186
2954 -8462
-3199 -8472
7193 7161
6121 3695
3121 -8788
7799 6300
4112 5345
-8177 8589
8218 3003
-391 -8722
5047 -3319
-1928 -9579
-8256 -7301
8160 9495
-9881 582
9708 4420
7435 5478
6690 -9699
-4413 -4334
845 -8691
9694 5710
8895 -5947
-8654 193
-469 888
618 8714
983 6503
-9346 1886
-3527 7681
4041 5989
7779 -3850
4787 5665
2165 -6129
702 4573
2143 6594
-6467 -7106
5731 -6552
-416 -5253
-6997 2156
9063 -7873
-5241 6098
-6969 -9635
7158 3871
4739 -7687
-9325 -2408
8643 -104
4531 -5665
8408 8080
-3001 41
-5159 -8395
-732 9451
-418 -2676
49 138
2474 -8773
-9430 -2312
-6087 -1834
-1358 5601
5977 -8830
454 3159
-5508 -8270
-8440 8516
2896 -5236
9678 1247
1861 -44
7045 -6854
