0 0
1 0
4 0
9 0
16 0
25 0
36 0
49 0
64 0
81 0
100 0
121 0
144 0
169 0
196 0
225 0
256 0
289 0
324 0
361 0
400 0
441 0
484 0
529 0
576 0
625 0
676 0
729 0
784 0
841 0
900 0
961 0
1024 0
1089 0
1156 0
1225 0
1296 0
1369 0
1444 0
1521 0
1600 0
1681 0
1764 0
1849 0
1936 0
2025 0
2116 0
2209 0
2304 0
2401 0
2500 0
2601 0
2704 0
2809 0
2916 0
3025 0
3136 0
3249 0
3364 0
3481 0
3600 0
3721 0
3844 0
3969 0
4096 0
4225 0
4356 0
4489 0
4624 0
4761 0
4900 0
5041 0
5184 0
5329 0
5476 0
5625 0
5776 0
5929 0
6084 0
6241 0
6400 0
6561 0
6724 0
6889 0
7056 0
7225 0
7396 0
7569 0
7744 0
7921 0
8100 0
8281 0
8464 0
8649 0
8836 0
9025 0
9216 0
9409 0
9604 0
9801 0
10000 0
10201 0
10404 0
10609 0
10816 0
11025 0
11236 0
11449 0
11664 0
11881 0
12100 0
12321 0
12544 0
12769 0
12996 0
13225 0
13456 0
13689 0
13924 0
14161 0
14400 0
14641 0
14884 0
15129 0
15376 0
15625 0
15876 0
16129 0
16384 0
16641 0
16900 0
17161 0
17424 0
17689 0
17956 0
18225 0
18496 0
18769 0
19044 0
19321 0
19600 0
19881 0
20164 0
20449 0
20736 0
21025 0
21316 0
21609 0
21904 0
22201 0
22500 0
22801 0
23104 0
23409 0
23716 0
24025 0
24336 0
24649 0
24964 0
25281 0
25600 0
25921 0
26244 0
26569 0
26896 0
27225 0
27556 0
27889 0
28224 0
28561 0
28900 0
29241 0
29584 0
29929 0
30276 0
30625 0
30976 0
31329 0
31684 0
32041 0
32400 0
32761 0
33124 0
33489 0
33856 0
34225 0
34596 0
34969 0
35344 0
35721 0
36100 0
36481 0
36864 0
37249 0
37636 0
38025 0
38416 0
38809 0
39204 0
39601 0
40000 0
40401 0
40804 0
41209 0
41616 0
42025 0
42436 0
42849 0
43264 0
43681 0
44100 0
44521 0
44944 0
45369 0
45796 0
46225 0
46656 0
47089 0
47524 0
47961 0
48400 0
48841 0
49284 0
49729 0
50176 0
50625 0
51076 0
51529 0
51984 0
52441 0
52900 0
53361 0
53824 0
54289 0
54756 0
55225 0
55696 0
56169 0
56644 0
57121 0
57600 0
58081 0
58564 0
59049 0
59536 0
60025 0
60516 0
61009 0
61504 0
62001 0
62500 0
63001 0
63504 0
64009 0
64516 0
65025 0
65536 0
66049 0
66564 0
67081 0
67600 0
68121 0
68644 0
69169 0
69696 0
70225 0
70756 0
71289 0
71824 0
72361 0
72900 0
73441 0
73984 0
74529 0
75076 0
75625 0
76176 0
76729 0
77284 0
77841 0
78400 0
78961 0
79524 0
80089 0
80656 0
81225 0
81796 0
82369 0
82944 0
83521 0
84100 0
84681 0
85264 0
85849 0
86436 0
87025 0
87616 0
88209 0
88804 0
89401 0
90000 0
90601 0
91204 0
91809 0
92416 0
93025 0
93636 0
94249 0
94864 0
95481 0
96100 0
96721 0
97344 0
97969 0
98596 0
99225 0
99856 0
100489 0
101124 0
101761 0
102400 0
103041 0
103684 0
104329 0
104976 0
105625 0
106276 0
106929 0
107584 0
108241 0
108900 0
109561 0
110224 0
110889 0
111556 0
112225 0
112896 0
113569 0
114244 0
114921 0
115600 0
116281 0
116964 0
117649 0
118336 0
119025 0
119716 0
120409 0
121104 0
121801 0
122500 0
123201 0
123904 0
124609 0
125316 0
126025 0
126736 0
127449 0
128164 0
128881 0
129600 0
130321 0
131044 0
131769 0
132496 0
133225 0
133956 0
134689 0
135424 0
136161 0
136900 0
137641 0
138384 0
139129 0
139876 0
140625 0
141376 0
142129 0
142884 0
143641 0
144400 0
145161 0
145924 0
146689 0
147456 0
148225 0
148996 0
149769 0
150544 0
151321 0
152100 0
152881 0
153664 0
154449 0
155236 0
156025 0
156816 0
157609 0
158404 0
159201 0
160000 0
160801 0
161604 0
162409 0
163216 0
164025 0
164836 0
165649 0
166464 0
167281 0
168100 0
168921 0
169744 0
170569 0
171396 0
172225 0
173056 0
173889 0
174724 0
175561 0
176400 0
177241 0
178084 0
178929 0
179776 0
180625 0
181476 0
182329 0
183184 0
184041 0
184900 0
185761 0
186624 0
187489 0
188356 0
189225 0
190096 0
190969 0
191844 0
192721 0
193600 0
194481 0
195364 0
196249 0
197136 0
198025 0
198916 0
199809 0
200704 0
201601 0
202500 0
203401 0
204304 0
205209 0
206116 0
207025 0
207936 0
208849 0
209764 0
210681 0
211600 0
212521 0
213444 0
214369 0
215296 0
216225 0
217156 0
218089 0
219024 0
219961 0
220900 0
221841 0
222784 0
223729 0
224676 0
225625 0
226576 0
227529 0
228484 0
229441 0
230400 0
231361 0
232324 0
233289 0
234256 0
235225 0
236196 0
237169 0
238144 0
239121 0
240100 0
241081 0
242064 0
243049 0
244036 0
245025 0
246016 0
247009 0
248004 0
249001 0
1000000 1
998001 1
996004 1
994009 1
992016 1
990025 1
988036 1
986049 1
984064 1
982081 1
980100 1
978121 1
976144 1
974169 1
972196 1
970225 1
968256 1
966289 1
964324 1
962361 1
960400 1
958441 1
956484 1
954529 1
952576 1
950625 1
948676 1
946729 1
944784 1
942841 1
940900 1
938961 1
937024 1
935089 1
933156 1
931225 1
929296 1
927369 1
925444 1
923521 1
921600 1
919681 1
917764 1
915849 1
913936 1
912025 1
910116 1
908209 1
906304 1
904401 1
902500 1
900601 1
898704 1
896809 1
894916 1
893025 1
891136 1
889249 1
887364 1
885481 1
883600 1
881721 1
879844 1
877969 1
876096 1
874225 1
872356 1
870489 1
868624 1
866761 1
864900 1
863041 1
861184 1
859329 1
857476 1
855625 1
853776 1
851929 1
850084 1
848241 1
846400 1
844561 1
842724 1
840889 1
839056 1
837225 1
835396 1
833569 1
831744 1
829921 1
828100 1
826281 1
824464 1
822649 1
820836 1
819025 1
817216 1
815409 1
813604 1
811801 1
810000 1
808201 1
806404 1
804609 1
802816 1
801025 1
799236 1
797449 1
795664 1
793881 1
792100 1
790321 1
788544 1
786769 1
784996 1
783225 1
781456 1
779689 1
777924 1
776161 1
774400 1
772641 1
770884 1
769129 1
767376 1
765625 1
763876 1
762129 1
760384 1
758641 1
756900 1
755161 1
753424 1
751689 1
749956 1
748225 1
746496 1
744769 1
743044 1
741321 1
739600 1
737881 1
736164 1
734449 1
732736 1
731025 1
729316 1
727609 1
725904 1
724201 1
722500 1
720801 1
719104 1
717409 1
715716 1
714025 1
712336 1
710649 1
708964 1
707281 1
705600 1
703921 1
702244 1
700569 1
698896 1
697225 1
695556 1
693889 1
692224 1
690561 1
688900 1
687241 1
685584 1
683929 1
682276 1
680625 1
678976 1
677329 1
675684 1
674041 1
672400 1
670761 1
669124 1
667489 1
665856 1
664225 1
662596 1
660969 1
659344 1
657721 1
656100 1
654481 1
652864 1
651249 1
649636 1
648025 1
646416 1
644809 1
643204 1
641601 1
640000 1
638401 1
636804 1
635209 1
633616 1
632025 1
630436 1
628849 1
627264 1
625681 1
624100 1
622521 1
620944 1
619369 1
617796 1
616225 1
614656 1
613089 1
611524 1
609961 1
608400 1
606841 1
605284 1
603729 1
602176 1
600625 1
599076 1
597529 1
595984 1
594441 1
592900 1
591361 1
589824 1
588289 1
586756 1
585225 1
583696 1
582169 1
580644 1
579121 1
577600 1
576081 1
574564 1
573049 1
571536 1
570025 1
568516 1
567009 1
565504 1
564001 1
562500 1
561001 1
559504 1
558009 1
556516 1
555025 1
553536 1
552049 1
550564 1
549081 1
547600 1
546121 1
544644 1
543169 1
541696 1
540225 1
538756 1
537289 1
535824 1
534361 1
532900 1
531441 1
529984 1
528529 1
527076 1
525625 1
524176 1
522729 1
521284 1
519841 1
518400 1
516961 1
515524 1
514089 1
512656 1
511225 1
509796 1
508369 1
506944 1
505521 1
504100 1
502681 1
501264 1
499849 1
498436 1
497025 1
495616 1
494209 1
492804 1
491401 1
490000 1
488601 1
487204 1
485809 1
484416 1
483025 1
481636 1
480249 1
478864 1
477481 1
476100 1
474721 1
473344 1
471969 1
470596 1
469225 1
467856 1
466489 1
465124 1
463761 1
462400 1
461041 1
459684 1
458329 1
456976 1
455625 1
454276 1
452929 1
451584 1
450241 1
448900 1
447561 1
446224 1
444889 1
443556 1
442225 1
440896 1
439569 1
438244 1
436921 1
435600 1
434281 1
432964 1
431649 1
430336 1
429025 1
427716 1
426409 1
425104 1
423801 1
422500 1
421201 1
419904 1
418609 1
417316 1
416025 1
414736 1
413449 1
412164 1
410881 1
409600 1
408321 1
407044 1
405769 1
404496 1
403225 1
401956 1
400689 1
399424 1
398161 1
396900 1
395641 1
394384 1
393129 1
391876 1
390625 1
389376 1
388129 1
386884 1
385641 1
384400 1
383161 1
381924 1
380689 1
379456 1
378225 1
376996 1
375769 1
374544 1
373321 1
372100 1
370881 1
369664 1
368449 1
367236 1
366025 1
364816 1
363609 1
362404 1
361201 1
360000 1
358801 1
357604 1
356409 1
355216 1
354025 1
352836 1
351649 1
350464 1
349281 1
348100 1
346921 1
345744 1
344569 1
343396 1
342225 1
341056 1
339889 1
338724 1
337561 1
336400 1
335241 1
334084 1
332929 1
331776 1
330625 1
329476 1
328329 1
327184 1
326041 1
324900 1
323761 1
322624 1
321489 1
320356 1
319225 1
318096 1
316969 1
315844 1
314721 1
313600 1
312481 1
311364 1
310249 1
309136 1
308025 1
306916 1
305809 1
304704 1
303601 1
302500 1
301401 1
300304 1
299209 1
298116 1
297025 1
295936 1
294849 1
293764 1
292681 1
291600 1
290521 1
289444 1
288369 1
287296 1
286225 1
285156 1
284089 1
283024 1
281961 1
280900 1
279841 1
278784 1
277729 1
276676 1
275625 1
274576 1
273529 1
272484 1
271441 1
270400 1
269361 1
268324 1
267289 1
266256 1
265225 1
264196 1
263169 1
262144 1
261121 1
260100 1
259081 1
258064 1
257049 1
256036 1
255025 1
254016 1
253009 1
252004 1
251001 1
-584 -5412
8180 -8739
8894 -4448
-9851 -8362
-1134 -2022
-8661 8559
1124 -9716
-8599 -8727
4214 -3915
-2515 -4370
-4413 -828
4230 9972
7044 232
6471 -2401
8733 343
465 -2119
8747 -2978
-8012 -9132
-344 -4865
4009 -4997
9522 -3186
2607 -4377
6527 8394
5683 -8685
-7046 5637
87 -9898
-2658 5136
2584 8425
-7797 -5656
-6876 -9099
-5549 2960
-2770 -6107
-7278 -834
-2057 -7820
-6170 -8607
-1341 -5357
3405 -359
-1275 2250
-3952 -7715
8755 -615
-6981 -2800
3135 -3921
6274 -4952
6543 -450
-549 3962
4408 -9015
460 179
-8342 -3719
8067 3335
-1397 -3952
5776 -2550
-2512 -3418
-1729 3663
-3262 -7637
5173 -2488
-505 6995
-3553 -7810
-7576 -9688
2070 9067
6360 -1520
-1831 -687
5364 -1780
-4664 4736
4777 -7793
2675 -9415
-8094 -6194
6146 4179
7227 8552
3500 1212
3324 5836
-2972 3300
-1211 1018
3159 3160
-7615 -5508
-2031 4303
-5048 7593
8456 4225
-1122 9509
7597 9409
-9911 -9386
719 9763
-2311 2828
-7812 -6366
8189 9076
9404 9923
-5369 -1445
3230 4896
-9264 -8582
6819 1874
-3684 -7801
-8458 7377
3701 1463
-5414 5250
6412 5797
-6441 6486
-242 -2419
5354 7359
2275 -3927
8814 -8308
1360 8879
2477 9127
-1466 3363
8529 -2084
-8008 1425
-2591 -438
-9611 -7889
-2349 -5560
6917 -3251
7935 9081
5431 -9939
7779 -7287
511 -2454
-9318 -935
3903 6128
-7301 2587
-470 91
4810 9174
4507 -9748
-7614 2744
-7504 -1789
-9715 3450
6602 44
2779 -4901
-1862 5307
6503 8250
-9393 5005
-513 2205
-4355 -831
7641 2481
-4544 3950
-4110 -9567
-7744 9685
-2722 -3652
-5462 7233
8995 -6232
4574 -3519
4692 -1179
-3921 8241
7678 5910
-9843 -9933
4872 2590
6393 5881
-2492 8480
-4654 -956
5190 -829
4743 6155
-190 8465
7392 -8008
-4097 -7331
-2292 8673
1954 -7138
-3580 -4891
1938 -4261
1669 9088
7360 -2584
436 -2473
-9701 1763
1755 7133
4143 -2843
2982 -3605
-2432 8959
-441 358
5318 830
-5236 -2614
-2731 -8921
3243 3435
-5267 -8088
9359 -859
-5189 6550
-7987 -4901
-9458 -8715
-5161 5154
-454 1952
-3004 5674
9278 -5893
4945 6932
-976 -8056
-8979 -509
7910 6457
-5962 5174
-6121 9457
-5330 -7777
-6422 7030
7407 -8091
9145 -3622
-2496 -7609
2162 9049
375 -7259
-9714 4463
-899 -5981
-4970 -1811
3296 -9644
7075 -6616
-8843 350
2365 8899
-4329 5971
-4814 -7740
-6257 5777
4048 -9867
2877 -9085
-1592 -5548
-9804 7592
5357 2991
-9079 7878
4994 9477
-4451 -6045
9334 -900
6542 377
-3534 4295
6100 2516
106 -7795
3278 -1688
-8331 2608
-1141 982
7318 -2950
-7288 4984
8914 -119
-613 3949
-1092 -695
8582 -7469
6056 2429
2989 -5900
3785 -4535
-420 1876
-8868 -2336
-5598 5612
-7377 5339
-867 6012
-8650 9596
764 -1110
9716 4179
553 3070
-8217 -1636
-6770 3293
-7018 2126
-5508 -5775
-7885 -544
-9932 7188
9012 7656
-1257 2434
-7744 6191
2038 3815
-837 823
-4640 5309
-8202 -3865
-3657 6596
2466 -7838
673 3135
7000 2257
2918 7313
-2705 3427
-9794 -3684
-206 -9299
8659 -2638
-5739 7669
-1863 -3951
6383 7084
2485 570
-2920 -1729
-5391 5015
2455 2618
-2388 7013
3154 3732
1735 6953
5944 8175
-9197 -3718
-803 -1225
4816 7520
8307 5056
6981 -8447
-9439 -7764
-1070 -3549
-4312 3726
-4581 -6427
5006 -7846
8283 4236
1415 9672
-956 -3603
9502 4962
2351 -1602
-6690 6488
-849 5417
-1633 -2093
3013 4933
-9433 9650
2839 -3697
-1958 -462
-6970 -3242
-5774 4016
-790 1556
-5459 -9292
9025 -9696
-3750 1181
3632 -2406
-5464 7019
-153 -1237
1056 1960
4230 7483
-7357 8912
-6296 -5523
4648 -9614
3010 2051
-4660 -2817
6685 -4206
1777 -7510
-6187 4946
-236 -8851
-4341 -3148
8149 -9150
-3837 2543
6277 2351
-3604 9836
4883 6508
-4243 -3411
2029 -7144
5450 -9890
1018 -9042
2561 5802
-6334 -5159
-5401 -8573
1783 -1269
2171 -8108
5255 -6718
-905 -4751
4575 315
5179 -2129
-1420 9833
-6532 -4549
-7720 4740
-7172 5100
1950 -954
-2660 9663
-3756 -4323
2639 8656
5912 197
-7771 5051
8786 -689
-2681 -2468
3827 4858
4832 -8274
-5285 9761
8781 3354
2454 -1126
-3263 -621
-5858 -2283
-7488 -8659
628 7287
-3698 -942
2015 5407
-1591 -4891
-358 -9479
-9391 7253
-6153 2272
-6520 -8380
1959 -2173
-7759 7509
-5896 7245
5220 -7620
-4097 -1089
-4085 7579
-2246 3974
-5582 -5849
1384 9019
6110 198
-8084 -4697
-1355 -7962
-998 7799
-7310 -1564
2533 -532
2558 -8054
3711 -5124
-850 -1100
7201 5450
-2003 -3147
-7424 2800
3529 1147
-1649 -6640
2463 8013
-3078 9718
-3217 8851
-2555 5226
7414 3048
-4970 -8510
8182 -8972
-9074 1342
5246 -9340
-8885 9745
-7424 9439
801 -4765
5967 -5374
-9432 -974
8250 3028
-6546 -7151
5263 -8820
6500 -2365
-4154 -7879
3048 -6748
21 2368
4340 -8799
4259 -7129
-3938 -2293
-671 5147
-5151 3233
-2460 -463
3002 -4746
5402 9024
-6663 3156
9763 1584
1229 4690
6302 -4084
4781 -1035
3358 -3745
2246 6419
-6016 2840
9645 8731
-3148 7179
-5527 942
-4040 -2164
-8366 -1193
775 -9353
-7004 8172
-4789 2125
-6671 -8846
8760 -205
9429 8978
-8293 5971
8657 5713
-1889 -1669
922 -259
8800 695
-936 -7598
5643 -615
3993 5128
-9173 -1330
2977 -7788
-8662 1675
1789 1005
-5757 649
-1799 -5917
766 439
-9636 8665
3941 691
2810 5075
9062 6003
-3946 -2527
-1957 8987
-2661 1996
-3302 2550
4591 -1206
6108 8118
7498 -3112
2106 3482
8662 2778
5872 6568
-2401 2109
5570 5311
-6989 3329
-2773 7161
-3853 9331
-7333 -4825
-1949 -3535
-777 824
5761 -5544
-5333 4660
-4557 -3881
9838 8706
9347 8364
-9714 7873
-9629 -5157
2189 6728
-3336 -2174
7677 9569
-6094 7209
9617 -8601
2916 -5091
451 -1669
-7005 5400
7666 7686
3423 -8748
6213 -693
7278 2489
-9910 1849
-5409 2373
-3467 -9691
-3743 7103
9421 8739
9209 7125
7345 8021
9787 5981
8213 7933
7217 -4366
-7963 -8759
5460 1971
1191 6133
8201 1607
-1732 -2318
-3922 6918
9623 -2641
3853 6615
2296 4188
-7444 7359
-9477 -9864
-8361 4883
8457 -4587
-8103 498
8978 -9606
9948 4859
2471 5282
2063 -863
4428 -9088
-719 -7345
2635 -8429
-876 -2468
-9720 9385
-4942 -8287
-6418 -4903
-819 -855
562 9139
4808 8019
1213 8582
-4899 -8463
377 4250
-4683 517
-4417 -8849
-9019 3498
4709 1840
-9290 -1884
-6720 2250
8093 -7098
-6158 -3229
5335 -5480
-9611 -1329
-7152 6052
6004 -3031
6240 -1060
2136 -6750
2281 4356
-6580 9937
9421 -3199
-5536 -1897
-6704 -6257
-5024 8561
7973 -5063
-9586 -966
4516 -2202
7273 -7430
-3710 1444
-2484 -9049
-9178 -5944
-5118 -5484
3705 7418
-8056 2245
-3727 -5941
8336 -5562
-7871 6056
632 -3393
4542 7528
2592 9492
9503 -2779
6874 -1507
7908 -7680
6150 7027
7513 106
9794 4610
3178 56
-5102 7888
2256 6390
6144 1742
9703 3385
-852 -4339
2336 -5769
-1492 -4487
7731 184
-5271 8073
-9550 9405
6357 -7719
4 -444
5613 -8312
6967 -7245
5179 -1987
1945 7738
-2097 -1792
-1604 3170
-3715 -9449
7636 6119
-3549 -6350
733 5930
-1511 4903
6746 4195
5388 5944
-632 4780
-8819 -5184
6859 -8820
-6743 6255
-7160 3176
1726 9377
5704 9423
1529 3437
-3603 7538
-790 -1069
-7006 8821
7479 -5519
347 -7936
-8541 3044
-6062 -5142
-1309 9758
-6645 -6267
546 -7581
-8914 -792
8511 1248
-4677 4213
2395 5209
8298 6093
4858 -726
-3783 9362
8578 766
-1017 -3442
5777 8465
-4347 -8927
9422 8293
4983 -7323
6920 7584
-9867 4247
-5800 301
-8765 -8653
3401 -6119
3256 2442
-3202 2781
-2438 1909
-114 -9760
-5114 3098
-7407 -7613
3609 8363
8858 3241
-2258 5093
-1349 1753
8431 5972
9379 8189
-2962 -1380
-1720 -5422
-931 7258
9276 -707
-3392 -2865
3104 -208
653 -1418
-668 -8332
-6673 4259
7148 -9000
-9287 -3687
9286 -3499
-6402 -9390
-2176 2287
7897 2679
-4192 -7505
8680 2155
-9295 -1631
3247 -2208
2651 -7211
-7577 6869
3741 -5483
-7832 5915
6695 5798
-7349 6593
7773 -2362
-2353 1625
-7787 4054
8594 -7265
5482 3425
-9780 -5749
-5655 1029
740 -6093
-7073 -2469
-7450 -7194
6242 1631
5544 -2660
-3282 -4625
9956 1157
3352 -9133
1351 4981
-6123 -3068
-478 3100
-6505 2393
-4526 2400
4584 -9386
1122 6044
5078 -7128
5001 -7276
2180 -2445
591 -5133
3470 -4193
7328 4287
3107 -9854
5384 -8446
-8289 204
4959 8725
5738 -3887
7943 3158
-235 7063
7172 -8820
3884 3980
9543 -9458
-5286 -5621
-3661 5160
536 -8419
2934 3735
6443 180
-1173 -2765
5314 -93
-21 -7842
436 -5421
3632 -6128
1889 7371
606 543
7961 5597
6145 -1835
-4799 2990
3204 671
7271 8255
7341 -2919
-9877 6978
-5661 -5989
-7511 -7243
-6789 1219
-6408 -561
5606 -9319
-214 -446
4877 655
9019 -6268
6610 -3896
-4498 -5105
-3151 8113
-4459 -1727
6814 -111
852 -2738
-6762 9336
8406 -2272
5344 -2213
-3854 -1981
3994 9422
-922 7713
-3021 -3816
7527 -8539
4001 -1384
-8170 -9802
5073 3587
8999 4297
5298 -3561
7340 9758
33 7012
-6121 6113
4402 -5830
-944 4242
6956 6737
-8678 -2321
-6275 4756
-6685 -1934
5974 249
4730 -6565
-1399 7055
7739 -3284
-7319 -7981
-3719 6889
-5423 9965
-5004 -4054
1048 7622
6726 9292
-314 2764
-3511 -7238
-8598 4757
-1086 -8479
-13 4246
-6657 9393
5207 3729
1990 -5057
-7860 -4559
3984 -2551
247 5856
2345 7103
5855 -6702
-7454 3288
3558 6792
-5481 -6481
3625 -5422
-264 3159
3477 -2137
6035 -7486
2740 3844
6721 -4499
-1220 -9009
-9770 -6022
2462 -6987
4699 6514
-8342 9211
3000 6817
877 9619
-6422 -1117
-1051 8541
-7349 -2519
7144 4266
9643 -5622
2912 -5412
8108 2508
-7004 -8645
7912 -2394
8296 -8970
4495 357
-5237 4935
-6903 -2570
850 -8363
5904 -1154
7936 -6001
-6314 -415
2832 -8922
6511 9885
-9820 -7317
-2434 703
-3998 9115
2227 -5805
8232 8168
6778 -9760
-4503 9010
2726 -9888
7894 -2560
-3151 -1501
-2808 -9416
-8972 6661
-6627 7276
-7852 -3068
3259 1825
3914 828
-9711 -1798
9340 -5000
-1318 -5447
7003 3640
-815 -2846
5651 -5818
576 -8741
6061 5267
-5505 5334
-4564 -5511
760 9743
-9710 3187
-6652 -9559
-2962 -6846
4387 -5713
-911 -7779
-7530 4149
-9493 7273
-4298 3499
-7909 5645
-7648 9231
7506 -9392
-233 5128
1787 -2851
195 7413
5701 -449
-7071 425
-1047 -30
1009 -7507
2746 -4504
-7509 9768
8119 6668
989 -3339
4413 354
4518 9315
7193 6899
5811 -2303
588 -9900
-47 1978
1508 -3537
9253 190
-1907 -5322
7878 7951
987 -1910
3975 6256
-442 -127
-9678 -3558
-7927 -3608
1331 1425
9559 8254
6464 899
9787 -1431
5197 -1768
-3333 -4137
-478 336
-2404 -4145
-2307 -8495
253 -2337
-8313 6719
808 7963
2759 844
-5277 -9484
-8054 -2273
-6562 -8425
6128 -5102
4858 7184
391 -2784
6392 -826
-346 -5613
-5089 2730
1940 8662
1921 7774
2663 3103
9380 2141
5035 -7156
5210 4971
-1754 6516
9111 5650
-3705 4751
-7726 -5178
1823 2306
5209 -3623
1508 3266
4443 5907
3813 9794
-9617 9898
4004 -6363
-3504 -8109
-9287 9197
-6976 -7786
758 5786
-6427 -9091
5943 -5964
6318 7341
-1150 -5696
-811 7382
-1763 -3200
-1396 -7227
7877 -3962
7432 3602
-9292 8069
4764 782
-521 750
-1331 1581
-6041 8243
9416 9989
7206 -7113
-6691 131
-7605 504
-6935 8003
9943 -2692
-6809 514
1557 5994
-2360 -4978
9562 -9268
8964 -3707
951 6655
-4232 4263
1151 7169
1648 -2509
-8602 1878
-6077 9512
-2379 -6604
-7435 -3629
1458 -5092
767 -7941
-5468 -3304
2270 431
5087 -4477
7656 9466
5880 209
-9393 -971
-5106 -3581
6144 4964
-6659 -8174
4331 8514
-839 8174
9684 4127
-4693 -1835
-2781 -3021
8809 2973
-3567 6957
782 7060
6049 -1119
5339 -9377
4948 8620
-2551 3355
-4971 -2190
140 -5044
-3584 -5755
9179 6550
-7009 7290
9447 -7685
808 8313
2378 -4130
1068 -8547
6139 2832
-4898 -4199
3941 -358
7112 -4179
-1682 2167
-4757 -9467
8143 2870
8955 3253
3992 -8081
-9770 4271
2953 -9523
1962 -1738
-3459 -2789
-2888 -517
