10001
10003
10002
10004
10005
10006
10007
10008
10000
10010
-1
-2
-3
-4
-5
-6
-7
-8
-9
-10
-11
-12
-13
-14
-15
-16
-17
-18
-19
-20
-21
-22
-23
-24
-25
-26
-27
-28
-29
-30
-31
-32
-33
-34
-35
-36
-37
-38
-39
-40
-41
-42
-43
-44
-45
-46
-47
-48
-49
-50
-51
-52
-53
-54
-55
-56
-57
-58
-59
-60
-61
-62
-63
-64
-65
-66
-67
-68
-69
-70
-71
-72
-73
-74
-75
-76
-77
-78
-79
-80
-81
-82
-83
-84
-85
-86
-87
-88
-89
-90
-91
2155
-2269
5754
-9146
-4548
-9739
4284
-9663
-9836
-3976
-3419
-9174
-8851
-6804
-9368
8303
-4377
4057
-9644
7139
8310
-4826
-4539
2968
3787
9129
2914
-2912
-9227
-5773
-8116
-2633
-1879
-3371
1412
6658
4968
3510
-1565
5981
-1698
-5966
-6808
-8800
8742
-6711
-1988
-3451
-6156
-1899
6572
-5612
9480
-4167
-7949
7280
-5410
7992
6723
8212
-4732
9495
-3473
8726
5942
5456
-4574
5377
-1687
5091
6783
-7060
7605
-4859
-2100
9278
-3877
5357
8559
-5035
5581
-1764
-4838
5373
-9370
1864
1125
-1154
-8207
-7982
3391
-4981
-4811
3725
-6596
-5386
2479
-4290
7080
-7336
-2734
-9503
-5324
-1065
3342
-8693
-5957
7616
-7043
-9006
2351
6641
6695
2951
8809
-3013
3764
-3500
4851
3985
-9454
3749
-7002
6693
9111
8583
-3355
-2258
-5773
5123
1449
-3834
-2937
2261
-5162
-6510
4471
-7770
6606
-9960
-6829
-1838
-1717
-2783
5208
4241
9319
5390
9197
-5580
-5655
-3919
2876
1105
-7182
-9288
1335
-1072
6595
6623
-5648
-3656
4382
-2565
6442
7322
2919
-4843
-9676
-5619
5415
4968
-2587
8062
8202
3262
8071
-8377
2555
-4468
-5024
3389
-6493
-1293
8269
-4860
-4761
6094
7855
9142
-5972
-8001
7172
9376
3545
-3154
-2659
3672
-5005
-3730
-1410
-2358
-7210
2040
4229
-9488
8422
2873
-2552
1661
7381
-2053
-5080
-6366
6680
-4059
4036
-5815
-3350
1152
9454
-3794
3114
-4825
8831
-6649
3316
9522
-3262
8184
-5026
-1558
3568
-5853
-6758
9962
-1502
-9492
7545
2190
-9296
-2625
1800
4773
-2012
9222
-2917
-4989
-5533
-9433
3549
-6195
7317
-1949
7565
7277
-5486
-1155
8885
-6062
-4916
5988
8289
5699
6989
3761
-1270
-8140
-3853
-5900
1966
6943
8850
-2512
-2400
1098
8168
4511
2378
-9801
4013
5042
-8840
7732
-1802
-6763
4193
-8006
-2032
-7942
9505
5537
5975
2581
-7150
6273
4088
1066
-8693
1617
-8976
-1001
-5274
1330
-9365
4390
-8187
-6816
9168
3819
5358
-4347
-8836
-7370
4193
6632
1322
6481
-8633
5691
-4179
7839
-3224
5478
1044
8064
5544
9126
-6627
4460
-1527
-4337
9538
5773
6924
5097
8695
2668
4975
-9062
-8478
4807
-4518
6444
3172
-5918
-3338
2811
6700
4224
-3453
4837
-2450
5154
-5440
3646
-4873
-3905
-7516
-7179
3865
1129
-5546
1594
2718
-7756
-5764
-9628
-3433
-9147
-7516
-7554
4299
-1144
4233
1146
-5217
6436
-6676
-2029
-4922
-6219
8996
-3538
-3931
4998
-9233
5057
2293
5711
2620
-6662
-6403
9619
1743
-9220
-4199
8154
-5065
-9249
4141
-3832
7159
4567
4494
-8176
-3663
5119
6621
-6846
-2731
1660
-5183
3989
6373
3126
8826
-7911
5132
1641
4484
-3868
9231
-2125
-9241
9395
-2819
-3286
-2528
-5314
7180
-2731
-9949
-9469
5367
-3270
-7633
9064
9487
-7002
1760
6153
-7116
-8471
-1916
-9357
-3275
9503
-5135
-6616
-3586
9281
-4378
1196
9110
-9317
9348
-9241
8575
5868
-3726
-6167
7302
-6228
-8345
-1295
5615
-7339
8044
7833
3661
-3390
-6082
8976
-2355
-3434
8454
7135
-5021
1481
1003
-2426
3787
-3642
-3257
7094
8859
-3255
3704
2658
-4151
4755
-5044
-9630
-9951
5775
-9902
-3275
9215
3329
5541
4397
-3532
1417
-4478
9901
7451
-7086
-5571
3231
9408
3450
-7993
-5377
6066
-7840
3675
6097
9063
9148
-4930
9824
4771
-9631
-2913
-6516
-7038
4788
1092
-8373
4178
-2980
-6814
4745
2601
-2875
-1049
1475
-5227
3869
-5122
-8315
-8921
1891
2759
1037
-9582
7861
2149
5310
4762
-3510
3049
-5231
-3320
9547
-2757
5598
2140
8130
4665
-6648
-3307
1663
-1106
3493
7036
4365
-3334
3342
-6491
-9458
8599
4902
-3524
-3583
9269
5276
5971
-3121
1614
1293
8888
-4449
6992
-6126
-4989
1628
-3100
-6889
-8294
2430
-9288
-6275
2130
-8848
7557
-8033
3667
-9421
-4962
2023
-7336
4351
8610
-1205
-6807
9263
-8122
-6263
-1994
-7340
-3137
3600
-5385
8127
3680
-8871
-6430
9995
4693
4159
2519
-4743
-4134
5517
-2532
-9607
-9558
7195
-3185
-6593
-2673
4386
-8894
7658
5180
-3954
8376
8349
1282
-9837
3825
-6176
-4140
7178
2384
-4364
-7032
2755
2748
3272
2449
-9654
3129
5928
7064
-1739
4922
6548
-4969
5426
3552
-2218
-8125
2632
-7178
3332
-9279
-4529
-2074
-3941
7711
8849
-2790
-2682
7454
-3836
-6024
-6313
2477
-3764
-7563
-9179
1606
-8624
9317
5368
-7163
-7111
6038
8516
-5562
-7977
9235
-3289
-9651
-5479
2985
-9140
-6253
3696
7081
7034
6847
2869
-9751
-6301
8901
6821
4912
-4488
-3235
1399
-3474
4806
-5814
-8721
1759
6186
-3512
2658
1777
-8864
-3805
-2089
-5267
-4850
5573
3278
-3425
-8048
8814
7891
-3415
1015
-5282
7738
8531
4005
-4042
-8755
-5429
8115
-6774
8876
-1001
9745
2944
-8639
2490
-7953
5267
5065
1816
4035
5032
-2885
-8258
5684
2882
-2306
3697
2324
-7877
3499
-4650
4779
-3072
9204
3182
-9946
3611
-6074
-7954
-2560
9322
7440
-4049
5818
-7204
-5822
6064
9627
8235
-8430
-8345
-2492
-7346
-9524
-4486
1366
-5322
-9560
-2598
4277
-4721
-3441
-9711
-5112
-1181
-4861
-3347
-4000
6237
2675
8692
-4395
-5699
2200
8083
-7593
9427
-7431
-1751
-2227
8267
-6648
1924
2576
9039
-8766
-2378
5472
-5973
7634
-6587
2807
-3807
7890
-1854
-1126
5275
1030
7264
9981
-6860
-7893
4892
1244
-7342
-9918
7779
-2249
7983
9880
4141
-6029
-6344
6684
-1788
-1130
-9400
9192
-1519
4709
3394
7980
-2106
4484
9804
4810
7414
-5929
8144
-3318
6388
-1579
2062
-8540
2320
6186
9467
6715
5479
-1399
3483
7910
-3275
9947
7698
6490
3204
-1540
-5888
7633
5662
6424
-6118
2126
-8908
-7614
7772
3616
-6243
2718
7544
6530
-9457
5598
-5922
7638
-2069
3025
2350
7616
8835
9043
-7177
-4433
5488
-4358
-9687
-1183
-1519
9824
-6576
9115
-4159
-2104
9421
-2411
5919
5725
4123
8549
1408
-4634
-4025
8074
2312
-4580
8791
9073
-6791
4292
5369
8655
-3532
-9570
6214
-4659
-1004
5495
-4706
-2555
8025
-5805
-4427
-4518
-9333
-3414
-8008
-8808
9384
-9698
7098
9645
-9103
-6971
5522
2818
6337
2462
9170
3361
-6051
-2676
1540
-1964
2423
-4475
6341
-3015
-7213
-5600
-1547
2110
-9905
9433
-9519
-2135
5621
-2546
-4697
3952
4566
-7761
-2292
-7649
1171
9029
-6624
4053
9226
1162
2820
-7900
-9624
7249
