-4048 6353 2590
3904 -5739 -3330
3770 2512 -1809
1501 -7166 -3870
-9985 -240 2984
-313 -2516 -2356
-721 -6508 5992
-4191 -3527 -8319
-7550 -5560 -3505
-8895 3274 727
5252 3190 -9917
-9240 5878 -7507
-1614 1126 3277
-2769 -3709 -1094
-3063 6086 -9146
-9806 -3733 -8664
-5679 1104 -7410
-5128 7978 1463
-6428 -4031 -5429
-3056 -8148 9335
1673 7110 -5336
0 0 0
-3922 -6723 3537
-4862 -4938 -2858
-8270 1342 31
-340 -2561 -1156
9277 -9510 508
-7840 -1691 5066
-3752 -9330 1925
-5686 -3304 -657
-6065 -6238 -3134
-7622 -7443 1096
1243 617 -9151
-666 2981 -42
-4048 6438 -4210
2483 -2739 606
8438 8259 6191
-2399 -6910 -4898
-1729 -8813 -8624
9963 7189 -6260
-9867 581 7324
-8329 3531 -5516
-8105 3193 1034
-7950 -5568 -3816
-7105 -4568 -9011
-7762 -5898 5329
-73 -2834 -4537
9911 -1662 7514
-4108 9088 -5623
-7140 -7740 -8553
-7686 4961 -2022
-8629 -9971 2988
-8736 8587 -8370
0 0 0
9164 -8486 -5518
-6481 1078 807
-8294 -3289 -1379
-7775 -7611 1154
-5165 -6648 -9530
4924 2601 -8769
-99 -2587 5513
-841 -674 -8792
-1073 2441 8803
-972 -2821 4998
0 0 0
-3959 -1915 6307
-9245 -7827 1719
2190 -2265 -8252
-5790 -257 -7389
-8775 -2569 -3797
-2119 -4019 916
9225 2650 -5693
-7306 4517 182
-5245 -7401 -7813
-8988 -1066 -3974
1140 3933 -8182
-6569 3684 1729
-3505 -7856 -6064
3158 -7156 -9554
-7160 -3587 -5348
-6975 3663 9474
-9505 -4595 -7836
8166 -7382 5035
-7253 6062 -5649
7318 -8636 -436
223 -1109 838
5210 -5456 -5166
-3101 -3626 -1876
-4650 -1506 -988
-6385 -4665 -1020
-6515 215 -7093
896 -7790 -3207
-981 -7655 -3862
-1606 -7550 -1168
-8922 7969 -3976
7890 -1201 -4524
2928 -3494 -9533
2698 -1030 4025
2410 -9649 1117
0 0 0
-1813 758 -456
-7917 1384 3678
-8646 -392 -4246
-6097 6327 -1277
-6131 -1487 -8669
-3281 6164 -1372
-7191 -1692 6843
6602 -663 -4154
-1333 -7330 -4152
608 7716 -1922
-4965 -3232 859
-7157 -5335 3305
-2216 -6434 4404
-9308 3404 -5797
6337 -9573 -635
-1998 -8034 -8468
3108 -6509 4252
4100 6861 -3681
-3986 -8050 6933
8969 -9332 -4199
-9132 -5950 -2112
2527 -9014 -9972
-4591 -6987 -4654
8429 -6581 -5236
-2894 -9736 -7006
1490 -9164 6486
1619 1741 -6028
-6376 -820 -3179
527 -7811 3813
4875 -974 -8804
-6954 1239 4621
-4776 -2023 -6919
-1743 -8793 990
-5787 -5214 8055
-5738 4231 7984
6512 -9296 7623
-1135 -3332 8981
2564 1028 -7137
-4060 9156 8766
353 -9066 -7896
-4654 -336 2937
-1345 423 -2734
5213 5602 -292
-3674 -6538 548
-7493 -7866 -5388
-2098 -3739 -5974
7094 1622 5141
-1935 30 -7911
-6364 -2222 550
-8001 -7480 -1958
2088 -8447 4314
1732 -6555 6893
-5579 -3804 5991
6848 -5665 2057
-6470 -162 -9826
2455 -1279 -2720
-1457 -8537 2214
-4744 -2653 656
-555 -5618 -5231
-3917 -6537 -6636
-8814 -7086 -7631
-5692 -8596 8281
-2394 -5761 -471
-3925 -1122 1789
-6770 175 -4044
2409 -5004 2224
8874 -4613 -9057
6474 -9559 -646
-4594 2336 5663
-2779 -1661 9020
-4415 -2572 -217
3954 -9136 -3796
7905 1468 -349
-2514 -166 5144
-4127 -9842 -5590
8760 3349 -6972
2687 -8157 1750
-7064 5924 -8067
-1658 -6539 -5816
-2484 -2455 -8537
-234 -4862 -3628
-2099 1882 383
3405 -9094 506
-1048 -33 5775
0 0 0
4473 -7974 8117
-3377 8949 7876
-7359 -3958 8890
4783 -1341 -3890
555 -6710 -3855
-231 -8227 -1207
9354 3128 -4372
-8110 -8547 -2650
2600 -3316 8449
-1155 -9891 9357
-8567 5665 1477
1796 -8230 -6264
-2318 -4460 -6200
-193 -4313 1656
-9844 6000 -3362
2189 8285 -9430
-2869 -6429 -5421
-2769 -495 -6953
4994 -355 -8206
-9920 -5281 -3979
-7561 7059 -5836
-7214 -3238 9906
-7044 2615 2230
-7535 -9297 -1580
-482 -4830 -3524
-9148 -1366 -1015
-1114 -7807 -5667
2233 -6818 -4365
1656 -8286 5021
-9358 -2087 -1244
0 0 0
0 0 0
0 0 0
0 0 0
-5541 -7790 1505
6740 3127 3738
0 0 0
1537 -6598 7752
0 0 0
-1158 -6534 396
-4273 -9590 -5811
0 0 0
0 0 0
-7182 -9267 -7254
0 0 0
509 -2976 6379
-4305 -9874 5334
8083 1220 7464
-7428 -1158 8309
-2664 410 -9443
545 -8830 -9928
3224 1445 -7206
-8486 -2464 -6012
-1566 6116 9701
2780 -967 -4610
4031 2716 -9829
-638 -4288 5260
9718 -7327 -64
-5286 3595 9281
-7335 9338 -9085
-6059 407 7915
-6186 -8458 3209
-161 -4037 -3567
-2358 -2964 4455
-5074 -4149 6062
-4066 -1867 -1096
-9624 -9390 5351
-1696 -5806 -7484
-5498 3507 6809
-5573 -6129 -4398
-8201 2567 -869
880 -3442 -2528
-4655 -267 -4079
6828 8451 -3537
7080 2721 -6005
5392 -4516 -5223
-7137 -271 -3722
-4111 -3327 -828
-5755 -1673 9384
1632 1061 -5340
6194 -7782 5281
-3955 -4811 2671
6389 1382 1589
-3453 -9191 -3883
273 4798 -9926
-8542 -9821 7400
-9489 -8563 9125
-779 3741 7973
-696 -5806 -9596
-8353 6095 -9952
1197 8065 -995
-1931 -9377 -3011
-8828 -4851 8563
2866 7822 -8683
-1609 -4983 -9917
859 -4542 -4263
-7735 -4693 -1182
2628 2860 5449
-3336 6276 8926
-368 -8717 -9475
-1857 -740 -6778
836 6486 -4374
655 6449 4526
-6457 -4151 -9026
-8854 -90 5894
9423 -2668 7566
-6499 -3179 -1304
6246 -3102 9294
-5600 8055 178
-5439 -8643 -5479
-7405 9832 2436
1944 -3223 -3665
209 -2470 -820
196 -2195 351
7720 -9931 -8113
-7339 3829 2056
-2153 1805 3876
7039 -1144 -8346
-2120 -2688 -8857
0 0 0
-9002 -3967 -5683
-452 -7421 389
1001 23 6150
-4489 -1227 3219
4414 176 -6321
-7319 7206 2344
-8223 2632 -3836
5912 -2819 -8620
-2576 -3345 -2765
4083 -1126 -6677
1525 -2368 2693
-5123 -1564 -554
7834 8534 -3577
-2712 -3465 6181
-7943 -1019 -3548
8174 -9710 -1152
7500 -907 1635
-6544 -6802 -1038
-2522 -3748 1568
-5268 2318 -2769
163 -6481 -1966
2153 -703 -9540
7192 -511 3264
-1716 7939 -6667
2610 7740 446
2474 5837 -1021
923 315 -462
-3129 1666 4677
-3839 2976 -5208
0 0 0
2907 -2573 -3761
0 0 0
-2695 9811 -529
1584 -2398 9170
1773 1881 2642
-5213 -9768 1899
8967 363 2175
-1498 -9483 4190
7113 -1391 -3648
3650 -5033 4641
-9741 544 5909
-2039 -2534 738
5825 2709 -529
-3947 1845 -6674
-9088 2459 -5427
-617 1730 -9494
-1779 -7123 -587
575 6475 9213
-7795 -3192 -3769
4466 2319 -4465
4455 -9374 8118
6388 -5215 -3551
2270 -4516 3939
-9137 582 -4249
-6284 6727 -6831
-7763 -5994 -653
-7124 844 8772
-1366 -5493 -2142
-8082 -9137 1981
0 0 0
-6284 9673 -7186
-9246 -1429 5133
162 9161 7901
298 -9874 3639
-7147 -4073 -1964
5960 8349 9459
412 -4480 -7162
2225 -7276 527
-1102 8947 -4867
1768 1304 1620
4097 -196 -8899
-1664 -7036 -9956
4056 -6379 9690
7365 -22 -1971
5490 -1242 8441
-1711 -4223 -2230
0 0 0
-3184 -2703 -5435
-3668 -1134 -5048
4232 -6080 1110
-3617 -1222 9119
8148 -7579 -9219
-7652 -8547 -5468
-4140 2068 2256
-5218 -210 -6684
1701 -8412 -1184
4189 -2584 -243
-9967 2990 -172
2485 -3318 -4835
9959 8673 -2098
-641 -2074 -4044
5122 -7366 7436
-9168 126 -9726
-3848 -6299 -4348
-788 4579 2576
-9909 2533 -5049
-1532 355 -5828
9006 -5072 2576
-20 -5613 2524
4364 -7729 1755
9605 -1753 -9021
0 0 0
-1932 -7048 9091
6851 -7821 1757
-4670 8104 -2021
-4352 7367 -5494
-1685 9398 -7706
-2070 -2776 -6018
-2141 -4794 -7866
926 4529 8352
7949 -4315 1429
-5504 8820 -1385
-5493 342 3048
-5737 -1449 1660
2568 -5821 -3617
6829 -7353 -9105
7907 775 -7498
1556 -9096 -9665
-6164 -8747 285
-9525 -7759 -6025
4953 905 -6400
-4191 -5654 8209
768 -9269 6526
-4858 -4429 -5264
-7004 -5906 5176
5217 -9454 -156
-4059 -7156 -2757
1934 -5124 -3280
-4576 -6694 5231
-8847 -2238 -4542
-723 -7343 1940
2552 4331 51
-7987 -7563 1150
6679 473 -4591
-7026 -8759 1286
7734 -9291 698
3782 -2625 3707
-9426 -2891 -1037
-2771 4484 7738
-2266 7115 -5300
3245 -3621 8959
-3472 247 1355
6050 -2930 -7090
-3648 4619 9011
2062 795 9124
6199 490 -174
-9009 -3195 -1322
-5915 -5724 813
-9145 348 205
-2935 4656 4138
-1821 -3728 -8616
7888 -331 -6644
728 120 4330
9236 -6300 -3514
-7896 -6584 -3434
-379 1982 -6447
1305 -1526 -2358
6968 6865 -5492
1495 -8767 -3617
-1943 -6926 -8084
1011 -7018 -9498
-639 -3207 -8845
-3263 -6176 -6548
-6163 9611 -3992
-6048 -9659 -3497
-3061 7627 -730
-1746 -1671 -4280
523 -9519 -834
-6686 -7097 -8988
-5062 -4512 -2430
1892 -1227 -9494
-2553 -1765 1918
5958 -2128 -256
6117 -3209 -932
-3189 -864 -6196
0 0 0
0 0 0
-1031 -1884 6259
-3385 5578 -7009
8642 -1027 -3425
-4654 2883 5502
-7341 4268 9413
7593 -6562 597
-7479 6059 6490
2823 -5186 -6164
-3210 -2649 -3665
1577 -1907 8222
-5841 -9784 6758
-9753 -6621 5155
7603 -4344 6158
-6673 -1439 -5483
7364 -3626 -5553
-5408 1462 -4838
1024 8103 5783
-692 -249 -5619
-130 -6566 -5520
8038 -6111 -6231
-5163 -4455 6669
-7241 5985 7801
-1599 4496 -8067
622 6042 -3553
-5048 -2215 6813
-1070 -9711 -1032
-9799 -2297 8519
-4875 -300 -2752
1005 -9697 -8749
1664 4696 933
1532 9444 8037
1715 -1798 5985
-5646 8064 7095
-802 -5370 -5226
1968 -3420 -8660
1339 8610 -773
2621 -4005 7404
-3256 -4858 -1996
-8411 2985 -6581
3901 2684 -7364
1041 308 564
-8512 -9501 -9674
-353 6923 8549
-7964 -7019 -2101
-6404 -2627 -4611
-5335 -2615 8387
5439 3716 -4922
-4293 -3532 -1340
3909 2452 5601
2185 5860 2190
-8308 1973 -528
-3218 3754 -1344
-2439 -5678 -2429
-5267 -6504 7691
-234 4407 -1520
-8101 -7866 1394
6379 7688 9145
-7246 1107 9791
6464 2075 1197
-3220 915 -8968
1634 255 -7169
9186 -2005 -1902
-7776 776 -290
-3079 -5971 -2870
-7960 -2274 7012
-2232 2332 1469
-7385 -6788 -7409
-412 -5500 -5665
-3705 -3482 -7651
5683 -8419 -9602
-8545 -4563 1584
-1875 -8242 -4754
-7449 -4974 -8631
-9176 344 -9253
-9199 -6747 2723
-9475 2595 -9112
2479 -9681 -5787
266 -1432 -6829
-9185 9229 -1354
-1662 3097 -3994
-8806 1263 313
692 1733 -14
-1635 -6951 -3040
-3983 -2172 8630
-5619 6175 -6805
4832 -3918 -3239
8338 1686 -5782
2014 6218 -1919
-7719 -2129 9169
3299 -8755 1679
-699 -6096 -9089
-6410 -288 -1646
-8482 4536 -999
590 5437 -7216
5176 6910 -248
-8324 1180 -1055
8698 -321 971
-2115 -7597 -3169
-5665 -2219 4660
-7811 4563 1081
-4099 150 -8276
-5687 -8085 -208
-5033 -8144 8890
-2617 -2785 -8374
6839 8645 -468
-4484 -5954 -6671
-6971 -7880 -741
-6353 4140 -5226
1657 6952 3899
4021 -3324 -9833
7378 1721 -7890
2065 2676 2292
1771 -6998 8355
-7332 -3875 -9602
2083 -6415 -625
1244 8908 -8943
-9838 8183 -8088
0 0 0
-5670 4880 5838
-8894 -2379 8225
-366 -8149 -3104
-1580 -119 3608
-5584 5551 -8311
499 -956 1120
-9477 6673 -5542
-959 -9914 -9790
-4754 -7540 -3467
-4500 -8275 696
6752 2146 2830
59 -5584 -2300
-4964 -2821 -4729
-3343 -3805 -663
2177 -309 300
5526 -5513 -444
-3498 6166 3804
-5124 -2509 -6911
-7271 -9944 -991
-37 2491 -948
2243 -4114 -6266
-1144 -5977 -5954
2568 -5822 -8090
6094 -1933 -632
-8024 -5391 1826
-1944 -536 5604
-8709 -6591 -4247
3467 1116 -8458
3944 3418 -2393
6624 2633 -3454
-2882 -1874 2996
3088 8164 -7022
-607 5849 3577
3585 4325 1668
5687 8227 -3597
3109 -241 -2892
-2288 -3110 4791
-8706 1003 -1796
1620 9680 -9726
390 7250 1653
8748 -9117 -7906
8446 -6113 7309
5036 3738 694
5599 1661 2449
4571 -4741 -8185
-2579 7442 -1130
-353 934 -966
-6165 -8225 2436
-3319 -5130 6311
6328 3815 -725
-5883 1571 -4070
-1842 7842 9082
-3333 2998 1742
-7042 -1250 7884
-1590 -4439 6684
-8447 -7402 -4077
-4940 -4529 9599
-3083 -4736 -2731
-6153 -8243 -8417
0 0 0
-6261 -107 6201
2281 3756 -7734
1063 -1418 1111
7777 1490 -6657
-773 447 -9970
-6196 6614 -1035
-3974 -1987 -3447
1565 -8471 5381
-6976 7790 -8050
-5559 -5678 -9257
7550 2638 -3436
-2682 -3988 -7358
8017 1105 -4271
-4542 -4944 1603
-6812 -5788 -9806
-5922 1721 -4105
-2652 3524 -551
-3596 -5357 -2860
-8782 8376 7204
-3955 -7112 2262
-6980 -6777 2605
-2534 1326 -2605
5717 -8150 -5277
2669 6091 56
-8757 -5696 -850
1170 -5193 -7840
8626 -2790 342
-5435 2493 -3353
-8107 9216 -4213
-9805 1390 -9193
519 -7676 8175
8798 1540 8683
-8115 -4541 2778
78 8037 -8367
2018 -7129 -8875
-5250 -501 -9148
8689 -6846 1096
-9948 -9399 5972
-7841 -2176 5236
3499 -4694 -6679
-1397 2518 23
1064 -6509 -4225
4388 509 5864
6116 9420 1670
-907 8119 -8425
-2197 6101 436
1297 2014 -8145
507 2982 -583
-1348 8569 -4339
-4736 -3847 7641
-4414 7387 -3873
-2821 -2136 265
5743 -4919 -6606
3469 -9034 -4960
-4030 6926 -4383
-2746 -5319 1546
4517 3849 -5560
-2286 2255 -3029
2747 209 -6545
1922 -4629 -3957
-7649 -4679 8985
-4195 -2708 -2549
-4402 -1904 496
-1967 9730 -7750
-8411 -4413 -6834
-1386 -6487 1311
-6546 -8469 6902
8611 5915 6366
-4078 -9234 9408
-6528 -691 -6060
-2853 -3733 -3480
-176 -1270 -5082
-4052 -9097 3231
-8751 4701 -801
-7054 8937 2631
-1283 -86 8398
-5366 -6193 7823
-8367 -8331 -9505
3597 -8352 -9137
-258 2755 6580
4132 -694 2012
-8325 -9892 -9921
-3063 9778 -4270
-6209 -9471 9072
-1539 1515 6784
-46 -4182 2019
-7348 8459 -5721
2720 -1998 -5764
-9030 -9399 -7460
6073 -8471 1245
-6275 332 1491
-919 4832 -6222
-3140 -1189 -9026
-1642 7257 -9166
-212 -5394 -9530
-4297 -4236 2244
7004 -495 -6426
6964 -504 -3921
5734 9283 -5919
7315 -1798 3001
1253 9482 -8534
-3126 2410 -1306
-5675 990 2084
-7825 -3535 -1085
-3191 -1357 7327
-6242 -2978 1785
5491 -4378 5982
-1854 -9706 -9651
8824 5958 -724
985 -7869 -1882
-1646 3133 3481
-2740 1553 2024
-4226 -6807 -4111
1108 -2860 -2059
-7628 -71 -3104
2042 -9682 -2827
-8682 -5546 -9263
1203 6146 -8608
-7596 -6779 -2033
2751 -1331 -8523
-6202 -6478 174
-5180 -7852 5756
-3711 -6784 1003
890 1126 -8193
-7983 2386 -7522
-8234 562 -228
-6638 2119 8896
-2519 7451 583
5952 3879 2079
-771 5841 6093
-9487 8967 2562
-4215 -3147 5794
2430 -1220 -2345
-4443 -6933 -3169
9452 5856 -9389
-287 -9585 5979
2219 5964 -3994
-9846 -6752 -5401
9582 -3424 3603
-9118 -4005 -8062
-3985 -1512 -4147
2230 9487 5188
-5345 1388 4773
-8581 9530 -4123
-815 -2891 -6416
-2938 -9671 1626
4524 -2037 2537
-2896 1214 2946
-2033 -4605 -2200
1135 5345 -2214
-2622 2004 4316
1540 8387 7235
-6759 -9181 8340
141 -2002 309
-5134 -1214 1487
7451 1936 -5645
6660 -5937 -2557
-5084 -4028 -7915
-336 -77 -153
-199 390 -2117
-8400 2481 -6514
977 5946 2680
1944 -3621 7219
5297 8235 6481
-1233 -4170 -8723
9446 3895 5691
4011 567 -7802
-3002 -5887 -5791
8504 4291 -1989
6224 -8206 1605
-7950 -7152 3818
-7371 -4990 -1151
2672 -3840 -3808
8963 8198 -1211
-7321 -3037 -9438
-9976 -4950 -6232
-4966 -6923 -2578
-7808 1074 -6285
-943 -7570 -7240
-7923 1579 -2550
-8960 -353 -3731
-3522 -3537 -560
5986 -9049 -750
-8973 1522 -2182
7280 8416 -540
-7825 5615 -7983
1500 1767 -3558
3362 -3352 7759
4673 8322 -2615
-4937 -371 -3824
-5443 -6421 8490
-9534 788 -1952
8743 -5480 -7489
-5867 4202 -6648
-3911 9003 4836
-5709 2303 -2444
-1218 -1022 1409
-6955 -3890 217
-1966 2956 -9783
-6451 -5801 7434
6973 -2999 -3058
-2315 4393 -9014
3634 -8212 1143
-6787 9977 -9545
-2496 2193 3121
751 -1267 688
-1324 3196 -7930
-1928 -9537 1436
-864 3794 43
-3645 -7107 -2034
3224 323 -7225
757 -7581 -4772
1952 -5725 -4457
8366 -5575 -2768
9865 -44 -830
313 827 -7453
-4472 9754 7773
2282 -7477 4050
-1083 -4021 1036
-4954 -5945 -8324
5732 3631 -8234
-9074 6322 757
-9305 -7080 -664
-4529 -2401 -860
3677 7509 -9437
4051 -2718 2104
128 -2620 -7303
-550 -5951 -9939
2445 2164 -6840
576 -8105 6690
-6463 9412 -6456
5233 -1354 -2702
6411 114 -587
7959 -1482 -6067
2130 -4272 -7652
2673 400 -5074
-8241 -3630 -6444
5904 9032 -5805
-8948 -4039 -7403
0 0 0
0 0 0
0 0 0
0 0 0
-6630 -132 -2175
1800 -19 -4931
-5374 9428 -2452
2336 -3433 1250
-5702 -6536 -8400
310 -8950 -2997
-627 392 -9171
-2812 -1736 -8944
-1458 1435 -6386
-4793 -1066 -4160
-2623 2611 7686
-3203 -3811 2325
-1983 3444 2505
9350 7117 -5087
8297 25 1846
-1002 -6037 3936
7334 2510 -9684
-6685 1124 -2903
4590 -8501 -9763
439 812 262
-5330 -4874 -302
-568 -8197 7726
-1545 -935 -1751
9374 -8332 3802
-3312 -8555 -6032
-1017 -3405 491
9512 -167 -7169
7329 -9103 6169
-1011 1388 4199
3541 1682 4034
-4724 -4227 9063
-9236 1766 -102
-607 -2038 5932
-5564 -2212 -4753
6183 -4231 9944
-8966 -7020 -9433
1090 4501 -7771
8075 4128 -5944
-4274 -6248 646
-8140 6006 -118
-1583 -8609 -5141
1297 -8620 5257
-1044 2457 -3770
-8603 -2795 -4048
-1174 6123 -4635
-3206 -9414 -3871
-833 -1827 -460
2944 -4290 -1490
-304 -5772 -1805
-8119 -8045 1439
-2115 -5908 2498
-6553 -4239 -25
2225 1977 1331
7612 -4684 -2703
2991 -1734 -488
4698 3736 -193
-9010 6837 -1335
-1579 393 1251
-5714 -4255 -3524
581 -3662 5489
-3957 -2452 -384
9630 -248 5680
-6255 475 3541
-5680 -2088 -2024
-1867 -512 -5314
-3713 4869 -8511
-7400 -228 -6074
6216 -8243 -6497
-4978 -1738 -8951
9818 -6384 -5050
8727 -6192 9029
-7978 -8282 -8471
-9368 3949 -917
2705 -6060 2015
-8639 -6749 -9772
-1673 4201 -4023
-2214 -3519 2408
-7212 4833 5536
-2943 -3635 -8851
-8028 -7442 -5500
7233 -1392 2106
-9817 -4397 1628
-3042 -6934 2344
-868 6575 -5371
722 -1831 -9262
146 7842 8591
-4198 -8476 9159
101 1520 3379
8083 -9101 -9109
-1565 -1246 -8324
7191 -5933 -7306
-535 3465 9577
-8438 -5069 -3715
-1965 9188 -2179
-4466 -2953 -4743
-732 2815 -4614
-4395 6079 -4757
1087 3830 -1641
-2685 -7738 -671
5327 -7778 9092
250 -5848 -3340
6073 4550 7931
9059 -5469 -204
1450 -1004 5039
-3592 -9470 -4391
6617 -247 -1835
6407 7998 -7150
-125 -839 -7607
-818 4463 -1274
5722 2988 3095
525 -5226 1131
-6081 9656 5195
-7283 2447 -4294
-170 -9410 4206
-9258 1463 1019
6985 -4677 1231
0 0 0
-7236 994 5887
-7554 -2441 1234
-9787 -5583 -4434
-6920 -146 -9453
5186 5208 -108
-1521 -1630 -4406
82 -1283 -304
-5806 -9074 1253
-2602 -2214 745
0 0 0
