750 1 0
750 2 0
850 0 0
950 -1 0
790 -2 0
750 -1 0
0 0 0
50 1 0
10 3 0
100 6 0
500 1 1
600 3 1
550 4 1
690 10 1
700 100 1
734 1000 1
500 1 3
600 3 4
550 4 2
690 10 5
700 100 0
734 1000 2
250 1 2
450 2 2
350 0 2
290 -1 2
490 -100 2
350 -1000 2
150 1 2
50 2 2
950 0 2
290 -1 3
490 -100 1
350 -1000 5
1 0 3
100 -1 3
200 100 3
10 500 3
123 -300 3
1 0 4
100 -1 1
200 100 2
10 500 5
123 -300 1
0 100 4
0 1000 4
0 -1 4
0 -1000 4
0 234 4
0 100 1
0 1000 2
0 -1 3
0 -1000 5
0 234 5
1 2 5
3 2 5
0 0 5
-1 -1 5
-2 -2 5
-1 -2 5
-1 2 5
1000 1000 1000
500 500 500
250 250 250
1 1 10
0 0 7