0 0 30
1 -2 30
1 -4 29
1 -6 28
1 -8 27
1 -10 26
0 -9 26
0 -12 24
0 -14 23
0 -16 22
0 -18 21
0 -20 20
0 -22 19
0 -24 18
0 -26 17
0 -28 16
0 -30 15
0 -32 14
0 -34 13
0 -36 12
0 -38 11
0 -40 10
0 -42 9
0 -44 8
0 -46 7
0 -48 6
0 -50 5
0 -52 4
0 -54 3
0 -56 2
0 -58 1
0 -60 0
0 -62 -1
0 -64 -2
0 -66 -3
0 -68 -4
0 -70 -5
0 -72 -6
0 -74 -7
0 -76 -8
0 -78 -9
0 -80 -10
0 -82 -11
0 -84 -12
0 -86 -13
0 -88 -14
0 -90 -15
0 -92 -16
0 -94 -17
0 -96 -18
0 -98 -19
0 -100 -20
0 -102 -21
0 -104 -22
0 -106 -23
0 -108 -24
0 -110 -25
0 -112 -26
0 -114 -27
0 -116 -28
0 -118 -29
0 -120 -30
0 -122 -31
0 -124 -32
0 -126 -33
0 -128 -34
0 -130 -35
0 -132 -36
0 -134 -37
0 -136 -38
0 -138 -39
0 -140 -40
0 -142 -41
0 -144 -42
0 -146 -43
0 -148 -44
0 -150 -45
0 -152 -46
0 -154 -47
0 -156 -48
0 -158 -49
0 -160 -50
0 -162 -51
0 -164 -52
0 -166 -53
0 -168 -54
0 -170 -55
0 -172 -56
0 -174 -57
0 -176 -58
0 -178 -59
0 -180 -60
0 -182 -61
0 -184 -62
0 -186 -63
0 -188 -64
0 -190 -65
0 -192 -66
0 -194 -67
0 -196 -68
0 -198 -69
0 -200 -70
0 -202 -71
0 -204 -72
0 -206 -73
0 -208 -74
0 -210 -75
0 -212 -76
0 -214 -77
0 -216 -78
0 -218 -79
0 -220 -80
0 -222 -81
0 -224 -82
0 -226 -83
0 -228 -84
0 -230 -85
0 -232 -86
0 -234 -87
0 -236 -88
0 -238 -89
0 -240 -90
0 -242 -91
0 -244 -92
0 -246 -93
0 -248 -94
0 -250 -95
0 -252 -96
0 -254 -97
0 -256 -98
0 -258 -99
0 -260 -100
0 -262 -101
0 -264 -102
0 -266 -103
0 -268 -104
0 -270 -105
0 -272 -106
0 -274 -107
0 -276 -108
0 -278 -109
0 -280 -110
0 -282 -111
0 -284 -112
0 -286 -113
0 -288 -114
0 -290 -115
0 -292 -116
0 -294 -117
0 -296 -118
0 -298 -119
0 -300 -120
0 -302 -121
0 -304 -122
0 -306 -123
0 -308 -124
0 -310 -125
0 -312 -126
0 -314 -127
0 -316 -128
0 -318 -129
0 -320 -130
0 -322 -131
0 -324 -132
0 -326 -133
0 -328 -134
0 -330 -135
0 -332 -136
0 -334 -137
0 -336 -138
0 -338 -139
0 -340 -140
0 -342 -141
0 -344 -142
0 -346 -143
0 -348 -144
0 -350 -145
0 -352 -146
0 -354 -147
0 -356 -148
0 -358 -149
0 -360 -150
0 -362 -151
0 -364 -152
0 -366 -153
0 -368 -154
0 -370 -155
0 -372 -156
0 -374 -157
0 -376 -158
0 -378 -159
0 -380 -160
0 -382 -161
0 -384 -162
0 -386 -163
0 -388 -164
0 -390 -165
0 -392 -166
0 -394 -167
0 -396 -168
0 -398 -169
0 -400 -170
0 -402 -171
0 -404 -172
0 -406 -173
0 -408 -174
0 -410 -175
0 -412 -176
0 -414 -177
0 -416 -178
0 -418 -179
0 -420 -180
0 -422 -181
0 -424 -182
0 -426 -183
0 -428 -184
0 -430 -185
0 -432 -186
0 -434 -187
0 -436 -188
0 -438 -189
0 -440 -190
0 -442 -191
0 -444 -192
0 -446 -193
0 -448 -194
0 -450 -195
0 -452 -196
0 -454 -197
0 -456 -198
0 -458 -199
0 -460 -200
0 -462 -201
0 -464 -202
0 -466 -203
0 -468 -204
0 -470 -205
0 -472 -206
0 -474 -207
0 -476 -208
0 -478 -209
0 -480 -210
0 -482 -211
0 -484 -212
0 -486 -213
0 -488 -214
0 -490 -215
0 -492 -216
0 -494 -217
0 -496 -218
0 -498 -219
0 -500 -220
0 -502 -221
0 -504 -222
0 -506 -223
0 -508 -224
0 -510 -225
0 -512 -226
0 -514 -227
0 -516 -228
0 -518 -229
0 -520 -230
0 -522 -231
0 -524 -232
0 -526 -233
0 -528 -234
0 -530 -235
0 -532 -236
0 -534 -237
0 -536 -238
0 -538 -239
0 -540 -240
0 -542 -241
0 -544 -242
0 -546 -243
0 -548 -244
0 -550 -245
0 -552 -246
0 -554 -247
0 -556 -248
0 -558 -249
0 -560 -250
0 -562 -251
0 -564 -252
0 -566 -253
0 -568 -254
0 -570 -255
0 -572 -256
0 -574 -257
0 -576 -258
0 -578 -259
0 -580 -260
0 -582 -261
0 -584 -262
0 -586 -263
0 -588 -264
0 -590 -265
0 -592 -266
0 -594 -267
0 -596 -268
0 -598 -269
0 -600 -270
0 -602 -271
0 -604 -272
0 -606 -273
0 -608 -274
0 -610 -275
0 -612 -276
0 -614 -277
0 -616 -278
0 -618 -279
0 -620 -280
0 -622 -281
0 -624 -282
0 -626 -283
0 -628 -284
0 -630 -285
0 -632 -286
0 -634 -287
0 -636 -288
0 -638 -289
0 -640 -290
0 -642 -291
0 -644 -292
0 -646 -293
0 -648 -294
0 -650 -295
0 -652 -296
0 -654 -297
0 -656 -298
0 -658 -299
0 -660 -300
0 -662 -301
0 -664 -302
0 -666 -303
0 -668 -304
0 -670 -305
0 -672 -306
0 -674 -307
0 -676 -308
0 -678 -309
0 -680 -310
0 -682 -311
0 -684 -312
0 -686 -313
0 -688 -314
0 -690 -315
0 -692 -316
0 -694 -317
0 -696 -318
0 -698 -319
0 -700 -320
0 -702 -321
0 -704 -322
0 -706 -323
0 -708 -324
0 -710 -325
0 -712 -326
0 -714 -327
0 -716 -328
0 -718 -329
0 -720 -330
0 -722 -331
0 -724 -332
0 -726 -333
0 -728 -334
0 -730 -335
0 -732 -336
0 -734 -337
0 -736 -338
0 -738 -339
0 -740 -340
0 -742 -341
0 -744 -342
0 -746 -343
0 -748 -344
0 -750 -345
0 -752 -346
0 -754 -347
0 -756 -348
0 -758 -349
0 -760 -350
0 -762 -351
0 -764 -352
0 -766 -353
0 -768 -354
0 -770 -355
0 -772 -356
0 -774 -357
0 -776 -358
0 -778 -359
0 -780 -360
0 -782 -361
0 -784 -362
0 -786 -363
0 -788 -364
0 -790 -365
0 -792 -366
0 -794 -367
0 -796 -368
0 -798 -369
0 -800 -370
0 -802 -371
0 -804 -372
0 -806 -373
0 -808 -374
0 -810 -375
0 -812 -376
0 -814 -377
0 -816 -378
0 -818 -379
0 -820 -380
0 -822 -381
0 -824 -382
0 -826 -383
0 -828 -384
0 -830 -385
0 -832 -386
0 -834 -387
0 -836 -388
0 -838 -389
0 -840 -390
0 -842 -391
0 -844 -392
0 -846 -393
0 -848 -394
0 -850 -395
0 -852 -396
0 -854 -397
0 -856 -398
0 -858 -399
0 -860 -400
0 -862 -401
0 -864 -402
0 -866 -403
0 -868 -404
0 -870 -405
0 -872 -406
0 -874 -407
0 -876 -408
0 -878 -409
0 -880 -410
0 -882 -411
0 -884 -412
0 -886 -413
0 -888 -414
0 -890 -415
0 -892 -416
0 -894 -417
0 -896 -418
0 -898 -419
0 -900 -420
0 -902 -421
0 -904 -422
0 -906 -423
0 -908 -424
0 -910 -425
0 -912 -426
0 -914 -427
0 -916 -428
0 -918 -429
0 -920 -430
0 -922 -431
0 -924 -432
0 -926 -433
0 -928 -434
0 -930 -435
0 -932 -436
0 -934 -437
0 -936 -438
0 -938 -439
0 -940 -440
0 -942 -441
0 -944 -442
0 -946 -443
0 -948 -444
0 -950 -445
0 -952 -446
0 -954 -447
0 -956 -448
0 -958 -449
0 -960 -450
0 -962 -451
0 -964 -452
0 -966 -453
0 -968 -454
0 -970 -455
0 -972 -456
0 -974 -457
0 -976 -458
0 -978 -459
0 -980 -460
0 -982 -461
0 -984 -462
0 -986 -463
0 -988 -464
0 -990 -465
0 -992 -466
0 -994 -467
0 -996 -468
-1 9 0
-2 5 -1
-3 1 -2
-3 -2 -3
-4 -6 -4
-5 -10 -5
-6 -14 -6
-7 -18 -7
-8 -22 -8
-9 -26 -9
-10 -30 -10
-11 -34 -11
-12 -38 -12
-13 -42 -13
-14 -46 -14
-15 -50 -15
-16 -54 -16
-17 -58 -17
-18 -62 -18
-19 -66 -19
-20 -70 -20
-21 -74 -21
-22 -78 -22
-23 -82 -23
-24 -86 -24
-25 -90 -25
-26 -94 -26
-27 -98 -27
-28 -102 -28
-29 -106 -29
-30 -110 -30
-31 -114 -31
-32 -118 -32
-33 -122 -33
-34 -126 -34
-35 -130 -35
-36 -134 -36
-37 -138 -37
-38 -142 -38
-39 -146 -39
-40 -150 -40
-41 -154 -41
-42 -158 -42
-43 -162 -43
-44 -166 -44
-45 -170 -45
-46 -174 -46
-47 -178 -47
-48 -182 -48
-49 -186 -49
-50 -190 -50
-51 -194 -51
-52 -198 -52
-53 -202 -53
-54 -206 -54
-55 -210 -55
-56 -214 -56
-57 -218 -57
-58 -222 -58
-59 -226 -59
-60 -230 -60
-61 -234 -61
-62 -238 -62
-63 -242 -63
-64 -246 -64
-65 -250 -65
-66 -254 -66
-67 -258 -67
-68 -262 -68
-69 -266 -69
-70 -270 -70
-71 -274 -71
-72 -278 -72
-73 -282 -73
-74 -286 -74
-75 -290 -75
-76 -294 -76
-77 -298 -77
-78 -302 -78
-79 -306 -79
-80 -310 -80
-81 -314 -81
-82 -318 -82
-83 -322 -83
-84 -326 -84
-85 -330 -85
-86 -334 -86
-87 -338 -87
-88 -342 -88
-89 -346 -89
-90 -350 -90
-91 -354 -91
-92 -358 -92
-93 -362 -93
-94 -366 -94
-95 -370 -95
-96 -374 -96
-97 -378 -97
-98 -382 -98
-99 -386 -99
-100 -390 -100
-101 -394 -101
-102 -398 -102
-103 -402 -103
-104 -406 -104
-105 -410 -105
-106 -414 -106
-107 -418 -107
-108 -422 -108
-109 -426 -109
-110 -430 -110
-111 -434 -111
-112 -438 -112
-113 -442 -113
-114 -446 -114
-115 -450 -115
-116 -454 -116
-117 -458 -117
-118 -462 -118
-119 -466 -119
-120 -470 -120
-121 -474 -121
-122 -478 -122
-123 -482 -123
-124 -486 -124
-125 -490 -125
-126 -494 -126
-127 -498 -127
-128 -502 -128
-129 -506 -129
-130 -510 -130
-131 -514 -131
-132 -518 -132
-133 -522 -133
-134 -526 -134
-135 -530 -135
-136 -534 -136
-137 -538 -137
-138 -542 -138
-139 -546 -139
-140 -550 -140
-141 -554 -141
-142 -558 -142
-143 -562 -143
-144 -566 -144
-145 -570 -145
-146 -574 -146
-147 -578 -147
-148 -582 -148
-149 -586 -149
-150 -590 -150
-151 -594 -151
-152 -598 -152
-153 -602 -153
-154 -606 -154
-155 -610 -155
-156 -614 -156
-157 -618 -157
-158 -622 -158
-159 -626 -159
-160 -630 -160
-161 -634 -161
-162 -638 -162
-163 -642 -163
-164 -646 -164
-165 -650 -165
-166 -654 -166
-167 -658 -167
-168 -662 -168
-169 -666 -169
-170 -670 -170
-171 -674 -171
-172 -678 -172
-173 -682 -173
-174 -686 -174
-175 -690 -175
-176 -694 -176
-177 -698 -177
-178 -702 -178
-179 -706 -179
-180 -710 -180
-181 -714 -181
-182 -718 -182
-183 -722 -183
-184 -726 -184
-185 -730 -185
-186 -734 -186
-187 -738 -187
-188 -742 -188
-189 -746 -189
-190 -750 -190
-191 -754 -191
-192 -758 -192
-193 -762 -193
-194 -766 -194
-195 -770 -195
-196 -774 -196
-197 -778 -197
-198 -782 -198
-199 -786 -199
-200 -790 -200
-201 -794 -201
-202 -798 -202
-203 -802 -203
-204 -806 -204
-205 -810 -205
-206 -814 -206
-207 -818 -207
-208 -822 -208
-209 -826 -209
-210 -830 -210
-211 -834 -211
-212 -838 -212
-213 -842 -213
-214 -846 -214
-215 -850 -215
-216 -854 -216
-217 -858 -217
-218 -862 -218
-219 -866 -219
-220 -870 -220
-221 -874 -221
-222 -878 -222
-223 -882 -223
-224 -886 -224
-225 -890 -225
-226 -894 -226
-227 -898 -227
-228 -902 -228
-229 -906 -229
-230 -910 -230
-231 -914 -231
-232 -918 -232
-233 -922 -233
-234 -926 -234
-235 -930 -235
-236 -934 -236
-237 -938 -237
-238 -942 -238
-239 -946 -239
-240 -950 -240
-241 -954 -241
-242 -958 -242
-243 -962 -243
-244 -966 -244
-245 -970 -245
-246 -974 -246
-247 -978 -247
-248 -982 -248
-249 -986 -249
-250 -990 -250
-251 -994 -251
-252 -998 -252
-253 -1002 -253
-254 -1006 -254
-255 -1010 -255
-256 -1014 -256
-257 -1018 -257
-258 -1022 -258
-259 -1026 -259
-260 -1030 -260
-261 -1034 -261
-262 -1038 -262
-263 -1042 -263
-264 -1046 -264
-265 -1050 -265
-266 -1054 -266
-267 -1058 -267
-268 -1062 -268
-269 -1066 -269
-270 -1070 -270
-271 -1074 -271
-272 -1078 -272
-273 -1082 -273
-274 -1086 -274
-275 -1090 -275
-276 -1094 -276
-277 -1098 -277
-278 -1102 -278
-279 -1106 -279
-280 -1110 -280
-281 -1114 -281
-282 -1118 -282
-283 -1122 -283
-284 -1126 -284
-285 -1130 -285
-286 -1134 -286
-287 -1138 -287
-288 -1142 -288
-289 -1146 -289
-290 -1150 -290
-291 -1154 -291
-292 -1158 -292
-293 -1162 -293
-294 -1166 -294
-295 -1170 -295
-296 -1174 -296
-297 -1178 -297
-298 -1182 -298
-299 -1186 -299
-300 -1190 -300
-301 -1194 -301
-302 -1198 -302
-303 -1202 -303
-304 -1206 -304
-305 -1210 -305
-306 -1214 -306
-307 -1218 -307
-308 -1222 -308
-309 -1226 -309
-310 -1230 -310
-311 -1234 -311
-312 -1238 -312
-313 -1242 -313
-314 -1246 -314
-315 -1250 -315
-316 -1254 -316
-317 -1258 -317
-318 -1262 -318
-319 -1266 -319
-320 -1270 -320
-321 -1274 -321
-322 -1278 -322
-323 -1282 -323
-324 -1286 -324
-325 -1290 -325
-326 -1294 -326
-327 -1298 -327
-328 -1302 -328
-329 -1306 -329
-330 -1310 -330
-331 -1314 -331
-332 -1318 -332
-333 -1322 -333
-334 -1326 -334
-335 -1330 -335
-336 -1334 -336
-337 -1338 -337
-338 -1342 -338
-339 -1346 -339
-340 -1350 -340
-341 -1354 -341
-342 -1358 -342
-343 -1362 -343
-344 -1366 -344
-345 -1370 -345
-346 -1374 -346
-347 -1378 -347
-348 -1382 -348
-349 -1386 -349
-350 -1390 -350
-351 -1394 -351
-352 -1398 -352
-353 -1402 -353
-354 -1406 -354
-355 -1410 -355
-356 -1414 -356
-357 -1418 -357
-358 -1422 -358
-359 -1426 -359
-360 -1430 -360
-361 -1434 -361
-362 -1438 -362
-363 -1442 -363
-364 -1446 -364
-365 -1450 -365
-366 -1454 -366
-367 -1458 -367
-368 -1462 -368
-369 -1466 -369
-370 -1470 -370
-371 -1474 -371
-372 -1478 -372
-373 -1482 -373
-374 -1486 -374
-375 -1490 -375
-376 -1494 -376
-377 -1498 -377
-378 -1502 -378
-379 -1506 -379
-380 -1510 -380
-381 -1514 -381
-382 -1518 -382
-383 -1522 -383
-384 -1526 -384
-385 -1530 -385
-386 -1534 -386
-387 -1538 -387
-388 -1542 -388
-389 -1546 -389
-390 -1550 -390
-391 -1554 -391
-392 -1558 -392
-393 -1562 -393
-394 -1566 -394
-395 -1570 -395
-396 -1574 -396
-397 -1578 -397
-398 -1582 -398
-399 -1586 -399
-400 -1590 -400
-401 -1594 -401
-402 -1598 -402
-403 -1602 -403
-404 -1606 -404
-405 -1610 -405
-406 -1614 -406
-407 -1618 -407
-408 -1622 -408
-409 -1626 -409
-410 -1630 -410
-411 -1634 -411
-412 -1638 -412
-413 -1642 -413
-414 -1646 -414
-415 -1650 -415
-416 -1654 -416
-417 -1658 -417
-418 -1662 -418
-419 -1666 -419
-420 -1670 -420
-421 -1674 -421
-422 -1678 -422
-423 -1682 -423
-424 -1686 -424
-425 -1690 -425
-426 -1694 -426
-427 -1698 -427
-428 -1702 -428
-429 -1706 -429
-430 -1710 -430
-431 -1714 -431
-432 -1718 -432
-433 -1722 -433
-434 -1726 -434
-435 -1730 -435
-436 -1734 -436
-437 -1738 -437
-438 -1742 -438
-439 -1746 -439
-440 -1750 -440
-441 -1754 -441
-442 -1758 -442
-443 -1762 -443
-444 -1766 -444
-445 -1770 -445
-446 -1774 -446
-447 -1778 -447
-448 -1782 -448
-449 -1786 -449
-450 -1790 -450
-451 -1794 -451
-452 -1798 -452
-453 -1802 -453
-454 -1806 -454
-455 -1810 -455
-456 -1814 -456
-457 -1818 -457
-458 -1822 -458
-459 -1826 -459
-460 -1830 -460
-461 -1834 -461
-462 -1838 -462
-463 -1842 -463
-464 -1846 -464
-465 -1850 -465
-466 -1854 -466
-467 -1858 -467
-468 -1862 -468
-469 -1866 -469
-470 -1870 -470
-471 -1874 -471
-472 -1878 -472
-473 -1882 -473
-474 -1886 -474
-475 -1890 -475
-476 -1894 -476
-477 -1898 -477
-478 -1902 -478
-479 -1906 -479
-480 -1910 -480
-481 -1914 -481
-482 -1918 -482
-483 -1922 -483
-484 -1926 -484
-485 -1930 -485
-486 -1934 -486
-487 -1938 -487
-488 -1942 -488
-489 -1946 -489
-490 -1950 -490
-491 -1954 -491
-492 -1958 -492
-493 -1962 -493
-494 -1966 -494
-495 -1970 -495
-496 -1974 -496
-497 -1978 -497
-498 -1982 -498
-499 -1986 -499
