0 0
1 0
4 0
9 0
16 0
25 0
36 0
49 0
64 0
81 0
100 0
121 0
144 0
169 0
196 0
225 0
256 0
289 0
324 0
361 0
400 0
441 0
484 0
529 0
576 0
625 0
676 0
729 0
784 0
841 0
900 0
961 0
1024 0
1089 0
1156 0
1225 0
1296 0
1369 0
1444 0
1521 0
1600 0
1681 0
1764 0
1849 0
1936 0
2025 0
2116 0
2209 0
2304 0
2401 0
2500 0
2601 0
2704 0
2809 0
2916 0
3025 0
3136 0
3249 0
3364 0
3481 0
3600 0
3721 0
3844 0
3969 0
4096 0
4225 0
4356 0
4489 0
4624 0
4761 0
4900 0
5041 0
5184 0
5329 0
5476 0
5625 0
5776 0
5929 0
6084 0
6241 0
6400 0
6561 0
6724 0
6889 0
7056 0
7225 0
7396 0
7569 0
7744 0
7921 0
8100 0
8281 0
8464 0
8649 0
8836 0
9025 0
9216 0
9409 0
9604 0
9801 0
10000 0
10201 0
10404 0
10609 0
10816 0
11025 0
11236 0
11449 0
11664 0
11881 0
12100 0
12321 0
12544 0
12769 0
12996 0
13225 0
13456 0
13689 0
13924 0
14161 0
14400 0
14641 0
14884 0
15129 0
15376 0
15625 0
15876 0
16129 0
16384 0
16641 0
16900 0
17161 0
17424 0
17689 0
17956 0
18225 0
18496 0
18769 0
19044 0
19321 0
19600 0
19881 0
20164 0
20449 0
20736 0
21025 0
21316 0
21609 0
21904 0
22201 0
22500 0
22801 0
23104 0
23409 0
23716 0
24025 0
24336 0
24649 0
24964 0
25281 0
25600 0
25921 0
26244 0
26569 0
26896 0
27225 0
27556 0
27889 0
28224 0
28561 0
28900 0
29241 0
29584 0
29929 0
30276 0
30625 0
30976 0
31329 0
31684 0
32041 0
32400 0
32761 0
33124 0
33489 0
33856 0
34225 0
34596 0
34969 0
35344 0
35721 0
36100 0
36481 0
36864 0
37249 0
37636 0
38025 0
38416 0
38809 0
39204 0
39601 0
40000 0
40401 0
40804 0
41209 0
41616 0
42025 0
42436 0
42849 0
43264 0
43681 0
44100 0
44521 0
44944 0
45369 0
45796 0
46225 0
46656 0
47089 0
47524 0
47961 0
48400 0
48841 0
49284 0
49729 0
50176 0
50625 0
51076 0
51529 0
51984 0
52441 0
52900 0
53361 0
53824 0
54289 0
54756 0
55225 0
55696 0
56169 0
56644 0
57121 0
57600 0
58081 0
58564 0
59049 0
59536 0
60025 0
60516 0
61009 0
61504 0
62001 0
62500 0
63001 0
63504 0
64009 0
64516 0
65025 0
65536 0
66049 0
66564 0
67081 0
67600 0
68121 0
68644 0
69169 0
69696 0
70225 0
70756 0
71289 0
71824 0
72361 0
72900 0
73441 0
73984 0
74529 0
75076 0
75625 0
76176 0
76729 0
77284 0
77841 0
78400 0
78961 0
79524 0
80089 0
80656 0
81225 0
81796 0
82369 0
82944 0
83521 0
84100 0
84681 0
85264 0
85849 0
86436 0
87025 0
87616 0
88209 0
88804 0
89401 0
90000 0
90601 0
91204 0
91809 0
92416 0
93025 0
93636 0
94249 0
94864 0
95481 0
96100 0
96721 0
97344 0
97969 0
98596 0
99225 0
99856 0
100489 0
101124 0
101761 0
102400 0
103041 0
103684 0
104329 0
104976 0
105625 0
106276 0
106929 0
107584 0
108241 0
108900 0
109561 0
110224 0
110889 0
111556 0
112225 0
112896 0
113569 0
114244 0
114921 0
115600 0
116281 0
116964 0
117649 0
118336 0
119025 0
119716 0
120409 0
121104 0
121801 0
122500 0
123201 0
123904 0
124609 0
125316 0
126025 0
126736 0
127449 0
128164 0
128881 0
129600 0
130321 0
131044 0
131769 0
132496 0
133225 0
133956 0
134689 0
135424 0
136161 0
136900 0
137641 0
138384 0
139129 0
139876 0
140625 0
141376 0
142129 0
142884 0
143641 0
144400 0
145161 0
145924 0
146689 0
147456 0
148225 0
148996 0
149769 0
150544 0
151321 0
152100 0
152881 0
153664 0
154449 0
155236 0
156025 0
156816 0
157609 0
158404 0
159201 0
160000 0
160801 0
161604 0
162409 0
163216 0
164025 0
164836 0
165649 0
166464 0
167281 0
168100 0
168921 0
169744 0
170569 0
171396 0
172225 0
173056 0
173889 0
174724 0
175561 0
176400 0
177241 0
178084 0
178929 0
179776 0
180625 0
181476 0
182329 0
183184 0
184041 0
184900 0
185761 0
186624 0
187489 0
188356 0
189225 0
190096 0
190969 0
191844 0
192721 0
193600 0
194481 0
195364 0
196249 0
197136 0
198025 0
198916 0
199809 0
200704 0
201601 0
202500 0
203401 0
204304 0
205209 0
206116 0
207025 0
207936 0
208849 0
209764 0
210681 0
211600 0
212521 0
213444 0
214369 0
215296 0
216225 0
217156 0
218089 0
219024 0
219961 0
220900 0
221841 0
222784 0
223729 0
224676 0
225625 0
226576 0
227529 0
228484 0
229441 0
230400 0
231361 0
232324 0
233289 0
234256 0
235225 0
236196 0
237169 0
238144 0
239121 0
240100 0
241081 0
242064 0
243049 0
244036 0
245025 0
246016 0
247009 0
248004 0
249001 0
1000000 1
998001 1
996004 1
994009 1
992016 1
990025 1
988036 1
986049 1
984064 1
982081 1
980100 1
978121 1
976144 1
974169 1
972196 1
970225 1
968256 1
966289 1
964324 1
962361 1
960400 1
958441 1
956484 1
954529 1
952576 1
950625 1
948676 1
946729 1
944784 1
942841 1
940900 1
938961 1
937024 1
935089 1
933156 1
931225 1
929296 1
927369 1
925444 1
923521 1
921600 1
919681 1
917764 1
915849 1
913936 1
912025 1
910116 1
908209 1
906304 1
904401 1
902500 1
900601 1
898704 1
896809 1
894916 1
893025 1
891136 1
889249 1
887364 1
885481 1
883600 1
881721 1
879844 1
877969 1
876096 1
874225 1
872356 1
870489 1
868624 1
866761 1
864900 1
863041 1
861184 1
859329 1
857476 1
855625 1
853776 1
851929 1
850084 1
848241 1
846400 1
844561 1
842724 1
840889 1
839056 1
837225 1
835396 1
833569 1
831744 1
829921 1
828100 1
826281 1
824464 1
822649 1
820836 1
819025 1
817216 1
815409 1
813604 1
811801 1
810000 1
808201 1
806404 1
804609 1
802816 1
801025 1
799236 1
797449 1
795664 1
793881 1
792100 1
790321 1
788544 1
786769 1
784996 1
783225 1
781456 1
779689 1
777924 1
776161 1
774400 1
772641 1
770884 1
769129 1
767376 1
765625 1
763876 1
762129 1
760384 1
758641 1
756900 1
755161 1
753424 1
751689 1
749956 1
748225 1
746496 1
744769 1
743044 1
741321 1
739600 1
737881 1
736164 1
734449 1
732736 1
731025 1
729316 1
727609 1
725904 1
724201 1
722500 1
720801 1
719104 1
717409 1
715716 1
714025 1
712336 1
710649 1
708964 1
707281 1
705600 1
703921 1
702244 1
700569 1
698896 1
697225 1
695556 1
693889 1
692224 1
690561 1
688900 1
687241 1
685584 1
683929 1
682276 1
680625 1
678976 1
677329 1
675684 1
674041 1
672400 1
670761 1
669124 1
667489 1
665856 1
664225 1
662596 1
660969 1
659344 1
657721 1
656100 1
654481 1
652864 1
651249 1
649636 1
648025 1
646416 1
644809 1
643204 1
641601 1
640000 1
638401 1
636804 1
635209 1
633616 1
632025 1
630436 1
628849 1
627264 1
625681 1
624100 1
622521 1
620944 1
619369 1
617796 1
616225 1
614656 1
613089 1
611524 1
609961 1
608400 1
606841 1
605284 1
603729 1
602176 1
600625 1
599076 1
597529 1
595984 1
594441 1
592900 1
591361 1
589824 1
588289 1
586756 1
585225 1
583696 1
582169 1
580644 1
579121 1
577600 1
576081 1
574564 1
573049 1
571536 1
570025 1
568516 1
567009 1
565504 1
564001 1
562500 1
561001 1
559504 1
558009 1
556516 1
555025 1
553536 1
552049 1
550564 1
549081 1
547600 1
546121 1
544644 1
543169 1
541696 1
540225 1
538756 1
537289 1
535824 1
534361 1
532900 1
531441 1
529984 1
528529 1
527076 1
525625 1
524176 1
522729 1
521284 1
519841 1
518400 1
516961 1
515524 1
514089 1
512656 1
511225 1
509796 1
508369 1
506944 1
505521 1
504100 1
502681 1
501264 1
499849 1
498436 1
497025 1
495616 1
494209 1
492804 1
491401 1
490000 1
488601 1
487204 1
485809 1
484416 1
483025 1
481636 1
480249 1
478864 1
477481 1
476100 1
474721 1
473344 1
471969 1
470596 1
469225 1
467856 1
466489 1
465124 1
463761 1
462400 1
461041 1
459684 1
458329 1
456976 1
455625 1
454276 1
452929 1
451584 1
450241 1
448900 1
447561 1
446224 1
444889 1
443556 1
442225 1
440896 1
439569 1
438244 1
436921 1
435600 1
434281 1
432964 1
431649 1
430336 1
429025 1
427716 1
426409 1
425104 1
423801 1
422500 1
421201 1
419904 1
418609 1
417316 1
416025 1
414736 1
413449 1
412164 1
410881 1
409600 1
408321 1
407044 1
405769 1
404496 1
403225 1
401956 1
400689 1
399424 1
398161 1
396900 1
395641 1
394384 1
393129 1
391876 1
390625 1
389376 1
388129 1
386884 1
385641 1
384400 1
383161 1
381924 1
380689 1
379456 1
378225 1
376996 1
375769 1
374544 1
373321 1
372100 1
370881 1
369664 1
368449 1
367236 1
366025 1
364816 1
363609 1
362404 1
361201 1
360000 1
358801 1
357604 1
356409 1
355216 1
354025 1
352836 1
351649 1
350464 1
349281 1
348100 1
346921 1
345744 1
344569 1
343396 1
342225 1
341056 1
339889 1
338724 1
337561 1
336400 1
335241 1
334084 1
332929 1
331776 1
330625 1
329476 1
328329 1
327184 1
326041 1
324900 1
323761 1
322624 1
321489 1
320356 1
319225 1
318096 1
316969 1
315844 1
314721 1
313600 1
312481 1
311364 1
310249 1
309136 1
308025 1
306916 1
305809 1
304704 1
303601 1
302500 1
301401 1
300304 1
299209 1
298116 1
297025 1
295936 1
294849 1
293764 1
292681 1
291600 1
290521 1
289444 1
288369 1
287296 1
286225 1
285156 1
284089 1
283024 1
281961 1
280900 1
279841 1
278784 1
277729 1
276676 1
275625 1
274576 1
273529 1
272484 1
271441 1
270400 1
269361 1
268324 1
267289 1
266256 1
265225 1
264196 1
263169 1
262144 1
261121 1
260100 1
259081 1
258064 1
257049 1
256036 1
255025 1
254016 1
253009 1
252004 1
251001 1
-6712 -2590
1978 8292
-325 -2339
-3555 928
-1120 -1680
5540 -60
-4540 -859
4643 5095
3787 -4058
7133 1971
8773 3455
9133 -2068
17 -4019
1272 7362
1249 -7237
3952 -5164
5048 -6088
-4980 -1666
-9915 -4896
7463 -9034
2092 -2626
-7236 604
-9446 8874
2272 8572
-3871 5157
-4659 8630
-9492 -7465
-9848 1886
2705 -4401
-3461 -8061
-259 -8628
5927 -607
1687 4
-2470 2297
6391 5263
6305 1616
9080 1029
8754 -1056
4669 -3649
8393 -362
-3680 -6237
-1185 7875
-3115 -8108
8936 -6342
-5308 -7657
8991 -9654
5307 -159
8338 219
516 4222
3032 -36
1898 -4552
-776 6365
-5962 -1025
2745 -4425
7824 -3692
-7684 7775
4263 4995
-9853 -2904
1114 8440
-4944 8264
-8713 5029
-1685 6528
-4063 -9121
-7358 6225
8186 -3214
1517 2838
-8793 1219
8668 -7475
-8064 2516
-1978 8917
-6094 -1118
9642 -7703
-846 2189
-8503 -4724
6302 -946
6293 -9916
8189 8251
9041 3947
2780 -9108
-5746 4502
7412 3510
-9070 -7638
8807 4570
-3519 -7774
-2013 -1763
9122 -8624
-3663 -8050
3470 -4707
8168 3384
1676 -8975
-7440 -9619
-1596 6276
94 1321
7801 -4918
-7559 2721
5479 -738
-5835 7616
-496 12
2913 1115
6597 8381
4654 697
7271 -4007
4350 8148
-2682 -2694
4404 9285
3045 -186
-869 -1889
268 6411
-4981 -487
-8060 6296
6391 7703
-3605 240
-69 -5029
6623 899
5224 3788
-1812 9011
-2076 -4841
4380 6096
1171 -919
5023 4190
-9424 -927
9201 9271
9008 -6788
-707 -8871
-4474 -1734
3157 1723
2930 -9075
5994 5198
2235 -321
141 6512
697 -6314
-1922 4409
-9311 -4045
-1355 9520
-6238 -178
633 -4707
5118 8522
3869 8246
5801 -8375
2573 798
6680 -5374
-7807 8375
333 -7368
2872 362
4942 -2483
7013 9509
9269 5438
-6787 5234
7581 5486
-6391 -9751
-9460 1464
-6730 -2169
6776 3439
-6670 8920
-7546 3426
1569 580
-4971 7354
-5903 -385
7486 1182
-4574 -1851
-9209 3544
-9461 457
-97 -6943
-4832 -8365
7083 -8285
-7153 168
4088 1542
-6493 5347
698 9177
-6351 8167
7801 70
-1259 313
-5180 9895
-8118 -9716
997 -6590
-2949 5212
9415 -4918
-1634 -9761
-5018 3747
-5676 4183
7520 -8579
7247 8537
-86 -4793
-3426 -7631
3354 6929
-4422 6867
-8608 1542
-4456 6000
9355 4063
4134 -8779
8858 5816
893 2939
6350 -8295
8779 -4234
4932 -5193
-6400 1955
-8858 6770
-9659 -2411
-6855 9953
-207 3403
-2292 -9360
4942 -8570
1153 -6493
-9003 -470
-3809 7229
-7466 1526
2287 1549
-9252 9333
-4999 8588
5705 -7998
-4839 -5441
-2311 8256
-5922 9755
-2154 -6522
-8811 3754
8236 8298
1016 -8244
-4372 60
-5800 -7833
9250 -1778
-9884 -5321
5318 -8163
-9296 1569
211 -5469
3929 -4121
2197 1013
4722 -5262
-6564 7878
3206 4251
-3170 -8934
-8961 696
2754 1706
2871 -77
-3783 6711
-1482 -808
2519 9502
9200 -6983
-3769 -3739
7452 -7830
-3067 5079
-366 -6533
-6854 -2596
8789 4560
381 264
-7953 7860
-3463 -415
6203 6919
-3727 -7136
-1370 -4775
3097 3344
-4622 7
-1031 2883
9326 563
-853 7296
9224 895
-8034 3402
-7226 -9807
2008 -5051
-3471 -5208
-5884 -5905
-4673 -6298
-478 1589
-3378 2547
-2579 -4707
-1111 868
-3955 8280
-153 -8378
-9968 2281
211 -2752
6890 -9506
8838 -2599
-4007 -1745
7871 -9924
3865 8814
-5240 4845
-461 -8721
3161 -2073
7041 7632
-1383 -4408
2601 7092
9882 6639
2381 876
-8778 -8386
-6457 -5170
5662 -7764
-3875 8766
-9594 2532
8322 -7110
3663 9894
-7455 -2882
8495 -9759
-574 -9213
-7787 7001
-158 6029
7195 1694
-4560 -5527
9415 -8791
3080 3875
-6809 -5331
8715 6818
-1970 5381
4291 3861
4486 -8949
-1614 9822
4657 5302
5490 8667
4372 -1734
-6792 -2866
5606 -8120
-2642 -3274
-2435 126
-187 -2505
-8766 3729
-7912 -4148
7317 2333
-7889 -4522
6080 1532
-981 -6959
1322 2133
-3988 8232
-3798 -1999
2860 -8925
2524 8957
-6032 -1373
-9223 2486
-1984 -182
5458 -4524
-3649 3183
-7662 -7858
-8558 1926
-212 -2897
-3447 -4004
129 1975
-3087 8145
906 3035
-3399 -9156
-2623 1087
1732 2569
1034 1467
9240 -236
175 -9251
-6956 6827
1300 7031
-4210 -5417
6235 -7481
4139 961
1986 -7796
4713 3081
-2639 2570
-9446 1985
5039 -4694
5959 961
9569 -5988
2042 9279
-6474 -8118
-8643 -8002
508 -5231
-7618 8977
7010 -7297
-554 -4373
-2788 5978
5418 -845
6140 9781
-4049 4491
1798 3963
7640 -2012
-8111 833
2505 574
5028 -8419
9633 8041
867 -9744
1183 -3981
-4084 -212
5033 6778
2328 -5549
-3858 5156
2666 -5820
3614 3145
-6761 9903
-5725 -7701
74 5708
6065 -4693
-4211 9273
-1967 3367
-1391 -2036
-6079 -4159
-2953 5215
-6037 -4025
5610 -6863
-8389 -5688
3052 -5543
-348 -4602
-1800 -4394
8452 -4552
-6911 -8505
-3271 3003
-9620 5250
6912 -8327
-3669 4891
-6689 -1388
4796 4946
-4150 -808
57 -5965
9394 -7050
3845 -2329
2923 4133
3491 -9928
4550 6864
4158 -1204
4975 1015
-2940 8689
7490 2574
-5614 -3863
-6101 2374
1919 -2304
-7137 -9212
-3105 -8374
-2568 -1268
-5857 3010
5707 -6337
-268 -2254
9171 4704
222 -4165
-8796 -3858
9978 1005
-6749 -8893
3597 7546
3038 -5472
-9076 -830
-9743 9125
2282 4497
-8470 3950
7018 5123
3034 4520
-6454 -9280
3874 -599
3540 -2636
-5035 5347
1063 4244
-379 7113
-326 -8631
4899 -9314
-617 1421
6576 7083
-8402 -4022
8276 -4029
-5528 3088
7036 3426
-8171 -3218
8584 2643
9651 -7977
-4732 5179
-4760 7369
-4485 -6019
-6560 3668
6870 6394
8188 9606
9084 9319
-9652 2372
-7508 1782
3658 -8797
-8754 -9203
-9233 8099
8859 -8818
9670 -2687
-2273 -5403
-4419 8596
9431 -8187
5701 9503
-3316 -7725
1175 -2687
-3253 -5108
-131 -2435
-5465 -5803
866 4407
5875 8573
-3520 -5197
6043 3438
5833 -7585
7941 4189
2038 -4387
3242 -7659
-4828 -2570
335 -4790
-542 3370
-5400 7207
-568 -209
9217 -8746
372 866
-1688 8987
1223 -732
2452 6018
4478 950
-7806 1633
-8440 4003
2661 3283
-9153 942
-3338 2533
9009 2072
-7134 7889
9705 -5680
7960 2675
-7879 38
-7591 593
135 -3249
-4507 3683
9417 -908
825 -2755
1208 7097
2575 4155
9350 -6774
8736 -1896
-8965 -6333
-1392 2139
-571 5772
-244 -4407
-8832 -5987
-6240 -419
-7670 -3002
4614 -1222
1019 -7205
-125 -8244
40 8248
6519 85
6765 -4428
-8079 -6484
43 -1007
-2000 -839
2534 6005
-7196 6031
8796 -1430
4336 -3326
5909 -5418
6639 2816
-9391 8260
8527 7629
5269 7329
4794 -6648
-3112 -9688
7128 -807
-2391 -3829
4619 -982
401 -7908
-5933 6473
-3718 -4749
8513 -4751
-9402 -4113
6657 -4771
-166 929
-3939 47
4836 5658
9493 -3390
4339 -196
-9099 -2761
6484 -780
-9564 -2284
-7482 4231
7670 2004
-5310 -2462
-101 3334
8632 -1170
-6259 -2204
1319 6176
7690 1537
-8146 8628
-2866 2254
3794 2828
8349 4942
1015 8524
4058 1928
-727 -7403
9894 -9759
697 -6369
6381 -1902
188 1645
-3378 -1334
-8097 -8892
7984 7205
-1703 -9424
2592 9383
1445 5521
-3818 4874
5793 8045
-9351 -4549
-8367 5346
2685 -3184
-7931 -1198
3971 5942
5324 -4793
2349 -5548
-1014 4032
9284 -5550
-3696 -5149
6201 9559
-7858 -909
7975 -5657
-6739 1665
335 2712
4557 -3151
1056 4355
5563 -6320
3570 -5065
3660 -9453
6080 -7910
5430 -4202
8974 -7439
-7426 -7857
5458 -4103
3122 2052
-701 -8016
4648 1287
1133 939
9226 -8181
7158 -2937
2832 -4985
-9851 9469
-999 -1035
-6189 -8326
7751 992
3942 5717
8319 -9052
-5120 -3293
4369 3977
5733 -393
-6701 1413
-8663 -6089
-7814 4222
-2508 -6962
-1464 2757
2019 -2882
-1126 -2223
-6142 1565
-6835 -3358
4435 6891
7347 228
-4678 -7599
-3107 -8551
9605 835
1266 3819
810 924
-5870 -6339
2401 -2988
-1358 7582
4520 9332
6922 -9471
4827 5107
1489 -4128
-3629 7805
-8721 -5466
3655 2064
-1499 -4009
-1518 -9610
-3411 -330
-6398 4832
-6189 5848
4376 -7196
-2351 48
5881 5652
8982 8305
-10 1198
9117 -4364
108 9484
6659 -6255
-232 3900
-7862 -1501
-9912 -8176
-1162 4583
622 8431
-9916 5358
6308 6954
3627 5743
-3085 8885
2977 -8337
4668 -1740
-2228 -3236
3056 -6719
-6554 4692
-8084 -2615
-5379 1314
617 5159
-1396 -7072
-5613 6061
1109 -3629
1143 1926
-7166 -2172
-5154 -4050
-4058 5712
-6653 6067
-3664 -2947
-3709 -7444
2290 -844
3229 9688
8841 -4645
1360 -5627
-1055 -588
6236 1440
4811 -7505
4850 6032
-4348 1621
9945 9638
-3905 -2317
2461 9663
595 -6025
-8512 -7444
1748 3070
7471 -9518
4618 3148
1096 -8877
-7548 -7277
931 -5963
1415 7042
-8917 3975
3684 6765
-5181 1542
6473 -585
3623 -6095
-9906 4284
3279 -6777
-121 8020
-1253 304
9109 3300
5484 930
7048 -7324
-7166 624
911 -3399
5173 6621
-3304 6699
3807 -3242
-8092 -4646
1182 -3888
-8073 -1585
-3865 8183
-604 -576
6158 2843
5969 6132
6916 -3807
-4499 9002
-373 -5736
8740 3220
7685 4657
-9121 5097
-8421 7575
-1598 -8649
-9409 2016
-3969 -6934
-9975 9695
-5160 -620
6224 -5616
9155 -417
3386 1380
-211 5417
-8537 -2187
-6694 5685
3810 731
2795 -915
4847 -4270
7671 -3569
-8724 -3569
1878 25
3730 5138
-1552 4671
9386 -9398
4474 -9189
-184 3547
-9128 -4645
5740 137
9107 -4541
-167 -3519
4226 5207
-6294 3011
8096 7975
-4520 1303
7968 -8582
-373 7182
-3098 4388
-9641 1467
-995 1894
-3654 8868
9559 3155
8401 -4568
-569 4981
-843 9594
-505 -4187
-5917 2559
6963 -3592
5249 4602
6734 -6989
3925 2761
-8250 279
3314 207
9117 3385
8719 -7741
7278 3818
5069 4903
-9090 -4582
-9871 1145
-1006 179
-7769 3818
-7826 -375
-270 5241
-5976 3837
3057 950
1369 -6485
-494 5539
4496 -5966
-8659 3541
-2643 3364
5579 -5027
6509 -7117
3252 2473
-2630 2073
-8637 -8644
-8951 177
-850 241
-2711 -6714
8981 -3972
4801 -4480
-3444 5837
-824 -2320
2187 -5579
-4516 8862
2487 -1093
-8435 8920
-3093 7355
2186 -2937
-3112 23
603 8315
-1948 8449
-1012 6813
1112 -7339
-7338 4000
-790 -4586
-2646 4893
-4539 8766
9117 -9587
-3767 -1847
-1449 8386
9460 2750
-5954 -6882
9164 -4006
-4255 -8840
6371 -1922
-4643 -1663
3278 -479
2237 -3488
4229 -3283
8157 -4807
882 -74
3232 375
-2047 -2847
8072 4490
-3462 9650
-2543 -2504
8808 -8665
-4610 -129
8724 -9166
-1683 8427
8148 -8967
5145 3970
-1665 4590
5060 1639
-5548 -3595
-87 -2761
432 -9824
1563 116
4882 5122
9825 -9391
-3510 -7218
8468 1457
3920 -2365
8484 9823
8306 -4567
4997 -3255
-1019 -2544
-8488 2195
-2192 -2646
2884 7525
-7289 1459
2793 -8735
-7537 532
3007 7770
1887 -1074
-6736 5829
2392 2395
-4036 5581
7859 -1570
491 -8642
3000 4735
2199 -2602
2817 2161
-8078 -5098
-2082 -5738
7887 7024
-2483 3632
6091 9555
-6560 -7760
-9444 -5104
-5887 5112
-8897 -3106
5303 6186
-8879 -1888
2582 2218
4331 6622
2051 -3101
6046 8453
5661 -1993
-6817 -8487
4350 205
9071 -4898
-7457 -7379
-7167 3865
-9262 9675
7606 -3116
3609 -2326
-3284 703
-2315 7892
2234 -7031
1588 -9947
-6664 -9044
-5347 5157
-6915 -4906
2791 -6174
857 -1403
9072 6523
-2753 -6037
1317 551
1982 -6966
2598 -982
2526 -7933
-1377 -4355
6041 8606
-3228 -3662
6417 -2693
7970 -7048
-4562 9880
1997 4503
-9977 -514
-1015 -8492
-1809 -746
-723 -1972
-6438 2557
-9264 -2120
4977 -2957
655 1890
-697 7227
2837 2975
2623 8950
-1343 -9466
-9320 -530
-4384 88
2238 4686
-9256 6435
-5879 -9411
7332 -3927
-1521 6987
1916 -6872
2310 6318
-446 -998
-5544 3537
-5718 -9662
7243 2304
-3903 -8198
7100 -2626
2244 7240
2733 5874
-1909 6550
7941 -2639
-8042 -5983
2522 9355
-3725 -574
-5308 -1968
-1120 -2274
6337 1574
7512 2251
-2708 5349
3406 1025
9949 1849
7531 -221
-868 -1369
2712 -7697
-732 1784
39 -6632
-1781 6664
8193 -4661
-459 -7958
4699 4081
-1186 9853
-8526 1829
-2241 -5524
-5785 5419
5271 -1561
-4811 4271
1310 -8668
3977 -1079
3843 -8149
-1389 -4989
-3665 -3037
1905 4340
5539 -1870
-7426 -4281
