0 440 0
0 440 3
-1000 441 -1000
-999000 1440 -999
-1998 442 -999
-2997 443 -999
-3996 444 -999
-4995 445 -999
-4992 446 -832
-6993 447 -999
-4991 447 -713
-4984 447 -712
-6399 449 -711
-4992 448 -624
-6390 450 -639
-6381 449 -709
-6372 449 -708
-6363 449 -707
-6354 449 -706
-6345 449 -705
-6336 449 -704
-6327 449 -703
-6318 449 -702
-6309 449 -701
-6300 449 -700
-6291 449 -699
-6282 449 -698
-6273 449 -697
-6264 449 -696
-6255 449 -695
-6246 449 -694
-6237 449 -693
-6228 449 -692
-6219 449 -691
-6210 449 -690
-6201 449 -689
-6192 449 -688
-6183 449 -687
-6174 449 -686
-6165 449 -685
-6380 450 -638
-6369 451 -579
-6370 450 -637
-6360 450 -636
-6350 450 -635
-6340 450 -634
-6330 450 -633
-6320 450 -632
-6310 450 -631
-6300 450 -630
-6290 450 -629
-6280 450 -628
-6270 450 -627
-6260 450 -626
-6250 450 -625
-6240 450 -624
-6230 450 -623
-6220 450 -622
-6210 450 -621
-6200 450 -620
-6190 450 -619
-6180 450 -618
-6170 450 -617
-6160 450 -616
-6150 450 -615
-6140 450 -614
-6130 450 -613
-6120 450 -612
-6110 450 -611
-6100 450 -610
-6090 450 -609
-6080 450 -608
-6070 450 -607
-605394 1439 -606
-603790 1438 -605
-6040 450 -604
-602397 1439 -603
-601398 1439 -602
-6010 450 -601
-6000 450 -600
-5990 450 -599
-5980 450 -598
-5970 450 -597
-5960 450 -596
-594405 1439 -595
-593406 1439 -594
-5930 450 -593
-5920 450 -592
-590409 1439 -591
-5900 450 -590
-5890 450 -589
-5880 450 -588
-586413 1439 -587
-5860 450 -586
-584415 1439 -585
-583416 1439 -584
-582417 1439 -583
-581418 1439 -582
-5810 450 -581
-5800 450 -580
-5820 450 -582
