0
-1
-2
-3
-4
-5
-6
-7
-8
-9
-10
-11
-12
-13
-14
-15
-16
-17
-18
-19
-20
-21
-22
-23
-24
-25
-26
-27
-28
-29
-30
-31
-32
-33
-34
-35
-36
-37
-38
-39
-40
-41
-42
-43
-44
-45
-46
-47
-48
-49
-50
-51
-52
-53
-54
-55
-56
-57
-58
-59
-60
-61
-62
-63
-64
-65
-66
-67
-68
-69
-70
-71
-72
-73
-74
-75
-76
-77
-78
-79
-80
-81
-82
-83
-84
-85
-86
-87
-88
-89
-90
-91
-92
-93
-94
-95
-96
-97
-98
-99
-100
-101
-102
-103
-104
-105
-106
-107
-108
-109
-110
-111
-112
-113
-114
-115
-116
-117
-118
-119
-120
-121
-122
-123
-124
-125
-126
-127
-128
-129
-130
-131
-132
-133
-134
-135
-136
-137
-138
-139
-140
-141
-142
-143
-144
-145
-146
-147
-148
-149
-150
-151
-152
-153
-154
-155
-156
-157
-158
-159
-160
-161
-162
-163
-164
-165
-166
-167
-168
-169
-170
-171
-172
-173
-174
-175
-176
-177
-178
-179
-180
-181
-182
-183
-184
-185
-186
-187
-188
-189
-190
-191
-192
-193
-194
-195
-196
-197
-198
-199
-200
-201
-202
-203
-204
-205
-206
-207
-208
-209
-210
-211
-212
-213
-214
-215
-216
-217
-218
-219
-220
-221
-222
-223
-224
-225
-226
-227
-228
-229
-230
-231
-232
-233
-234
-235
-236
-237
-238
-239
-240
-241
-242
-243
-244
-245
-246
-247
-248
-249
-250
-251
-252
-253
-254
-255
-256
-257
-258
-259
-260
-261
-262
-263
-264
-265
-266
-267
-268
-269
-270
-271
-272
-273
-274
-275
-276
-277
-278
-279
-280
-281
-282
-283
-284
-285
-286
-287
-288
-289
-290
-291
-292
-293
-294
-295
-296
-297
-298
-299
-300
-301
-302
-303
-304
-305
-306
-307
-308
-309
-310
-311
-312
-313
-314
-315
-316
-317
-318
-319
-320
-321
-322
-323
-324
-325
-326
-327
-328
-329
-330
-331
-332
-333
-334
-335
-336
-337
-338
-339
-340
-341
-342
-343
-344
-345
-346
-347
-348
-349
-350
-351
-352
-353
-354
-355
-356
-357
-358
-359
-360
-361
-362
-363
-364
-365
-366
-367
-368
-369
-370
-371
-372
-373
-374
-375
-376
-377
-378
-379
-380
-381
-382
-383
-384
-385
-386
-387
-388
-389
-390
-391
-392
-393
-394
-395
-396
-397
-398
-399
-400
-401
-402
-403
-404
-405
-406
-407
-408
-409
-410
-411
-412
-413
-414
-415
-416
-417
-418
-419
-420
-421
-422
-423
-424
-425
-426
-427
-428
-429
-430
-431
-432
-433
-434
-435
-436
-437
-438
-439
-440
-441
-442
-443
-444
-445
-446
-447
-448
-449
-450
-451
-452
-453
-454
-455
-456
-457
-458
-459
-460
-461
-462
-463
-464
-465
-466
-467
-468
-469
-470
-471
-472
-473
-474
-475
-476
-477
-478
-479
-480
-481
-482
-483
-484
-485
-486
-487
-488
-489
-490
-491
-492
-493
-494
-495
-496
-497
-498
-499
-500
-501
-502
-503
-504
-505
-506
-507
-508
-509
-510
-511
-512
-513
-514
-515
-516
-517
-518
-519
-520
-521
-522
-523
-524
-525
-526
-527
-528
-529
-530
-531
-532
-533
-534
-535
-536
-537
-538
-539
-540
-541
-542
-543
-544
-545
-546
-547
-548
-549
-550
-551
-552
-553
-554
-555
-556
-557
-558
-559
-560
-561
-562
-563
-564
-565
-566
-567
-568
-569
-570
-571
-572
-573
-574
-575
-576
-577
-578
-579
-580
-581
-582
-583
-584
-585
-586
-587
-588
-589
-590
-591
-592
-593
-594
-595
-596
-597
-598
-599
-600
-601
-602
-603
-604
-605
-606
-607
-608
-609
-610
-611
-612
-613
-614
-615
-616
-617
-618
-619
-620
-621
-622
-623
-624
-625
-626
-627
-628
-629
-630
-631
-632
-633
-634
-635
-636
-637
-638
-639
-640
-641
-642
-643
-644
-645
-646
-647
-648
-649
-650
-651
-652
-653
-654
-655
-656
-657
-658
-659
-660
-661
-662
-663
-664
-665
-666
-667
-668
-669
-670
-671
-672
-673
-674
-675
-676
-677
-678
-679
-680
-681
-682
-683
-684
-685
-686
-687
-688
-689
-690
-691
-692
-693
-694
-695
-696
-697
-698
-699
-700
-701
-702
-703
-704
-705
-706
-707
-708
-709
-710
-711
-712
-713
-714
-715
-716
-717
-718
-719
-720
-721
-722
-723
-724
-725
-726
-727
-728
-729
-730
-731
-732
-733
-734
-735
-736
-737
-738
-739
-740
-741
-742
-743
-744
-745
-746
-747
-748
-749
-750
-751
-752
-753
-754
-755
-756
-757
-758
-759
-760
-761
-762
-763
-764
-765
-766
-767
-768
-769
-770
-771
-772
-773
-774
-775
-776
-777
-778
-779
-780
-781
-782
-783
-784
-785
-786
-787
-788
-789
-790
-791
-792
-793
-794
-795
-796
-797
-798
-799
-800
-801
-802
-803
-804
-805
-806
-807
-808
-809
-810
-811
-812
-813
-814
-815
-816
-817
-818
-819
-820
-821
-822
-823
-824
-825
-826
-827
-828
-829
-830
-831
-832
-833
-834
-835
-836
-837
-838
-839
-840
-841
-842
-843
-844
-845
-846
-847
-848
-849
-850
-851
-852
-853
-854
-855
-856
-857
-858
-859
-860
-861
-862
-863
-864
-865
-866
-867
-868
-869
-870
-871
-872
-873
-874
-875
-876
-877
-878
-879
-880
-881
-882
-883
-884
-885
-886
-887
-888
-889
-890
-891
-892
-893
-894
-895
-896
-897
-898
-899
-900
-901
-902
-903
-904
-905
-906
-907
-908
-909
-910
-911
-912
-913
-914
-915
-916
-917
-918
-919
-920
-921
-922
-923
-924
-925
-926
-927
-928
-929
-930
-931
-932
-933
-934
-935
-936
-937
-938
-939
-940
-941
-942
-943
-944
-945
-946
-947
-948
-949
-950
-951
-952
-953
-954
-955
-956
-957
-958
-959
-960
-961
-962
-963
-964
-965
-966
-967
-968
-969
-970
-971
-972
-973
-974
-975
-976
-977
-978
-979
-980
-981
-982
-983
-984
-985
-986
-987
-988
-989
-990
-991
-992
-993
-994
-995
-996
-997
-998
-999
7503
-5918
2313
6014
-9577
-9848
-2066
-6163
-1265
6205
-4662
2071
9521
-4886
-6339
8368
-9538
-4011
2560
7476
6114
3856
-1323
7861
1502
4936
7033
1237
1880
-1780
1379
8353
-4383
2480
-5044
-8727
-2187
-2810
-1184
-2425
-5743
-9157
-6403
9364
9632
-3282
8324
7268
-7148
-5632
-6152
9242
-3140
5353
-3369
-9286
-2102
4633
4549
-9623
2621
4780
9281
5869
-2989
2856
-1681
1116
9808
-5208
9098
9391
9880
8529
-1435
-5928
-9633
-6310
9585
-1740
7268
-4834
1289
9309
-9399
-7163
-3376
8297
8930
-6380
5447
-1204
5581
-4693
-1790
-1601
-9982
-2038
-4824
-2460
-6946
-5175
-5189
-1504
-9602
1672
-7793
-2575
-7261
9074
-6597
-7711
1512
-3378
2666
-8837
4317
4432
6175
2851
-4170
-8185
-1534
-1264
-1479
5488
5806
-2460
9986
7056
6382
9421
6749
3943
6146
-4457
-6258
-3440
-9882
9893
8088
-7858
-6710
-5155
4911
-1384
-3497
1318
-5378
1281
-9990
8363
2534
9448
1757
4919
9870
5571
-2655
9305
5896
1637
-6624
-6139
1276
5915
2144
-2092
8269
2505
9855
2392
-7653
1071
2608
-8874
-4262
-5426
-7590
9242
-3298
7170
-7999
3636
7700
-4643
7656
5169
-1725
9022
8140
-5969
6920
9503
-6842
-8726
-8887
3500
7318
1709
1358
6250
-6703
-5339
5648
5030
1610
-2675
-2275
-8499
-2732
-4837
-1062
-9245
-9434
-2697
-2323
5762
7813
4321
-1511
6567
9676
7132
6791
6300
-3101
3217
3309
-8513
9001
8535
-2442
7077
5156
-4142
6107
5337
-4031
-6703
9481
-5512
-6294
-2272
1134
-4253
-3660
-2366
6190
-2200
-3783
9454
2144
3653
7422
2688
1317
6269
-9299
9458
-4220
9153
6203
2702
4320
2041
-9571
-5899
3347
2762
-5093
4363
-6873
-3100
9542
-2172
-6559
8520
2397
1387
-6704
-3443
1776
6621
5552
-3619
4360
-1497
-8410
4386
-1386
-1930
-6973
-2047
-9140
9496
-5634
5325
3875
3968
-1469
7854
-5932
7425
4429
-7273
5203
9841
-4159
1307
-5344
9871
1330
4596
1685
-3794
-2845
-5986
-3585
-7035
-9778
-3964
4817
-7232
8276
6414
-4939
-8007
-2721
-2347
1797
8325
1968
-5576
8335
-4609
3754
-6800
-6112
-8645
1012
6578
8006
2182
5433
-4011
8361
-9734
-8809
1300
-8846
-6276
-8562
6105
-4992
5749
9246
9629
-2932
-8768
9520
-8022
1448
2563
-6965
-8581
-5655
6429
8907
9011
9441
2229
-5684
1653
9264
-6727
-7298
9635
-7556
-8984
-5119
-2409
-6993
9678
2844
8660
-1513
-3052
5525
2064
6048
2326
8207
-8679
6916
-9048
-9045
1348
6540
4285
5124
7837
5535
7458
3765
5774
-5668
-4877
-7298
-5500
1918
-2090
-8865
2830
-8083
-8054
-2820
-9461
8355
-7947
-1391
5721
-1599
-9053
-6719
-1645
-1379
9473
-1630
-3037
8099
-3101
7681
7844
-1886
2592
6672
6845
-1667
-5021
2716
-3362
2353
-3401
7387
-2403
9673
9492
4686
-8852
7001
-8344
-7083
3926
7964
5183
9545
-3223
8292
-5427
5946
-8855
-5835
4129
-5824
-6095
-1433
-9873
-4127
-8119
3312
-8722
6107
-7559
-6249
-8149
-3458
-6278
-1050
1195
9086
6865
6817
-2222
-1641
5612
3012
-5754
-8002
3288
-9694
5685
3432
2084
7486
8197
4411
-2017
6998
-9185
3385
-6573
6852
8597
3600
-8946
-1324
9536
2754
-5122
4087
-9998
5959
8762
8877
-2364
1662
2968
2866
-2197
9331
6606
-7020
3473
-7060
-4021
9466
7009
3272
-2948
-5821
4312
-7277
4319
-3616
6136
4056
-8934
-5577
6675
-7465
3311
-6218
-4558
-5824
-7087
9999
7859
6541
-3385
-2661
-5700
4994
-7567
5188
4409
2570
-7637
-6396
-7873
9170
8421
-6138
-1090
3513
-6813
-3111
-9346
1729
5003
-3653
4504
7611
-9104
-3648
-2908
9150
7256
4373
3091
-3599
-4398
-7881
-9819
9556
8908
-7084
-2948
-7707
-7606
6935
1239
-1623
4184
1713
-7478
2251
-7905
7044
-9681
-9149
-6243
-5913
9336
5141
-7401
-3367
-6057
5028
7087
6252
8947
-3208
1967
-2358
3626
3454
4676
4400
-2837
3167
8100
4602
5020
-1428
4852
7399
-2525
3033
-3519
1307
-3934
-6246
9953
-9556
8043
-3587
7952
-3163
9826
-9031
8726
-3744
1124
2394
-7596
-6814
4575
1223
4082
-1708
3559
-9630
6385
-8444
-3301
-7919
9536
4277
-9368
-9065
-8598
6372
5179
-6758
9984
-4140
-7031
-7826
-6400
-9535
-8440
-7253
-4445
4672
8525
-8312
9108
1108
-2032
8056
-5715
1239
-4845
-9436
2992
-4654
2218
2792
-6446
8461
-8019
-7564
-7167
-3175
3974
9189
-5635
-1676
9077
-9441
-1148
-7903
-6554
-4493
-4925
-9772
2557
6750
9110
-3304
1304
8554
-5307
-8443
-5362
-8981
8801
6907
1531
-9930
8754
-5170
-7767
-2726
4008
3449
8219
3344
-1909
-4385
-8224
4219
-5956
-7775
-6364
8675
-8541
-3942
-3899
7940
5009
-7726
5289
-2356
9892
-4786
-3229
-2109
1294
-7624
8634
5749
6401
5760
8555
3225
-6013
1302
-4630
-6831
-8661
-3527
-5169
-7862
-4867
-7713
5068
5157
6035
1325
3456
-9863
-6998
4108
8981
-9413
-6666
3969
-6351
-8986
-3846
4821
-7552
5543
-4104
-3497
-6731
-4037
9073
-7800
1114
2102
3189
6783
-8753
8351
-3176
2505
-9312
-6690
4213
1222
1532
4410
-2180
3939
8342
7200
4921
-8666
-9836
2992
3044
-8300
-3632
9944
-4492
-7986
6693
-5221
-5298
-9156
2173
6937
-5134
-6790
-6170
1240
5049
7405
-4538
-2827
-6178
7743
-7783
-2101
-2628
8746
7022
7528
1691
1986
-9771
-1419
7632
2700
-5172
8564
-3456
8112
7224
-5887
-9739
6217
-4752
-7069
-1285
4990
4987
-9415
-7100
-1430
9073
-9270
5380
-6350
-5775
2202
-2979
-5788
-9052
1426
-2551
3386
-1908
-2972
1053
-5806
5801
4536
2636
-5430
-5351
4773
5908
1471
-6382
-1258
-6704
-6237
-3639
-5992
6029
6809
9450
-9938
-9639
4651
1346
-2573
-3337
-7052
-1470
-7681
-2227
2104
6950
-1567
-3440
4257
6929
-7561
8680
-2965
7098
-5382
-6153
-2549
-5329
7049
-2003
8068
4071
-9175
-6533
2217
5862
-9070
9296
-9858
-3841
8181
-9222
1532
6486
8582
3421
-7612
6900
-9014
-2589
1470
-6414
6228
-3137
3820
-2147
8546
2654
-4849
5764
-2340
3178
-6347
6896
1556
3708
2102
-4844
-9868
-2427
3656
-7558
3558
-5223
5644
9839
8198
-8660
3781
-8788
-7277
-2345
-9740
-3348
-2474
6404
8612
9288
-6851
5190
8502
7907
-5472
-4649
8734
2464
-2788
6599
4687
-1496
-6844
-8366
4635
3643
6539
4447
4767
4821
