17 -1000
18 -999
17 -999
17 -998
17 -997
17 -996
17 -995
17 -994
17 -993
17 -992
17 -991
18 -992
17 -990
17 -989
17 -988
18 -989
19 -989
20 -991
21 -990
22 -989
21 -989
21 -988
23 -989
24 -999
24 -998
24 -997
24 -996
24 -995
24 -994
24 -993
24 -992
24 -991
24 -990
24 -989
24 -988
24 -987
24 -986
18 -985
19 -985
24 -985
24 -984
24 -983
24 -982
24 -981
24 -980
24 -979
24 -978
18 -977
24 -977
24 -976
24 -975
24 -974
24 -973
18 -972
19 -972
20 -972
24 -972
24 -971
18 -970
19 -970
24 -970
18 -969
24 -969
24 -968
18 -967
24 -967
24 -966
24 -965
18 -964
24 -964
24 -963
24 -962
18 -961
24 -961
18 -960
19 -960
24 -960
18 -959
24 -959
18 -958
24 -958
24 -957
18 -956
24 -956
18 -955
19 -955
24 -955
24 -954
18 -953
24 -953
24 -952
24 -951
24 -950
24 -949
18 -948
19 -948
20 -948
24 -948
24 -947
24 -946
24 -945
24 -944
18 -943
24 -943
24 -942
24 -941
18 -940
24 -940
18 -939
19 -939
24 -939
24 -938
24 -937
18 -936
24 -936
24 -935
24 -934
24 -933
24 -932
24 -931
24 -930
24 -929
24 -928
24 -927
24 -926
18 -925
24 -925
18 -924
19 -924
20 -924
21 -924
24 -924
18 -923
24 -923
18 -922
24 -922
18 -921
19 -921
24 -921
24 -920
18 -919
24 -919
24 -918
24 -917
24 -916
18 -915
19 -915
20 -915
24 -915
18 -914
24 -914
24 -913
18 -912
24 -912
24 -911
18 -910
24 -910
24 -909
24 -908
24 -907
24 -906
24 -905
18 -904
19 -904
20 -904
21 -904
24 -904
24 -903
18 -902
24 -902
24 -901
24 -900
18 -899
19 -899
24 -899
18 -898
19 -898
20 -898
24 -898
18 -897
24 -897
18 -896
24 -896
18 -895
24 -895
18 -894
24 -894
18 -893
19 -893
24 -893
24 -892
18 -891
24 -891
24 -890
24 -889
24 -888
24 -887
18 -886
24 -886
24 -885
24 -884
18 -883
19 -883
24 -883
24 -882
24 -881
24 -880
24 -879
24 -878
18 -877
19 -877
24 -877
18 -876
19 -876
24 -876
24 -875
24 -874
18 -873
19 -873
24 -873
24 -872
24 -871
18 -870
24 -870
18 -869
24 -869
24 -868
24 -867
24 -866
18 -865
24 -865
24 -864
24 -863
18 -862
19 -862
20 -862
21 -862
24 -862
24 -861
24 -860
24 -859
18 -858
19 -858
24 -858
24 -857
24 -856
18 -855
24 -855
24 -854
18 -853
19 -853
20 -853
24 -853
24 -852
24 -851
24 -850
24 -849
18 -848
22 -848
23 -848
24 -848
24 -847
24 -846
24 -845
24 -844
18 -843
24 -843
24 -842
24 -841
24 -840
24 -839
24 -838
18 -837
24 -837
24 -836
24 -835
24 -834
24 -833
18 -832
24 -832
24 -831
24 -830
18 -829
24 -829
24 -828
24 -827
24 -826
24 -825
24 -824
24 -823
18 -822
19 -822
24 -822
24 -821
24 -820
24 -819
24 -818
18 -817
24 -817
18 -816
19 -816
21 -816
24 -816
24 -815
24 -814
24 -813
24 -812
18 -811
24 -811
18 -810
24 -810
18 -809
24 -809
24 -808
18 -807
24 -807
18 -806
24 -806
24 -805
18 -804
24 -804
18 -803
24 -803
18 -802
19 -802
24 -802
18 -801
24 -801
24 -800
18 -799
19 -799
20 -799
24 -799
18 -798
19 -798
24 -798
24 -797
24 -796
24 -795
18 -794
24 -794
24 -793
18 -792
24 -792
18 -791
24 -791
18 -790
24 -790
19 -789
24 -789
24 -788
24 -787
24 -786
24 -785
24 -784
24 -783
24 -782
24 -781
18 -780
19 -780
24 -780
24 -779
18 -778
19 -778
20 -778
24 -778
24 -777
24 -776
24 -775
24 -774
24 -773
24 -772
24 -771
24 -770
24 -769
24 -768
24 -767
24 -766
18 -765
19 -765
24 -765
24 -764
24 -763
18 -762
19 -762
24 -762
24 -761
24 -760
24 -759
18 -758
19 -758
24 -758
18 -757
24 -757
24 -756
18 -755
24 -755
24 -754
18 -753
19 -753
24 -753
24 -752
24 -751
18 -750
24 -750
24 -749
24 -748
24 -747
24 -746
24 -745
24 -744
24 -743
24 -742
24 -741
24 -740
18 -739
24 -739
24 -738
24 -737
24 -736
24 -735
24 -734
24 -733
18 -732
24 -732
24 -731
24 -730
24 -729
24 -728
18 -727
19 -727
24 -727
24 -726
24 -725
18 -724
19 -724
24 -724
24 -723
24 -722
24 -721
24 -720
24 -719
24 -718
24 -717
24 -716
24 -715
24 -714
24 -713
18 -712
19 -712
20 -712
24 -712
24 -711
18 -710
24 -710
24 -709
24 -708
24 -707
24 -706
24 -705
24 -704
24 -703
24 -702
24 -701
24 -700
24 -699
24 -698
18 -697
24 -697
24 -696
24 -695
18 -694
24 -694
24 -693
18 -692
24 -692
18 -691
24 -691
18 -690
19 -690
24 -690
18 -689
24 -689
24 -688
18 -687
24 -687
24 -686
24 -685
24 -684
24 -683
24 -682
24 -681
24 -680
18 -679
19 -679
24 -679
18 -678
24 -678
18 -677
24 -677
0 0
-1 -1
-2 -2
-3 -3
-4 -4
-5 -5
-6 -6
-7 -7
-8 -8
-9 -9
-10 -10
-11 -11
-12 -12
-13 -13
-14 -14
-15 -15
-13 -16
-13 -17
-13 -18
-13 -19
-13 -20
-13 -21
-13 -22
-13 -23
-13 -24
-13 -25
-13 -26
-13 -27
-13 -28
-13 -29
-13 -30
-13 -31
-13 -32
-13 -33
-13 -34
-13 -35
-13 -36
-13 -37
-13 -38
-13 -39
-13 -40
-13 -41
-13 -42
-13 -43
-13 -44
-13 -45
-13 -46
-13 -47
-13 -48
-13 -49
-13 -50
-13 -51
-13 -52
-13 -53
-13 -54
-13 -55
-13 -56
-13 -57
-13 -58
-13 -59
-13 -60
-13 -61
-13 -62
-13 -63
-13 -64
-13 -65
-13 -66
-13 -67
-13 -68
-13 -69
-13 -70
-13 -71
-13 -72
-13 -73
-13 -74
-13 -75
-13 -76
-13 -77
-13 -78
-13 -79
-13 -80
-13 -81
-13 -82
-13 -83
-13 -84
-13 -85
-13 -86
-13 -87
-13 -88
-13 -89
-13 -90
-13 -91
-13 -92
-13 -93
-13 -94
-13 -95
-13 -96
-13 -97
-13 -98
-13 -99
-13 -100
-13 -101
-13 -102
-13 -103
-13 -104
-13 -105
-13 -106
-13 -107
-13 -108
-13 -109
-13 -110
-13 -111
-13 -112
-13 -113
-13 -114
-13 -115
-13 -116
-13 -117
-13 -118
-13 -119
-13 -120
-13 -121
-13 -122
-13 -123
-13 -124
-13 -125
-13 -126
-13 -127
-13 -128
-13 -129
-13 -130
-13 -131
-13 -132
-13 -133
-13 -134
-13 -135
-13 -136
-13 -137
-13 -138
-13 -139
-13 -140
-13 -141
-13 -142
-13 -143
-13 -144
-13 -145
-13 -146
-13 -147
-13 -148
-13 -149
-13 -150
-13 -151
-13 -152
-13 -153
-13 -154
-13 -155
-13 -156
-13 -157
-13 -158
-13 -159
-13 -160
-13 -161
-13 -162
-13 -163
-13 -164
-13 -165
-13 -166
-13 -167
-13 -168
-13 -169
-13 -170
-13 -171
-13 -172
-13 -173
-13 -174
-13 -175
-13 -176
-13 -177
-13 -178
-13 -179
-13 -180
-13 -181
-13 -182
-13 -183
-13 -184
-13 -185
-13 -186
-13 -187
-13 -188
-13 -189
-13 -190
-13 -191
-13 -192
-13 -193
-13 -194
-13 -195
-13 -196
-13 -197
-13 -198
-13 -199
-13 -200
-13 -201
-13 -202
-13 -203
-13 -204
-13 -205
-13 -206
-13 -207
-13 -208
-13 -209
-13 -210
-13 -211
-13 -212
-13 -213
-13 -214
-13 -215
-13 -216
-13 -217
-13 -218
-13 -219
-13 -220
-13 -221
-13 -222
-13 -223
-13 -224
-13 -225
-13 -226
-13 -227
-13 -228
-13 -229
-13 -230
-13 -231
-13 -232
-13 -233
-13 -234
-13 -235
-13 -236
-13 -237
-13 -238
-13 -239
-13 -240
-13 -241
-13 -242
-13 -243
-13 -244
-13 -245
-13 -246
-13 -247
-13 -248
-13 -249
-13 -250
-13 -251
-13 -252
-13 -253
-13 -254
-13 -255
-13 -256
-13 -257
-13 -258
-13 -259
-13 -260
-13 -261
-13 -262
-13 -263
-13 -264
-13 -265
-13 -266
-13 -267
-13 -268
-13 -269
-13 -270
-13 -271
-13 -272
-13 -273
-13 -274
-13 -275
-13 -276
-13 -277
-13 -278
-13 -279
-13 -280
-13 -281
-13 -282
-13 -283
-13 -284
-13 -285
-13 -286
-13 -287
-13 -288
-13 -289
-13 -290
-13 -291
-13 -292
-13 -293
-13 -294
-13 -295
-13 -296
-13 -297
-13 -298
-13 -299
-13 -300
-13 -301
-13 -302
-13 -303
-13 -304
-13 -305
-13 -306
-13 -307
-13 -308
-13 -309
-13 -310
-13 -311
-13 -312
-13 -313
-13 -314
-13 -315
-13 -316
-13 -317
-13 -318
-13 -319
-13 -320
-13 -321
-13 -322
-13 -323
-13 -324
-13 -325
-13 -326
-13 -327
-13 -328
-13 -329
-13 -330
-13 -331
-13 -332
-13 -333
-13 -334
-13 -335
-13 -336
-13 -337
-13 -338
-13 -339
-13 -340
-13 -341
-13 -342
-13 -343
-13 -344
-13 -345
-13 -346
-13 -347
-13 -348
-13 -349
-13 -350
-13 -351
-13 -352
-13 -353
-13 -354
-13 -355
-13 -356
-13 -357
-13 -358
-13 -359
-13 -360
-13 -361
-13 -362
-13 -363
-13 -364
-13 -365
-13 -366
-13 -367
-13 -368
-13 -369
-13 -370
-13 -371
-13 -372
-13 -373
-13 -374
-13 -375
-13 -376
-13 -377
-13 -378
-13 -379
-13 -380
-13 -381
-13 -382
-13 -383
-13 -384
-13 -385
-13 -386
-13 -387
-13 -388
-13 -389
-13 -390
-13 -391
-13 -392
-13 -393
-13 -394
-13 -395
-13 -396
-13 -397
-13 -398
-13 -399
-13 -400
-13 -401
-13 -402
-13 -403
-13 -404
-13 -405
-13 -406
-13 -407
-13 -408
-13 -409
-13 -410
-13 -411
-13 -412
-13 -413
-13 -414
-13 -415
-13 -416
-13 -417
-13 -418
-13 -419
-13 -420
-13 -421
-13 -422
-13 -423
-13 -424
-13 -425
-13 -426
-13 -427
-13 -428
-13 -429
-13 -430
-13 -431
-13 -432
-13 -433
-13 -434
-13 -435
-13 -436
-13 -437
-13 -438
-13 -439
-13 -440
-13 -441
-13 -442
-13 -443
-13 -444
-13 -445
-13 -446
-13 -447
-13 -448
-13 -449
-13 -450
-13 -451
-13 -452
-13 -453
-13 -454
-13 -455
-13 -456
-13 -457
-13 -458
-13 -459
-13 -460
-13 -461
-13 -462
-13 -463
-13 -464
-13 -465
-13 -466
-13 -467
-13 -468
-13 -469
-13 -470
-13 -471
-13 -472
-13 -473
-13 -474
-13 -475
-13 -476
-13 -477
-13 -478
-13 -479
-13 -480
-13 -481
-13 -482
-13 -483
-13 -484
-13 -485
-13 -486
-13 -487
-13 -488
-13 -489
-13 -490
-13 -491
-13 -492
-13 -493
-13 -494
-13 -495
-13 -496
-13 -497
-13 -498
-13 -499
2728 1022
-4145 -1961
-9078 3649
-9513 5299
-3421 7006
-1399 5396
3276 -6948
-1085 1847
9537 -8227
8248 2435
-3442 5251
-1638 2302
-9364 -9582
7409 -9563
5762 -9095
-8753 -3877
-8213 7289
6761 -7024
2869 1273
-4050 -3019
8622 -378
-4461 7130
-4091 3059
-4843 -8943
-264 -3134
-3765 -6115
2067 -9451
4564 9954
3808 -8659
7523 3737
-7487 -5901
-1390 -8653
5321 4458
3081 368
-2198 5301
-8155 2011
-4655 -9427
-2079 8340
8821 6830
-9798 3482
-8308 -2627
7542 8128
-9961 4478
-2111 -7113
2332 -537
-1860 -8362
4058 3224
-239 -6345
9446 6664
9958 2367
1309 -8063
6779 6346
-222 -4088
2748 -545
9355 -920
-3609 -8551
2117 8964
-1985 -7022
-4271 -9509
3638 9387
1039 4520
-1488 -694
9524 -1560
-9529 -648
4722 5639
9810 -4914
5920 -6528
6402 -192
4418 6115
-5043 1299
2016 -336
2035 -1318
-5776 -3721
-2914 -514
5456 -6545
-8696 407
2535 2964
-2442 -3894
2329 8275
3541 -3183
-1574 -8185
4176 4347
4951 -8533
-3402 -6218
-1585 2822
-5146 -1761
-7667 5840
2025 -6767
7181 -6437
9708 -2908
-8575 -2312
-6219 3696
-9036 -7491
-8704 -5008
-6531 -5442
5466 -715
-3116 -3537
7152 4253
-5643 -3210
4445 -8516
-758 7917
-313 3222
9228 7167
-3191 -939
-9667 -4363
-134 -7874
3679 6736
8763 -8806
-6188 9726
8143 434
7201 -6885
89 2357
-5477 9169
-689 -9216
-6019 -2581
8251 -3880
-5101 6528
-5451 -4106
9358 4270
-9125 -935
415 -9459
119 -3700
5983 5774
903 8232
-9771 4426
-4861 -5714
496 -8969
-1657 -2937
7444 -3533
8045 -7872
5199 2819
-3302 -7448
-6187 2395
-9524 -8652
4006 -9831
9876 -9026
-6298 945
-2474 -7586
4030 -6923
-6694 -42
5360 2418
-1037 -5970
-2365 9516
-853 1605
2208 9936
7668 1349
9710 7630
-4240 -7803
-3481 -2179
3885 5283
-4074 -601
-6144 -983
6495 282
6815 -7187
-9999 1538
193 7172
6189 -8025
-9478 7030
9366 2985
2951 224
-9536 5348
-5001 6044
-9879 1726
5092 4015
5408 -258
5383 -1835
-5027 -3686
4271 -4691
8281 -5751
-9064 4414
-5589 4880
6688 3966
1348 3091
-9497 -3591
5963 -4083
3415 5452
-1948 8744
-7397 6481
-188 -5034
-4197 7647
4024 -794
8750 8135
1650 -3778
8317 -9060
6580 -8268
3848 235
3373 -3957
9115 6034
6659 -6454
8439 -9104
4127 -861
6648 8217
-2844 8264
5590 -6484
1194 3168
-1819 5864
2148 -5530
3969 -3235
2898 -515
4816 -844
7441 1588
-1000 -3568
3959 6492
-7566 -9077
-4248 845
-6261 7006
1029 6976
-593 2159
6783 8402
-5877 -2520
-9598 2045
-9398 -1938
-7776 -276
-6313 6329
-6097 -6047
-991 -5176
2063 -3401
2501 -9942
-6465 -3986
7557 -1265
-9758 6647
-9988 8713
2342 -5052
-9004 -7140
-9474 -8811
1612 -1423
134 -7820
9854 8708
-3290 4251
7492 2839
-4683 -2808
5507 -5019
-9416 -4029
-4553 -8249
-521 6479
6348 8950
1612 9171
-432 -6202
-9174 1353
2626 -1053
-5384 -3542
-7699 6063
5312 -1433
6245 7253
-8048 -8358
8753 -2829
322 -4603
-1261 6909
3363 -6265
2127 2548
-1836 6471
2748 -7605
9716 -6504
-3815 -787
1942 -6885
-1940 -9097
8177 -9410
7814 -4653
3149 4208
4628 -57
-7284 -3984
7047 5184
-7053 -4490
-9696 -4930
-2738 -8994
-7298 7307
-6914 4680
2092 -5843
-1169 8463
9757 -6469
-8131 -6747
-6043 -4448
34 -7934
-1226 -4016
5973 -8656
-8669 3426
-1172 9097
-5140 1703
2168 -1460
2560 -8444
-5137 2989
4039 9140
-1540 1383
-5195 4036
-4492 -6691
5107 -8749
-2634 5666
-4246 -8659
9057 -1989
-956 9815
-2302 4686
-2873 -3157
-5772 3086
8861 8395
-2670 -4942
-4502 -5134
2174 -1941
1927 -6138
8125 4329
9151 3348
6612 5625
-8837 -2581
8279 5909
4500 -4535
-2902 -5738
-23 9688
4602 489
-7532 5391
5847 9507
8879 6206
-4373 -5311
-6702 1176
3480 -7780
9187 8869
-1784 1368
9659 -7074
1929 -2943
9134 1148
-2698 6501
9494 5805
-1077 8505
7617 -8653
952 4462
3576 -6064
5381 1412
-3276 7369
-8210 -44
-3487 738
-7878 2269
-9871 -4840
2500 -7710
843 -2585
-991 -4070
8682 -7284
-5380 4309
-7805 -2302
-7973 -6633
250 5364
-466 -2130
7444 8258
-9451 -4109
4719 -8993
-8474 -6315
-9521 174
-6485 5972
-8481 7347
7091 -8510
-8599 -8557
9695 5807
-5143 -2419
-4496 6067
-7047 -3745
8816 7681
5555 3328
8882 -3950
-2507 7727
3066 -1354
-7483 5456
-7595 -6400
-1155 9440
7032 5950
6643 4533
-9335 7542
59 -6334
-1120 8979
7752 368
2160 -8027
-7010 -6486
2196 5845
4735 1239
838 -8625
-9990 237
5356 1286
-4897 -5633
4873 -1839
523 -8021
3832 7735
5792 -9454
-5920 9718
-1614 -6219
-4435 4230
-1671 -4754
3848 -2164
-6779 -8710
-7029 1347
2305 7575
8808 -4231
-9651 -7609
-2512 1696
9392 344
-1456 7121
4260 -5620
409 -8989
1545 -6970
1930 1412
-6121 1431
3352 -9110
-4204 -1498
6501 -8146
4477 1628
-3616 -7256
-8819 -8610
4874 4797
6240 852
-6342 -6538
-4888 -5257
2811 -3526
4858 -292
-3417 -4299
-4950 -5597
8253 -3969
-7030 6969
3907 6666
6982 -496
-3325 -5591
-1822 497
8931 -7171
-4317 -1080
2330 -2795
4062 -6180
-7786 9396
5374 -8555
4758 7656
3585 7543
2030 8747
7077 -8910
-9687 4045
629 1971
-432 -8812
-2643 6640
-9029 -2848
9460 -6386
-1326 4690
8907 -1612
3138 1863
-7431 -1441
-3372 8149
4969 -6926
-7479 8502
6526 -7571
8686 8345
8599 1730
4027 857
7543 9966
1774 1182
-9994 -4464
8384 5769
-4986 -2167
8767 2850
-6184 -2083
7668 -882
-8104 1846
2650 9446
8376 -8122
-8057 1208
-3743 -2941
7806 -1161
-8891 -6839
-5703 8992
-8321 8105
-932 8183
7810 6540
-9344 981
-5069 -8966
5410 -3772
-5158 -8034
6482 6733
-5407 -4504
-9439 1256
-6906 -725
1709 8080
-8003 4899
-9831 -1833
3420 -8683
-8111 893
1769 -5904
2487 7389
-1223 -7477
-6596 5681
-8840 -3176
-5301 -8125
3284 2435
-1996 8433
3145 2175
2404 -6370
2171 -6455
8887 -6875
4277 -4685
9888 -4202
3878 2699
1904 3806
-7303 9779
6642 -2602
9333 -5339
2762 -673
-7301 -2451
-4019 -2231
-6637 -443
-5509 -2382
1844 -2259
5035 618
-6852 3474
4880 -1578
-2857 1806
-9066 -9406
3334 4688
8296 4987
6291 -9143
-9353 6471
3025 -1010
9773 9622
2196 -3074
-48 -4689
-8568 344
-8449 -9285
6310 2510
8666 2202
7089 -3213
-3589 -4770
-4422 -2320
-2616 -1499
-6328 -6054
-342 -1853
-2296 -1420
-8540 -708
5965 5298
7509 -549
7315 -6322
2180 -6244
9554 -8492
-621 1064
-6728 -7662
4090 -4471
1679 3470
-5105 864
-3294 -7961
-5180 7698
-6353 8015
-7698 3810
6140 9078
5388 308
9056 629
-1408 4904
4241 3295
2210 9620
-743 -5327
-3498 -8708
-2820 7059
7738 4995
7414 5906
7463 -5744
112 9125
3434 -4605
-6111 -4831
1405 4667
-9217 -9936
-2743 -7764
4524 -3813
4 -6002
-4436 8048
5515 3277
-3547 -4556
-2094 -3882
-3807 6721
-800 -9099
3746 7750
9371 1950
-8699 1015
51 7441
740 -1722
-4638 4426
-628 4736
-8174 -7955
-2662 -7631
2755 2774
4839 -336
1441 -9339
-5710 2667
-1442 4990
4538 -7724
5406 -6043
-6016 -7944
-7715 -3561
9355 9445
-4671 -904
-6264 8980
8652 -8983
-5453 7279
1679 -8084
7558 -9826
-2880 -9615
5181 -6645
-2919 9968
2135 -4142
8279 -1447
6040 303
-5865 -2196
782 7057
-2600 -1377
3438 -7692
-3886 1357
4698 -4114
7091 6639
1929 -8104
8130 1572
5044 8543
7784 5666
-4246 1010
9980 6870
5136 -7485
2970 -1611
-8588 -9620
-5851 -7127
-7521 -5590
-2649 -3622
4399 8540
-1646 -7047
-5642 -7531
4696 3526
-7054 3064
-6266 6436
3758 -6130
-4904 -8056
2112 -5838
-3385 3120
7697 4604
-9586 6619
6389 -2949
1793 8541
8039 2909
-2856 2944
-9626 -1285
4080 4505
9310 2722
3284 -8086
-5355 3250
-6733 2162
-2090 -9173
-4747 7567
9575 6755
3190 -584
-415 5839
-2335 5961
9282 5918
-6662 62
2906 4361
-39 -7683
664 -8469
-3161 9896
8064 -8221
1101 -9476
-3179 1075
-6452 -8672
-290 -5067
-3375 8117
-9324 -1319
-9738 -2490
5557 -6947
-3656 4707
7146 -9384
7070 -1420
4672 -2953
2192 2630
272 4797
-8256 -4793
6943 -7957
-2240 7337
-7066 9924
9887 609
-7317 -2937
-6140 6758
6605 -1158
-7445 9545
-2814 -3956
4720 8484
1172 -6323
-16 1605
-8127 8963
3552 -9773
6775 -9159
-6393 7514
-4951 -7909
3717 -9536
5215 4363
5229 -4892
-5319 -3287
9380 -5920
440 -5758
-7113 -9033
8280 -6901
4442 -1457
-2687 167
9999 3250
-8134 -7564
-3894 9740
5918 -8940
8856 -3505
-5000 -3061
1921 463
-3322 324
66 7912
-5495 8606
-2339 4707
3348 1554
-6014 -8062
-8886 -9019
9330 -7080
9754 7661
6427 7602
-8805 4989
9105 1759
-3488 5401
-7334 7150
-8729 4118
7699 -8227
-1843 8787
9586 7124
3848 -6276
6205 -7804
-6300 -6675
2779 -7053
-6127 6728
6903 -6524
5793 4412
-4253 5430
-8703 7905
7863 -2861
-9444 -8562
-2512 8091
4761 -9629
840 9261
2556 8628
9616 9866
6273 -3012
1752 9089
9711 3933
-4385 -6760
1557 -5124
-1284 9256
4433 -8568
-8088 -7314
-9696 -4866
-2410 2299
5156 -206
-5501 -7373
5954 -844
4693 2762
9789 -3777
-1598 -3635
-1659 -4655
-248 6323
-5998 -4821
-5932 -3634
5827 -2720
3832 -8401
-7380 8954
68 2720
5218 9952
-3459 -5211
3812 3683
-8903 4785
-1274 1261
-7595 -3446
-3728 9904
-8106 5356
9182 2670
-1163 -6210
-1647 -8872
5838 -8402
4624 -6922
-6565 3968
-4222 -2829
2543 -6656
8545 -7166
-6161 -1461
688 -3051
-6540 -9822
-4736 6946
8100 1229
9843 963
2522 8205
-1529 712
-275 -6515
-1377 -691
-3162 3086
1236 8736
7340 4347
4912 -2019
-3523 2913
-4157 2134
9935 -355
6318 -4236
-8206 -1623
3482 -5145
7405 7529
-5481 597
-3854 2229
858 -8146
1267 7976
-3027 1744
5106 -2897
-5468 -6688
6726 -9152
-7248 -6512
7404 -7670
7676 1149
-1909 7075
-1158 9647
8816 8723
4101 -480
-3281 -4434
-2756 5197
-8323 4400
4034 -1619
-1771 3869
-1217 9974
-7113 -9452
-6416 8042
7886 -4071
5947 375
3999 -1276
-1810 -2661
488 -8278
-443 -2533
-2672 3736
-5185 8824
1654 16
-3600 -556
5550 5218
-3070 -3031
1993 6930
-7161 -4177
6104 -6673
4958 324
-9276 -7819
2694 -7258
176 3425
-9667 -156
1887 2757
-5590 3602
-9141 -3650
-7691 9659
6060 7543
-3532 949
7892 -5265
4117 443
3888 -8906
-7901 -6408
5522 -8381
3652 2809
-8581 3317
-9947 9710
3836 -8522
8023 -2089
-243 -1544
8015 4271
3623 -5178
4625 1723
-3574 229
2781 9560
-2319 -9701
7131 1456
-662 4033
7387 6180
-2049 2101
-4153 -3485
-5266 -5750
7960 -2803
-2144 8349
455 -6200
1266 7433
-3484 5702
-4622 -7764
-8879 2761
-8029 -3357
-6881 1322
-4662 -2593
3186 -9835
-4550 -9776
7500 -9974
8069 1370
-565 -7410
5316 -8818
-3502 -6383
-4607 932
6197 -5473
-3347 -8038
-1498 -1366
-872 2504
-9799 -7376
1579 4549
7494 -9614
2836 -3249
4785 7484
6170 2263
-8941 -9377
4370 2349
-9395 -8687
-5439 -6827
4427 -6055
9007 -3249
4077 -6663
-2060 3509
-6219 1506
-313 3216
-2810 -8112
5367 -3558
-8535 -3844
-9994 -2766
-7123 7106
-4446 -923
6823 -8045
6959 -8379
4120 -3291
9755 3583
-3301 -9485
1047 -311
-8863 -9574
-5223 -5843
-5536 -2744
-8830 3429
9657 2102
9016 9496
-3184 5898
-630 8548
5024 -5863
-8136 361
9022 -2940
7644 -5951
2304 -5599
3799 4401
-3350 9749
-8516 4221
2096 3991
9086 9113
8487 -5071
685 -5921
-1929 5886
9921 -9721
-120 -7793
19 -6539
2009 1436
-9296 1255
-5349 -4048
-5818 2592
8204 -4037
8149 6998
6703 -2639
2261 9595
2257 -2601
-1457 -7094
1506 -2973
-2259 2937
9806 -3783
4764 6739
5508 -1017
1080 8507
-798 6858
3825 5392
5587 358
8359 -6331
9655 6333
5067 -8892
-1819 -262
-6937 -6384
-1127 -7182
6940 7585
6646 -290
-4703 5450
7043 5519
5791 -6001
-7128 4434
-7423 -4785
1722 -6225
7289 -7857
-8057 4826
3364 -5046
7294 2085
5466 4372
-987 2740
-345 -1832
7548 -5475
-3371 -3300
8824 9795
893 -4910
-5877 5256
8157 9799
9062 -1713
1781 1858
-6287 9523
-4327 2029
-6560 -832
-8095 2652
8798 -4654
1512 -1018
-3256 -563
-4212 2259
869 9308
-4693 -1367
-5349 -9861
