0 -1 -1 0
-1 0 -2 0
0 1 -3 0
0 1 -4 0
0 1 -5 0
0 1 -6 0
0 1 -7 0
0 -2 -7 0
0 -3 -7 0
0 -4 -7 0
0 -5 -7 0
0 -6 -7 0
0 -7 -7 0
0 -8 -8 0
0 -9 -9 0
0 -10 -10 0
0 -11 -11 0
0 -12 -12 0
0 -13 -13 0
0 -14 -14 0
0 -15 -15 0
0 -16 -16 0
0 -17 -17 0
0 -18 -18 0
0 -19 -19 0
0 -20 -20 0
0 -21 -21 0
0 -22 -22 0
0 -23 -23 0
0 -24 -24 0
0 -25 -25 0
0 -26 -26 0
0 -27 -27 0
0 -28 -28 0
0 -29 -29 0
0 -30 -30 0
0 -31 -31 0
0 -32 -32 0
0 -33 -33 0
0 -34 -34 0
0 -35 -35 0
0 -36 -36 0
0 -37 -37 0
0 -38 -38 0
0 -39 -39 0
0 -40 -40 0
0 -41 -41 0
0 -42 -42 0
0 -43 -43 0
0 -44 -44 0
0 -45 -45 0
0 -46 -46 0
0 -47 -47 0
0 -48 -48 0
0 -49 -49 0
0 -50 -50 0
0 -51 -51 0
0 -52 -52 0
0 -53 -53 0
0 -54 -54 0
0 -55 -55 0
0 -56 -56 0
0 -57 -57 0
0 -58 -58 0
0 -59 -59 0
0 -60 -60 0
0 -61 -61 0
0 -62 -62 0
0 -63 -63 0
0 -64 -64 0
0 -65 -65 0
0 -66 -66 0
0 -67 -67 0
0 -68 -68 0
0 -69 -69 0
0 -70 -70 0
0 -71 -71 0
0 -72 -72 0
0 -73 -73 0
0 -74 -74 0
0 -75 -75 0
0 -76 -76 0
0 -77 -77 0
0 -78 -78 0
0 -79 -79 0
0 -80 -80 0
0 -81 -81 0
0 -82 -82 0
0 -83 -83 0
0 -84 -84 0
0 -85 -85 0
0 -86 -86 0
0 -87 -87 0
0 -88 -88 0
0 -89 -89 0
0 -90 -90 0
0 -91 -91 0
0 -92 -92 0
0 -93 -93 0
0 -94 -94 0
0 -95 -95 0
0 -96 -96 0
0 -97 -97 0
0 -98 -98 0
0 -99 -99 0
0 -100 -100 0
0 -101 -101 0
0 -102 -102 0
0 -103 -103 0
0 -104 -104 0
0 -105 -105 0
0 -106 -106 0
0 -107 -107 0
0 -108 -108 0
0 -109 -109 0
0 -110 -110 0
0 -111 -111 0
0 -112 -112 0
0 -113 -113 0
0 -114 -114 0
0 -115 -115 0
0 -116 -116 0
0 -117 -117 0
0 -118 -118 0
0 -119 -119 0
0 -120 -120 0
0 -121 -121 0
0 -122 -122 0
0 -123 -123 0
0 -124 -124 0
0 -125 -125 0
0 -126 -126 0
0 -127 -127 0
0 -128 -128 0
0 -129 -129 0
0 -130 -130 0
0 -131 -131 0
0 -132 -132 0
0 -133 -133 0
0 -134 -134 0
0 -135 -135 0
0 -136 -136 0
0 -137 -137 0
0 -138 -138 0
0 -139 -139 0
0 -140 -140 0
0 -141 -141 0
0 -142 -142 0
0 -143 -143 0
0 -144 -144 0
0 -145 -145 0
0 -146 -146 0
0 -147 -147 0
0 -148 -148 0
0 -149 -149 0
0 -150 -150 0
0 -151 -151 0
0 -152 -152 0
0 -153 -153 0
0 -154 -154 0
0 -155 -155 0
0 -156 -156 0
0 -157 -157 0
0 -158 -158 0
0 -159 -159 0
0 -160 -160 0
0 -161 -161 0
0 -162 -162 0
0 -163 -163 0
0 -164 -164 0
0 -165 -165 0
0 -166 -166 0
0 -167 -167 0
0 -168 -168 0
0 -169 -169 0
0 -170 -170 0
0 -171 -171 0
0 -172 -172 0
0 -173 -173 0
0 -174 -174 0
0 -175 -175 0
0 -176 -176 0
0 -177 -177 0
0 -178 -178 0
0 -179 -179 0
0 -180 -180 0
0 -181 -181 0
0 -182 -182 0
0 -183 -183 0
0 -184 -184 0
0 -185 -185 0
0 -186 -186 0
0 -187 -187 0
0 -188 -188 0
0 -189 -189 0
0 -190 -190 0
0 -191 -191 0
0 -192 -192 0
0 -193 -193 0
0 -194 -194 0
0 -195 -195 0
0 -196 -196 0
0 -197 -197 0
0 -198 -198 0
0 -199 -199 0
0 -200 -200 0
0 -201 -201 0
0 -202 -202 0
0 -203 -203 0
0 -204 -204 0
0 -205 -205 0
0 -206 -206 0
0 -207 -207 0
0 -208 -208 0
0 -209 -209 0
0 -210 -210 0
0 -211 -211 0
0 -212 -212 0
0 -213 -213 0
0 -214 -214 0
0 -215 -215 0
0 -216 -216 0
0 -217 -217 0
0 -218 -218 0
0 -219 -219 0
0 -220 -220 0
0 -221 -221 0
0 -222 -222 0
0 -223 -223 0
0 -224 -224 0
0 -225 -225 0
0 -226 -226 0
0 -227 -227 0
0 -228 -228 0
0 -229 -229 0
0 -230 -230 0
0 -231 -231 0
0 -232 -232 0
0 -233 -233 0
0 -234 -234 0
0 -235 -235 0
0 -236 -236 0
0 -237 -237 0
0 -238 -238 0
0 -239 -239 0
0 -240 -240 0
0 -241 -241 0
0 -242 -242 0
0 -243 -243 0
0 -244 -244 0
0 -245 -245 0
0 -246 -246 0
0 -247 -247 0
0 -248 -248 0
0 -249 -249 0
0 -250 -250 0
0 -251 -251 0
0 -252 -252 0
0 -253 -253 0
0 -254 -254 0
0 -255 -255 0
0 -256 -256 0
0 -257 -257 0
0 -258 -258 0
0 -259 -259 0
0 -260 -260 0
0 -261 -261 0
0 -262 -262 0
0 -263 -263 0
0 -264 -264 0
0 -265 -265 0
0 -266 -266 0
0 -267 -267 0
0 -268 -268 0
0 -269 -269 0
0 -270 -270 0
0 -271 -271 0
0 -272 -272 0
0 -273 -273 0
0 -274 -274 0
0 -275 -275 0
0 -276 -276 0
0 -277 -277 0
0 -278 -278 0
0 -279 -279 0
0 -280 -280 0
0 -281 -281 0
0 -282 -282 0
0 -283 -283 0
0 -284 -284 0
0 -285 -285 0
0 -286 -286 0
0 -287 -287 0
0 -288 -288 0
0 -289 -289 0
0 -290 -290 0
0 -291 -291 0
0 -292 -292 0
0 -293 -293 0
0 -294 -294 0
0 -295 -295 0
0 -296 -296 0
0 -297 -297 0
0 -298 -298 0
0 -299 -299 0
0 -300 -300 0
0 -301 -301 0
0 -302 -302 0
0 -303 -303 0
0 -304 -304 0
0 -305 -305 0
0 -306 -306 0
0 -307 -307 0
0 -308 -308 0
0 -309 -309 0
0 -310 -310 0
0 -311 -311 0
0 -312 -312 0
0 -313 -313 0
0 -314 -314 0
0 -315 -315 0
0 -316 -316 0
0 -317 -317 0
0 -318 -318 0
0 -319 -319 0
0 -320 -320 0
0 -321 -321 0
0 -322 -322 0
0 -323 -323 0
0 -324 -324 0
0 -325 -325 0
0 -326 -326 0
0 -327 -327 0
0 -328 -328 0
1000000 1000000 -1000 1
998001000 998001 -999000 1
2000 1000 -2000 1
997002000 998000 -999000 1
996003000 997000 -999000 1
994008000 996000 -998000 1
992015000 995000 -997000 1
990024000 994000 -996000 1
991014000 993000 -998000 1
992000000 992000 -1000000 1
992007000 993000 -999000 1
991008000 992000 -999000 1
993000000 993000 -1000000 1
991000000 991000 -1000000 1
991018000 994000 -997000 1
995004000 999000 -996000 1
991008000 999000 -992000 1
991014000 998000 -993000 1
992007000 999000 -993000 1
991000000 1000000 -991000 1
992000000 1000000 -992000 1
993000000 1000000 -993000 1
994000000 1000000 -994000 1
995000000 1000000 -995000 1
996000000 1000000 -996000 1
997000000 1000000 -997000 1
998000000 1000000 -998000 1
999000000 1000000 -999000 1
1000000000 1000000 -1000000 1
991020000 995000 -996000 1
991020000 996000 -995000 1
991018000 997000 -994000 1
993012000 997000 -996000 1
995006000 998000 -997000 1
997000000 997000 -1000000 1
992016000 996000 -996000 1
996000000 996000 -1000000 1
993012000 996000 -997000 1
995004000 996000 -999000 1
993010000 995000 -998000 1
992012000 994000 -998000 1
994000000 994000 -1000000 1
995000000 995000 -1000000 1
994005000 995000 -999000 1
993006000 994000 -999000 1
998001000 999000 -999000 1
999000000 999000 -1000000 1
998000000 998000 -1000000 1
994008000 998000 -996000 1
994009000 997000 -997000 1
996003000 999000 -997000 1
990021000 993000 -997000 1
989024000 992000 -997000 1
988027000 991000 -997000 1
987030000 990000 -997000 1
986033000 989000 -997000 1
985036000 988000 -997000 1
984039000 987000 -997000 1
983042000 986000 -997000 1
982045000 985000 -997000 1
981048000 984000 -997000 1
980051000 983000 -997000 1
979054000 982000 -997000 1
978057000 981000 -997000 1
977060000 980000 -997000 1
976063000 979000 -997000 1
975066000 978000 -997000 1
974069000 977000 -997000 1
973072000 976000 -997000 1
972075000 975000 -997000 1
971078000 974000 -997000 1
1994000 2000 -997000 1
2991000 3000 -997000 1
3988000 4000 -997000 1
4985000 5000 -997000 1
5982000 6000 -997000 1
6979000 7000 -997000 1
7976000 8000 -997000 1
8973000 9000 -997000 1
9970000 10000 -997000 1
10967000 11000 -997000 1
11964000 12000 -997000 1
12961000 13000 -997000 1
13958000 14000 -997000 1
14955000 15000 -997000 1
15952000 16000 -997000 1
16949000 17000 -997000 1
17946000 18000 -997000 1
18943000 19000 -997000 1
19940000 20000 -997000 1
20937000 21000 -997000 1
21934000 22000 -997000 1
22931000 23000 -997000 1
23928000 24000 -997000 1
24925000 25000 -997000 1
25922000 26000 -997000 1
26919000 27000 -997000 1
27916000 28000 -997000 1
28913000 29000 -997000 1
29910000 30000 -997000 1
30907000 31000 -997000 1
31904000 32000 -997000 1
32901000 33000 -997000 1
33898000 34000 -997000 1
34895000 35000 -997000 1
35892000 36000 -997000 1
36889000 37000 -997000 1
37886000 38000 -997000 1
38883000 39000 -997000 1
39880000 40000 -997000 1
40877000 41000 -997000 1
41874000 42000 -997000 1
42871000 43000 -997000 1
43868000 44000 -997000 1
44865000 45000 -997000 1
45862000 46000 -997000 1
46859000 47000 -997000 1
47856000 48000 -997000 1
48853000 49000 -997000 1
49850000 50000 -997000 1
50847000 51000 -997000 1
51844000 52000 -997000 1
52841000 53000 -997000 1
53838000 54000 -997000 1
54835000 55000 -997000 1
55832000 56000 -997000 1
56829000 57000 -997000 1
57826000 58000 -997000 1
58823000 59000 -997000 1
59820000 60000 -997000 1
60817000 61000 -997000 1
61814000 62000 -997000 1
62811000 63000 -997000 1
63808000 64000 -997000 1
64805000 65000 -997000 1
65802000 66000 -997000 1
66799000 67000 -997000 1
67796000 68000 -997000 1
68793000 69000 -997000 1
69790000 70000 -997000 1
70787000 71000 -997000 1
71784000 72000 -997000 1
72781000 73000 -997000 1
73778000 74000 -997000 1
74775000 75000 -997000 1
75772000 76000 -997000 1
76769000 77000 -997000 1
77766000 78000 -997000 1
78763000 79000 -997000 1
79760000 80000 -997000 1
80757000 81000 -997000 1
81754000 82000 -997000 1
82751000 83000 -997000 1
83748000 84000 -997000 1
84745000 85000 -997000 1
85742000 86000 -997000 1
86739000 87000 -997000 1
87736000 88000 -997000 1
88733000 89000 -997000 1
89730000 90000 -997000 1
90727000 91000 -997000 1
91724000 92000 -997000 1
92721000 93000 -997000 1
93718000 94000 -997000 1
94715000 95000 -997000 1
95712000 96000 -997000 1
96709000 97000 -997000 1
97706000 98000 -997000 1
98703000 99000 -997000 1
99700000 100000 -997000 1
100697000 101000 -997000 1
101694000 102000 -997000 1
102691000 103000 -997000 1
103688000 104000 -997000 1
104685000 105000 -997000 1
105682000 106000 -997000 1
106679000 107000 -997000 1
107676000 108000 -997000 1
108673000 109000 -997000 1
109670000 110000 -997000 1
110667000 111000 -997000 1
111664000 112000 -997000 1
112661000 113000 -997000 1
113658000 114000 -997000 1
114655000 115000 -997000 1
115652000 116000 -997000 1
116649000 117000 -997000 1
117646000 118000 -997000 1
118643000 119000 -997000 1
119640000 120000 -997000 1
120637000 121000 -997000 1
121634000 122000 -997000 1
122631000 123000 -997000 1
123628000 124000 -997000 1
124625000 125000 -997000 1
125622000 126000 -997000 1
126619000 127000 -997000 1
127616000 128000 -997000 1
128613000 129000 -997000 1
129610000 130000 -997000 1
130607000 131000 -997000 1
131604000 132000 -997000 1
132601000 133000 -997000 1
133598000 134000 -997000 1
134595000 135000 -997000 1
135592000 136000 -997000 1
136589000 137000 -997000 1
137586000 138000 -997000 1
138583000 139000 -997000 1
139580000 140000 -997000 1
140577000 141000 -997000 1
141574000 142000 -997000 1
142571000 143000 -997000 1
143568000 144000 -997000 1
144565000 145000 -997000 1
145562000 146000 -997000 1
146559000 147000 -997000 1
147556000 148000 -997000 1
148553000 149000 -997000 1
149550000 150000 -997000 1
150547000 151000 -997000 1
151544000 152000 -997000 1
152541000 153000 -997000 1
153538000 154000 -997000 1
154535000 155000 -997000 1
155532000 156000 -997000 1
156529000 157000 -997000 1
157526000 158000 -997000 1
158523000 159000 -997000 1
159520000 160000 -997000 1
160517000 161000 -997000 1
161514000 162000 -997000 1
162511000 163000 -997000 1
163508000 164000 -997000 1
164505000 165000 -997000 1
165502000 166000 -997000 1
166499000 167000 -997000 1
167496000 168000 -997000 1
168493000 169000 -997000 1
169490000 170000 -997000 1
170487000 171000 -997000 1
171484000 172000 -997000 1
172481000 173000 -997000 1
173478000 174000 -997000 1
174475000 175000 -997000 1
175472000 176000 -997000 1
176469000 177000 -997000 1
177466000 178000 -997000 1
178463000 179000 -997000 1
179460000 180000 -997000 1
180457000 181000 -997000 1
181454000 182000 -997000 1
182451000 183000 -997000 1
183448000 184000 -997000 1
184445000 185000 -997000 1
185442000 186000 -997000 1
186439000 187000 -997000 1
187436000 188000 -997000 1
188433000 189000 -997000 1
189430000 190000 -997000 1
190427000 191000 -997000 1
191424000 192000 -997000 1
192421000 193000 -997000 1
193418000 194000 -997000 1
194415000 195000 -997000 1
195412000 196000 -997000 1
196409000 197000 -997000 1
197406000 198000 -997000 1
198403000 199000 -997000 1
199400000 200000 -997000 1
200397000 201000 -997000 1
201394000 202000 -997000 1
202391000 203000 -997000 1
203388000 204000 -997000 1
204385000 205000 -997000 1
205382000 206000 -997000 1
206379000 207000 -997000 1
207376000 208000 -997000 1
208373000 209000 -997000 1
209370000 210000 -997000 1
210367000 211000 -997000 1
211364000 212000 -997000 1
212361000 213000 -997000 1
213358000 214000 -997000 1
214355000 215000 -997000 1
215352000 216000 -997000 1
216349000 217000 -997000 1
217346000 218000 -997000 1
218343000 219000 -997000 1
219340000 220000 -997000 1
220337000 221000 -997000 1
221334000 222000 -997000 1
222331000 223000 -997000 1
223328000 224000 -997000 1
224325000 225000 -997000 1
225322000 226000 -997000 1
226319000 227000 -997000 1
227316000 228000 -997000 1
228313000 229000 -997000 1
229310000 230000 -997000 1
230307000 231000 -997000 1
231304000 232000 -997000 1
232301000 233000 -997000 1
233298000 234000 -997000 1
234295000 235000 -997000 1
235292000 236000 -997000 1
236289000 237000 -997000 1
237286000 238000 -997000 1
238283000 239000 -997000 1
239280000 240000 -997000 1
240277000 241000 -997000 1
241274000 242000 -997000 1
242271000 243000 -997000 1
243268000 244000 -997000 1
244265000 245000 -997000 1
245262000 246000 -997000 1
246259000 247000 -997000 1
247256000 248000 -997000 1
248253000 249000 -997000 1
249250000 250000 -997000 1
250247000 251000 -997000 1
251244000 252000 -997000 1
252241000 253000 -997000 1
253238000 254000 -997000 1
254235000 255000 -997000 1
255232000 256000 -997000 1
256229000 257000 -997000 1
257226000 258000 -997000 1
258223000 259000 -997000 1
259220000 260000 -997000 1
260217000 261000 -997000 1
261214000 262000 -997000 1
262211000 263000 -997000 1
263208000 264000 -997000 1
-29 29 29 1
14000 28 -28000 1
12987 26 -25974 1
11988 24 -23976 1
9000 27 -27000 1
6000 24 -24000 1
7000 28 -28000 1
4000 28 -28000 1
2000 28 -28000 1
1000 28 -28000 1
-1000 28 -28000 1
-28000 28 -28000 1
-2000 28 -28000 1
-14000 28 -28000 1
-7000 28 -28000 1
-4000 28 -28000 1
28000 28 -28000 1
-1000 29 -29000 1
-29000 29 -29000 1
29000 29 -29000 1
1000 29 -29000 1
999 29 -28971 1
998 29 -28942 1
997 29 -28913 1
996 29 -28884 1
995 29 -28855 1
994 29 -28826 1
993 29 -28797 1
992 29 -28768 1
991 29 -28739 1
990 29 -28710 1
989 29 -28681 1
988 29 -28652 1
987 29 -28623 1
986 29 -28594 1
985 29 -28565 1
984 29 -28536 1
983 29 -28507 1
982 29 -28478 1
981 29 -28449 1
980 29 -28420 1
979 29 -28391 1
978 29 -28362 1
977 29 -28333 1
976 29 -28304 1
975 29 -28275 1
974 29 -28246 1
973 29 -28217 1
972 29 -28188 1
971 29 -28159 1
970 29 -28130 1
969 29 -28101 1
968 29 -28072 1
967 29 -28043 1
966 29 -28014 1
965 29 -27985 1
964 29 -27956 1
963 29 -27927 1
962 29 -27898 1
961 29 -27869 1
960 29 -27840 1
959 29 -27811 1
958 29 -27782 1
957 29 -27753 1
956 29 -27724 1
955 29 -27695 1
954 29 -27666 1
953 29 -27637 1
952 29 -27608 1
951 29 -27579 1
950 29 -27550 1
949 29 -27521 1
948 29 -27492 1
947 29 -27463 1
946 29 -27434 1
945 29 -27405 1
944 29 -27376 1
943 29 -27347 1
942 29 -27318 1
941 29 -27289 1
940 29 -27260 1
939 29 -27231 1
938 29 -27202 1
937 29 -27173 1
936 29 -27144 1
935 29 -27115 1
934 29 -27086 1
933 29 -27057 1
932 29 -27028 1
931 29 -26999 1
930 29 -26970 1
929 29 -26941 1
928 29 -26912 1
927 29 -26883 1
926 29 -26854 1
925 29 -26825 1
924 29 -26796 1
923 29 -26767 1
922 29 -26738 1
921 29 -26709 1
920 29 -26680 1
919 29 -26651 1
918 29 -26622 1
917 29 -26593 1
916 29 -26564 1
915 29 -26535 1
914 29 -26506 1
913 29 -26477 1
912 29 -26448 1
911 29 -26419 1
910 29 -26390 1
909 29 -26361 1
908 29 -26332 1
907 29 -26303 1
906 29 -26274 1
905 29 -26245 1
904 29 -26216 1
903 29 -26187 1
902 29 -26158 1
901 29 -26129 1
900 29 -26100 1
899 29 -26071 1
898 29 -26042 1
897 29 -26013 1
896 29 -25984 1
895 29 -25955 1
894 29 -25926 1
893 29 -25897 1
892 29 -25868 1
891 29 -25839 1
890 29 -25810 1
889 29 -25781 1
888 29 -25752 1
887 29 -25723 1
886 29 -25694 1
885 29 -25665 1
884 29 -25636 1
883 29 -25607 1
882 29 -25578 1
881 29 -25549 1
880 29 -25520 1
879 29 -25491 1
878 29 -25462 1
877 29 -25433 1
876 29 -25404 1
875 29 -25375 1
874 29 -25346 1
873 29 -25317 1
872 29 -25288 1
871 29 -25259 1
870 29 -25230 1
869 29 -25201 1
868 29 -25172 1
867 29 -25143 1
866 29 -25114 1
865 29 -25085 1
864 29 -25056 1
863 29 -25027 1
862 29 -24998 1
861 29 -24969 1
860 29 -24940 1
859 29 -24911 1
858 29 -24882 1
857 29 -24853 1
856 29 -24824 1
855 29 -24795 1
854 29 -24766 1
853 29 -24737 1
852 29 -24708 1
851 29 -24679 1
850 29 -24650 1
849 29 -24621 1
848 29 -24592 1
847 29 -24563 1
846 29 -24534 1
845 29 -24505 1
844 29 -24476 1
843 29 -24447 1
842 29 -24418 1
841 29 -24389 1
840 29 -24360 1
839 29 -24331 1
838 29 -24302 1
837 29 -24273 1
836 29 -24244 1
835 29 -24215 1
834 29 -24186 1
833 29 -24157 1
832 29 -24128 1
831 29 -24099 1
830 29 -24070 1
829 29 -24041 1
828 29 -24012 1
827 29 -23983 1
826 29 -23954 1
825 29 -23925 1
824 29 -23896 1
823 29 -23867 1
822 29 -23838 1
821 29 -23809 1
820 29 -23780 1
819 29 -23751 1
818 29 -23722 1
817 29 -23693 1
816 29 -23664 1
815 29 -23635 1
814 29 -23606 1
813 29 -23577 1
812 29 -23548 1
811 29 -23519 1
810 29 -23490 1
809 29 -23461 1
808 29 -23432 1
807 29 -23403 1
806 29 -23374 1
805 29 -23345 1
804 29 -23316 1
803 29 -23287 1
802 29 -23258 1
801 29 -23229 1
800 29 -23200 1
799 29 -23171 1
798 29 -23142 1
797 29 -23113 1
796 29 -23084 1
795 29 -23055 1
794 29 -23026 1
793 29 -22997 1
792 29 -22968 1
791 29 -22939 1
790 29 -22910 1
789 29 -22881 1
788 29 -22852 1
787 29 -22823 1
786 29 -22794 1
785 29 -22765 1
784 29 -22736 1
783 29 -22707 1
782 29 -22678 1
781 29 -22649 1
780 29 -22620 1
779 29 -22591 1
778 29 -22562 1
777 29 -22533 1
776 29 -22504 1
775 29 -22475 1
774 29 -22446 1
773 29 -22417 1
772 29 -22388 1
771 29 -22359 1
770 29 -22330 1
769 29 -22301 1
768 29 -22272 1
767 29 -22243 1
766 29 -22214 1
765 29 -22185 1
764 29 -22156 1
763 29 -22127 1
762 29 -22098 1
761 29 -22069 1
760 29 -22040 1
759 29 -22011 1
758 29 -21982 1
757 29 -21953 1
756 29 -21924 1
755 29 -21895 1
754 29 -21866 1
753 29 -21837 1
752 29 -21808 1
751 29 -21779 1
750 29 -21750 1
749 29 -21721 1
748 29 -21692 1
747 29 -21663 1
746 29 -21634 1
745 29 -21605 1
744 29 -21576 1
743 29 -21547 1
742 29 -21518 1
741 29 -21489 1
740 29 -21460 1
739 29 -21431 1
738 29 -21402 1
737 29 -21373 1
736 29 -21344 1
735 29 -21315 1
734 29 -21286 1
733 29 -21257 1
732 29 -21228 1
731 29 -21199 1
730 29 -21170 1
729 29 -21141 1
728 29 -21112 1
727 29 -21083 1
726 29 -21054 1
725 29 -21025 1
724 29 -20996 1
723 29 -20967 1
722 29 -20938 1
721 29 -20909 1
720 29 -20880 1
719 29 -20851 1
718 29 -20822 1
717 29 -20793 1
716 29 -20764 1
715 29 -20735 1
714 29 -20706 1
713 29 -20677 1
712 29 -20648 1
711 29 -20619 1
710 29 -20590 1
709 29 -20561 1
708 29 -20532 1
707 29 -20503 1
706 29 -20474 1
705 29 -20445 1
704 29 -20416 1
703 29 -20387 1
702 29 -20358 1
701 29 -20329 1
700 29 -20300 1
699 29 -20271 1
698 29 -20242 1
697 29 -20213 1
696 29 -20184 1
695 29 -20155 1
694 29 -20126 1
693 29 -20097 1
692 29 -20068 1
691 29 -20039 1
690 29 -20010 1
689 29 -19981 1
688 29 -19952 1
687 29 -19923 1
