0 0
-1 -1
-2 -2
-3 -3
-4 -4
-5 -5
-6 -6
-7 -7
-8 -8
-9 -9
-10 -10
-11 -11
-12 -12
-13 -13
-14 -14
-15 -15
-16 -16
-17 -17
-18 -18
-19 -19
-20 -20
-21 -21
-22 -22
-23 -23
-24 -24
-25 -25
-26 -26
-27 -27
-28 -28
-29 -29
-30 -30
-31 -31
-32 -32
-33 -33
-34 -34
-35 -35
-36 -36
-37 -37
-38 -38
-39 -39
-40 -40
-41 -41
-42 -42
-43 -43
-44 -44
-45 -45
-46 -46
-47 -47
-48 -48
-49 -49
-50 -50
-51 -51
-52 -52
-53 -53
-54 -54
-55 -55
-56 -56
-57 -57
-58 -58
-59 -59
-60 -60
-61 -61
-62 -62
-63 -63
-64 -64
-65 -65
-66 -66
-67 -67
-68 -68
-69 -69
-70 -70
-71 -71
-72 -72
-73 -73
-74 -74
-75 -75
-76 -76
-77 -77
-78 -78
-79 -79
-80 -80
-81 -81
-82 -82
-83 -83
-84 -84
-85 -85
-86 -86
-87 -87
-88 -88
-89 -89
-90 -90
-91 -91
-92 -92
-93 -93
-94 -94
-95 -95
-96 -96
-97 -97
-98 -98
-99 -99
-100 -100
-101 -101
-102 -102
-103 -103
-104 -104
-105 -105
-106 -106
-107 -107
-108 -108
-109 -109
-110 -110
-111 -111
-112 -112
-113 -113
-114 -114
-115 -115
-116 -116
-117 -117
-118 -118
-119 -119
-120 -120
-121 -121
-122 -122
-123 -123
-124 -124
-125 -125
-126 -126
-127 -127
-128 -128
-129 -129
-130 -130
-131 -131
-132 -132
-133 -133
-134 -134
-135 -135
-136 -136
-137 -137
-138 -138
-139 -139
-140 -140
-141 -141
-142 -142
-143 -143
-144 -144
-145 -145
-146 -146
-147 -147
-148 -148
-149 -149
-150 -150
-151 -151
-152 -152
-153 -153
-154 -154
-155 -155
-156 -156
-157 -157
-158 -158
-159 -159
-160 -160
-161 -161
-162 -162
-163 -163
-164 -164
-165 -165
-166 -166
-167 -167
-168 -168
-169 -169
-170 -170
-171 -171
-172 -172
-173 -173
-174 -174
-175 -175
-176 -176
-177 -177
-178 -178
-179 -179
-180 -180
-181 -181
-182 -182
-183 -183
-184 -184
-185 -185
-186 -186
-187 -187
-188 -188
-189 -189
-190 -190
-191 -191
-192 -192
-193 -193
-194 -194
-195 -195
-196 -196
-197 -197
-198 -198
-199 -199
-200 -200
-201 -201
-202 -202
-203 -203
-204 -204
-205 -205
-206 -206
-207 -207
-208 -208
-209 -209
-210 -210
-211 -211
-212 -212
-213 -213
-214 -214
-215 -215
-216 -216
-217 -217
-218 -218
-219 -219
-220 -220
-221 -221
-222 -222
-223 -223
-224 -224
-225 -225
-226 -226
-227 -227
-228 -228
-229 -229
-230 -230
-231 -231
-232 -232
-233 -233
-234 -234
-235 -235
-236 -236
-237 -237
-238 -238
-239 -239
-240 -240
-241 -241
-242 -242
-243 -243
-244 -244
-245 -245
-246 -246
-247 -247
-248 -248
-249 -249
-250 -250
-251 -251
-252 -252
-253 -253
-254 -254
-255 -255
-256 -256
-257 -257
-258 -258
-259 -259
-260 -260
-261 -261
-262 -262
-263 -263
-264 -264
-265 -265
-266 -266
-267 -267
-268 -268
-269 -269
-270 -270
-271 -271
-272 -272
-273 -273
-274 -274
-275 -275
-276 -276
-277 -277
-278 -278
-279 -279
-280 -280
-281 -281
-282 -282
-283 -283
-284 -284
-285 -285
-286 -286
-287 -287
-288 -288
-289 -289
-290 -290
-291 -291
-292 -292
-293 -293
-294 -294
-295 -295
-296 -296
-297 -297
-298 -298
-299 -299
-300 -300
-301 -301
-302 -302
-303 -303
-304 -304
-305 -305
-306 -306
-307 -307
-308 -308
-309 -309
-310 -310
-311 -311
-312 -312
-313 -313
-314 -314
-315 -315
-316 -316
-317 -317
-318 -318
-319 -319
-320 -320
-321 -321
-322 -322
-323 -323
-324 -324
-325 -325
-326 -326
-327 -327
-328 -328
-329 -329
-330 -330
-331 -331
-332 -332
-333 -333
-334 -334
-335 -335
-336 -336
-337 -337
-338 -338
-339 -339
-340 -340
-341 -341
-342 -342
-343 -343
-344 -344
-345 -345
-346 -346
-347 -347
-348 -348
-349 -349
-350 -350
-351 -351
-352 -352
-353 -353
-354 -354
-355 -355
-356 -356
-357 -357
-358 -358
-359 -359
-360 -360
-361 -361
-362 -362
-363 -363
-364 -364
-365 -365
-366 -366
-367 -367
-368 -368
-369 -369
-370 -370
-371 -371
-372 -372
-373 -373
-374 -374
-375 -375
-376 -376
-377 -377
-378 -378
-379 -379
-380 -380
-381 -381
-382 -382
-383 -383
-384 -384
-385 -385
-386 -386
-387 -387
-388 -388
-389 -389
-390 -390
-391 -391
-392 -392
-393 -393
-394 -394
-395 -395
-396 -396
-397 -397
-398 -398
-399 -399
-400 -400
-401 -401
-402 -402
-403 -403
-404 -404
-405 -405
-406 -406
-407 -407
-408 -408
-409 -409
-410 -410
-411 -411
-412 -412
-413 -413
-414 -414
-415 -415
-416 -416
-417 -417
-418 -418
-419 -419
-420 -420
-421 -421
-422 -422
-423 -423
-424 -424
-425 -425
-426 -426
-427 -427
-428 -428
-429 -429
-430 -430
-431 -431
-432 -432
-433 -433
-434 -434
-435 -435
-436 -436
-437 -437
-438 -438
-439 -439
-440 -440
-441 -441
-442 -442
-443 -443
-444 -444
-445 -445
-446 -446
-447 -447
-448 -448
-449 -449
-450 -450
-451 -451
-452 -452
-453 -453
-454 -454
-455 -455
-456 -456
-457 -457
-458 -458
-459 -459
-460 -460
-461 -461
-462 -462
-463 -463
-464 -464
-465 -465
-466 -466
-467 -467
-468 -468
-469 -469
-470 -470
-471 -471
-472 -472
-473 -473
-474 -474
-475 -475
-476 -476
-477 -477
-478 -478
-479 -479
-480 -480
-481 -481
-482 -482
-483 -483
-484 -484
-485 -485
-486 -486
-487 -487
-488 -488
-489 -489
-490 -490
-491 -491
-492 -492
-493 -493
-494 -494
-495 -495
-496 -496
-497 -497
-498 -498
-499 -499
-500 -500
-501 -501
-502 -502
-503 -503
-504 -504
-505 -505
-506 -506
-507 -507
-508 -508
-509 -509
-510 -510
-511 -511
-512 -512
-513 -513
-514 -514
-515 -515
-516 -516
-517 -517
-518 -518
-519 -519
-520 -520
-521 -521
-522 -522
-523 -523
-524 -524
-525 -525
-526 -526
-527 -527
-528 -528
-529 -529
-530 -530
-531 -531
-532 -532
-533 -533
-534 -534
-535 -535
-536 -536
-537 -537
-538 -538
-539 -539
-540 -540
-541 -541
-542 -542
-543 -543
-544 -544
-545 -545
-546 -546
-547 -547
-548 -548
-549 -549
-550 -550
-551 -551
-552 -552
-553 -553
-554 -554
-555 -555
-556 -556
-557 -557
-558 -558
-559 -559
-560 -560
-561 -561
-562 -562
-563 -563
-564 -564
-565 -565
-566 -566
-567 -567
-568 -568
-569 -569
-570 -570
-571 -571
-572 -572
-573 -573
-574 -574
-575 -575
-576 -576
-577 -577
-578 -578
-579 -579
-580 -580
-581 -581
-582 -582
-583 -583
-584 -584
-585 -585
-586 -586
-587 -587
-588 -588
-589 -589
-590 -590
-591 -591
-592 -592
-593 -593
-594 -594
-595 -595
-596 -596
-597 -597
-598 -598
-599 -599
-600 -600
-601 -601
-602 -602
-603 -603
-604 -604
-605 -605
-606 -606
-607 -607
-608 -608
-609 -609
-610 -610
-611 -611
-612 -612
-613 -613
-614 -614
-615 -615
-616 -616
-617 -617
-618 -618
-619 -619
-620 -620
-621 -621
-622 -622
-623 -623
-624 -624
-625 -625
-626 -626
-627 -627
-628 -628
-629 -629
-630 -630
-631 -631
-632 -632
-633 -633
-634 -634
-635 -635
-636 -636
-637 -637
-638 -638
-639 -639
-640 -640
-641 -641
-642 -642
-643 -643
-644 -644
-645 -645
-646 -646
-647 -647
-648 -648
-649 -649
-650 -650
-651 -651
-652 -652
-653 -653
-654 -654
-655 -655
-656 -656
-657 -657
-658 -658
-659 -659
-660 -660
-661 -661
-662 -662
-663 -663
-664 -664
-665 -665
-666 -666
-667 -667
-668 -668
-669 -669
-670 -670
-671 -671
-672 -672
-673 -673
-674 -674
-675 -675
-676 -676
-677 -677
-678 -678
-679 -679
-680 -680
-681 -681
-682 -682
-683 -683
-684 -684
-685 -685
-686 -686
-687 -687
-688 -688
-689 -689
-690 -690
-691 -691
-692 -692
-693 -693
-694 -694
-695 -695
-696 -696
-697 -697
-698 -698
-699 -699
-700 -700
-701 -701
-702 -702
-703 -703
-704 -704
-705 -705
-706 -706
-707 -707
-708 -708
-709 -709
-710 -710
-711 -711
-712 -712
-713 -713
-714 -714
-715 -715
-716 -716
-717 -717
-718 -718
-719 -719
-720 -720
-721 -721
-722 -722
-723 -723
-724 -724
-725 -725
-726 -726
-727 -727
-728 -728
-729 -729
-730 -730
-731 -731
-732 -732
-733 -733
-734 -734
-735 -735
-736 -736
-737 -737
-738 -738
-739 -739
-740 -740
-741 -741
-742 -742
-743 -743
-744 -744
-745 -745
-746 -746
-747 -747
-748 -748
-749 -749
-750 -750
-751 -751
-752 -752
-753 -753
-754 -754
-755 -755
-756 -756
-757 -757
-758 -758
-759 -759
-760 -760
-761 -761
-762 -762
-763 -763
-764 -764
-765 -765
-766 -766
-767 -767
-768 -768
-769 -769
-770 -770
-771 -771
-772 -772
-773 -773
-774 -774
-775 -775
-776 -776
-777 -777
-778 -778
-779 -779
-780 -780
-781 -781
-782 -782
-783 -783
-784 -784
-785 -785
-786 -786
-787 -787
-788 -788
-789 -789
-790 -790
-791 -791
-792 -792
-793 -793
-794 -794
-795 -795
-796 -796
-797 -797
-798 -798
-799 -799
-800 -800
-801 -801
-802 -802
-803 -803
-804 -804
-805 -805
-806 -806
-807 -807
-808 -808
-809 -809
-810 -810
-811 -811
-812 -812
-813 -813
-814 -814
-815 -815
-816 -816
-817 -817
-818 -818
-819 -819
-820 -820
-821 -821
-822 -822
-823 -823
-824 -824
-825 -825
-826 -826
-827 -827
-828 -828
-829 -829
-830 -830
-831 -831
-832 -832
-833 -833
-834 -834
-835 -835
-836 -836
-837 -837
-838 -838
-839 -839
-840 -840
-841 -841
-842 -842
-843 -843
-844 -844
-845 -845
-846 -846
-847 -847
-848 -848
-849 -849
-850 -850
-851 -851
-852 -852
-853 -853
-854 -854
-855 -855
-856 -856
-857 -857
-858 -858
-859 -859
-860 -860
-861 -861
-862 -862
-863 -863
-864 -864
-865 -865
-866 -866
-867 -867
-868 -868
-869 -869
-870 -870
-871 -871
-872 -872
-873 -873
-874 -874
-875 -875
-876 -876
-877 -877
-878 -878
-879 -879
-880 -880
-881 -881
-882 -882
-883 -883
-884 -884
-885 -885
-886 -886
-887 -887
-888 -888
-889 -889
-890 -890
-891 -891
-892 -892
-893 -893
-894 -894
-895 -895
-896 -896
-897 -897
-898 -898
-899 -899
-900 -900
-901 -901
-902 -902
-903 -903
-904 -904
-905 -905
-906 -906
-907 -907
-908 -908
-909 -909
-910 -910
-911 -911
-912 -912
-913 -913
-914 -914
-915 -915
-916 -916
-917 -917
-918 -918
-919 -919
-920 -920
-921 -921
-922 -922
-923 -923
-924 -924
-925 -925
-926 -926
-927 -927
-928 -928
-929 -929
-930 -930
-931 -931
-932 -932
-933 -933
-934 -934
-935 -935
-936 -936
-937 -937
-938 -938
-939 -939
-940 -940
-941 -941
-942 -942
-943 -943
-944 -944
-945 -945
-946 -946
-947 -947
-948 -948
-949 -949
-950 -950
-951 -951
-952 -952
-953 -953
-954 -954
-955 -955
-956 -956
-957 -957
-958 -958
-959 -959
-960 -960
-961 -961
-962 -962
-963 -963
-964 -964
-965 -965
-966 -966
-967 -967
-968 -968
-969 -969
-970 -970
-971 -971
-972 -972
-973 -973
-974 -974
-975 -975
-976 -976
-977 -977
-978 -978
-979 -979
-980 -980
-981 -981
-982 -982
-983 -983
-984 -984
-985 -985
-986 -986
-987 -987
-988 -988
-989 -989
-990 -990
-991 -991
-992 -992
-993 -993
-994 -994
-995 -995
-996 -996
-997 -997
-998 -998
-999 -999
-7985 -7495
-7201 7597
-803 -6573
2482 -1827
-7972 -129
4084 9721
2248 6280
-9697 8107
1093 2423
5378 9463
-6300 -5469
823 6381
6152 1408
1349 -7772
-9561 2172
-9870 -8539
8511 -3486
2505 -4900
4464 2324
-9789 3119
544 1510
5628 5854
-1831 5460
-4122 5086
6583 9167
2307 2764
-5886 -5497
6137 -3867
2343 -1853
-9838 5376
5722 3730
-4696 -2838
7631 -4660
-2046 -9228
-5933 -9576
4792 1307
2567 -1869
-9888 4734
6073 5350
9149 -2673
7584 -5916
4748 7344
4261 -6812
-1177 -7993
-5072 1894
-5406 6873
5741 3419
383 -3967
-6068 3175
-7879 5558
3407 7831
5513 -804
-2250 -5769
-1016 6074
9751 9154
9771 4197
-1956 5023
-2806 -2566
-8363 8671
-2630 962
-1807 1813
-1243 9603
-1221 -1315
-2249 6177
8672 -3253
1845 -9040
-7086 7738
3670 -4228
-5039 7755
-8204 -3365
-2468 -4562
-5951 8150
3383 -9729
4827 -9183
6831 -5321
237 9141
492 -5506
2008 -9067
-1790 -8304
-4242 -8151
2715 -542
-5109 8598
-8225 -9481
1025 -1385
5739 9985
6902 7518
8482 -9098
-175 9888
-6768 9064
3490 3707
4600 818
-6566 1894
-5991 -1861
-4771 -9184
3884 9654
7104 -6246
-4171 -3065
-3678 7377
-4298 -235
-5099 -9952
4998 -5336
-7571 -8493
-8088 -4628
-6222 -938
-5950 -1030
7784 4704
-3380 2241
7101 7508
191 3154
-4665 -7672
4647 6626
6937 2329
-3843 -5290
-6963 -5415
9364 8684
-6889 8400
-404 -3575
9875 -5565
-5939 -85
8934 8770
7397 3476
712 7683
6531 6683
2 -3796
9268 9088
-6927 -5441
-6647 -2414
-7553 5791
3207 -2850
3231 -2646
-4228 -936
5381 -2093
-6548 2128
-1581 6797
4393 484
-9833 1423
-5962 -8692
7950 3274
-7511 -4627
-6175 8036
9006 3904
9142 -1914
-9528 2816
4909 -9718
6810 -9714
-8586 3666
2305 5234
-6056 -1445
-628 -6679
1950 7157
-4774 -4965
-4669 2973
-5298 9171
3630 -8797
6362 6021
-3470 -1759
9826 9897
9804 2250
-9004 -2750
-9083 -9366
-1356 3232
-3159 -2618
-8867 -8143
-4304 2759
9400 -8778
1816 -1676
8523 3165
8282 3959
-2465 8689
6928 -5149
6266 1460
-9115 3780
1815 -111
147 -4363
180 -8810
1644 -6230
-9303 -9808
3656 1390
-5471 5254
-739 2728
95 7242
-3179 -6630
8238 4879
-7803 6338
-7112 -2479
-9357 -2502
4663 8196
7452 -7732
-612 6721
9790 4207
98 5699
2806 -3879
4504 1755
1376 7872
-2607 -6332
-7026 -5378
-4953 -7230
4362 -5774
-5714 5297
3191 -2501
-4620 -3979
-5986 -9336
2983 1644
6658 -3185
-7097 -5394
-6955 -4771
-3710 426
1833 8376
-9728 -3277
-6821 6002
26 9085
-625 3005
-745 4829
-4810 -220
9567 -2780
-1616 -4559
8079 -9
-4586 5125
1432 8625
-4881 7283
6524 -8777
2620 5717
2096 4986
9694 8183
-141 3742
2231 6583
-456 2957
1507 -4729
313 -1876
9653 -6643
-2315 7891
7846 -3247
-1297 5819
5383 -4015
-4509 1297
9118 -631
9881 2173
5428 8057
-6575 6583
-7598 5969
-121 6769
4636 -715
5378 839
9587 5138
-99 9856
3175 9654
-4222 -2698
-5579 8800
-6397 2740
-3651 5129
1418 2914
-2740 7355
750 -2806
-7471 -5376
1905 9471
-5176 -5805
7569 3664
-9259 -6624
-4530 5605
2005 6811
-3507 1991
-2141 -6784
5826 3365
-2024 -2754
7837 -9591
7694 -2947
-5293 5898
-2043 2366
7799 9468
-9285 9143
-7969 -3505
5801 -5952
-484 2785
-5214 -9194
-7250 -147
4339 -1475
-1981 6573
358 5810
-3912 1345
-2770 420
-4424 -8237
-6685 7917
7299 1114
7806 -1332
2951 -4066
6710 5486
-19 4230
5389 -2986
-3781 8244
-5193 -586
8204 -9665
-1096 -9534
-573 -5915
-8205 -3943
518 2143
-4728 9852
2403 -1728
8062 -6297
-1060 3475
4822 -9194
4845 6401
-8727 7093
-32 1186
-8032 -2424
8319 -6749
-4122 9376
8401 -5792
2659 2981
-9668 -6172
9361 -2645
-8209 -7934
-99 -7331
-7004 -7266
-9719 -6995
-5156 9565
-7944 -4537
4674 -1512
-2747 -3238
8398 6029
7683 3284
-7797 5398
8677 8797
9597 1661
836 -7868
-6231 6353
9265 -897
-4942 -7244
1014 -3254
-1956 -8603
-5727 817
-1888 -9292
-9963 7139
9415 -9413
917 -8070
-4222 -4776
431 -2642
827 -3629
3727 6172
-2863 -9059
1890 -6094
6442 2706
-9738 -9725
-8191 -5229
-1923 -5036
-7935 -1952
582 -2501
-6145 3154
9455 -2060
-2699 -4944
-7038 5813
7111 -1219
-3380 -3588
2253 9449
-6108 5262
7121 8306
4057 -9393
-8322 7312
-379 4960
-5296 -2635
-8926 1201
-742 -1598
-3971 4884
-9517 -7490
-9882 2325
2212 -7211
3611 9623
-99 7933
763 -1520
-7583 8973
-1310 -1151
1146 908
-8650 6131
-329 -2448
4588 -6782
3849 181
8273 3271
-4330 -4088
-6247 -2902
-7633 2195
-3039 -9440
-2146 -3112
2639 -7299
8107 3856
-6266 9738
-9062 6863
-460 4580
-493 9162
4370 -5394
-8712 1447
7824 -1373
-6356 3852
-1799 1196
5984 8646
895 -9640
-3020 -9749
-1057 3372
1653 -2148
-8614 4298
7986 4204
-8370 -4987
-317 2241
-2659 4014
3544 -6973
4107 -831
5195 -6357
-9454 -8104
-6233 4639
6078 2643
-9424 9499
-6401 2214
-1563 3966
-2327 -3617
-8522 5371
9551 2328
3681 -6430
-5363 9095
8133 8797
-6847 2659
8160 9455
-9335 -9095
-4390 -1398
6709 -5416
1105 8612
-341 -3385
5845 9232
1424 8218
-1670 5397
5740 8955
-735 -4742
4928 -2828
-4034 9666
-9090 2303
756 3616
-1907 1501
-461 -5862
2234 -2484
-768 3132
6054 -8625
-7519 -117
7958 2444
657 7679
-6594 1006
-1489 1191
-3632 9366
-8970 6338
4663 5488
9017 939
6187 -4467
1658 -8235
777 -3904
-9626 7950
-1316 -8250
986 -9332
9671 -8752
4021 -4832
3188 6043
-4080 6482
2275 6836
-2873 -9057
8190 3282
-6667 -7683
1669 242
3720 -1579
9024 6639
7021 -9844
-1386 3468
-8439 -9065
-2418 3022
6824 7149
61 -9616
-1832 6510
-1138 -9022
-3252 -4817
-7038 -5350
8057 -9305
7659 -9774
5512 3860
4549 6249
-4336 9200
1315 1328
-7980 3377
-4484 -189
-7012 -4312
8586 -5661
7931 -8291
9153 -882
-4676 8188
-5316 -2148
1857 3147
-9806 -8866
3898 -3017
9365 1557
1367 9390
-6368 -3926
-9053 -8240
3393 -2320
381 -4492
5831 -2635
9338 -6540
-2512 9351
-8488 7886
-5227 -1597
2161 8347
2619 -1925
-8590 1353
-2412 8488
-5244 -339
3159 -5900
7638 2214
5915 3973
357 -9331
8646 -1667
-752 8668
6951 -2736
-4940 1213
9141 -1398
8439 -5930
-3688 4724
5938 9557
-3755 7979
-3497 -4678
-1838 4878
5858 -2457
6033 -4102
-2858 2923
2748 2274
4733 -8582
9800 2831
-4893 1903
-2627 -891
-1856 -9509
9225 1424
-2244 -6220
-5327 -2506
-7360 8067
805 -6137
-6436 -809
-2735 -974
-7237 5718
688 7966
-895 2314
3076 9778
-4875 -2865
9440 -9073
-3570 -738
-9534 6972
-5949 2596
-1088 6045
6079 -7341
-3606 -7272
-4846 -2539
-347 3002
871 7214
-1102 4661
5174 -7261
-36 -1264
-7576 7785
-8871 1800
2705 -3956
-8925 -4392
3681 897
-492 -8422
-6018 -150
-4643 -3907
4537 2815
-6557 -2134
6400 5066
180 -3512
-2891 3922
401 -2545
-2240 -9197
2881 9796
7614 -4321
-7891 -498
3575 8146
-3173 5489
4765 4967
-372 3126
3881 -1799
4365 8085
-4180 8719
5828 -8896
592 -4695
-4069 -6370
-1685 7212
6796 -8220
4365 3139
7870 -8696
-2015 3561
6132 -3767
3086 -8923
-5461 -9109
-6365 -7781
9652 4215
-3120 9126
3032 1119
2984 4747
-7532 6346
-2472 1581
2944 -7352
1167 -1041
-5808 5757
8300 8706
402 9574
492 6314
6260 -3839
8855 7456
-5013 -8257
-1437 -1400
8061 3809
-7257 5216
6701 3131
3262 -736
-7360 1621
4828 -3970
-7604 7798
-1170 -6070
7654 2081
6615 1041
3444 -9875
-1837 -9054
4086 6923
-8939 -7436
-2019 -2435
4870 5128
2075 -3048
-1994 -6901
6827 -707
3418 8642
9501 -7230
7926 -3666
2735 -884
-4474 7815
8795 5136
-2471 5862
7387 5201
-2553 -7509
404 -1028
6168 3634
-1329 3840
-4576 2717
4981 37
118 5815
-872 -8581
8191 -6940
-2015 -8957
512 -5385
3433 -4367
3163 -5495
6475 -2576
-5311 9139
2111 3798
4762 -6856
5113 -1679
-7035 7145
2018 7472
2398 3595
-7527 4059
-1178 4922
-1735 2956
622 -6875
-4567 8989
7944 5192
1532 6199
-8998 -284
-807 3281
-9257 5095
7306 -3864
1807 4422
7517 -3256
-9228 -1293
6856 -5715
-9869 7319
-250 -1385
-7938 3949
-2791 8349
2280 -552
3653 -9841
-8922 -5195
2096 1189
210 -3900
5531 6848
2962 -9953
-8513 -5689
1708 -8169
-2410 8569
-6080 5120
5810 -2092
-7950 9370
-8800 2713
-4211 6086
2187 9137
-9207 9667
6584 -4162
-8554 5638
-2330 3601
-8975 7037
2684 9127
8303 -5199
-2685 -6252
-640 -8521
6222 7509
-1333 -5985
7711 5576
1714 7949
4443 3027
9723 3994
-7100 8389
-3983 2541
6487 5976
8157 -8658
-80 7276
6761 1728
5714 1213
-3361 3416
9707 -2463
9086 5366
5976 1525
-1367 -6631
4318 -4319
-5020 8450
-8043 -4860
9951 9031
-761 6636
2801 4022
-7188 6193
7480 1816
-2597 -3388
-2279 9751
3850 9173
-6657 9729
450 1848
-9484 -6815
6539 875
8935 4460
7859 6659
7623 -8240
9628 369
7707 3623
-6261 5064
-5552 4567
-5116 5199
4749 5586
5518 9220
-1486 690
-6205 6709
3814 -4119
-7120 427
-2440 7563
7636 6112
62 6835
6414 1164
-3490 -1456
407 -8522
-9067 -3729
2413 -5575
-2258 -9082
2439 6968
-2292 -1057
1730 -8849
-5056 -4856
4802 -385
687 -2627
-3613 -2601
-8805 -3484
-7355 794
2732 -7812
2426 596
1999 -8690
-7495 -1036
1236 7757
-4563 1091
173 -1369
-71 -1280
9258 5247
-180 5299
-8851 6374
-3610 -6222
-3135 -5738
-7371 -8216
-8944 8995
-7348 4704
-4732 3159
-9296 3464
9129 -8164
9487 -5873
3558 8236
8001 5277
-4683 4023
-9003 -4091
6709 6115
7888 -8646
-973 5909
-3318 6556
5260 -7507
-5356 -4984
-8226 5476
-7200 -2043
7216 -3115
-6838 -6045
-1039 -2931
-734 1733
-2736 3145
-4503 8119
6790 9062
1607 58
383 -2296
5834 -8930
-4991 7940
-3377 5846
-8982 -6492
-8719 -6425
1257 5699
-8283 -9942
-4610 -7487
-8213 -2743
6870 -6201
917 7021
9027 -8713
8872 -9897
-9138 9929
652 1541
374 3816
1222 3171
-872 9930
-2922 1359
-3165 -9852
-9382 4811
-3606 8552
-2963 -5157
-4600 -7225
-4446 -1699
7511 -9108
-6392 5856
424 -4554
-548 5830
7148 7036
9270 7352
4416 3032
-8593 2767
5127 6001
8218 -9801
8056 4049
3591 -9849
-2651 3556
-8477 7510
4261 -6366
-1871 -7875
1087 -2315
9349 -6772
-9162 4636
-6901 -9456
-9608 6727
-3540 9395
3001 -7090
209 8706
-591 5613
5158 -7130
-7927 1605
3888 -97
7281 -2868
6302 -2236
6476 1359
9303 -9250
-1414 4232
-1989 1084
2525 -5382
-5854 3998
688 -6925
6822 3028
7593 7216
-7499 -5485
-5194 -8448
1060 -7785
-1302 -2343
-7198 1379
1264 -1256
4669 8981
6714 8595
-6294 7626
4978 621
-8732 -9819
5013 787
4530 1346
738 3576
-6974 -5550
3876 8465
8417 9579
46 9268
3504 172
9791 2202
-1170 -2455
-2869 3861
2114 4613
5857 -2276
792 8355
4612 6637
-798 2904
-8858 -6128
2345 -5141
-9299 -3659
9854 -9416
-6027 -7040
8266 6123
4286 -9122
-3852 2991
3690 -811
9489 9567
5197 7847
3227 -7047
5804 -2824
1979 -5816
-7197 7598
7846 3261
678 9372
-4769 -8659
-8005 -1688
5004 -9810
465 3348
-1963 6036
2315 7166
-8185 9960
-4547 5159
1666 -9918
-355 -5465
-5786 9260
9511 -3112
-1954 522
-9728 5813
-2102 -5617
-2421 1578
-4123 -7248
-6020 -6826
8827 -1666
-2779 7666
3918 5694
7046 -2634
3199 40
-4364 7953
1824 -1
-7715 -133
1725 -2409
473 7730
5636 6705
-3469 7322
-6851 -9956
-3315 -1315
855 -7824
-8696 7135
-6285 -9589
-2469 9315
5175 -7484
7828 1222
8258 -464
-6767 6362
-9853 -4066
-5635 -3506
2187 -9252
-6739 -5252
-2187 8795
3171 -9371
-1583 9862
8190 5152
-7218 1905
-9592 -6299
-508 -5506
8176 3840
-1259 -7411
1584 8789
1458 5195
3820 4148
-8984 5481
-8496 -9354
8961 -9560
-5502 6573
-2964 -8918
4702 -8626
8746 -8878
-37 7444
-3527 4085
-7852 7782
5119 -7345
-4226 5269
9754 -6357
-7090 4069
4145 4220
9053 -934
5476 6641
4135 4851
-4453 -4515
8204 -5511
4068 2296
-16 8208
-8215 -5685
-1761 3620
1564 -7811
-3746 -4727
5592 9643
282 1899
-8916 -9106
