0
-1
-2
-3
-4
-5
-6
-7
-8
-9
-10
-11
-12
-13
-14
-15
-16
-17
-18
-19
-20
-21
-22
-23
-24
-25
-26
-27
-28
-29
-30
-31
-32
-33
-34
-35
-36
-37
-38
-39
-40
-41
-42
-43
-44
-45
-46
-47
-48
-49
-50
-51
-52
-53
-54
-55
-56
-57
-58
-59
-60
-61
-62
-63
-64
-65
-66
-67
-68
-69
-70
-71
-72
-73
-74
-75
-76
-77
-78
-79
-80
-81
-82
-83
-84
-85
-86
-87
-88
-89
-90
-91
-92
-93
-94
-95
-96
-97
-98
-99
-100
-101
-102
-103
-104
-105
-106
-107
-108
-109
-110
-111
-112
-113
-114
-115
-116
-117
-118
-119
-120
-121
-122
-123
-124
-125
-126
-127
-128
-129
-130
-131
-132
-133
-134
-135
-136
-137
-138
-139
-140
-141
-142
-143
-144
-145
-146
-147
-148
-149
-150
-151
-152
-153
-154
-155
-156
-157
-158
-159
-160
-161
-162
-163
-164
-165
-166
-167
-168
-169
-170
-171
-172
-173
-174
-175
-176
-177
-178
-179
-180
-181
-182
-183
-184
-185
-186
-187
-188
-189
-190
-191
-192
-193
-194
-195
-196
-197
-198
-199
-200
-201
-202
-203
-204
-205
-206
-207
-208
-209
-210
-211
-212
-213
-214
-215
-216
-217
-218
-219
-220
-221
-222
-223
-224
-225
-226
-227
-228
-229
-230
-231
-232
-233
-234
-235
-236
-237
-238
-239
-240
-241
-242
-243
-244
-245
-246
-247
-248
-249
-250
-251
-252
-253
-254
-255
-256
-257
-258
-259
-260
-261
-262
-263
-264
-265
-266
-267
-268
-269
-270
-271
-272
-273
-274
-275
-276
-277
-278
-279
-280
-281
-282
-283
-284
-285
-286
-287
-288
-289
-290
-291
-292
-293
-294
-295
-296
-297
-298
-299
-300
-301
-302
-303
-304
-305
-306
-307
-308
-309
-310
-311
-312
-313
-314
-315
-316
-317
-318
-319
-320
-321
-322
-323
-324
-325
-326
-327
-328
-329
-330
-331
-332
-333
-334
-335
-336
-337
-338
-339
-340
-341
-342
-343
-344
-345
-346
-347
-348
-349
-350
-351
-352
-353
-354
-355
-356
-357
-358
-359
-360
-361
-362
-363
-364
-365
-366
-367
-368
-369
-370
-371
-372
-373
-374
-375
-376
-377
-378
-379
-380
-381
-382
-383
-384
-385
-386
-387
-388
-389
-390
-391
-392
-393
-394
-395
-396
-397
-398
-399
-400
-401
-402
-403
-404
-405
-406
-407
-408
-409
-410
-411
-412
-413
-414
-415
-416
-417
-418
-419
-420
-421
-422
-423
-424
-425
-426
-427
-428
-429
-430
-431
-432
-433
-434
-435
-436
-437
-438
-439
-440
-441
-442
-443
-444
-445
-446
-447
-448
-449
-450
-451
-452
-453
-454
-455
-456
-457
-458
-459
-460
-461
-462
-463
-464
-465
-466
-467
-468
-469
-470
-471
-472
-473
-474
-475
-476
-477
-478
-479
-480
-481
-482
-483
-484
-485
-486
-487
-488
-489
-490
-491
-492
-493
-494
-495
-496
-497
-498
-499
-500
-501
-502
-503
-504
-505
-506
-507
-508
-509
-510
-511
-512
-513
-514
-515
-516
-517
-518
-519
-520
-521
-522
-523
-524
-525
-526
-527
-528
-529
-530
-531
-532
-533
-534
-535
-536
-537
-538
-539
-540
-541
-542
-543
-544
-545
-546
-547
-548
-549
-550
-551
-552
-553
-554
-555
-556
-557
-558
-559
-560
-561
-562
-563
-564
-565
-566
-567
-568
-569
-570
-571
-572
-573
-574
-575
-576
-577
-578
-579
-580
-581
-582
-583
-584
-585
-586
-587
-588
-589
-590
-591
-592
-593
-594
-595
-596
-597
-598
-599
-600
-601
-602
-603
-604
-605
-606
-607
-608
-609
-610
-611
-612
-613
-614
-615
-616
-617
-618
-619
-620
-621
-622
-623
-624
-625
-626
-627
-628
-629
-630
-631
-632
-633
-634
-635
-636
-637
-638
-639
-640
-641
-642
-643
-644
-645
-646
-647
-648
-649
-650
-651
-652
-653
-654
-655
-656
-657
-658
-659
-660
-661
-662
-663
-664
-665
-666
-667
-668
-669
-670
-671
-672
-673
-674
-675
-676
-677
-678
-679
-680
-681
-682
-683
-684
-685
-686
-687
-688
-689
-690
-691
-692
-693
-694
-695
-696
-697
-698
-699
-700
-701
-702
-703
-704
-705
-706
-707
-708
-709
-710
-711
-712
-713
-714
-715
-716
-717
-718
-719
-720
-721
-722
-723
-724
-725
-726
-727
-728
-729
-730
-731
-732
-733
-734
-735
-736
-737
-738
-739
-740
-741
-742
-743
-744
-745
-746
-747
-748
-749
-750
-751
-752
-753
-754
-755
-756
-757
-758
-759
-760
-761
-762
-763
-764
-765
-766
-767
-768
-769
-770
-771
-772
-773
-774
-775
-776
-777
-778
-779
-780
-781
-782
-783
-784
-785
-786
-787
-788
-789
-790
-791
-792
-793
-794
-795
-796
-797
-798
-799
-800
-801
-802
-803
-804
-805
-806
-807
-808
-809
-810
-811
-812
-813
-814
-815
-816
-817
-818
-819
-820
-821
-822
-823
-824
-825
-826
-827
-828
-829
-830
-831
-832
-833
-834
-835
-836
-837
-838
-839
-840
-841
-842
-843
-844
-845
-846
-847
-848
-849
-850
-851
-852
-853
-854
-855
-856
-857
-858
-859
-860
-861
-862
-863
-864
-865
-866
-867
-868
-869
-870
-871
-872
-873
-874
-875
-876
-877
-878
-879
-880
-881
-882
-883
-884
-885
-886
-887
-888
-889
-890
-891
-892
-893
-894
-895
-896
-897
-898
-899
-900
-901
-902
-903
-904
-905
-906
-907
-908
-909
-910
-911
-912
-913
-914
-915
-916
-917
-918
-919
-920
-921
-922
-923
-924
-925
-926
-927
-928
-929
-930
-931
-932
-933
-934
-935
-936
-937
-938
-939
-940
-941
-942
-943
-944
-945
-946
-947
-948
-949
-950
-951
-952
-953
-954
-955
-956
-957
-958
-959
-960
-961
-962
-963
-964
-965
-966
-967
-968
-969
-970
-971
-972
-973
-974
-975
-976
-977
-978
-979
-980
-981
-982
-983
-984
-985
-986
-987
-988
-989
-990
-991
-992
-993
-994
-995
-996
-997
-998
-999
9172
5939
7001
-4162
3332
3999
-6102
-4234
-7568
7361
8172
-9085
-4147
-5067
1711
7670
-3750
8536
1031
6805
-8311
3522
-8434
-4632
-3161
-8305
9270
1741
6857
2853
5354
7166
-1650
1204
7870
-4264
9884
-6961
-4370
4194
-8499
4616
5973
4776
7419
9442
-6949
-4844
9951
5357
-9706
3829
2703
7696
2042
-3860
-6286
2569
-4321
-5350
8216
4111
5811
6581
5580
3757
-3007
3723
-1077
-3716
2410
2295
5769
4060
-9070
-9221
-1229
8454
6808
1752
3090
-8427
2582
3770
-8109
3753
5102
-6587
-8493
-7656
-4664
-4597
-2130
6859
-8064
-6826
-5475
4387
-7743
-4003
9518
6290
-2937
-1078
6992
3381
2529
2910
9546
-3520
-2184
-8527
-6604
-1408
4115
5081
-8811
7530
2486
-4819
6697
9175
-1908
-4761
1064
2477
4641
1192
-4644
7548
6044
3812
-2091
-2464
-6598
7960
6989
6620
-8628
-6856
9673
-9098
-3205
9462
-6992
-9797
8814
7653
-8685
9666
6977
3291
-4116
-7523
8918
7551
-7156
-1767
-2125
9018
5905
4006
-1232
1629
-5107
-7223
5848
8996
-6061
5446
2532
-4905
-3908
-3039
8611
9547
7991
-7391
9371
-6810
9657
8131
3088
8352
-2908
-8560
-7575
-7555
-1098
6837
8038
4831
-6922
7946
4315
-7021
-9096
-3704
-5005
-6863
8976
6404
7273
4088
7293
8019
9115
-6585
-8092
9043
-4139
2273
-1540
1878
-9960
3885
-8738
2089
-4159
-9953
-4080
-5907
-9270
-7435
8488
-1997
6143
-7355
-5642
-4105
-7432
-6675
-4379
2545
-8984
-1377
4850
-2546
-1223
-3002
-4131
5200
2991
-9978
-6736
4171
-4142
7625
8160
-2081
5296
-5635
2279
-6064
-5650
1230
1272
-8210
8436
-2694
8287
3353
-4264
4653
3589
2681
6067
9670
9900
-4060
9977
1756
9431
4536
9786
-2531
-4275
6266
-5557
-2129
-1346
-2662
3003
4378
-4967
-8459
-8295
-2160
9320
4852
-9219
2092
-8918
-8965
-4501
9471
-4803
-5075
-2064
1481
3915
8855
5409
7769
5529
-8746
2260
8419
-2227
-8617
-1063
-2938
8142
-6141
5837
-1533
6012
-4142
8224
-6602
-3356
-9187
6386
9180
-1908
1691
-5738
-5570
7014
-8798
9591
6928
-4070
8441
8059
-7130
7026
3908
-8021
-8077
9764
1189
3486
-4528
-9895
-3669
-4114
4355
9273
-3660
3761
-6642
4752
2899
-9284
-1246
7334
-7160
2620
-5766
9906
-4379
7021
5295
2232
-7241
8649
-9120
9328
-1809
9432
-7203
7351
8317
-7880
2204
8075
3050
3863
6382
-3597
5091
5316
6781
-4275
-6643
3213
8761
-7233
-8039
2929
-2034
-5071
5325
1230
8015
-3971
-1043
4157
-1374
-5899
8607
-5854
3740
5766
1011
2869
9732
-8127
1013
-7473
-6387
5165
-7265
3088
-3677
-9750
-7493
2743
2386
-2936
8211
4036
-2553
-9413
-8133
-6547
9483
9519
7579
8311
6607
7362
6357
-7857
-6915
-9924
4619
-5507
6892
3812
9437
-2825
-6297
9036
1945
6249
-8205
1177
-2767
-1970
-9482
9937
-2942
9901
7484
5999
-8923
-8075
-6210
-2910
8627
-8197
-3134
-3169
7326
2165
-8890
-3441
3069
8913
7731
5552
5006
3605
-3282
-2333
3462
-7809
5879
8579
6920
2384
2200
9319
5054
3522
-5900
-2598
-5995
-3512
7527
-1549
3567
1979
4810
7269
-4169
-4581
3392
-4131
9093
-4737
6026
-9559
8230
4498
-6709
4582
-7714
-8526
7716
6502
-9457
7383
-8285
-5959
-3096
-3959
5424
-5810
-9659
5198
1632
9159
-3706
-9115
-5058
-3492
2745
9500
9157
6603
-7793
9692
-2728
6371
5544
4897
-1041
9614
-1418
-1786
-4412
7294
-2281
-8198
-8808
3095
4898
-7781
-2850
7019
-4164
-6837
7391
-8585
-8776
-5596
-1628
9799
-5973
-5896
7651
-5946
-7736
-6255
-9629
-8818
3185
2529
7006
-4384
8899
-5542
3896
-1444
8183
-2951
3949
6782
8864
-6869
-3232
-3894
-7254
-1128
-8864
9628
-8907
-8832
-7118
9791
9131
-7038
9040
2712
8137
5046
-1555
1786
7491
2856
-1111
-2167
8928
4436
-1691
2788
7893
3736
-2678
7067
10000
-9044
-6218
-7539
-2874
-5224
-6604
3185
-7724
1749
-6094
-3943
4714
1830
-5763
-2101
-2304
-7758
2317
-9213
8549
2706
2489
-7390
7365
2195
4195
-1319
-2834
-2528
-9363
6718
-7633
2942
2137
9045
-5880
-2155
9279
6573
-9690
3421
-6199
-5721
2370
8506
8430
-4485
1366
-7117
-7015
4327
-2009
4254
3298
-1706
-4425
7769
2368
-9058
5735
-8848
-2177
-2116
-1624
9793
4307
9485
8496
-7598
-3347
6933
-2653
1864
7513
1066
-6095
7454
-6292
8198
-5146
4036
5406
9397
-8480
-1414
1947
7441
-2684
5514
-7137
3357
2735
1362
1451
-6789
3677
-2766
-1312
5509
-2515
-4146
-4362
-5958
2122
8121
6494
5596
4110
6363
6229
-7540
8860
9915
-3119
2693
2103
6644
4987
3634
1072
3062
-8226
7833
3948
-3238
-4569
8144
9914
4349
5604
-1763
-2531
-6621
-3156
-9732
-4882
-4757
9979
3659
8778
3092
-6486
-2339
-6655
4706
-5547
6845
1907
7595
-9846
1597
-2310
-8198
-7361
-1466
1887
-7541
-1498
-4774
-9386
-7907
-3953
-8426
-3308
1974
-3323
-1955
7840
-9090
-4854
-1176
-9726
-3187
5021
-2347
-5566
-2597
7415
7127
-7565
5867
-2861
-4095
3881
-2048
-9807
3393
3050
-3331
-5846
-2538
9978
5189
5748
1350
-6357
8395
3252
9492
-7655
9467
-9370
-5232
-6629
2104
2027
5907
-5719
-1136
-9941
-7810
-6548
-3734
-7073
-3295
-1048
-2807
4460
8354
5686
-4756
4513
-9229
7925
4541
-9849
-5546
-5956
-7931
-5738
-9589
8549
-4102
3954
-1782
9911
-3642
5605
-4381
6957
3348
8782
-9286
5571
-9931
2534
9147
9471
-4436
5312
-7582
-7672
8165
-8731
-7702
-4663
7494
-1315
-5642
3518
1260
-3011
1085
-6982
7064
-3790
-9078
1776
-4225
-2698
-5864
8286
-5057
9603
5546
1080
2706
-3239
-5453
1100
-5939
6659
-8312
-4248
9073
1045
9456
4865
-6224
4446
-3984
2554
-4339
-9709
-9909
-4972
-7335
-9744
8420
2052
7145
8559
-1401
-2052
2282
-5257
-8804
5675
6162
4599
-7199
8582
7375
4672
-1580
4936
8722
2921
8977
2604
3762
-9826
3260
-9126
-5997
7550
3152
9138
-1547
4177
-5335
2220
4567
-4650
3204
7563
7403
-6199
3209
8790
-5249
7427
-2779
-3854
-7321
-3453
-9910
9272
3508
6287
-8373
-9809
3439
-7326
-6165
7530
-8973
-7792
6350
3020
6793
-9510
3950
-1085
-8188
-5155
8385
-3773
-5041
-5866
1505
1324
-3927
2282
2179
-8233
-1556
-9640
-3658
-9152
4136
3345
6273
2345
-6186
-6656
