10001
-1
-2
-3
-4
-5
-6
-7
-8
-9
-10
-11
-12
-13
-14
-15
-16
-17
-18
-19
-20
-21
-22
-23
-24
-25
-26
-27
-28
-29
-30
-31
-32
-33
-34
-35
-36
-37
-38
-39
-40
-41
-42
-43
-44
-45
-46
-47
-48
-49
-50
-51
-52
-53
-54
-55
-56
-57
-58
-59
-60
-61
-62
-63
-64
-65
-66
-67
-68
-69
-70
-71
-72
-73
-74
-75
-76
-77
-78
-79
-80
-81
-82
-83
-84
-85
-86
-87
-88
-89
-90
-91
-92
-93
-94
-95
-96
-97
-98
-99
-100
-101
-102
-103
-104
-105
-106
-107
-108
-109
-110
-111
-112
-113
-114
-115
-116
-117
-118
-119
-120
-121
-122
-123
-124
-125
-126
-127
-128
-129
-130
-131
-132
-133
-134
-135
-136
-137
-138
-139
-140
-141
-142
-143
-144
-145
-146
-147
-148
-149
-150
-151
-152
-153
-154
-155
-156
-157
-158
-159
-160
-161
-162
-163
-164
-165
-166
-167
-168
-169
-170
-171
-172
-173
-174
-175
-176
-177
-178
-179
-180
-181
-182
-183
-184
-185
-186
-187
-188
-189
-190
-191
-192
-193
-194
-195
-196
-197
-198
-199
-200
-201
-202
-203
-204
-205
-206
-207
-208
-209
-210
-211
-212
-213
-214
-215
-216
-217
-218
-219
-220
-221
-222
-223
-224
-225
-226
-227
-228
-229
-230
-231
-232
-233
-234
-235
-236
-237
-238
-239
-240
-241
-242
-243
-244
-245
-246
-247
-248
-249
-250
-251
-252
-253
-254
-255
-256
-257
-258
-259
-260
-261
-262
-263
-264
-265
-266
-267
-268
-269
-270
-271
-272
-273
-274
-275
-276
-277
-278
-279
-280
-281
-282
-283
-284
-285
-286
-287
-288
-289
-290
-291
-292
-293
-294
-295
-296
-297
-298
-299
-300
-301
-302
-303
-304
-305
-306
-307
-308
-309
-310
-311
-312
-313
-314
-315
-316
-317
-318
-319
-320
-321
-322
-323
-324
-325
-326
-327
-328
-329
-330
-331
-332
-333
-334
-335
-336
-337
-338
-339
-340
-341
-342
-343
-344
-345
-346
-347
-348
-349
-350
-351
-352
-353
-354
-355
-356
-357
-358
-359
-360
-361
-362
-363
-364
-365
-366
-367
-368
-369
-370
-371
-372
-373
-374
-375
-376
-377
-378
-379
-380
-381
-382
-383
-384
-385
-386
-387
-388
-389
-390
-391
-392
-393
-394
-395
-396
-397
-398
-399
-400
-401
-402
-403
-404
-405
-406
-407
-408
-409
-410
-411
-412
-413
-414
-415
-416
-417
-418
-419
-420
-421
-422
-423
-424
-425
-426
-427
-428
-429
-430
-431
-432
-433
-434
-435
-436
-437
-438
-439
-440
-441
-442
-443
-444
-445
-446
-447
-448
-449
-450
-451
-452
-453
-454
-455
-456
-457
-458
-459
-460
-461
-462
-463
-464
-465
-466
-467
-468
-469
-470
-471
-472
-473
-474
-475
-476
-477
-478
-479
-480
-481
-482
-483
-484
-485
-486
-487
-488
-489
-490
-491
-492
-493
-494
-495
-496
-497
-498
-499
-500
1961
2093
6740
1298
-3857
-9328
-6124
6353
6231
4896
8057
-9063
-7657
-6623
4406
-2387
2584
3843
6883
3639
-6578
-8718
3348
6443
-7124
-1477
-5024
-8588
6345
-5049
4146
3762
7289
9321
-1103
-5033
9416
1523
-4029
8101
3703
-9914
-3847
-8130
-3534
-4248
8380
-9410
3853
3477
8906
7662
5154
-4793
-7913
-8589
5169
-5765
4108
-1354
-3054
-2030
-7379
-7625
5710
-8831
2511
6027
3951
-6321
-8001
5218
-6969
6070
-8381
-6134
9305
-9624
4750
-5099
9369
-7317
-3525
7548
8051
5714
-7434
-4971
7965
-6816
3722
-4348
-2168
3517
4437
-1395
-2831
5265
9523
-5238
7484
-2872
-4460
-1783
2273
6991
9927
-1453
-2852
6678
-2119
-2673
-5860
1039
1117
7592
-3054
6078
2586
-7995
2738
2753
-8456
1691
2887
-6306
-3193
1075
-8872
-8525
-7625
-2916
-4332
-7422
1337
9196
5623
1621
1976
8186
6833
-2901
-1078
1506
6832
6339
9428
-4279
-4909
-3215
-1020
3844
1606
-5599
-5993
9464
-5418
-5215
3960
-6587
8787
-9488
6124
2589
-2310
2691
-8704
-7171
-2759
2248
5365
-9620
-8768
5335
-4637
9175
1801
-1723
-3191
7266
-3820
-3641
2077
7720
-3862
3814
3955
7491
4185
-7880
-3649
-1118
4617
-9710
3644
2974
1462
7943
7297
-1394
-4797
7348
-6515
-3626
-1696
-3149
3204
-6202
-3760
4738
-5757
-5117
5511
5179
-4782
-7774
8677
-9414
1825
5295
-9826
3859
-1620
5376
-9278
7903
3174
-6923
4106
6474
6773
-9784
-6478
8623
2509
8352
8002
-9294
2496
-4724
-2857
-7143
8513
-7679
7092
-2594
-3508
3982
4333
8845
7733
-3993
8543
6447
-1246
-9514
7947
2209
-5174
3887
2346
1375
5847
-6152
-5505
1449
6528
9642
3277
-8353
6611
2684
-5106
8732
7715
-5523
-5909
-7184
-7032
-1250
-2236
9214
-7243
4328
-7023
-4292
1913
-5563
-9111
4031
7911
7750
-5612
5931
2111
5406
-2120
-7421
-7337
3811
5378
4720
-2511
1917
9148
-1987
-1912
-5168
-3613
-5109
9841
1256
3872
3653
3814
-6238
-5276
-6533
-8904
-3090
-1282
-5176
5793
-3749
-6100
-7452
3778
-1965
7077
-2232
9739
7559
-3846
-6107
-8512
1334
-1620
5495
6389
1628
9368
9666
4932
7075
-1308
2281
2333
5631
4496
9468
5898
-3317
6694
9586
-9834
4279
-9871
2641
-9465
1719
8099
4508
-8687
2954
-5432
7169
6322
-4491
2499
-6632
-1928
-6772
-9428
8565
8219
-5859
6497
7619
-6172
6816
-4161
-6127
-8456
5828
2038
9385
2213
-9873
3077
-6541
4256
2254
5566
-8966
5646
8169
-6571
8440
-2844
-3488
2540
-4780
-6799
8027
-5959
7169
4930
-1003
-8771
-5292
-2315
7475
-8509
-5191
-3788
-7903
7842
-4896
4949
-2582
4422
7284
-3430
1141
8578
6691
9291
9496
7748
-5300
-4053
-8016
5814
-9738
8002
9772
2789
3117
7665
-6419
-9268
5090
3629
6705
-4413
-2176
7098
5103
4534
-4371
7428
-9778
-2335
-7411
3750
-9138
-1710
-3961
1509
-5262
6119
-1767
-9090
-6886
-8243
7232
9344
3834
-5082
4169
7891
-8583
-6215
-2810
3686
-5376
8236
-6604
4482
-4937
-8386
4680
-7768
-3623
-7218
1278
-9393
7048
8785
-7761
-1620
-3215
8537
-2272
-6231
-5957
2952
-5422
-7480
-2054
-8190
-1384
2491
7410
9334
7058
-6262
8880
7627
8345
7268
-6909
-3112
-2346
5260
9589
-9080
3117
3821
2708
5653
-1793
-4477
-6663
1112
-8018
-1088
9374
6503
7241
4567
-7416
9890
-1263
-6705
6566
8081
1469
-3791
4810
9385
9918
4922
8629
-2461
6406
-1610
5561
4598
7719
9598
-8328
9786
4318
8487
-8330
6358
-5851
6767
-5725
8797
9245
4583
2415
-4282
4301
5944
1880
-8576
-2755
-9355
3987
8996
-1095
-2190
-8245
-5136
-8913
-5368
8163
6306
-7919
-5742
2015
3040
1657
-8665
6695
-1874
1909
-7366
6388
5155
7757
-2853
-3616
1597
8814
5416
-2650
-7833
-7974
2910
5422
-2545
-1970
-7169
-3211
4669
-5036
8956
1612
9338
1646
1395
5656
-8638
-6199
-4882
9436
3640
-8175
3377
3047
5482
-6105
-8344
8731
-5454
-7923
-1924
-4698
8210
-9978
-3996
8376
8444
-9789
8092
-3890
1086
-9334
-6476
-1872
-9001
9458
3241
9198
-3432
2615
4166
5166
-7012
-6955
4689
7733
-5058
-8653
-9701
-7082
-3781
8420
-7054
-5696
1012
7562
5165
-9929
-4383
-3133
-2550
2271
-9307
7265
-8161
-5243
2266
-4963
1883
-6574
5741
2974
-8289
8697
-5554
-4875
-2018
7860
4230
-5391
-8159
-5803
2155
-9049
-7787
-6362
-7853
3147
7595
2239
1048
-5691
-7805
1294
4727
-5419
2351
4275
1644
-8932
-3392
2943
-1873
-8316
3099
-2940
-4478
4580
-6788
2441
1790
-4116
-2983
-8255
5409
-5229
6193
4808
6817
-3172
-1366
-4623
6205
-3301
5030
-6831
-7888
-2785
-7737
8055
8871
-4223
-1416
-8562
9862
-4039
2039
3551
3596
-3623
-1702
-2310
-1960
-5194
-5751
2336
-7193
1558
-1403
7768
8875
-3879
-4453
-1834
4363
3549
-5991
7639
3355
3131
-1564
7865
-2608
-4187
1192
-8729
5652
9395
3694
6073
8475
-1044
5355
8547
1478
7978
1466
8121
-4434
1957
-9381
5525
7539
-5085
-3715
-4660
-2800
9562
9356
6699
9100
-2385
-3201
4155
2566
9651
-7346
-5320
-4810
1882
5597
5421
9424
-3543
8395
1420
-2402
8709
7341
3328
5682
4128
-2060
-3526
-5724
7505
9920
5161
1659
8062
-5272
-5565
3242
-8288
-6300
1495
-3735
2393
-3234
-2440
-2829
-2384
-2600
-8280
6004
7196
-7102
6380
-9429
5758
7480
8261
2233
-6441
4805
7238
-7316
-1047
-2767
8543
7745
4648
-6876
4510
-3468
9335
-4957
3803
-4908
6236
-6608
-6299
-2710
6825
-1074
2382
1990
1629
-1754
9126
-5907
4044
6756
-6188
-1244
-6749
-4728
-4241
-3882
-4382
7874
3361
3864
-2561
-1790
1095
4709
5010
-8982
-3208
-3236
8967
-9773
-7768
-8970
-5718
-7390
3184
-1619
-2107
-2326
-5844
6069
-5812
2370
-9145
5702
1989
7812
6544
-8887
5776
5883
6830
9702
5944
-2799
-7849
-3029
-3680
-3253
-8063
-9347
7985
5106
-5379
6313
7738
2109
-3604
-7484
2432
4055
2264
-6232
-8960
-3516
-9964
-2888
1868
2258
2084
-3223
8802
-6709
-9613
6394
8486
2344
5630
7390
8235
-6977
4923
8351
-1947
5731
5501
4680
-6108
-6139
7957
-3938
-1054
4717
-8837
-6527
-8106
-6587
-9832
6581
-8560
1050
-8293
9747
1965
8882
8055
2100
-4060
-6681
-3602
-4126
-9958
4038
2453
-1429
-7945
-7932
-8043
