240000
120000
80000
60000
1001
1000
999
998
997
996
995
994
993
992
991
990
989
988
987
986
985
984
983
982
981
980
979
978
977
976
975
974
973
972
971
970
969
968
967
966
965
964
963
962
961
960
959
958
957
956
955
954
953
952
951
950
949
948
947
946
945
944
943
942
941
940
939
938
937
936
935
934
933
932
931
930
929
928
927
926
925
924
923
922
921
920
919
918
917
916
915
914
913
912
911
910
909
908
907
906
905
904
903
902
901
900
899
898
897
896
895
894
893
892
891
890
889
888
887
886
885
884
883
882
881
880
879
878
877
876
875
874
873
872
871
870
869
868
867
866
865
864
863
862
861
860
859
858
857
856
855
854
853
852
851
850
849
848
847
846
845
844
843
842
841
840
839
838
837
836
835
834
833
832
831
830
829
828
827
826
825
824
823
822
821
820
819
818
817
816
815
814
813
812
811
810
809
808
807
806
805
804
803
802
801
800
799
798
797
796
795
794
793
792
791
790
789
788
787
786
785
784
783
782
781
780
779
778
777
776
775
774
773
772
771
770
769
768
767
766
765
764
763
762
761
760
759
758
757
756
755
754
753
752
751
750
749
748
747
746
745
744
743
742
741
740
739
738
737
736
735
734
733
732
731
730
729
728
727
726
725
724
723
722
721
720
719
718
717
716
715
714
713
712
711
710
709
708
707
706
705
704
703
702
701
700
699
698
697
696
695
694
693
692
691
690
689
688
687
686
685
684
683
682
681
680
679
678
677
676
675
674
673
672
671
670
669
668
667
666
665
664
663
662
661
660
659
658
657
656
655
654
653
652
651
650
649
648
647
646
645
644
643
642
641
640
639
638
637
636
635
634
633
632
631
630
629
628
627
626
625
624
623
622
621
620
619
618
617
616
615
614
613
612
611
610
609
608
607
606
605
604
603
602
601
600
599
598
597
596
595
594
593
592
591
590
589
588
587
586
585
584
583
582
581
580
579
578
577
576
575
574
573
572
571
570
569
568
567
566
565
564
563
562
561
560
559
558
557
556
555
554
553
552
551
550
549
548
547
546
545
544
543
542
541
540
539
538
537
536
535
534
533
532
531
530
529
528
527
526
525
524
523
522
521
520
519
518
517
516
515
514
513
512
511
510
509
508
507
506
505
504
503
502
-2075
8984
-7143
3098
-2352
3873
6433
-3975
3999
5164
-327
-5621
-5843
-9010
7737
8756
3618
-4094
-258
5107
9865
-6699
-5118
-4866
-4571
5667
7659
-9424
-1001
4437
6810
2855
2526
-1728
-7307
-190
8804
4928
8835
8922
5240
7141
-1624
4976
-2362
2304
-1363
-6521
-2625
-3673
6054
-546
6473
-3388
6065
8519
-4899
-4349
-6188
-6460
-7475
6690
-8537
5726
-9730
-8017
-4147
7683
-469
-2974
-5158
7721
-6149
-6902
-3086
-6693
2087
6276
-533
-9535
-4968
-6466
-41
6154
-6444
-666
-4984
9552
-8364
2708
2987
-3723
7630
-7626
4197
5910
-8763
-6846
-9588
-2992
8480
-2550
-2087
5512
-2389
6255
-1213
-5326
4537
9807
-325
7428
5735
9886
6902
2483
2701
8407
-3514
3849
5415
4179
-6441
5149
-3155
-2507
-7496
3630
-4562
-901
-7117
-5600
4787
-8423
4833
-9395
4313
-480
9269
-373
-7565
4571
-9681
-5475
3002
-2581
9134
7012
-2142
-4889
-5789
3427
-7528
-2507
7221
5066
-7980
3173
-6108
4626
-2769
-3505
-9279
5965
-1304
-7331
-6157
3930
2939
3361
-1398
-6821
3943
-1082
3685
-8790
-5553
-5456
5011
7163
8115
3754
-4800
-1306
-1015
4482
-3251
9134
6637
3948
-5608
-1468
-2113
5249
-8145
3803
8087
8218
-4138
3784
5309
-1256
8367
-7114
5321
-5738
9928
5898
6033
-9775
6619
-9775
-1968
-309
9739
-9303
-6998
-4510
-4548
-6888
-667
-3969
-7649
-2145
6697
3144
4183
-1308
-2320
9069
7107
3329
-6964
-4307
-7082
6105
-2184
8173
-8779
7831
5562
-6505
-4801
-635
5940
4363
-8777
9553
-5704
-8439
-345
-7484
-3687
7717
2920
-3088
-3917
2199
6508
-2869
6474
-7145
-6628
-229
8025
-5836
2071
-3664
2169
5982
-9015
-4157
-6303
-8367
6644
4021
-276
-7232
7472
4393
-2591
-4013
6442
-1407
-6116
-6275
-9951
-937
2414
-4722
-6810
5045
-5392
-6787
4354
9560
-6510
-9145
5487
9711
-5950
3216
5704
-7525
-6528
8828
4390
-1022
3186
-8088
4785
3837
-9340
-8446
-8720
5111
8563
-3331
5222
-2927
-8701
4767
7033
-3682
-4307
9566
-5425
-5597
9018
8073
-5466
9297
9603
-3206
3282
-9370
4140
6799
-1538
7020
9117
-1757
-9601
-3190
-7378
-8254
5588
7572
-9530
-9502
7190
-1238
-9210
3736
-895
-1344
5618
4882
-6106
-846
-3891
5606
4876
8959
8576
5310
-6903
9367
6733
2366
6318
7171
-2573
-8434
3700
-9621
2705
-5464
-9686
-9762
5983
-4592
-3133
5064
-4444
2980
-3706
3497
-558
-6903
3354
3905
-1894
-3497
-31
6954
4258
4838
6427
-6806
-6820
4113
6680
9575
-9530
7559
9192
-5868
2555
-9948
9059
-5503
4835
2710
-3794
2880
-2822
9545
-5140
-982
7770
-6196
3515
-6523
6811
7930
-4858
2383
-6690
2820
2577
-56
-9776
7602
7606
2486
2234
4386
-2256
3718
-7300
5548
6906
-1794
2314
-8553
4951
-7541
8403
-3827
5007
-8726
-4009
5199
7157
-7180
8670
7754
-8227
8087
-9068
-4796
-4762
-5144
-4899
-9829
6027
8372
3206
8426
-1940
-2588
5080
-5460
-8456
-8699
6180
5282
9605
-7048
-5174
-4146
9020
-5105
-5860
4951
9048
-1184
-4543
-2319
-5749
7059
-3608
-8885
4853
-5437
5840
-3168
-5246
-5573
3093
-9830
-1240
-4998
2815
7878
5776
-7369
-8840
-5822
-7689
-4560
-3268
-2886
-804
-8601
3950
3925
4005
-5302
-4259
5072
-1432
-9553
8155
-5233
-218
7968
-9140
-3469
-1281
-7087
-342
-3605
3428
-6363
-4504
-4743
-7009
3138
-1921
-6593
-9603
4914
4502
2484
3963
7308
-9600
-2639
5737
8926
7511
-4638
-9788
5504
8503
-2123
3322
4449
4716
-7242
-9853
-2429
-3917
-3090
7996
-5179
9051
-6684
-6022
-1432
-6931
7178
-4078
3394
-4027
-5991
-145
-6495
-2226
7884
4041
6102
-4844
4651
4600
2692
3813
7701
-2278
3132
4116
-680
-8952
2806
-162
-7807
-5096
-815
9241
-3526
-8343
-8230
-5270
-3518
2512
8987
4663
-5005
-4923
5393
-6728
-5718
-6569
-9409
-2020
9884
-7137
6800
7845
9129
-8811
-1453
-656
8509
-3161
-4595
6187
6343
7283
2524
-7389
3623
2854
-1214
-1442
-5545
-8349
-2115
-9562
-6728
-5182
-249
-6776
-969
-2540
-2535
-3086
9156
-9773
-4157
-3583
4006
9977
-2745
-7016
-6852
6497
-8852
9335
5326
4730
-8001
8413
5557
-5610
3937
6618
-1524
-6314
4388
-8662
5691
-2474
9136
3960
9182
4545
-5776
-7391
-7831
6942
3920
5973
-5966
-6172
-615
7224
-6131
-5475
-7579
-2711
-264
-748
-4365
-9497
-7933
2419
7253
-3788
3870
-7475
-517
4397
3363
3626
7914
4534
-3272
9539
-9465
7875
-7568
2143
3292
-6376
2044
9838
7477
-9662
-5881
-6213
-5701
-6671
9085
-5110
2054
-9861
3081
5305
-989
-1985
8708
5312
-7892
-3183
9133
-733
4409
7095
-9959
-1728
2701
9268
-3182
-7374
3763
-6063
6266
3239
7823
9632
-7441
7279
-5499
-4051
-857
-5398
2907
8980
-8588
-6466
2220
7952
-887
-1214
-1439
9995
8093
-7573
3698
-760
-7835
-5588
9355
-6238
-6985
-1137
-8459
-1535
-9035
-1929
-620
-8275
-2326
8353
-7729
-4864
3224
-5372
-2060
-7607
8714
-5806
2009
-4407
-3810
7461
-5634
8223
8195
-7287
-1766
9696
-8408
5128
7784
5480
8260
6345
-8529
2715
-605
3048
7348
3761
-670
5432
9605
-2185
-229
6032
7365
3037
9317
6095
7109
-3406
-5469
7482
-5800
5584
-4289
-1280
-4941
-5596
5904
6492
-443
7994
5926
-9238
3176
2700
9172
-5287
-8433
-338
-1685
6655
-7392
9641
-6286
5367
5592
6094
-6125
5529
-5973
-9582
3221
9195
4058
-8035
-2284
8936
2833
7416
4933
9982
-419
7855
2106
-2179
-5722
5785
6632
7205
2456
-2146
-9416
9796
-8908
-7249
4404
-5044
-3243
5248
5958
-6295
-7469
2979
-8622
6639
-2491
-3858
-7582
2701
9702
9774
7741
7391
5725
8071
-5446
7283
7743
-357
-6857
4462
8784
3141
-8458
-2505
9914
6832
-5964
-2980
5640
-8983
-8445
-3929
-7021
4893
3858
-7152
5430
4677
3410
3866
3237
-9141
5615
7688
7197
9823
7708
-9959
-702
-3620
-3441
-7154
-7784
-5333
-4428
-2455
-917
-6010
6121
-9383
-7872
7132
-9790
2518
6188
-5529
2315
7831
-4123
4011
-7857
8144
-5899
-4121
5111
2384
-1073
-2115
-9487
-9700
9344
7782
9217
-1949
-3438
-6105
-3916
9754
-6985
-54
-7952
-1150
-5841
6523
-1109
6857
9771
-7129
5969
9690
7564
2398
6667
-6054
3225
-788
-4049
-3367
-1065
