2
3
4
5
6
7
8
9
10
11
12
13
14
15
16
17
18
19
20
21
22
23
24
25
26
27
28
29
30
31
32
33
34
35
36
37
38
39
40
41
42
43
44
45
46
47
48
49
50
51
52
53
54
55
56
57
58
59
60
61
62
63
64
65
66
67
68
69
70
71
72
73
74
75
76
77
78
79
80
81
82
83
84
85
86
87
88
89
90
91
92
93
94
95
96
97
98
99
100
101
102
103
104
105
106
107
108
109
110
111
112
113
114
115
116
117
118
119
120
121
122
123
124
125
126
127
128
129
130
131
132
133
134
135
136
137
138
139
140
141
142
143
144
145
146
147
148
149
150
151
152
153
154
155
156
157
158
159
160
161
162
163
164
165
166
167
168
169
170
171
172
173
174
175
176
177
178
179
180
181
182
183
184
185
186
187
188
189
190
191
192
193
194
195
196
197
198
199
200
201
202
203
204
205
206
207
208
209
210
211
212
213
214
215
216
217
218
219
220
221
222
223
224
225
226
227
228
229
230
231
232
233
234
235
236
237
238
239
240
241
242
243
244
245
246
247
248
249
250
251
252
253
254
255
256
257
258
259
260
261
262
263
264
265
266
267
268
269
270
271
272
273
274
275
276
277
278
279
280
281
282
283
284
285
286
287
288
289
290
291
292
293
294
295
296
297
298
299
300
301
302
303
304
305
306
307
308
309
310
311
312
313
314
315
316
317
318
319
320
321
322
323
324
325
326
327
328
329
330
331
332
333
334
335
336
337
338
339
340
341
342
343
344
345
346
347
348
349
350
351
352
353
354
355
356
357
358
359
360
361
362
363
364
365
366
367
-999
368
0
-1
-2
-998
-997
-996
-995
-994
-993
-992
-991
-990
-989
-988
-987
-986
-985
-984
-983
-982
-981
-980
-979
-978
-977
-976
-975
-974
-973
-972
-971
-970
-969
-968
-967
-966
-965
-964
-963
-962
-961
-960
-959
-958
-957
-956
-955
-954
-953
-952
-951
-950
-949
-948
-947
-946
-945
-944
-943
-942
-941
-940
-939
-938
-937
-936
-935
-934
-933
-932
-931
-930
-929
-928
-927
-926
-925
-924
-923
-922
-921
-920
-919
-918
-917
-916
-915
-914
-913
-912
-911
-910
-909
-908
-907
-906
-905
-904
-903
-902
-901
-900
-899
-898
-897
-896
-895
-894
-893
-892
-891
-890
-889
-888
-887
-886
-885
-884
-883
-882
-881
-880
-879
-878
-877
-876
-875
-874
-873
-872
-871
-870
10000
9296
2690
-7697
-1414
9081
-2163
-1314
-2973
-7609
5116
7205
-8924
9314
9328
9906
-1990
4713
-5751
-1111
-3254
-9430
1578
-8214
9778
-4082
6392
4281
7878
-6127
6196
5430
-2235
-3835
-9587
2146
-5186
7702
-2783
-2693
-2489
-4828
6363
8978
9028
-3480
3430
-7438
7888
-1559
-3121
-4058
-3530
6548
-1809
-7892
-9409
1212
4462
1137
7657
6202
9481
-3879
3020
4113
-4304
9522
-5070
-9469
-8352
4084
-5121
1913
-2202
-3422
6974
8861
-6282
-5465
-3301
-6862
7066
2441
-5796
7349
-2839
-8966
-8188
-8291
-8457
7439
-7140
-2531
-1007
-7959
-1453
-2782
-6712
6751
-9048
3736
-7587
-2753
7183
-6011
-2700
5098
6984
-8544
-3568
6052
-2037
6203
5261
-4008
9784
1985
-8712
-6321
2066
-6969
1151
-1796
-4492
3633
-3439
-8269
9088
1125
9803
-9048
-3568
-1998
-6111
6291
4616
4468
2217
-5633
6575
-3272
9465
-7760
2970
-4782
-9349
9444
-1028
-4193
4131
-1469
2354
-8527
4649
-5062
8950
7407
-3933
8174
4622
-9792
-7014
-9289
-6856
-1873
8949
6751
4684
1905
-7835
-5905
4340
-9976
-6940
-5788
-7583
-6821
-4513
7915
9748
-6662
-5915
5027
-4061
6353
8688
3599
-9223
-1394
8986
7830
4406
-9651
2007
5731
7735
-3400
2051
-1993
9532
-2815
7200
3970
-2158
-2562
7841
-3358
-6999
-3851
-9057
-6289
5251
-3169
-6217
5527
-8342
-4631
-7157
-5208
-3106
-9055
-8006
9529
3815
-3730
7605
1466
6216
7578
-9863
1082
-2784
3727
-7996
-1446
3656
8861
5743
7367
-6406
7540
-3436
-7970
1401
4559
6330
-7215
-9192
9793
5412
6241
-1199
-5730
4358
6604
9354
-7360
-3106
2480
4108
-1901
3429
-7857
9319
-5994
-4830
-1810
1844
1062
4645
-7645
9281
-2961
-3134
-4370
1372
-1326
-5529
-3553
7412
-1559
5430
-2199
-7585
1955
-2672
-3740
4390
-6687
7089
-6090
9069
-9918
5870
5953
4377
4866
-7527
-2153
9811
5118
9450
-2951
2309
-5989
3623
6053
2759
-4032
2462
-2222
3426
4520
-7628
-4026
9822
4146
-2037
-5196
4259
-5609
-9547
7545
4052
-2215
-1824
-5151
1627
1908
4126
-2268
6104
-4094
1015
3182
-2827
-1752
-4928
-5714
-6328
-1988
-4653
2616
6347
6593
-6993
8017
7604
8396
9088
7614
-1570
9612
5043
-9920
3489
5829
2852
-6995
3712
7883
6061
6669
-2705
-7736
3096
7576
-7571
-1392
-2297
-9754
9328
-6269
1969
4873
7178
4109
-7283
9976
-1020
1108
-2861
4868
6442
-3857
9814
9935
-3814
6904
-4622
9977
-1719
-3138
-5163
5442
-5955
-3320
3375
6158
2586
6329
-6205
8724
-1612
-5838
-1550
-5198
-7543
6615
-9084
1114
-3113
8274
-7970
-1800
2064
5456
-4014
-8784
-8404
9723
9804
6224
8247
9481
2909
-3403
-9849
8527
-4840
-2674
3737
-5399
-3912
-8713
-2242
2528
4290
-5739
8581
-1664
-4976
9721
7883
-6520
-9630
-1150
-9171
3179
3574
8648
4305
1116
-9020
-2276
6173
-4867
-3818
-2593
-9193
-8010
8669
-4248
-9868
5146
1600
1180
5856
-3777
-2936
7489
1593
-4005
7603
-1919
1721
-3770
2704
1780
-5577
4411
5571
-6739
9607
-6936
-2859
-8889
-7592
-9674
-2952
-6339
-5406
3967
-2958
-4975
-2593
3060
6742
7810
1851
-9844
2644
1946
-9450
-3627
-3221
-8744
-7030
5037
9709
-9809
-2657
-9665
-9658
-2352
1606
-5040
-9755
5471
-7087
7352
-3215
8484
-6432
-9873
8038
-9981
-7808
-7932
7495
-9251
-4142
1544
-1425
-2460
-1690
9171
-5742
-9379
-8904
9878
-4841
-8044
9553
4794
2150
6815
6954
3390
-9370
-3269
-4214
-4565
-9417
-8371
1085
2034
6520
-3752
-1797
3509
-1801
-5565
-8147
3904
5668
-6637
-5239
-6933
1389
2260
-9532
-3864
2386
-7068
-4491
9569
1699
5328
6554
2732
9957
-5014
2306
-1601
1777
-7486
3651
-1638
4794
-6292
1235
5166
-8964
2004
2125
-3316
9509
3637
1061
8593
8598
2172
-6701
4428
4403
-8122
5702
-9130
6096
-9471
-4732
3363
-4026
9165
6778
-6990
-1582
-5518
-1979
-3279
3938
8547
-5749
7217
-3257
1052
-6018
-8782
-6834
-4551
-4231
-2835
-3583
8942
-3293
9479
2810
7875
-6767
-8766
4280
-1117
3407
-3557
5439
5024
3694
3916
-2858
-8373
-8194
6182
-9166
-3388
4377
9446
2955
-2550
4544
9260
-8703
6591
4974
9261
-7994
-3414
5813
-2684
9868
1084
9291
-6354
-9531
7883
5514
9768
-7969
8943
-3349
-8628
-7111
9478
9587
5638
-3747
8910
9090
-2979
5511
8319
-4863
6881
-3169
-2732
-5727
-9412
2941
-9961
-2422
-7300
-8216
-4823
4527
-5952
-4528
-6552
-1291
-2200
-8678
-3308
-2560
-8804
1863
-7798
-1767
-6307
2526
6648
7051
-9220
-6613
-2742
-5387
-6221
-2096
2782
1351
-7349
3176
-7440
1193
-9725
-9904
-3374
-3040
7169
6573
-1690
5159
-3243
-4259
7497
-5906
6885
1542
7290
8963
-3554
-9667
8924
9548
6994
-7416
-1131
1815
-6894
-3698
6163
3579
-1810
-4716
1336
6888
7572
2966
-4242
-2068
-9095
8033
-2596
1765
4391
2525
-2765
1895
9817
-7177
-9672
-8097
-2846
4160
7215
-2121
-3348
9603
9736
5281
5076
-1151
-8487
6613
-2679
9533
2362
-4329
-8403
9972
-8300
2956
2440
8737
8452
-2180
4300
-4880
3695
-3122
3687
-4385
8717
3547
-5916
6818
-3780
1961
5370
5665
2846
6213
6020
4811
-9840
3878
8159
3905
-8266
-9577
9805
3973
7671
-4168
5390
9272
9946
8422
-9800
4620
2345
-9465
8350
9164
-1825
-8638
-8773
-4768
-2121
-1283
2174
-8080
5040
1558
-6146
-8859
6839
4156
-3758
-1953
3308
1227
1130
7581
2839
6980
-1953
3345
7411
5794
4972
-3865
7876
1614
-9309
-3987
-4444
2297
-6095
3781
4070
9744
-2466
4040
-6004
9541
7094
2910
-7380
6183
-3994
-9007
1349
6832
-6159
6942
2388
-8914
5312
4873
-9295
8673
9808
-6809
9377
-7102
-4608
-1475
6381
9616
-4575
-6768
2898
-8863
2685
-4013
-4342
-3029
3415
2082
-1564
-3394
8107
-5374
-1739
8313
-1742
-3050
5393
-1779
-3762
-7455
-5286
1049
5814
8464
-8789
-7202
8412
-2800
9910
-6999
5002
-4898
2872
-6600
-8052
-8785
-9374
4107
-7610
3025
5202
-3011
-1926
-6017
-8066
4830
4804
-9126
1321
9295
-4092
8696
3445
5358
-4621
9772
2446
-3867
1635
8531
6404
-9366
2669
8572
-5511
-3635
-4573
-3071
-6802
5706
-1656
1503
7876
8413
9940
4439
-3634
9260
3047
-8840
-6293
-9075
2451
-1581
3381
4285
4162
-3936
9633
-1131
