0 333 0
-1000 334 -1000
-999000 1333 -999
-1998 335 -999
-2997 336 -999
-3996 337 -999
-4995 338 -999
-4992 339 -832
-6993 340 -999
-4991 340 -713
-4984 340 -712
-6399 342 -711
-4992 341 -624
-6390 343 -639
-6381 342 -709
-6372 342 -708
-6363 342 -707
-6354 342 -706
-6345 342 -705
-6336 342 -704
-6327 342 -703
-6318 342 -702
-6309 342 -701
-6300 342 -700
-6291 342 -699
-6282 342 -698
-6273 342 -697
-6264 342 -696
-6255 342 -695
-6246 342 -694
-6237 342 -693
-6228 342 -692
-6219 342 -691
-6210 342 -690
-6201 342 -689
-6192 342 -688
-6183 342 -687
-6174 342 -686
-6165 342 -685
-6380 343 -638
-6369 344 -579
-6370 343 -637
-6360 343 -636
-6350 343 -635
-6340 343 -634
-6330 343 -633
-6320 343 -632
-6310 343 -631
-6300 343 -630
-6290 343 -629
-6280 343 -628
-6270 343 -627
-6260 343 -626
-6250 343 -625
-6240 343 -624
-6230 343 -623
-6220 343 -622
-6210 343 -621
-6200 343 -620
-6190 343 -619
-6180 343 -618
-6170 343 -617
-6160 343 -616
-6150 343 -615
-6140 343 -614
-6130 343 -613
-6120 343 -612
-6110 343 -611
-6100 343 -610
-6090 343 -609
-6080 343 -608
-6070 343 -607
-605394 1332 -606
-603790 1331 -605
-6040 343 -604
-602397 1332 -603
-601398 1332 -602
-6010 343 -601
-6000 343 -600
-5990 343 -599
-5980 343 -598
-5970 343 -597
-5960 343 -596
-594405 1332 -595
-593406 1332 -594
-5930 343 -593
-5920 343 -592
-590409 1332 -591
-5900 343 -590
-5890 343 -589
-5880 343 -588
-586413 1332 -587
-5860 343 -586
-584415 1332 -585
-583416 1332 -584
-582417 1332 -583
-581418 1332 -582
-5810 343 -581
-5800 343 -580
-5820 343 -582
-5436 342 -604
-6384 341 -798
-6376 341 -797
-6392 341 -799
-6400 341 -800
-6408 341 -801
-6416 341 -802
-6424 341 -803
-6432 341 -804
-6440 341 -805
-6448 341 -806
-6456 341 -807
-6464 341 -808
-6472 341 -809
-6480 341 -810
-6488 341 -811
-6496 341 -812
-7992 341 -999
-7984 341 -998
-7976 341 -997
-7968 341 -996
-7960 341 -995
-7952 341 -994
-7944 341 -993
-7936 341 -992
-7928 341 -991
-7920 341 -990
-7912 341 -989
-7904 341 -988
-7896 341 -987
-7888 341 -986
-7880 341 -985
-7872 341 -984
-7864 341 -983
-7856 341 -982
-7848 341 -981
-7840 341 -980
-7832 341 -979
-7824 341 -978
-7816 341 -977
-7808 341 -976
-7800 341 -975
-7792 341 -974
-7784 341 -973
-7776 341 -972
-7768 341 -971
-7760 341 -970
-7752 341 -969
-7744 341 -968
-7736 341 -967
-7728 341 -966
-7720 341 -965
-7712 341 -964
-7704 341 -963
-7696 341 -962
-7688 341 -961
-7680 341 -960
-7672 341 -959
-7664 341 -958
-7656 341 -957
-7648 341 -956
-7640 341 -955
-7632 341 -954
-7624 341 -953
-7616 341 -952
-7608 341 -951
-7600 341 -950
-7592 341 -949
-7584 341 -948
-7576 341 -947
-7568 341 -946
-7560 341 -945
-7552 341 -944
-7544 341 -943
-7536 341 -942
-7528 341 -941
-7520 341 -940
-7512 341 -939
-7504 341 -938
-7496 341 -937
-7488 341 -936
-7480 341 -935
-7472 341 -934
-7464 341 -933
-7456 341 -932
-7448 341 -931
-7440 341 -930
-7432 341 -929
-7424 341 -928
-7416 341 -927
-7408 341 -926
-7400 341 -925
-7392 341 -924
-7384 341 -923
-7376 341 -922
-7368 341 -921
-7360 341 -920
-7352 341 -919
-7344 341 -918
-7336 341 -917
-7328 341 -916
-7320 341 -915
-7312 341 -914
-7304 341 -913
-7296 341 -912
-7288 341 -911
-7280 341 -910
-7272 341 -909
-7264 341 -908
-7256 341 -907
-7248 341 -906
-7240 341 -905
-7232 341 -904
-7224 341 -903
-7216 341 -902
-7208 341 -901
-7200 341 -900
-7192 341 -899
-7184 341 -898
-7176 341 -897
-7168 341 -896
-7160 341 -895
-7152 341 -894
-7144 341 -893
-7136 341 -892
-7128 341 -891
-7120 341 -890
-7112 341 -889
-7104 341 -888
-7096 341 -887
-7088 341 -886
-7080 341 -885
-7072 341 -884
-7064 341 -883
-7056 341 -882
-7048 341 -881
-7040 341 -880
-7032 341 -879
-7024 341 -878
-7016 341 -877
-7008 341 -876
-7000 341 -875
-6992 341 -874
-6984 341 -873
-6390 342 -710
-6408 342 -712
-6417 342 -713
-6426 342 -714
-6435 342 -715
-6444 342 -716
-6453 342 -717
-6462 342 -718
-6471 342 -719
-6480 342 -720
-6489 342 -721
-6498 342 -722
-6507 342 -723
-6516 342 -724
-6525 342 -725
-6534 342 -726
-6543 342 -727
-6552 342 -728
-6561 342 -729
-6570 342 -730
-6579 342 -731
-6588 342 -732
-6597 342 -733
-6606 342 -734
-6615 342 -735
-6624 342 -736
-6633 342 -737
-6642 342 -738
-6651 342 -739
-6660 342 -740
-6669 342 -741
-6678 342 -742
-6687 342 -743
-6696 342 -744
-6705 342 -745
-6714 342 -746
-6723 342 -747
-6732 342 -748
-6741 342 -749
-6750 342 -750
-6759 342 -751
-6768 342 -752
-6777 342 -753
-6786 342 -754
-6795 342 -755
-6804 342 -756
-6813 342 -757
-6822 342 -758
-6831 342 -759
-6840 342 -760
-6849 342 -761
-6858 342 -762
-6867 342 -763
-6876 342 -764
-6885 342 -765
-6894 342 -766
-6903 342 -767
-6912 342 -768
-6921 342 -769
-6930 342 -770
-6939 342 -771
-6948 342 -772
-6957 342 -773
-6966 342 -774
-6975 342 -775
-6984 342 -776
-6993 342 -777
-7002 342 -778
-7011 342 -779
-7020 342 -780
-7029 342 -781
-7038 342 -782
-7047 342 -783
-7056 342 -784
-7065 342 -785
-7074 342 -786
-7083 342 -787
-7092 342 -788
-7101 342 -789
-7110 342 -790
-7119 342 -791
-7128 342 -792
-7137 342 -793
-7146 342 -794
-7155 342 -795
-7164 342 -796
-7173 342 -797
-7182 342 -798
-7191 342 -799
-7200 342 -800
-7209 342 -801
-7218 342 -802
-7227 342 -803
-7236 342 -804
-7245 342 -805
-7254 342 -806
-7263 342 -807
-7272 342 -808
-7281 342 -809
-7290 342 -810
-7299 342 -811
-7308 342 -812
-7317 342 -813
-7326 342 -814
-7335 342 -815
-7344 342 -816
-7353 342 -817
-7362 342 -818
-7371 342 -819
-7380 342 -820
-7389 342 -821
-7398 342 -822
-7407 342 -823
-7416 342 -824
-7425 342 -825
-7434 342 -826
-7443 342 -827
-7452 342 -828
-7461 342 -829
-7470 342 -830
-7479 342 -831
-7488 342 -832
-7497 342 -833
-7506 342 -834
-7515 342 -835
-7524 342 -836
-7533 342 -837
-7542 342 -838
-7551 342 -839
-7560 342 -840
-7569 342 -841
-7578 342 -842
-7587 342 -843
-7596 342 -844
-7605 342 -845
-7614 342 -846
-7623 342 -847
-7632 342 -848
-7641 342 -849
-7650 342 -850
-7659 342 -851
-7668 342 -852
-7677 342 -853
-7686 342 -854
-7695 342 -855
-7704 342 -856
-7713 342 -857
-7722 342 -858
-7731 342 -859
-7740 342 -860
-7749 342 -861
-7758 342 -862
-7767 342 -863
-7776 342 -864
-7785 342 -865
-7794 342 -866
-7803 342 -867
-7812 342 -868
-7821 342 -869
-7830 342 -870
-7839 342 -871
-7848 342 -872
-7857 342 -873
-7866 342 -874
-7875 342 -875
-7884 342 -876
-7893 342 -877
-7902 342 -878
-7911 342 -879
-7920 342 -880
-7929 342 -881
-7938 342 -882
-7947 342 -883
-7956 342 -884
-7965 342 -885
-7974 342 -886
-7983 342 -887
-7992 342 -888
-8001 342 -889
-8010 342 -890
-8019 342 -891
-8028 342 -892
-8037 342 -893
-8046 342 -894
-8055 342 -895
-8064 342 -896
-8073 342 -897
-8082 342 -898
-8091 342 -899
-8100 342 -900
-8109 342 -901
-8118 342 -902
-8127 342 -903
-8136 342 -904
-8145 342 -905
-8154 342 -906
-8163 342 -907
-8172 342 -908
-8181 342 -909
-8190 342 -910
-8199 342 -911
-8208 342 -912
-8217 342 -913
-8226 342 -914
-8235 342 -915
-8244 342 -916
-8253 342 -917
-8262 342 -918
-8271 342 -919
-8280 342 -920
-8289 342 -921
-8298 342 -922
-8307 342 -923
-8316 342 -924
-8325 342 -925
-8334 342 -926
-8343 342 -927
-8352 342 -928
-8361 342 -929
-8370 342 -930
-8379 342 -931
-8388 342 -932
-8397 342 -933
-8406 342 -934
-8415 342 -935
-8424 342 -936
-8433 342 -937
-8442 342 -938
-8451 342 -939
-8460 342 -940
-8469 342 -941
-8478 342 -942
-8487 342 -943
-8496 342 -944
-8505 342 -945
-8514 342 -946
-8523 342 -947
-8532 342 -948
-8541 342 -949
-8550 342 -950
-8982 342 -998
-8991 342 -999
-8973 342 -997
-8964 342 -996
-8955 342 -995
-8946 342 -994
-8937 342 -993
-8928 342 -992
-8919 342 -991
-8910 342 -990
-8901 342 -989
-8892 342 -988
-8883 342 -987
-8874 342 -986
-8865 342 -985
-8856 342 -984
-8847 342 -983
-8838 342 -982
-8829 342 -981
-8820 342 -980
-8811 342 -979
-8802 342 -978
-8793 342 -977
-8784 342 -976
-8775 342 -975
-8766 342 -974
-8757 342 -973
-8748 342 -972
-8739 342 -971
-8730 342 -970
-8721 342 -969
-8712 342 -968
-8703 342 -967
-8694 342 -966
-8685 342 -965
-8676 342 -964
-8667 342 -963
-8658 342 -962
-8649 342 -961
-8640 342 -960
-8631 342 -959
-8622 342 -958
-8613 342 -957
-8604 342 -956
-8595 342 -955
-8559 342 -951
-8568 342 -952
-8577 342 -953
-9000 342 -1000
-8000 341 -1000
-7000 340 -1000
-9990 343 -999
-10989 344 -999
-998001 1332 -999
-997002 1331 -999
-11988 345 -999
-12987 346 -999
-13986 347 -999
-14985 348 -999
-15984 349 -999
-16983 350 -999
-17982 351 -999
-18981 352 -999
-19980 353 -999
-20979 354 -999
-21978 355 -999
-22977 356 -999
-23976 357 -999
-23975 358 -959
-24975 358 -999
-25974 359 -999
-26973 360 -999
-27972 361 -999
-28971 362 -999
-29970 363 -999
-30969 364 -999
-31968 365 -999
-32967 366 -999
-32946 367 -969
-33966 367 -999
-34965 368 -999
-35964 369 -999
-36963 370 -999
-37962 371 -999
-38961 372 -999
-37924 371 -998
-37886 371 -997
-37848 371 -996
-37810 371 -995
-37772 371 -994
-37734 371 -993
-37696 371 -992
-37658 371 -991
-37620 371 -990
-37582 371 -989
-37544 371 -988
-37506 371 -987
-37468 371 -986
-37430 371 -985
-37392 371 -984
-37354 371 -983
-37316 371 -982
-37278 371 -981
-37240 371 -980
-37202 371 -979
-37164 371 -978
-37126 371 -977
-37088 371 -976
-37050 371 -975
-35928 369 -998
-35892 369 -997
-35856 369 -996
-35820 369 -995
-35784 369 -994
-35748 369 -993
-35712 369 -992
-35676 369 -991
-35640 369 -990
-35604 369 -989
-35568 369 -988
-35532 369 -987
-35496 369 -986
-35460 369 -985
-35424 369 -984
-35388 369 -983
-26325 360 -975
-35352 369 -982
-27300 361 -975
-35316 369 -981
-28275 362 -975
-35280 369 -980
-35100 369 -975
-34930 368 -998
-34895 368 -997
-34860 368 -996
-34825 368 -995
-34790 368 -994
-34755 368 -993
-34720 368 -992
-34685 368 -991
-34650 368 -990
-34615 368 -989
-34580 368 -988
-34545 368 -987
-34510 368 -986
-34475 368 -985
-34440 368 -984
-34405 368 -983
-34370 368 -982
-34335 368 -981
-34300 368 -980
-34265 368 -979
-34125 368 -975
-33932 367 -998
-33898 367 -997
-33864 367 -996
-33830 367 -995
-33796 367 -994
-33762 367 -993
-33728 367 -992
-33694 367 -991
-33660 367 -990
-33626 367 -989
-33592 367 -988
-33558 367 -987
-33524 367 -986
-33490 367 -985
-33456 367 -984
-33422 367 -983
-33388 367 -982
-33354 367 -981
-33320 367 -980
-33286 367 -979
-33252 367 -978
-29250 363 -975
-33218 367 -977
-33150 367 -975
-32934 366 -998
-32901 366 -997
-32868 366 -996
-32835 366 -995
-32802 366 -994
-32769 366 -993
-32736 366 -992
-32703 366 -991
-32670 366 -990
-32637 366 -989
-32604 366 -988
-32571 366 -987
-32538 366 -986
-32505 366 -985
-32472 366 -984
-32439 366 -983
-32406 366 -982
-32373 366 -981
-32340 366 -980
-32307 366 -979
-32274 366 -978
-32241 366 -977
-32208 366 -976
-32175 366 -975
-31936 365 -998
-31904 365 -997
-31872 365 -996
-31840 365 -995
-31808 365 -994
-31776 365 -993
-31744 365 -992
-31712 365 -991
-31680 365 -990
-31648 365 -989
-31616 365 -988
-31584 365 -987
-31552 365 -986
-31520 365 -985
-31488 365 -984
-31456 365 -983
-31424 365 -982
-31392 365 -981
-31360 365 -980
-31328 365 -979
-31296 365 -978
-31264 365 -977
-31232 365 -976
-31200 365 -975
-30938 364 -998
-30907 364 -997
-30876 364 -996
-30845 364 -995
-30814 364 -994
-30783 364 -993
-30752 364 -992
-30721 364 -991
-30690 364 -990
-30659 364 -989
-30628 364 -988
-30597 364 -987
-30566 364 -986
-30535 364 -985
-30504 364 -984
-30473 364 -983
-30442 364 -982
-30411 364 -981
-30380 364 -980
-30349 364 -979
-30318 364 -978
-30287 364 -977
-30256 364 -976
-30225 364 -975
-24950 358 -998
-24925 358 -997
-24900 358 -996
-24875 358 -995
-24850 358 -994
-24825 358 -993
-24800 358 -992
-24775 358 -991
-24750 358 -990
-24725 358 -989
-9750 343 -975
-24700 358 -988
-24375 358 -975
-23952 357 -998
-23928 357 -997
-23904 357 -996
-23880 357 -995
-23856 357 -994
-23832 357 -993
-23808 357 -992
-23784 357 -991
-23760 357 -990
-23736 357 -989
-23712 357 -988
-23688 357 -987
-10725 344 -975
-23664 357 -986
-11700 345 -975
-23640 357 -985
-23400 357 -975
-22954 356 -998
-22931 356 -997
-22908 356 -996
-22885 356 -995
-22862 356 -994
-22839 356 -993
-22816 356 -992
-22793 356 -991
-22770 356 -990
-22747 356 -989
-22724 356 -988
-22701 356 -987
-22678 356 -986
-22655 356 -985
-22632 356 -984
-12675 346 -975
-22609 356 -983
-13650 347 -975
-22586 356 -982
-22425 356 -975
-21956 355 -998
-20958 354 -998
-19960 353 -998
-18962 352 -998
-17964 351 -998
-16966 350 -998
-15968 349 -998
-14970 348 -998
-20000 353 -1000
-19000 352 -1000
-18000 351 -1000
-17000 350 -1000
-16000 349 -1000
-15000 348 -1000
-21000 354 -1000
-5994 339 -999
999000 -667 -999
998001 -666 -999
997002 -665 -999
996003 -664 -999
995004 -663 -999
994005 -662 -999
993006 -661 -999
992007 -660 -999
991008 -659 -999
990009 -658 -999
989010 -657 -999
988011 -656 -999
987012 -655 -999
986013 -654 -999
985014 -653 -999
984015 -652 -999
983016 -651 -999
982017 -650 -999
981018 -649 -999
980019 -648 -999
979020 -647 -999
978021 -646 -999
977022 -645 -999
976023 -644 -999
975024 -643 -999
974025 -642 -999
973026 -641 -999
972027 -640 -999
971028 -639 -999
970029 -638 -999
969030 -637 -999
968031 -636 -999
967032 -635 -999
966033 -634 -999
965034 -633 -999
964035 -632 -999
963036 -631 -999
962037 -630 -999
961038 -629 -999
960039 -628 -999
959040 -627 -999
958041 -626 -999
957042 -625 -999
956043 -624 -999
955044 -623 -999
954045 -622 -999
953046 -621 -999
952047 -620 -999
951048 -619 -999
950049 -618 -999
949050 -617 -999
948051 -616 -999
947052 -615 -999
946053 -614 -999
945054 -613 -999
944055 -612 -999
943056 -611 -999
942057 -610 -999
941058 -609 -999
940059 -608 -999
939060 -607 -999
938061 -606 -999
937062 -605 -999
936063 -604 -999
935064 -603 -999
934065 -602 -999
933066 -601 -999
932067 -600 -999
931068 -599 -999
930069 -598 -999
929070 -597 -999
928071 -596 -999
927072 -595 -999
926073 -594 -999
925074 -593 -999
924075 -592 -999
923076 -591 -999
922077 -590 -999
921078 -589 -999
920079 -588 -999
919080 -587 -999
918081 -586 -999
917082 -585 -999
916083 -584 -999
915084 -583 -999
914085 -582 -999
913086 -581 -999
912087 -580 -999
911088 -579 -999
910089 -578 -999
909090 -577 -999
908091 -576 -999
907092 -575 -999
906093 -574 -999
905094 -573 -999
904095 -572 -999
903096 -571 -999
902097 -570 -999
901098 -569 -999
900099 -568 -999
899100 -567 -999
898101 -566 -999
897102 -565 -999
896103 -564 -999
895104 -563 -999
894105 -562 -999
893106 -561 -999
892107 -560 -999
891108 -559 -999
890109 -558 -999
889110 -557 -999
888111 -556 -999
887112 -555 -999
886113 -554 -999
885114 -553 -999
884115 -552 -999
883116 -551 -999
882117 -550 -999
881118 -549 -999
880119 -548 -999
879120 -547 -999
878121 -546 -999
877122 -545 -999
876123 -544 -999
875124 -543 -999
874125 -542 -999
873126 -541 -999
872127 -540 -999
871128 -539 -999
870129 -538 -999
869130 -537 -999
868131 -536 -999
867132 -535 -999
866133 -534 -999
865134 -533 -999
864135 -532 -999
863136 -531 -999
862137 -530 -999
861138 -529 -999
860139 -528 -999
859140 -527 -999
858141 -526 -999
857142 -525 -999
856143 -524 -999
855144 -523 -999
854145 -522 -999
853146 -521 -999
852147 -520 -999
851148 -519 -999
850149 -518 -999
849150 -517 -999
848151 -516 -999
847152 -515 -999
846153 -514 -999
845154 -513 -999
844155 -512 -999
843156 -511 -999
842157 -510 -999
841158 -509 -999
840159 -508 -999
839160 -507 -999
838161 -506 -999
837162 -505 -999
836163 -504 -999
835164 -503 -999
834165 -502 -999
833166 -501 -999
832167 -500 -999
831168 -499 -999
830169 -498 -999
829170 -497 -999
828171 -496 -999
827172 -495 -999
826173 -494 -999
825174 -493 -999
824175 -492 -999
823176 -491 -999
822177 -490 -999
821178 -489 -999
820179 -488 -999
819180 -487 -999
818181 -486 -999
817182 -485 -999
816183 -484 -999
815184 -483 -999
814185 -482 -999
813186 -481 -999
812187 -480 -999
811188 -479 -999
810189 -478 -999
809190 -477 -999
808191 -476 -999
807192 -475 -999
806193 -474 -999
805194 -473 -999
804195 -472 -999
803196 -471 -999
802197 -470 -999
801198 -469 -999
800199 -468 -999
799200 -467 -999
6966 8332
8290 306
-9947 5238
-6778 4593
-4842 8275
-8838 4054
5089 -9932
8866 2751
-9670 8592
-7869 -9879
-4324 6041
7118 -7432
-6628 -9042
-9445 2527
-254 -8029
-6276 9424
7122 7199
7241 -5322
-4223 -196
2742 1744
-3914 -7335
1817 -1633
6647 -5735
-3191 -3072
-2226 -9104
4878 -8921
8593 -8053
7991 5476
5209 -3334
-6192 -8569
-5175 148
6669 -3170
-7212 -4317
-8057 -5520
-6066 -2470
7239 2824
-9126 -1199
-2506 9414
-8280 -8335
9906 -140
8053 6118
-3318 -8639
230 -3815
8079 -1332
-410 -3256
4848 727
1597 4754
-7550 9331
-1202 -130
2077 8027
3816 -2428
-8991 -1248
3370 -7035
2474 -3129
-1382 9917
-5645 -4715
4900 -7395
3947 1385
-6670 -1968
-4836 -9081
5531 -3568
2420 5878
483 9687
-7698 9633
-7350 6700
-875 -8237
-1623 -7867
-7947 -88
7786 1215
9657 -5982
-6679 -5360
2620 4760
7758 1044
-412 9877
4322 8469
-477 -5473
-3123 4190
8844 -7487
4578 -5676
-1625 1182
1557 -1261
-1184 7516
3066 8875
-1941 7003
-5374 3062
-4603 -8938
3171 -1769
4119 -6489
-5105 -4020
127 -1457
9404 -1656
146 8962
-7925 -347
-3898 3440
5724 3244
-2566 -7795
-5075 605
4552 3281
8362 -5995
-4877 -5081
4226 -9305
3555 4772
5964 3095
4474 9255
-1556 -4315
9165 -5203
-9500 -3559
-5317 -947
5194 1941
-5014 -1574
3497 -4562
-9702 9543
6052 1248
3197 9608
-5222 5648
-6968 1258
-1578 -2868
-5439 -886
-6571 7751
6793 998
987 -8403
-9157 -1471
9073 7706
6360 597
9951 3108
2956 3764
-2925 4862
6200 7088
-9467 -1636
-9037 -3018
-7363 4593
1387 6450
-132 -8196
2506 -1839
-3117 618
-8865 7027
-3049 2850
3236 -2738
3782 7407
-7059 -8193
-3271 7711
1555 -4302
444 -7398
-9032 6907
-9581 1504
-6121 3010
3703 -1502
-1460 -6085
-3067 -954
-4572 4052
-8725 8189
3597 -2189
7401 -1501
-6884 2821
5947 8181
8635 -1758
-7196 2361
-1857 2152
-1153 374
3741 -2226
1876 8397
3740 5823
-9029 -9527
-1274 4843
-7444 -767
-7446 -4283
-5782 5126
1831 -9914
-9381 3217
3297 -6370
-4705 -5568
6362 -4356
7228 -7042
-1386 3281
-8203 4492
7416 7903
8908 -6308
3526 8958
5441 -2128
3306 -9383
23 6176
-5189 2898
7978 8730
-7426 -7822
4181 1458
544 -2463
1228 3318
1127 7636
-2387 -7042
9631 -4548
6543 -4032
9549 -8090
762 7162
7490 5111
9409 -1213
-1054 -8004
-2070 -2069
-2077 3991
-2452 8275
-9758 765
-1984 -7490
3764 1636
-5758 -7451
7095 3790
-3902 -7397
1839 819
1383 -3088
-6415 -4111
998 -6758
2381 6899
5592 4241
-966 438
-6713 -3506
-9601 -2465
3226 3417
-2532 2839
-6765 6234
-4501 9736
-6701 3150
5383 -318
6865 1317
-595 9435
-8855 2600
-9747 1840
9666 9979
725 -8447
5108 -3777
4929 -4195
5638 7235
6043 -9664
-6827 2750
745 571
-2994 3702
-9524 -9523
-1944 9945
-8794 913
-8946 8085
-6929 -8107
2621 -3511
5559 1998
7089 -9091
1060 -6770
1814 7431
3159 -7922
-6785 -3822
7139 -9562
314 -1493
-8238 -9847
-7100 -8443
-155 6610
5349 -2580
-1798 3214
-1111 2309
-2501 -7066
-2989 -3109
9101 -664
3760 -3383
9935 -5385
-5540 8907
-8275 -1800
-2556 163
-8956 1347
7468 9141
-3631 8993
-2433 -5626
8456 -9906
-7454 9332
6323 -5825
-4334 7655
-9747 4324
-9538 3339
-7950 -52
-9369 -64
-1276 7820
-3993 9127
9354 -411
8023 4298
9664 -4089
6811 6708
5642 3952
3726 -7930
8016 -2048
2898 -6713
-8305 -4720
-3193 -7210
-1545 -7635
8176 -9454
8689 -3756
-5684 -1023
1254 1011
382 478
-3492 -5384
3556 1750
3963 6188
1877 -1093
7115 -19
2486 8665
6655 391
1951 3122
2973 -8594
2259 -7085
1777 5450
-996 1309
-6993 -9597
4383 -5934
9447 -6310
2629 -868
6013 3230
9890 8692
-9095 -9377
7419 5498
4539 3146
2872 9346
2761 -1714
-2076 2209
-1054 -1507
-3902 -3351
4049 -8105
-8432 -4023
-5223 6852
-224 733
-1232 6548
-891 1362
-5509 5401
-7017 4589
6398 1049
1 -4656
7807 7364
-4880 5974
6074 -9582
-198 4632
-5731 -9804
8178 -7708
9126 9176
-2009 8410
1038 -6673
-4383 38
2667 -457
6055 -2579
2895 8431
-2114 6335
-7374 -9369
-313 -2398
-3118 -4574
8960 9517
8777 -4331
6811 7762
-886 -5621
4131 -2252
-3143 9910
9781 2026
9475 -8351
9830 -9902
-7591 -3059
1136 9885
-2576 1240
7011 8470
-6932 -5427
6688 6127
3319 -3712
2892 -1515
-8736 7937
-5536 -3694
-3937 3781
-2345 3593
-5775 7374
-826 -9034
-6771 7306
-8073 -1729
6334 -7756
-4338 8234
5935 9705
9732 4090
7186 -6363
1577 1340
-5742 5476
1288 7016
-8991 4960
2860 -9143
1180 -9696
3233 5695
-8690 -3130
5610 3207
-9085 -2094
-6060 -4388
623 2744
6092 -414
-9947 -5811
-9824 -9461
2674 -718
-9158 -864
-4156 -6749
-1045 9275
-6527 -5143
459 -532
560 -9900
2890 -2102
-9049 -6435
-1262 9072
9459 -235
-1502 8968
-6004 3479
6268 7158
1927 6671
8898 6332
-7281 -293
4283 -3256
332 -4289
9136 6592
-7846 -6878
3455 -2226
1936 -6767
4495 -8264
-5828 9189
-2098 -8512
6945 -4594
-5190 1475
2474 -1912
9918 -5248
7081 8336
-5197 -9284
7929 -2191
-8074 6943
6780 -4647
-1404 1077
9990 -1542
-9557 6283
5361 1030
-5564 9205
-7821 2581
-5089 -8293
-7899 7637
514 9010
-1884 -599
-9510 960
-3913 -6632
7299 -1432
-7485 4279
-7656 6959
-6193 7039
-1919 -3800
-8824 -4216
4514 8690
-3834 -881
-1501 6773
-4454 -4768
-7271 -8940
-9137 8456
6292 -9674
-3868 -8353
-2247 -232
6484 9077
8480 -5567
-2356 3196
9282 -7516
-5849 -4027
4350 213
7330 5781
4103 2242
3137 7689
7727 -5779
8367 8349
7548 -1255
26 2377
-7215 2020
-5413 8717
3499 5775
7152 -640
-1880 5513
-9391 -8858
5932 4051
2490 2201
-8349 -7664
8953 -2755
4431 -4934
-5118 512
9300 9110
7382 3329
8980 6203
2887 -8822
-4862 6562
-5689 -437
4751 6783
-3395 -5683
4163 9741
-5038 3317
9411 6584
-606 -2899
4236 4068
-6713 3302
-5669 6534
-1179 232
2667 1376
3487 7554
-7943 8834
4988 4029
8331 8999
8154 935
6791 -1135
3199 -2829
-7741 -717
5224 -5490
-4085 5642
7579 5435
655 -3863
5522 1686
9922 -1746
-4477 -3914
-4728 -9603
-2840 8691
-3277 3422
-6297 1364
-2109 -3636
-3495 -2629
-3786 -3465
6846 -1957
1211 1257
2796 -4479
7795 -8039
1166 -3408
-928 -9290
-9005 -3802
5091 997
-2849 272
-6140 1764
1566 944
5838 -3299
-8425 5377
4658 8334
3495 3713
-8568 6242
-2812 -2993
5906 8222
-9874 -385
-2215 960
-2958 -4840
3694 8555
8775 3875
7357 -2446
3576 1781
9182 -6717
1205 8140
-4220 3517
-7135 2581
-9222 5637
-9400 1446
-5079 9981
4280 -3989
1448 -7690
1950 4863
4177 4553
-9793 -736
-7905 -1186
7044 -2338
6103 5907
-6993 -6149
-8336 -6175
8961 1046
2688 2928
2701 5146
1771 -9204
5178 277
4531 -9004
1582 -3840
-4379 -2045
-4770 -6649
7177 -4468
-2559 -2454
-4603 2034
-3491 -6089
-6026 7795
8559 4289
5440 5368
-2504 1703
-3971 2580
-3460 99
6400 -6783
1153 66
2597 -5177
8654 2444
-8229 -9884
7695 3369
-7424 4451
6711 -3971
-9155 -3675
-4566 2304
-4360 1711
893 -4130
-8843 -7879
-3447 -3327
5185 -9135
3963 -2015
-9081 4153
1591 -5105
-9094 -811
494 351
-7421 -280
1883 5225
-4789 6220
4900 -4506
-9546 918
-4117 -7851
2876 8020
-2314 7188
-3172 -6510
-2644 3613
-3134 -5357
-83 -297
8368 -2410
6195 -6257
-7142 2686
-4657 4064
-227 -5385
-733 9930
-3974 4240
-3358 5065
3944 3824
7184 -6882
4508 -8143
-4307 -3352
-2126 -1804
7266 183
-668 3791
850 -9728
9646 -1476
-6012 6465
9661 3973
-1269 4669
-120 6873
-6581 6812
4611 283
6200 -9053
-3258 -9942
-5785 -4799
-8426 9119
9959 -8912
7866 -6865
4535 7807
-2929 1636
5759 5150
7294 -5346
-5782 6879
2459 -3548
5146 -9322
-2289 2854
-5484 4139
-3735 7851
-2593 -2628
-863 8011
-5573 -3529
9321 -1056
5693 -8829
-3479 3200
5188 -4740
1829 -4708
-5491 -2484
9538 5330
-7499 -1479
5001 -9337
-795 7143
-9536 -9763
3557 -6561
-2001 -409
3029 -344
289 7524
5831 -3882
9318 116
7947 -4400
-623 9824
3263 -4804
-2937 -8181
-8390 -932
32 -8085
-7402 -7623
5551 1330
9227 -7528
-4528 -6307
-8199 355
6402 -5219
-6747 -1053
-4150 -70
-3324 -6393
7010 -1628
7291 3294
3033 5037
-1843 -9393
1888 9266
-1535 5281
-1230 2299
-3410 -6403
-7272 6640
-1647 5413
2359 2789
4097 5935
6417 -4237
3029 4298
3444 -3278
816 -6302
-7612 -9892
1049 20
3028 -5151
-2766 -7876
-1741 1564
3788 -2834
6871 8190
-3774 4372
504 5485
1996 3755
-9371 9215
-7953 -4603
-7422 -9826
-8611 5142
-5436 -6116
186 -5516
2825 -8139
2248 70
-8959 -6512
1477 -3015
1492 1889
-2864 -8178
1231 7987
-7297 -6667
-5143 -5038
9561 -6662
-9228 -3055
6552 8352
3959 -7607
-9687 -8590
6761 8679
-9589 -4114
196 3889
6865 -1026
5944 5036
-6724 -1859
-4236 -1864
-8665 -7039
2119 9932
6035 -7513
98 -2223
-5232 -846
-4663 -1718
53 -8399
3254 -1066
-5392 429
-3340 -9692
681 2984
-8059 2398
130 -3019
-4064 4427
9441 3688
7721 -2049
-1260 3909
-5172 -5353
9538 -6431
-6823 -4760
-7570 4436
2222 -3606
9922 2816
5235 2800
-1670 2998
2161 -1530
4821 9918
-6785 -4296
5915 -2171
-1988 6192
6225 -5041
-9996 4295
-319 -5893
7819 -3133
6336 -8491
-5714 9012
8604 -9593
-6211 -8800
-9849 -6584
-5408 -1106
-6028 -6088
5814 -7474
6727 4458
-6495 8007
-676 -4952
-7517 9701
-9038 -4010
-8423 -1255
-1093 3217
-4726 4317
-1964 5017
2750 -6297
6678 6581
3459 -5564
-4813 -8450
4594 6259
-491 546
-9329 -5022
7142 -8512
-6089 -6184
-317 -6027
-3841 -6705
3687 -2340
4185 3022
2402 -2115
-7593 5046
4587 2358
4020 -954
-9594 4865
3125 -9664
6679 -1661
8690 -2983
3411 2210
-4175 3175
334 7158
-2035 -1756
-1152 4411
-8798 -4876
-1422 -5558
-8223 -2956
6625 3511
8408 1069
-1923 -4260
105 -2788
-2219 7220
-3731 9264
5660 -5776
-732 -428
-5657 -4524
-8566 -4567
-6129 -57
-5230 -2964
-5463 -4449
-8607 4289
-7156 -4942
-843 -1800
9535 -5186
-5301 286
-1077 4875
4487 2907
998 325
972 6123
-577 -3374
-9294 8390
-1532 -1501
9733 1096
-2760 -5054
-5023 6839
4822 1251
-8187 1431
-6857 8884
-1489 -9341
-9027 9979
6104 -1035
2444 3531
792 5417
1487 5593
3795 5938
601 5186
-8678 3302
7304 4058
4385 -8213
7335 -9386
-7027 5322
-4569 -6342
8857 -3729
4306 -774
9724 5278
-486 3451
6640 -1857
4217 1464
-8889 -340
1998 -174
8462 2783
8 -4696
-4414 5487
3049 4411
2548 9016
3488 -4300
2188 5237
-5976 -622
-7501 3937
-2077 -7951
-3596 -9070
-9497 206
5378 -6059
-6921 -2863
7143 9087
1526 -6289
7007 -9264
-7405 -7051
8124 -5680
-9717 7987
6061 -5205
-4592 -5925
9075 -2523
2901 -7401
9926 9472
2935 -8152
5489 6467
6165 -1415
-786 1535
-3451 4348
3689 -4876
-8498 1523
8105 -2636
-1696 -517
-7897 3332
4558 1404
7000 -700
-1002 -5683
-1630 -5705
-5691 -3422
5598 -5363
-794 -9568
-8128 8706
-5044 -6715
3453 817
-1721 9838
-1810 -1994
263 -9234
-4238 -2907
-531 -990
-2296 2322
-5184 1108
6946 2519
-721 -8797
-59 -3038
-9712 -6032
-6894 -7606
4399 -3975
-9451 -7733
-2459 -8432
-5002 8424
3186 7170
-4140 2422
2845 1035
-649 103
-4631 -1477
4725 -4717
-4887 -7024
-2503 1478
-9680 -9969
-8884 -8401
2656 4421
-6704 -2869
-6989 2599
2755 6230
-2482 -8766
2193 -2669
1999 -6153
-2906 -5041
2949 5072
-1573 -748
5135 2463
9337 -295
4849 -3226
5558 7748
-6637 -2559
-3391 -3743
5869 -105
8115 5438
8075 -9927
-4368 6565
-4660 -1672
9356 6306
-5728 604
6011 -7218
-2815 2170
6891 8740
-2731 -5854
8674 6651
-1906 594
8768 -1223
-4860 -7888
5287 -8639
5360 -1281
-4198 -3185
7170 490
5595 -7001
4164 9301
-2044 1549
9838 8111
-5249 4171
243 -4884
5973 566
7547 -4971
3666 -8536
3372 -5186
-6244 -2957
5491 9701
-9270 -1565
-9726 1406
-785 8135
1175 -8081
-5223 5507
1823 279
1913 -75
2956 -4438
-9941 4862
6967 6595
-9135 3168
8282 6853
4814 -2991
-4564 -5030
