5000
5010
5020
5030
5040
5050
5060
5070
5080
5090
5100
5110
5120
5130
5140
5150
5160
5170
5180
5190
5200
5210
5220
5230
5240
5250
5260
5270
5280
5290
5300
5310
5320
5330
5340
5350
5360
5370
5380
5390
5400
5410
5420
5430
5440
5450
5460
5470
5480
5490
5500
5510
5520
5530
5540
5550
5560
5570
5580
5590
5600
5610
5620
5630
5640
5650
5660
5670
5680
5690
5700
5710
5720
5730
5740
5750
5760
5770
5780
5790
5800
5810
5820
5830
5840
5850
5860
5870
5880
5890
5900
5910
5920
5930
5940
5950
5960
5970
5980
5990
6000
6010
6020
6030
6040
6050
6060
6070
6080
6090
6100
6110
6120
6130
6140
6150
6160
6170
6180
6190
6200
6210
6220
6230
6240
6250
6260
6270
6280
6290
6300
6310
6320
6330
6340
6350
6360
6370
6380
6390
6400
6410
6420
0
1
2
3
4
5
6
7
8
9
10
11
12
13
14
15
16
17
18
19
20
21
22
23
24
25
26
27
28
29
30
31
32
33
34
35
36
37
38
39
40
41
42
43
44
45
46
47
48
49
50
51
52
53
54
55
56
57
58
59
60
61
62
63
64
65
66
67
68
69
70
71
72
73
74
75
76
77
78
79
80
81
82
83
84
85
86
87
88
89
90
91
92
93
94
95
96
97
98
99
100
101
102
103
104
105
106
107
108
109
110
111
112
113
114
115
116
117
118
119
120
121
122
123
124
125
126
127
128
129
130
131
132
133
134
135
136
137
138
139
140
141
142
-5000
-6000
-2
-3
-4
-7
-8
-9
-10
-11
-12
-13
-14
-15
-16
-17
-18
-19
-20
-21
-22
-23
-24
-25
-26
-27
-28
-29
-30
-31
-32
-33
-34
-35
-36
-37
-38
-39
-40
-41
-42
-43
-44
-45
-46
-47
-48
-49
-50
-51
-52
-53
-54
-55
-56
-57
-58
-59
-60
-61
-62
-63
-64
-65
-66
-67
-68
-69
-70
-71
-72
-73
-74
-75
-76
-77
-78
-79
-80
-81
-82
-83
-84
-85
-86
-87
-88
-89
-90
-91
-92
-93
-94
-95
-96
-97
-98
-99
-100
-1
-101
-102
-103
-104
-105
-106
-107
-108
-109
-110
-111
-112
-113
-114
-115
-116
-117
-118
-119
-120
-121
-122
-123
-124
-125
-126
-127
-128
-129
-130
-131
-132
-133
-134
-135
-136
-137
-138
-139
-140
-141
-142
-143
-144
-145
-146
-147
-148
-149
-150
-151
-152
-153
-154
-155
-156
-157
-158
-159
-160
-161
-162
-163
-164
-165
-166
-167
-168
-169
-170
-171
-172
-173
-174
-175
-176
-177
-178
-179
-180
-181
-182
-183
-184
-185
-186
-187
-188
-189
-190
-191
-192
-193
-194
-195
-196
-197
-198
-199
-200
-201
-202
-203
-204
-205
-206
-207
-208
-209
-210
-211
-212
-213
-214
-215
-216
-217
-218
-219
-220
-221
-222
-223
-224
-225
-226
-227
-228
-229
-230
-231
-232
-233
-234
-235
-236
-237
-238
-239
-240
-241
-242
-243
-3878
6266
-8570
-3123
4208
9834
9275
-6203
968
-8696
7909
-3369
-6396
-9678
-7207
-1408
-3097
6895
1122
8011
-6048
3726
-9332
4066
2430
1819
1856
-4280
-3540
9054
5535
-6846
3761
-1301
3670
8322
-5600
-3381
-4185
-4891
2214
8874
7764
-6433
8339
-1537
2691
4623
1899
-5793
3115
-2150
5592
-5281
2999
3713
-2970
2744
-6581
3060
2349
3892
-7251
3483
-1097
8698
504
-3433
-4429
6803
-2635
-2697
-8771
9066
3431
-9652
-5368
2158
-2900
-6044
-6359
9532
8075
4537
8234
2668
7447
-9974
1976
7985
-8665
7133
4222
7036
9285
5479
-2255
9468
-5490
7519
-1141
8125
-7484
-2406
-3933
8567
1641
-1629
1499
-3568
2062
-3497
-7018
-2262
-5157
-7510
-2929
-9496
4522
7427
-8372
-1414
-7734
-2757
-4350
5029
-5081
-3263
5275
-5925
4934
-1605
-5843
9306
1165
-1238
6188
1478
2237
1359
-8860
3520
-4294
-4911
1047
-1257
-7680
-9616
-5681
4711
7439
5937
-6512
-8999
-2737
7794
4533
-3130
-3228
-4887
2325
7105
5907
-9126
-8225
6556
6929
8174
4001
8299
3193
-6958
9981
-4205
-4259
-6494
3098
2493
-8936
-5812
8983
5618
-7346
-9038
7939
4843
-7086
-2210
-3934
-2035
-1116
6917
-9077
5294
-4265
-1525
-5458
-8825
-8352
3264
3872
-9823
1484
-4030
3486
1823
-3327
8452
-6213
8131
8334
3259
-3829
2653
-6879
-5331
-5069
-9582
2376
-6767
-3043
-8985
2573
-4838
-6014
-8486
-7811
8961
1422
-9944
-8564
5428
4452
-4149
-9363
-1908
-9916
-4365
8321
2902
9097
-6244
-3103
-4020
-6448
-6457
1920
6476
-6563
-1980
3576
2681
8899
-7517
-1137
6083
-9003
-6066
7814
-8892
5051
9795
9006
5083
-1464
-2494
970
9484
-2696
2713
-7799
7364
949
2984
-6262
891
-4863
1644
-9360
6276
689
1061
-4313
1161
1608
4872
-3056
770
6082
4327
-9301
7185
3439
2943
-1342
3217
1836
-9746
-1029
-4003
-3408
3822
7923
1423
2656
4832
-2138
-9931
1215
-5013
5688
9517
-2463
-5486
1907
-7498
2805
5504
8737
-8784
-8727
3621
-4648
6515
8899
-9641
8461
-7828
9577
-7396
1692
-7056
4254
-1725
4937
1317
1873
4393
4753
7591
-1725
4176
-1809
4884
2288
8626
-9521
2548
1997
-9892
6109
-4997
7338
-2745
-6129
-5958
-1355
-2713
3143
-1763
8499
-1626
4384
4192
8619
6708
1275
3187
3167
9789
-5706
-7125
4168
7569
-1147
-1430
4759
-7112
-7489
-1474
4838
3029
8635
-6066
-8397
8963
-7845
8305
1969
4448
5059
-5690
-3498
1710
-3981
-1735
7739
-5263
624
-2156
1151
-3484
8769
-7286
3874
4738
-2808
2809
5896
1304
547
-8323
-9894
6124
-7743
-8018
-1609
1303
-7924
-1981
-4060
9745
-2522
5735
6679
-6193
778
5232
-9305
5582
-4199
5609
6554
-5296
3825
6535
9328
5701
1167
7474
6719
7145
9258
-9732
-8819
-5370
4638
5378
1933
-9014
2494
-8830
3209
-7287
3869
6779
9346
-8357
-3604
820
8799
-7481
9199
8548
1694
-4108
-4371
-1539
-5305
4103
-8120
9157
2120
4995
-5057
3454
-9971
-5200
3601
-5809
-2380
-9765
-6582
9098
-1431
-9125
-2575
4673
694
7443
1184
-9088
-4767
-3308
3939
1709
7895
-6048
-1403
-4191
-4166
-5521
-5549
-2888
6678
-9891
3710
6348
-1826
9071
3623
-2931
-4062
-3539
-6108
2841
1018
1309
-1477
6368
-6112
9135
-5090
-7770
-8360
9067
3422
-2491
1137
3947
-6422
3240
2500
5786
-5568
-8306
1926
-8912
7616
-4446
5618
-7034
-7288
-9720
3441
-5221
-4545
-4481
6527
4233
-2741
3516
-5113
4627
8962
-7146
9512
-5710
6464
7916
-6512
-5926
5927
-7241
4050
6149
3908
-3513
-2526
-3798
-4352
647
-2459
-3200
6835
6541
-5262
3812
7902
-2686
-7570
4516
6767
-4753
-5546
8068
-3675
-7242
2648
-2099
-2651
9607
-9552
-4248
1697
-6397
8487
-5396
1008
-1829
803
-8473
4851
-2449
3400
3959
828
9549
-2585
5547
9735
3377
-9794
6569
-4940
8734
5132
-8143
6328
-8285
5408
8505
7238
2692
6941
4021
-9908
-8974
7991
-7874
9616
-3494
3663
-6378
7645
-4183
-6636
-3464
7969
6487
-3689
-3051
-5452
5936
3471
9013
3401
-8552
-5936
-5122
-8871
-6785
-5897
-9296
-5811
7023
6224
9045
-4280
3537
-9008
-3298
-9936
-4921
2746
-7203
2229
8099
-6497
2309
2379
1300
-2083
-9229
-5808
-6440
2164
-6608
-1091
-9304
-6087
-6685
-9592
-7341
3871
7079
-5874
1645
4727
2649
-4380
-5530
2146
-2628
-2340
-1977
-6656
-4663
-9385
7438
-7518
5505
-6661
-6005
5182
-2302
6952
8668
9075
7883
-2786
3426
-1826
-3912
-7600
7719
1027
2768
4743
-5959
2781
-4036
3139
-3369
-5030
9571
-1345
8431
4976
-8698
-1638
-8358
4375
-2000
-7198
-1452
-6175
2467
6941
-4117
1130
4605
9376
-6228
-1719
-4474
5246
4217
3490
9895
-6805
-6815
-1613
4443
-8968
-2894
8085
6568
-4237
-6207
-5723
8671
-2936
-6724
3687
-4612
2372
8454
8935
-1265
-7549
4514
-3872
6001
3795
-5775
4801
7934
8557
-7811
-4020
-5338
-4198
5155
4860
-2863
-4230
3806
-1269
-5254
4239
-8993
-6399
9074
-7178
-2885
4022
-1986
729
-5425
3652
928
-4454
8153
-8583
-9022
-7643
-1735
1768
-9236
-3741
-7596
6493
-7950
-8197
-3670
6937
-4915
-2461
-2975
-9605
-5848
1465
9399
-2205
-7179
-2429
7176
-6528
5224
6197
9031
-2813
1388
5788
-3281
-1003
-9965
9015
4008
671
6822
8221
-1947
1398
5568
-5594
7141
-2824
-3632
-5916
-3090
1256
-5619
7469
5497
6796
1122
-7741
-4017
7573
2226
3924
4240
-4631
8823
6699
-4738
-3670
-5396
5922
6349
4884
8824
9164
-6130
2262
-2922
3728
3006
3858
-2281
-1315
-8703
-4088
-3990
-3620
623
638
4647
3668
-5389
-3683
1904
-3868
5707
5156
8361
-6788
-4203
2915
-7620
-8678
8529
-2060
4279
-4199
2424
3589
6763
8187
-5222
1274
-7930
4209
-8462
774
9602
8736
9677
-1207
-6412
4019
-4380
-2994
-2983
-6383
-7774
1449
6415
6279
8943
7843
-1638
-7844
-3369
7126
-7007
6474
5797
2155
1414
3972
-3598
-9400
-3786
5565
5764
1608
4269
-4118
1068
-6777
3294
-6327
3043
-9985
583
-4787
-7689
4065
5241
8213
5588
7712
-9246
-8007
8095
6811
-8357
8151
6379
6647
-6371
-7447
9258
1292
-6848
5931
-8694
-4933
-8643
-7810
-9619
6881
-8056
-3885
9713
-7773
-7542
2212
7527
-9071
-4292
-8061
-8312
744
3536
-8613
9345
