10100
100101
0
-1
-2
-3
-4
-5
-6
-7
-8
-9
-10
-11
-12
-13
-14
-15
-16
-17
-18
-19
-20
-21
-22
-23
-24
-25
-26
-27
-28
-29
-30
-31
-32
-33
-34
-35
-36
-37
-38
-39
-40
-41
-42
-43
-44
-45
-46
-47
-48
-49
-50
-51
-52
-53
-54
-55
-56
-57
-58
-59
-60
-61
-62
-63
-64
-65
-66
-67
-68
-69
-70
-71
-72
-73
-74
-75
-76
-77
-78
-79
-80
-81
-82
-83
-84
-85
-86
-87
-88
-89
-90
-91
-92
-93
-94
-95
-96
-97
-98
-99
-100
-101
-102
-103
-104
-105
-106
-107
-108
-109
-110
-111
-112
-113
-114
-115
-116
-117
-118
-119
-120
-121
-122
-123
-124
-125
-126
-127
-128
-129
-130
-131
-132
-133
-134
-135
-136
-137
-138
-139
-140
-141
-142
-143
-144
-145
-146
-147
-148
-149
-150
-151
-152
-153
-154
-155
-156
-157
-158
-159
-160
-161
-162
-163
-164
-165
-166
-167
-168
-169
-170
-171
-172
-173
-174
-175
-176
-177
-178
-179
-180
-181
-182
-183
-184
-185
-186
-187
-188
-189
-190
-191
-192
-193
-194
-195
-196
-197
-198
-199
-200
-201
-202
-203
-204
-205
-206
-207
-208
-209
-210
-211
-212
-213
-214
-215
-216
-217
-218
-219
-220
-221
-222
-223
-224
-225
-226
-227
-228
-229
-230
-231
-232
-233
-234
-235
-236
-237
-238
-239
-240
-241
-242
-243
-244
-245
-246
-247
-248
-249
-250
-251
-252
-253
-254
-255
-256
-257
-258
-259
-260
-261
-262
-263
-264
-265
-266
-267
-268
-269
-270
-271
-272
-273
-274
-275
-276
-277
-278
-279
-280
-281
-282
-283
-284
-285
-286
-287
-288
-289
-290
-291
-292
-293
-294
-295
-296
-297
-298
-299
-300
-301
-302
-303
-304
-305
-306
-307
-308
-309
-310
-311
-312
-313
-314
-315
-316
-317
-318
-319
-320
-321
-322
-323
-324
-325
-326
-327
-328
-329
-330
-331
-332
-333
8631
3585
9496
-3413
-1713
1464
-1845
2780
9513
6240
-4071
4194
-9802
-6761
4304
-9976
6313
-4550
-7986
-9558
-1098
-9798
-1735
-4128
-8399
-3212
4080
-8227
6139
-8943
-6211
4688
6773
8364
-2486
-7299
-6039
-6771
-6598
1003
-7509
9901
4565
1441
-7692
6729
-9940
5694
2841
-5402
7984
-6413
-7235
9293
5050
-7135
-7781
-1611
-1308
3252
1723
-1169
-7072
-8020
1451
5176
-4352
6082
-3293
3721
-6083
-6349
-4746
-8921
3760
-7684
5213
-7874
6150
-9235
2147
7269
-5427
9925
-4221
-8444
9761
3050
6717
8257
3206
4064
6740
-5096
3778
5003
-4313
8575
9330
2717
-6599
-4640
-7570
6387
1461
2274
-6210
2329
6866
-2056
-3014
6654
5354
3596
-2618
6637
5315
-1211
-2186
4171
5026
-5256
4997
6370
5862
8442
9642
-4936
-9757
-3278
-5002
3149
8094
-6717
2379
3211
5095
-4035
9751
5894
4151
-5373
5673
-5601
2819
5364
7378
-3219
2627
-3471
8155
5953
-9225
-1023
2518
-4567
-3158
5317
-6134
6317
-8305
8202
9951
3560
-5128
1718
1773
3149
-9502
-9506
5052
-2754
3428
-2087
1538
-5426
-7446
1834
8057
-6268
4329
-6714
-7565
-9093
5209
-5185
6710
4878
-6376
-5955
-3047
-5546
-3548
7992
3185
2794
2015
-2111
7578
6733
3800
-5168
1200
-3665
-9597
5901
8427
-4276
-7942
7698
-7384
7009
-2864
-1126
-6354
8234
-9529
6824
1492
5470
-9542
3983
5759
-3296
3358
2880
9863
7590
-6700
-8937
9200
-1804
2489
-2222
-7469
4172
9827
-4602
-9755
5704
5651
4825
2914
4976
-4764
8067
8775
-8951
-5252
4656
6485
8716
-2988
-8359
-4065
-7281
4942
8602
-1112
9631
5508
6165
-7972
7405
2224
3823
-8049
7533
-4553
1364
-4708
7532
1433
-2311
-7006
-3832
3880
-7237
-3785
-2915
7730
7995
6575
-2697
-1094
-9339
-5323
-9505
2847
-7494
1517
-6314
-2167
-4092
-3119
9894
-9545
3135
8914
-5606
-3348
5331
4269
2181
5362
-1446
-9205
6310
-9474
-5855
-7629
5232
-4275
-2451
-2271
-8986
3402
9798
2668
-7661
-2318
-3966
5947
7103
-3724
-2028
-7921
1292
-6461
3152
-6962
-2796
-6655
2698
-4669
-1121
9171
9397
-6016
-5400
-6722
-9173
-1339
8617
3765
5707
1411
-5461
6695
-9086
8443
1830
6788
-8032
2403
8047
-9855
-2104
-3082
2527
3601
5668
-1133
5249
2677
9598
4107
3822
9734
-6928
-7854
-9279
-7974
-2126
-3676
-8153
-7019
3613
-1548
-8552
-2253
4570
-2492
-1964
-5316
-8216
-4284
9281
-9197
-4753
-3605
7446
-6033
-7771
8134
-8526
-3737
-2652
-3151
1363
-7914
9732
2696
4210
3801
-6446
-5159
5308
-7816
-8033
-7766
-8574
4683
1204
3429
4035
-2068
5346
-9681
-7020
-4614
2423
-2803
-3568
-6641
7057
-1397
3548
-8332
3668
-1866
8067
-9985
-5373
-5897
5658
-2821
-7090
-6249
4551
4467
2189
-5818
6740
8320
6213
8538
-5603
-2363
-6445
-1972
-5234
-1572
-7000
7404
-8574
-9522
6465
8314
7889
2661
-4077
-6101
-1285
-5433
4312
-5740
-9936
4411
5711
4161
5242
-5843
6932
-6574
-9110
-1692
-4197
-7459
6868
-2098
-5579
2108
9737
9404
8927
-3087
-4113
-5678
-5270
-6987
-4311
8718
-9483
4223
7061
7100
5717
1854
-1828
-8057
-9570
6390
-4347
-1737
-1007
4159
-8617
1365
-7577
-5927
-3382
-2990
2884
-2913
2602
-5454
-2534
101
-6091
-1835
2904
3393
-1738
7747
7653
-9984
-2592
-7278
3626
8581
-7373
-6957
8877
-8399
5870
-6183
2491
5190
1213
4949
-7795
9958
8442
-8831
-9987
7290
2494
5575
-9753
-5432
-8267
9216
-6837
8946
-1770
-3671
5724
5080
3559
7751
-9940
-2883
-8882
-1060
5210
6036
3265
2506
9931
-1368
8791
4188
-8272
4965
7017
6257
-6900
-6845
-2412
2057
3795
-5251
4354
4511
8777
-4234
-5456
1978
1752
-7906
-5772
-5920
-3030
2836
-3048
6709
-1219
-7543
4287
9392
-8919
4333
4387
-5481
8062
-7326
6381
-8440
-7213
-7617
-2951
-9863
-8874
7548
-1576
-8823
-2756
-2096
-5723
-3038
-8709
-6649
-9900
-8449
-1965
-7737
-9784
6179
-6401
9504
7990
-9476
-1723
-8451
5841
-3840
2766
-2790
4376
-3733
3222
-1727
3358
-5547
-6413
4817
5060
5932
4838
-9494
3054
1861
2648
5349
3492
-8704
-7638
-3454
6851
-7484
-6167
-3034
-3996
-1642
-1567
2601
5282
1826
5772
8477
2438
-6664
-8616
-1170
8926
3611
-6086
-2954
-7885
2533
-1698
-1026
-6026
2972
8572
8025
6296
7578
-2103
-9602
7699
2510
8558
-5678
-9279
6362
8548
-6854
-9090
-6727
-3372
-4643
-1062
-3811
-3240
-6817
5235
-5271
-8640
4989
-4230
-3413
7991
4925
-6914
-2300
6121
7656
7677
-2178
1727
7164
6009
-2964
1391
-9209
-9061
2968
7382
5762
-4791
-5630
-4697
-6741
2341
-6513
7174
5099
-6637
4742
-8120
1570
-7379
-2944
-3932
-9319
2805
1747
2270
-9073
-6857
3081
-4461
4693
8052
8614
-7829
6819
8893
-9378
-1350
-2090
-7503
-5920
9571
7779
2015
7503
-5145
-1157
-6749
9055
8666
6482
-8467
-1065
7494
-7644
8759
5184
-4505
-2725
7678
3745
-5453
-6314
3688
-5249
-3354
-1012
-2475
-1047
-5077
-5372
8466
-4292
8147
6293
-8605
1580
-6110
-6098
5158
9813
-7880
-2961
1823
5498
-5145
8545
-9587
1857
1542
-8259
-2519
5487
6528
3287
-5387
-5431
8613
-8002
5983
3923
4388
5528
9276
-1868
-2505
-4052
-9314
-7833
-9218
9721
7340
-7020
-4855
-8043
-6169
1294
2671
7756
-6575
-3465
-7152
-1682
4659
-8593
9717
3322
-3424
-2384
-6938
-3476
7706
6558
5710
1818
-2701
6906
6685
6912
3043
9156
-4778
-8468
-7709
1278
2948
-1597
-9781
-4835
6302
9709
1642
9207
-1791
-2075
7530
1222
9085
-5417
9747
-5683
-4559
-8370
6920
4707
-5066
3382
2791
-2291
-6721
-4469
-5491
6733
-6816
-3852
-8141
-6304
-3836
-2773
-8806
-2873
-1717
-8773
-6981
4430
9290
-9367
-4650
5007
1255
7067
9612
-2184
-9604
-9708
1337
5637
-1184
-7087
6832
4042
-3920
2321
1802
-4070
2061
2432
3703
-8660
4581
7962
-1271
8548
-8876
5667
6338
-9935
5448
-8694
-6996
-6607
1911
-9223
-2743
1685
-4791
-1991
2234
-1401
7826
7089
9770
-7352
2163
-6444
3141
-6139
4352
-7728
-4396
-6810
7913
-7049
1550
9025
-3786
7495
-5601
9661
3524
-7007
-6472
-4939
8509
-3526
3010
4821
-7864
-9973
6625
8833
1226
9835
4740
6669
4001
4858
8272
9791
-3308
-8005
6141
3703
-3874
2579
-2892
