600
597
594
591
588
585
582
579
576
573
570
567
564
561
558
555
552
549
546
543
540
537
534
531
528
525
522
519
516
513
510
507
504
501
498
495
492
489
486
483
480
477
474
471
468
465
462
459
456
453
450
447
444
441
438
435
432
429
426
423
420
417
414
411
408
405
402
399
396
393
390
387
384
381
378
375
372
369
366
363
360
357
354
351
348
345
342
339
336
333
330
327
324
321
318
315
312
309
306
303
300
297
294
291
288
285
282
279
276
273
270
267
264
261
258
255
252
249
246
243
240
237
234
231
228
225
222
219
216
213
210
207
204
201
198
195
192
189
186
183
180
177
174
171
168
165
162
159
156
153
150
147
144
141
138
135
132
129
126
123
120
117
114
111
108
105
102
99
96
93
90
87
84
81
78
75
72
69
66
63
60
57
54
51
48
45
42
39
36
33
30
27
24
21
18
15
12
9
6
3
0
-3
-6
-9
-12
-15
-18
-21
-24
-27
-30
-33
-36
-39
-42
-45
-48
-51
-54
-57
-60
-63
-66
-69
-72
-75
-78
-81
-84
-87
-90
-93
-96
-99
-102
-105
-108
-111
-114
-117
-120
-123
-126
-129
-132
-135
-138
-141
-144
-147
-150
-153
-156
-159
-162
-165
-168
-171
-174
-177
-180
-183
-186
-189
-192
-195
-198
-201
-204
-207
-210
-213
-216
-219
-222
-225
-228
-231
-234
-237
-240
-243
-246
-249
-252
-255
-258
-261
-264
-267
-270
-273
-276
-279
-282
-285
-288
-291
-294
-297
-300
-303
-306
-309
-312
-315
-318
-321
-324
-327
-330
-333
-336
-339
-342
-345
-348
-351
-354
-357
-360
-363
-366
-369
-372
-375
-378
-381
-384
-387
-390
-393
-396
-399
-402
-405
-408
-411
-414
-417
-420
-423
-426
-429
-432
-435
-438
-441
-444
-447
-450
-453
-456
-459
-462
-465
-468
-471
-474
-477
-480
-483
-486
-489
-492
-495
-498
-501
-504
-507
-510
-513
-516
-519
-522
-525
-528
-531
-534
-537
-540
-543
-546
-549
-552
-555
-558
-561
-564
-567
-570
-573
-576
-579
-582
-585
-588
-591
-594
-597
-600
-603
-606
-609
-612
-615
-618
-621
-624
-627
-630
-633
-636
-639
-642
-645
-648
-651
-654
-657
-660
-663
-666
-669
-672
-675
-678
-681
-684
-687
-690
-693
-696
-699
-702
-705
-708
-711
-714
-717
-720
-723
-726
-729
-732
-735
-738
-741
-744
-747
-750
-753
-756
-759
-762
-765
-768
-771
-774
-777
-780
-783
-786
-789
-792
-795
-798
-801
-804
-807
-810
-813
-816
-819
-822
-825
-828
-831
-834
-837
-840
-843
-846
-849
-852
-855
-858
-861
-864
-867
-870
-873
-876
-879
-882
-885
-888
-891
-894
-897
-900
-903
-906
-909
-912
-915
-918
-921
-924
-927
-930
-933
-936
-939
-942
-945
-948
-951
-954
-957
-960
-963
-966
-969
-972
-975
-978
-981
-984
-987
-990
-993
-996
-999
-1002
-1005
-1008
-1011
-1014
-1017
-1020
-1023
-1026
-1029
-1032
-1035
-1038
-1041
-1044
-1047
-1050
-1053
-1056
-1059
-1062
-1065
-1068
-1071
-1074
-1077
-1080
-1083
-1086
-1089
-1092
-1095
-1098
-1101
-1104
-1107
-1110
-1113
-1116
-1119
-1122
-1125
-1128
-1131
-1134
-1137
-1140
-1143
-1146
-1149
-1152
-1155
-1158
-1161
-1164
-1167
-1170
-1173
-1176
-1179
-1182
-1185
-1188
-1191
-1194
-1197
-1200
-1203
-1206
-1209
-1212
-1215
-1218
-1221
-1224
-1227
-1230
-1233
-1236
-1239
-1242
-1245
-1248
-1251
-1254
-1257
-1260
-1263
-1266
-1269
-1272
-1275
-1278
-1281
-1284
-1287
-1290
-1293
-1296
-1299
-1302
-1305
-1308
-1311
-1314
-1317
-1320
-1323
-1326
-1329
-1332
-1335
-1338
-1341
-1344
-1347
-1350
-1353
-1356
-1359
-1362
-1365
-1368
-1371
-1374
-1377
-1380
-1383
-1386
-1389
-1392
-1395
-1398
-1401
-1404
-1407
-1410
-1413
-1416
-1419
-1422
-1425
-1428
-1431
-1434
-1437
-1440
-1443
-1446
-1449
-1452
-1455
-1458
-1461
-1464
-1467
-1470
-1473
-1476
-1479
-1482
-1485
-1488
-1491
-1494
-1497
-1500
-1503
-1506
-1509
-1512
-1515
-1518
-1521
-1524
-1527
-1530
-1533
-1536
-1539
-1542
-1545
-1548
-1551
-1554
-1557
-1560
-1563
-1566
-1569
-1572
-1575
-1578
-1581
-1584
-1587
-1590
-1593
-1596
-1599
-1602
-1605
-1608
-1611
-1614
-1617
-1620
-1623
-1626
-1629
-1632
-1635
-1638
-1641
-1644
-1647
-1650
-1653
-1656
-1659
-1662
-1665
-1668
-1671
-1674
-1677
-1680
-1683
-1686
-1689
-1692
-1695
-1698
-1701
-1704
-1707
-1710
-1713
-1716
-1719
-1722
-1725
-1728
-1731
-1734
-1737
-1740
-1743
-1746
-1749
-1752
-1755
-1758
-1761
-1764
-1767
-1770
-1773
-1776
-1779
-1782
-1785
-1788
-1791
-1794
-1797
-1800
-1803
-1806
-1809
-1812
-1815
-1818
-1821
-1824
-1827
-1830
-1833
-1836
-1839
-1842
-1845
-1848
-1851
-1854
-1857
-1860
-1863
-1866
-1869
-1872
-1875
-1878
-1881
-1884
-1887
-1890
-1893
-1896
-1899
-1902
-1905
-1908
-1911
-1914
-1917
-1920
-1923
-1926
-1929
-1932
-1935
-1938
-1941
-1944
-1947
-1950
-1953
-1956
-1959
-1962
-1965
-1968
-1971
-1974
-1977
-1980
-1983
-1986
-1989
-1992
-1995
-1998
-2001
-2004
-2007
-2010
-2013
-2016
-2019
-2022
-2025
-2028
-2031
-2034
-2037
-2040
-2043
-2046
-2049
-2052
-2055
-2058
-2061
-2064
-2067
-2070
-2073
-2076
-2079
-2082
-2085
-2088
-2091
-2094
-2097
-2100
-2103
-2106
-2109
-2112
-2115
-2118
-2121
-2124
-2127
-2130
-2133
-2136
-2139
-2142
-2145
-2148
-2151
-2154
-2157
-2160
-2163
-2166
-2169
-2172
-2175
-2178
-2181
-2184
-2187
-2190
-2193
-2196
-2199
-2202
-2205
-2208
-2211
-2214
-2217
-2220
-2223
-2226
-2229
-2232
-2235
-2238
-2241
-2244
-2247
-2250
-2253
-2256
-2259
-2262
-2265
-2268
-2271
-2274
-2277
-2280
-2283
-2286
-2289
-2292
-2295
-2298
-2301
-2304
-2307
-2310
-2313
-2316
-2319
-2322
-2325
-2328
-2331
-2334
-2337
-2340
-2343
-2346
-2349
-2352
-2355
-2358
-2361
-2364
-2367
-2370
-2373
-2376
-2379
-2382
-2385
-2388
-2391
-2394
-2397
-8515
-7945
-7654
2836
-2287
-8166
9126
4968
4414
-9563
-8138
-9926
-4123
-4743
6588
7234
-8992
9597
9695
-9337
-8070
5450
-3045
-3797
9620
6121
9172
8347
-5833
4728
6198
8750
-7866
-1699
8473
7048
7183
8936
6325
4048
4227
1544
-6703
-4247
8681
-6754
-9405
-3286
5054
1759
-7128
887
-4028
2753
9446
-3120
4399
5245
2348
9306
4913
7251
5985
6310
-3612
6242
2878
-8059
6112
-8961
7529
-8085
-5046
5250
-7713
-8388
-1501
4147
-8635
6485
-8924
-1304
9396
-2095
148
-7226
-6180
9958
-5035
-2099
-8994
-7106
676
-6452
-6430
-6782
5337
-9043
-9318
-5897
-128
-4700
-6860
-9283
1766
4870
1531
8867
-2386
7034
-5601
-206
-5195
6128
-8543
-8936
4935
3392
-7098
-6652
-5495
8357
-9274
7091
8574
-7796
2878
-2617
7120
8239
-1259
8703
-539
-1978
7643
-3986
-2501
-8239
-6008
6963
9536
3463
7550
-4271
-9355
-7243
-6792
-9664
7469
-5326
-2885
-4841
-6408
6357
1987
7040
8031
-3591
-3345
875
4581
-3956
-9496
8879
6441
4068
-2162
2833
-1438
5345
-2877
640
-2276
-2582
8423
7892
-8002
-5846
-6009
7095
-6620
-7968
4916
-2935
-4281
-7696
7738
-4619
8166
-6248
-7271
2863
4438
8558
-7315
-6634
7755
-7448
3104
6265
3871
6709
5515
3781
-9507
3095
9101
-1588
1628
-7109
-571
8860
-3927
-7973
5599
9238
5611
-3599
5146
-8835
5044
-8517
-8801
-8883
4369
9417
-898
-4350
2554
9916
-8134
-8188
-3618
-2792
-3467
-2671
-2951
2188
-4045
4515
-7047
-284
7573
733
-6720
-1615
-6011
-2583
-7651
86
-9870
4193
10
-7364
2860
-280
-2567
-1924
6342
6636
3636
8063
2626
-1408
5340
2441
3890
7899
9475
-9436
-1418
440
-3823
-7003
8109
8283
8890
4855
-6650
484
6601
-3304
3704
-6396
4278
8620
-1891
-9826
4855
3422
-6676
8065
-2978
6631
5164
3334
-9436
4212
-5952
-5518
5210
5267
-2989
-6234
1928
731
4080
-3659
-9050
9277
-8641
5324
-2814
8941
-8800
-7012
-9362
7529
-295
4766
4051
4298
-5133
-6358
-4826
-8809
-4590
-3971
-5085
-6879
-6338
-3006
-3470
-4277
-1210
-4933
9655
-4198
5302
8111
5534
112
9725
-5050
3908
7300
9476
-1237
1564
5752
-8537
-3475
-2078
-6107
3044
-3031
-5298
5292
5778
4579
-6543
-8136
-8491
3221
-3744
154
5259
-2783
-1831
4616
4312
259
-8409
4404
2407
4374
-6911
9656
-2636
9039
3124
-1325
-8178
-4346
-2270
4360
6573
7276
-2894
82
547
7129
-3377
-9155
8777
-4838
-3036
8961
-2865
9578
8773
971
-9862
-6435
3840
-4749
92
-4823
-682
-4085
-8394
6342
-5099
700
752
-4104
-2604
220
8633
-2234
-8271
8340
-2228
-6255
-6556
-5774
6162
8861
9088
5263
-691
8312
5285
-3021
-203
-9748
-3935
6592
-3668
-5203
-9964
-3339
4122
-7544
-3946
5481
-5870
16
-2610
4154
9623
1393
-85
3073
-5511
968
-7678
-5724
-9859
5307
-7803
-2535
-4013
-4610
-5726
-5345
-4951
-9131
2320
6395
7942
-8620
-3351
-8059
8624
1163
9140
1927
-826
-6877
-2794
-7520
4026
3347
8997
-8304
9772
-1082
3841
-506
9733
7430
3800
-9180
-5338
9465
-7106
3172
-6293
-8085
-8553
6845
2389
6804
-3195
-6816
7429
-9953
8528
5389
-8437
-1717
7395
-4574
-8752
-9889
-3488
9322
-9090
3797
-7271
5034
-9097
6665
9091
-6953
9050
-9198
-4041
-4538
2183
2833
5437
8352
-6428
6522
8386
6074
-4364
-8467
550
-2030
6769
-5738
-9023
-2162
-3511
5931
770
8350
7689
-5068
-4924
-8520
-7464
4211
8805
-4802
-893
-5094
-3482
-3414
6555
3403
-176
-5363
296
64
-4927
6966
9656
-3325
4341
-3625
5849
1610
4425
-7078
-1762
2414
8816
-9825
-6235
-2350
1240
653
1177
-9923
928
-4467
275
8311
6413
-2901
-2078
7014
-139
8854
8719
3379
6696
8314
7224
-3596
164
8196
4125
-9043
7179
-5680
-8281
1882
5479
4339
-5674
-8995
4542
7211
-161
-3384
9579
9639
-8679
1639
-9750
6491
1958
-9707
-7166
-6636
-9072
-8434
3785
9164
9089
9814
2359
-7404
3901
6658
-8153
2024
-3640
-5744
1030
-3672
-556
4375
-8690
-3194
9573
-7269
-6688
-4432
8827
2329
-2842
1324
-4643
5278
-5280
4081
-3076
-7755
8340
9530
-4943
-7942
1094
7101
-9230
5493
2615
-6095
-7566
-3496
4903
-2940
-5844
1721
-9770
-5430
3966
-5009
-7798
9789
1960
-9703
-5335
7842
-5499
-9940
6056
-5892
-1951
-7537
-7577
2705
-6487
-6870
8966
11
6960
685
5721
-1852
2024
-5281
8754
7441
4145
-8596
-3838
-4321
-3868
290
-145
-1967
-1493
-9523
9206
-439
-6294
6546
9851
-6616
-8534
7798
6162
7960
5625
-5760
6623
-3608
-6984
7163
-6587
7849
-4282
-7645
2599
9623
7662
-6335
-9157
-5341
3852
-1375
-5276
4522
-7618
-2374
7864
-3488
-3958
-3124
-1036
-8251
3950
-7998
2488
-6906
-6997
-5681
-5515
8888
-4823
8149
-7475
5277
698
-7335
4530
8846
8570
4982
5892
-7689
-6495
5769
-4485
473
5719
7474
-338
-884
6491
2269
5359
5093
-9364
-2597
-1879
6587
7549
-3698
1901
9996
5797
-9253
3988
8828
-3801
8773
7181
-5778
-4388
-3025
-5882
5544
8215
1202
-4396
7512
6134
6838
-2173
-400
-6474
587
6726
2564
-704
4634
5620
9297
-9500
9945
8181
-4640
2251
-3497
3715
772
-8352
9646
-2339
-7497
1781
-104
-2167
-667
3578
5598
4864
8821
6579
6950
-6067
-6609
-8190
-4509
4527
4955
-7666
-5873
7970
9111
-4986
-9889
-2380
-9431
9903
5859
4568
7925
-550
9350
4561
-6579
418
-9871
-5097
-8670
-4589
6676
-2380
5064
7329
3797
9257
2030
-2526
9152
-2131
-6834
-4218
-1123
-7998
-6732
5641
3200
-3866
6494
1976
-8849
-7864
-8976
5770
9116
5880
-5571
4825
-4237
2546
-9827
-7831
-1858
6188
-7706
-5407
9595
-9532
-3929
-4561
-5243
-9135
-749
5527
-8284
-2176
-1895
6696
8361
-4275
-6360
-413
-4777
-9250
9675
8467
175
-7996
9080
5208
4749
-2748
2552
-3141
-5498
-949
-5836
5635
7498
8773
-9509
-3045
1621
3341
4861
9860
5444
6276
-9489
-9143
728
631
-8349
-2227
4275
-3556
7576
3753
-1912
-6317
-7154
-9578
-5745
5487
9504
7406
6356
3095
-8536
4107
7246
8802
-5801
2942
7152
8213
-6360
4401
-2627
-7782
-2708
-7540
8343
9068
2759
-2495
-5369
-9289
-7298
1028
-9483
9517
-4314
8437
431
