30
29
28
27
26
25
24
23
22
21
20
19
18
17
16
15
14
13
12
11
10
9
8
7
6
5
4
3
2
1
0
-1
-2
-3
-4
-5
-6
-7
-8
-9
-10
-11
-12
-13
-14
-15
-16
-17
-18
-19
-20
-21
-22
-23
-24
-25
-26
-27
-28
-29
-30
-31
-32
-33
-34
-35
-36
-37
-38
-39
-40
-41
-42
-43
-44
-45
-46
-47
-48
-49
-50
-51
-52
-53
-54
-55
-56
-57
-58
-59
-60
-61
-62
-63
-64
-65
-66
-67
-68
-69
-70
-71
-72
-73
-74
-75
-76
-77
-78
-79
-80
-81
-82
-83
-84
-85
-86
-87
-88
-89
-90
-91
-92
-93
-94
-95
-96
-97
-98
-99
-100
-101
-102
-103
-104
-105
-106
-107
-108
-109
-110
-111
-112
-113
-114
-115
-116
-117
-118
-119
-120
-121
-122
-123
-124
-125
-126
-127
-128
-129
-130
-131
-132
-133
-134
-135
-136
-137
-138
-139
-140
-141
-142
-143
-144
-145
-146
-147
-148
-149
-150
-151
-152
-153
-154
-155
-156
-157
-158
-159
-160
-161
-162
-163
-164
-165
-166
-167
-168
-169
-170
-171
-172
-173
-174
-175
-176
-177
-178
-179
-180
-181
-182
-183
-184
-185
-186
-187
-188
-189
-190
-191
-192
-193
-194
-195
-196
-197
-198
-199
-200
-201
-202
-203
-204
-205
-206
-207
-208
-209
-210
-211
-212
-213
-214
-215
-216
-217
-218
-219
-220
-221
-222
-223
-224
-225
-226
-227
-228
-229
-230
-231
-232
-233
-234
-235
-236
-237
-238
-239
-240
-241
-242
-243
-244
-245
-246
-247
-248
-249
-250
-251
-252
-253
-254
-255
-256
-257
-258
-259
-260
-261
-262
-263
-264
-265
-266
-267
-268
-269
-270
-271
-272
-273
-274
-275
-276
-277
-278
-279
-280
-281
-282
-283
-284
-285
-286
-287
-288
-289
-290
-291
-292
-293
-294
-295
-296
-297
-298
-299
-300
-301
-302
-303
-304
-305
-306
-307
-308
-309
-310
-311
-312
-313
-314
-315
-316
-317
-318
-319
-320
-321
-322
-323
-324
-325
-326
-327
-328
-329
-330
-331
-332
-333
-334
-335
-336
-337
-338
-339
-340
-341
-342
-343
-344
-345
-346
-347
-348
-349
-350
-351
-352
-353
-354
-355
-356
-357
-358
-359
-360
-361
-362
-363
-364
-365
-366
-367
-368
-369
-370
-371
-372
-373
-374
-375
-376
-377
-378
-379
-380
-381
-382
-383
-384
-385
-386
-387
-388
-389
-390
-391
-392
-393
-394
-395
-396
-397
-398
-399
-400
-401
-402
-403
-404
-405
-406
-407
-408
-409
-410
-411
-412
-413
-414
-415
-416
-417
-418
-419
-420
-421
-422
-423
-424
-425
-426
-427
-428
-429
-430
-431
-432
-433
-434
-435
-436
-437
-438
-439
-440
-441
-442
-443
-444
-445
-446
-447
-448
-449
-450
-451
-452
-453
-454
-455
-456
-457
-458
-459
-460
-461
-462
-463
-464
-465
-466
-467
-468
-469
-470
-471
-472
-473
-474
-475
-476
-477
-478
-479
-480
-481
-482
-483
-484
-485
-486
-487
-488
-489
-490
-491
-492
-493
-494
-495
-496
-497
-498
-499
-500
-501
-502
-503
-504
-505
-506
-507
-508
-509
-510
-511
-512
-513
-514
-515
-516
-517
-518
-519
-520
-521
-522
-523
-524
-525
-526
-527
-528
-529
-530
-531
-532
-533
-534
-535
-536
-537
-538
-539
-540
-541
-542
-543
-544
-545
-546
-547
-548
-549
-550
-551
-552
-553
-554
-555
-556
-557
-558
-559
-560
-561
-562
-563
-564
-565
-566
-567
-568
-569
-570
-571
-572
-573
-574
-575
-576
-577
-578
-579
-580
-581
-582
-583
-584
-585
-586
-587
-588
-589
-590
-591
-592
-593
-594
-595
-596
-597
-598
-599
-600
-601
-602
-603
-604
-605
-606
-607
-608
-609
-610
-611
-612
-613
-614
-615
-616
-617
-618
-619
-620
-621
-622
-623
-624
-625
-626
-627
-628
-629
-630
-631
-632
-633
-634
-635
-636
-637
-638
-639
-640
-641
-642
-643
-644
-645
-646
-647
-648
-649
-650
-651
-652
-653
-654
-655
-656
-657
-658
-659
-660
-661
-662
-663
-664
-665
-666
-667
-668
-669
-670
-671
-672
-673
-674
-675
-676
-677
-678
-679
-680
-681
-682
-683
-684
-685
-686
-687
-688
-689
-690
-691
-692
-693
-694
-695
-696
-697
-698
-699
-700
-701
-702
-703
-704
-705
-706
-707
-708
-709
-710
-711
-712
-713
-714
-715
-716
-717
-718
-719
-720
-721
-722
-723
-724
-725
-726
-727
-728
-729
-730
-731
-732
-733
-734
-735
-736
-737
-738
-739
-740
-741
-742
-743
-744
-745
-746
-747
-748
-749
-750
-751
-752
-753
-754
-755
-756
-757
-758
-759
-760
-761
-762
-763
-764
-765
-766
-767
-768
-769
-770
-771
-772
-773
-774
-775
-776
-777
-778
-779
-780
-781
-782
-783
-784
-785
-786
-787
-788
-789
-790
-791
-792
-793
-794
-795
-796
-797
-798
-799
-800
-801
-802
-803
-804
-805
-806
-807
-808
-809
-810
-811
-812
-813
-814
-815
-816
-817
-818
-819
-820
-821
-822
-823
-824
-825
-826
-827
-828
-829
-830
-831
-832
-833
-834
-835
-836
-837
-838
-839
-840
-841
-842
-843
-844
-845
-846
-847
-848
-849
-850
-851
-852
-853
-854
-855
-856
-857
-858
-859
-860
-861
-862
-863
-864
-865
-866
-867
-868
-869
-870
-871
-872
-873
-874
-875
-876
-877
-878
-879
-880
-881
-882
-883
-884
-885
-886
-887
-888
-889
-890
-891
-892
-893
-894
-895
-896
-897
-898
-899
-900
-901
-902
-903
-904
-905
-906
-907
-908
-909
-910
-911
-912
-913
-914
-915
-916
-917
-918
-919
-920
-921
-922
-923
-924
-925
-926
-927
-928
-929
-930
-931
-932
-933
-934
-935
-936
-937
-938
-939
-940
-941
-942
-943
-944
-945
-946
-947
-948
-949
-950
-951
-952
-953
-954
-955
-956
-957
-958
-959
-960
-961
-962
-963
-964
-965
-966
-967
-968
-969
5599
-9523
4217
4343
9805
-7113
8144
8638
-1496
2012
-1057
9359
-7559
4805
7762
1515
-8069
-7917
6756
-7831
-9471
-3521
8285
7236
4964
8659
-2502
7724
-4963
2715
2723
8545
7263
1126
-6662
-4356
-8472
6251
-9841
3412
-5365
7334
9151
8522
-2030
-3293
-6348
5903
9981
-8957
5835
3697
-6887
8830
6356
-5168
-1066
5772
5261
7462
-1292
-4395
-7659
8092
9130
2430
-1308
-9000
-5931
-9181
8310
7072
4768
-3917
6466
6665
-2052
1298
3093
-6216
-8390
-8819
-2906
-4902
-1514
-9145
-7671
4752
-7175
9571
9784
-6128
-6062
5314
-1760
9447
5467
7542
-5412
9147
8611
1251
3311
8409
-2059
3881
1439
9606
-1238
-7016
-7907
-8893
-5580
3695
6409
3445
7559
-6143
-9406
-2257
9066
-7925
-1362
-4219
-4142
-1716
-4941
-8491
4537
4103
-7543
6606
9795
-4656
3522
-2818
4100
7643
2489
-1167
-9772
-9627
-9203
-6517
-5568
-4416
-5492
-4744
-9734
2018
9439
2819
8284
-3677
-4331
-1403
3125
4900
-980
2605
-8116
6843
6425
8422
2945
-9967
5974
-8780
4281
-1303
-8995
-7621
6297
9931
-5652
1429
-9856
-6819
7225
-9331
7108
-7042
2000
3258
-1650
4924
-8555
4182
-3187
-7879
-5656
-7638
-8619
-2793
6170
-9201
-8537
1072
5939
-5713
-9306
6710
8488
-4722
-9753
6868
-8742
-9352
9229
-9285
9561
3682
9713
6190
-9983
-5563
-1541
-7142
2857
-6427
-3596
3483
-1203
6591
-8331
4697
8157
-2602
-8047
2324
5235
4926
4079
-2899
-6902
3047
8579
-3430
1191
6900
1530
-4649
4247
5180
9161
6526
3555
8521
3912
-5466
6956
2622
4836
-4111
2712
1833
4226
2989
-3027
3965
-8813
-2564
4330
5387
-4818
2738
5183
7751
-9131
-2491
-2118
8832
8827
-1670
8162
8165
-8258
-5300
7289
-5891
2185
-6748
-1592
-7560
-7161
6028
9690
-2458
5377
-5489
2575
8463
1837
-5963
5232
-1728
-3717
1401
9352
-2208
-7603
2740
7954
7027
-5437
-1439
-1087
7635
7175
-9952
3357
4483
5117
8368
-8268
-7104
-6280
6992
-8925
-5516
3759
-2333
5096
-8392
-2585
8971
-2088
-2266
-6587
-8213
7513
-6717
-9336
3143
-7238
2147
1071
6733
3839
-6665
-2023
-5635
-2591
-8459
5329
5215
-5170
-4206
-6601
-2362
1769
6042
-5657
-1811
-2402
3392
-8434
-6128
-3182
4516
3344
-9729
9650
-7665
-2611
2907
-1301
-6152
3810
3769
9568
-2897
-8654
-3202
6964
3659
3414
-6234
-6549
3218
-7227
4723
6882
2399
-2004
-4592
-8422
-8449
4365
6304
6736
8544
3091
-1012
1905
-8150
8188
5516
2857
9644
-9299
6949
-9307
-5472
-3836
5375
4367
-4318
1401
6768
3433
9778
4794
-4841
-5904
6966
-8791
-9596
-1882
1998
-6630
-2794
2731
-5069
-7787
3400
-2673
-6330
-6493
-8898
-4573
-2446
-2085
4211
-5068
3051
2446
7396
2614
7944
1124
4484
5103
-8508
1517
8037
-4996
-8123
5773
-5801
7431
5832
9691
-4997
-8267
-7140
-7888
-3889
-5192
-2640
8455
-6695
4671
-3950
4441
-7228
-1200
5312
9064
-5350
8312
-1347
7156
-9672
7801
7982
-8185
-1661
-4586
-3898
4074
9145
-9538
4286
4910
-7903
7690
4918
-9699
-5069
2432
-1868
3659
-9557
-6220
-2752
5636
-8468
2800
-9763
-3119
-7362
-1570
-3829
-4780
-8022
1861
8915
2958
-6617
-2459
-8942
-8849
-7073
6259
-5500
2907
9438
-5907
-9811
-4193
-5975
-1661
3491
-4516
2985
5944
-8871
-3148
9833
-2218
5377
5134
-7547
4115
-4654
2021
2822
-2362
3192
8907
-7785
4393
-5322
1365
-4289
7732
7000
9863
9984
2409
9948
-5776
-3760
9978
8053
-4042
3875
7004
1359
3301
-6043
2904
-3561
-9696
6228
7074
-3766
1942
-1736
-2940
-3272
-1287
7564
-5902
-1512
-6420
-5209
-6766
7615
-8809
-1969
4647
4387
-9340
-7375
5196
-4749
3955
-5467
8303
-3180
-6411
-1607
-3578
5804
-1744
-8311
5244
-9685
-8818
-7107
-7662
-4604
5725
9932
-2448
4528
5728
-4022
3709
1407
-8216
-5917
-6794
-3787
-5491
-6929
-3915
2956
-2908
8300
-9326
1163
8121
2593
-2821
-8276
-2629
1230
4778
-8810
-8523
-3241
9716
-9890
-5970
-9877
4775
-2829
3952
3892
3999
5490
1496
4299
5170
5290
5968
8863
8402
9244
4499
8822
5153
-8123
5282
-7156
-4405
-2576
1688
-3148
7329
1288
9047
-3855
-9466
-1825
-7726
7751
-5443
2210
-1265
3384
-8334
9616
-9809
9770
-8770
5301
-1326
6441
-4908
-7246
-1266
4692
3409
2262
6894
-4624
3254
9705
-3780
9410
3254
-6970
-8629
3240
-7717
1522
-6024
-2894
-2949
7910
-7565
-4572
7999
-7374
3024
4037
8733
-4753
6044
4853
-7695
-5311
-1134
7119
-4942
-6488
-5975
3645
5068
-3723
2293
-8758
-1894
-3471
-9484
-2655
-9353
7581
-9255
4124
2003
-7042
-1166
-8804
-2162
1747
-3880
2972
7448
-9911
1893
-5052
-1871
4390
4356
3076
-2755
-5696
9933
9061
-1093
3575
-988
3886
7301
-3928
-2743
4789
6722
-5513
-1570
-7936
-6213
3621
-9880
-9205
1635
-1019
6424
-3368
-8678
-6469
8495
8669
9200
-2788
-8199
6639
1739
4008
-8883
-4784
2675
-3021
6224
4604
3362
-6712
8631
5685
7596
-2313
7299
1564
-9473
6434
-9306
5434
-8804
-6684
1355
-7477
-3692
-7913
3139
-8830
6444
9660
-3865
-7822
9972
3659
3578
9855
5583
-8973
-2204
7721
4934
8701
-6930
1871
-8008
-9788
-3479
7769
8296
-5427
-7989
-9730
9025
4036
7163
6589
-3621
-6592
-3862
-1445
6818
-1428
-2778
-6920
8056
-5647
-6826
-7432
3473
5304
2358
-8688
4298
-9973
-4059
5391
7023
-5749
-5893
7458
2840
-5721
-9695
-9121
-7090
-7375
8817
-5722
-1426
3560
-3392
8972
-1870
-5197
8247
-4827
-6217
-4077
-7136
7020
7136
1743
-8853
-5419
-8938
-1737
-8609
1841
-6007
3336
6279
-2260
1106
-9205
-2699
2846
-4482
6460
5325
-3231
-5746
6299
4818
9485
-3573
7159
-2971
-4882
-3247
4662
-3325
3331
-5130
3582
-3415
7588
-8152
-5139
-2458
-3122
1618
-4405
-5637
-1106
2661
-2629
1184
2548
9609
-4428
-1876
-2435
-2808
-2659
5260
6912
-8171
6405
-2077
-1297
-2981
-5479
8758
-2064
-8975
4274
-7073
-1270
-6521
4794
5638
1764
-9624
2414
-3788
-5449
4878
-5386
-1703
-8276
-9438
-5981
5114
-9777
-4319
-3385
4661
-3679
-2949
-7241
4726
-1909
8056
4951
2501
3650
5814
-2339
-3613
8051
-1017
-9169
9785
-2263
4927
6462
-7701
-1777
-3830
-6236
-1675
9230
-1008
-4765
-1275
-8580
-3350
2388
