-1000
-1001
-1002
-1003
-1004
-1005
-1006
-1007
-1008
-1009
-1010
-1011
-1012
-1013
-1014
-1015
-1016
-1017
-1018
-1019
-1020
-1021
-1022
-1023
-1024
-1025
-1026
-1027
-1028
-1029
-1030
-1031
-1032
-1033
-1034
-1035
-1036
-1037
-1038
-1039
-1040
-1041
-1042
-1043
-1044
-1045
-1046
-1047
-1048
-1049
-1050
-1051
-1052
-1053
-1054
-1055
-1056
-1057
-1058
-1059
-1060
-1061
-1062
-1063
-1064
-1065
-1066
-1067
-1068
-1069
-1070
-1071
-1072
-1073
-1074
-1075
-1076
-1077
-1078
-1079
-1080
-1081
-1082
-1083
-1084
-1085
-1086
-1087
-1088
-1089
-1090
-1091
-1092
-1093
-1094
-1095
-1096
-1097
-1098
-1099
-1100
-1101
-1102
-1103
-1104
-1105
-1106
-1107
-1108
-1109
-1110
-1111
-1112
-1113
-1114
-1115
-1116
-1117
-1118
-1119
-1120
-1121
-1122
-1123
-1124
-1125
-1126
-1127
-1128
-1129
-1130
-1131
-1132
-1133
-1134
-1135
-1136
-1137
-1138
-1139
-1140
-1141
-1142
-1143
-1144
-1145
-1146
-1147
-1148
-1149
-1150
-1151
-1152
-1153
-1154
-1155
-1156
-1157
-1158
-1159
-1160
-1161
-1162
-1163
-1164
-1165
-1166
-1167
-1168
-1169
-1170
-1171
-1172
-1173
-1174
-1175
-1176
-1177
-1178
-1179
-1180
-1181
-1182
-1183
-1184
-1185
-1186
-1187
-1188
-1189
-1190
-1191
-1192
-1193
-1194
-1195
-1196
-1197
-1198
-1199
-1200
-1201
-1202
-1203
-1204
-1205
-1206
-1207
-1208
-1209
-1210
-1211
-1212
-1213
-1214
-1215
-1216
-1217
-1218
-1219
-1220
-1221
-1222
-1223
-1224
-1225
-1226
-1227
-1228
-1229
-1230
-1231
-1232
-1233
-1234
-1235
-1236
-1237
-1238
-1239
-1240
-1241
-1242
-1243
-1244
-1245
-1246
-1247
-1248
-1249
-1250
-1251
-1252
-1253
-1254
-1255
-1256
-1257
-1258
-1259
-1260
-1261
-1262
-1263
-1264
-1265
-1266
-1267
-1268
-1269
-1270
-1271
-1272
-1273
-1274
-1275
-1276
-1277
-1278
-1279
-1280
-1281
-1282
-1283
-1284
-1285
-1286
-1287
-1288
-1289
-1290
-1291
-1292
-1293
-1294
-1295
-1296
-1297
-1298
-1299
-1300
-1301
-1302
-1303
-1304
-1305
-1306
-1307
-1308
-1309
-1310
-1311
-1312
-1313
-1314
-1315
-1316
-1317
-1318
-1319
-1320
-1321
-1322
-1323
-1324
-1325
-1326
-1327
-1328
-1329
-1330
-1331
-1332
-1333
-1334
-1335
-1336
-1337
-1338
-1339
-1340
-1341
-1342
-1343
-1344
-1345
-1346
-1347
-1348
-1349
-1350
-1351
-1352
-1353
-1354
-1355
-1356
-1357
-1358
-1359
-1360
-1361
-1362
-1363
-1364
-1365
-1366
-1367
-1368
-1369
-1370
-1371
-1372
-1373
-1374
-1375
-1376
-1377
-1378
-1379
-1380
-1381
-1382
-1383
-1384
-1385
-1386
-1387
-1388
-1389
-1390
-1391
-1392
-1393
-1394
-1395
-1396
-1397
-1398
-1399
-1400
-1401
-1402
-1403
-1404
-1405
-1406
-1407
-1408
-1409
-1410
-1411
-1412
-1413
-1414
-1415
-1416
-1417
-1418
-1419
-1420
-1421
-1422
-1423
-1424
-1425
-1426
-1427
-1428
-1429
-1430
-1431
-1432
-1433
-1434
-1435
-1436
-1437
-1438
-1439
-1440
-1441
-1442
-1443
-1444
-1445
-1446
-1447
-1448
-1449
-1450
-1451
-1452
-1453
-1454
-1455
-1456
-1457
-1458
-1459
-1460
-1461
-1462
-1463
-1464
-1465
-1466
-1467
-1468
-1469
-1470
-1471
-1472
-1473
-1474
-1475
-1476
-1477
-1478
-1479
-1480
-1481
-1482
-1483
-1484
-1485
-1486
-1487
-1488
-1489
-1490
-1491
-1492
-1493
-1494
-1495
-1496
-1497
-1498
-1499
-1500
-1501
-1502
-1503
-1504
-1505
-1506
-1507
-1508
-1509
-1510
-1511
-1512
-1513
-1514
-1515
-1516
-1517
-1518
-1519
-1520
-1521
-1522
-1523
-1524
-1525
-1526
-1527
-1528
-1529
-1530
-1531
-1532
-1533
-1534
-1535
-1536
-1537
-1538
-1539
-1540
-1541
-1542
-1543
-1544
-1545
-1546
-1547
-1548
-1549
-1550
-1551
-1552
-1553
-1554
-1555
-1556
-1557
-1558
-1559
-1560
-1561
-1562
-1563
-1564
-1565
-1566
-1567
-1568
-1569
-1570
-1571
-1572
-1573
-1574
-1575
-1576
-1577
-1578
-1579
-1580
-1581
-1582
-1583
-1584
-1585
-1586
-1587
-1588
-1589
-1590
-1591
-1592
-1593
-1594
-1595
-1596
-1597
-1598
-1599
-1600
-1601
-1602
-1603
-1604
-1605
-1606
-1607
-1608
-1609
-1610
-1611
-1612
-1613
-1614
-1615
-1616
-1617
-1618
-1619
-1620
-1621
-1622
-1623
-1624
-1625
-1626
-1627
-1628
-1629
-1630
-1631
-1632
-1633
-1634
-1635
-1636
-1637
-1638
-1639
-1640
-1641
-1642
-1643
-1644
-1645
-1646
-1647
-1648
-1649
-1650
-1651
-1652
-1653
-1654
-1655
-1656
-1657
-1658
-1659
-1660
-1661
-1662
-1663
-1664
-1665
-1666
-1667
-1668
-1669
-1670
-1671
-1672
-1673
-1674
-1675
-1676
-1677
-1678
-1679
-1680
-1681
-1682
-1683
-1684
-1685
-1686
-1687
-1688
-1689
-1690
-1691
-1692
-1693
-1694
-1695
-1696
-1697
-1698
-1699
-1700
-1701
-1702
-1703
-1704
-1705
-1706
-1707
-1708
-1709
-1710
-1711
-1712
-1713
-1714
-1715
-1716
-1717
-1718
-1719
-1720
-1721
-1722
-1723
-1724
-1725
-1726
-1727
-1728
-1729
-1730
-1731
-1732
-1733
-1734
-1735
-1736
-1737
-1738
-1739
-1740
-1741
-1742
-1743
-1744
-1745
-1746
-1747
-1748
-1749
-1750
-1751
-1752
-1753
-1754
-1755
-1756
-1757
-1758
-1759
-1760
-1761
-1762
-1763
-1764
-1765
-1766
-1767
-1768
-1769
-1770
-1771
-1772
-1773
-1774
-1775
-1776
-1777
-1778
-1779
-1780
-1781
-1782
-1783
-1784
-1785
-1786
-1787
-1788
-1789
-1790
-1791
-1792
-1793
-1794
-1795
-1796
-1797
-1798
-1799
-1800
-1801
-1802
-1803
-1804
-1805
-1806
-1807
-1808
-1809
-1810
-1811
-1812
-1813
-1814
-1815
-1816
-1817
-1818
-1819
-1820
-1821
-1822
-1823
-1824
-1825
-1826
-1827
-1828
-1829
-1830
-1831
-1832
-1833
-1834
-1835
-1836
-1837
-1838
-1839
-1840
-1841
-1842
-1843
-1844
-1845
-1846
-1847
-1848
-1849
-1850
-1851
-1852
-1853
-1854
-1855
-1856
-1857
-1858
-1859
-1860
-1861
-1862
-1863
-1864
-1865
-1866
-1867
-1868
-1869
-1870
-1871
-1872
-1873
-1874
-1875
-1876
-1877
-1878
-1879
-1880
-1881
-1882
-1883
-1884
-1885
-1886
-1887
-1888
-1889
-1890
-1891
-1892
-1893
-1894
-1895
-1896
-1897
-1898
-1899
-1900
-1901
-1902
-1903
-1904
-1905
-1906
-1907
-1908
-1909
-1910
-1911
-1912
-1913
-1914
-1915
-1916
-1917
-1918
-1919
-1920
-1921
-1922
-1923
-1924
-1925
-1926
-1927
-1928
-1929
-1930
-1931
-1932
-1933
-1934
-1935
-1936
-1937
-1938
-1939
-1940
-1941
-1942
-1943
-1944
-1945
-1946
-1947
-1948
-1949
-1950
-1951
-1952
-1953
-1954
-1955
-1956
-1957
-1958
-1959
-1960
-1961
-1962
-1963
-1964
-1965
-1966
-1967
-1968
-1969
-1970
-1971
-1972
-1973
-1974
-1975
-1976
-1977
-1978
-1979
-1980
-1981
-1982
-1983
-1984
-1985
-1986
-1987
-1988
-1989
-1990
-1991
-1992
-1993
-1994
-1995
-1996
-1997
-1998
-1999
-2947
-5481
1676
9925
-4425
5040
1729
2211
-6725
2120
7866
105
-4000
-5890
-6416
-7418
7618
-5480
9949
-9858
-7622
4293
2292
8063
-2468
-3342
7601
-4885
-5191
-2404
-6588
-5761
319
5389
7929
7054
-5050
-9533
-2823
5617
4740
3208
1239
9919
-8457
2382
4919
-3138
8277
-5497
2178
1963
-2414
7749
8926
-5964
-4477
-6374
-7753
848
781
-9088
-2548
1257
-5934
-4787
-5735
9646
6065
-5232
5774
8038
-7445
-5486
4873
8920
-6394
2737
-3802
-7384
-2359
-7476
-7696
5780
6062
4070
9511
4080
9100
-8935
-9830
2439
-8286
-3225
-8431
6995
-4858
-6775
-3969
-2672
9636
4263
5373
9495
512
-2981
-8345
-4960
-6025
5581
-6347
-3085
6273
-7619
6571
5360
9824
-9268
6550
-3154
-7234
-6000
-4334
-3127
8788
-9035
-8385
-6988
1915
9330
-8774
1989
3122
2922
-4696
-3439
-2566
6988
-3896
9496
9012
-6699
4538
-2114
7799
1827
2195
-4362
9537
-9375
5194
7901
1490
7159
9505
5887
-8513
7864
-9160
2369
4561
4644
1155
5329
-2492
7861
-9036
-4426
411
8831
1816
9902
7355
-5071
-9837
-3506
-7696
-3382
-5269
2740
-8438
3726
6073
-9688
724
9993
9085
6602
2490
8067
2758
2132
-3518
-7129
591
4424
-8475
2484
6945
4868
1593
8634
8547
3425
2433
6401
-9416
-4876
8795
462
-5494
2696
-5890
2154
3436
9694
9420
-3269
-6153
2549
-5458
4439
2169
8880
-6212
1123
-2093
6262
101
2495
-8235
408
-9765
1473
-6241
3300
-3066
2185
2810
-7750
-4548
9720
3622
6559
2503
9351
4935
-9138
-6274
-3753
260
8195
-3839
-6185
2139
-9947
9960
-2318
8570
5455
-2341
5055
-2669
3724
3343
2255
6535
6228
-5724
3876
-7116
2602
8123
-2296
7956
-6194
3202
4615
-4424
-3204
-5521
6465
-2275
3276
-9151
-2953
3980
-7934
4525
3259
5267
-7270
-6261
1814
-3615
-9243
2721
8264
107
-8598
2158
2294
6493
6732
-5904
-5083
-5897
-3416
-8517
2475
-9355
4566
-5540
-3987
4801
-3160
440
4980
-4221
-7258
4464
1804
4700
7018
6193
-5506
-5482
9705
-8239
-2138
-5178
6826
2911
-5741
9684
-3219
6927
-7475
8912
-8367
161
1074
8604
7417
3839
-8589
3948
7320
-8013
6741
6198
-5787
-3594
4920
43
8659
5773
3216
-6991
6564
6844
-5140
577
270
-6288
9970
-7584
5420
9182
-9971
7790
4504
-5019
8048
8033
9165
9170
-8426
4434
8393
-2470
-5332
588
7797
8156
9274
-5558
1449
-9337
-2873
-8636
3103
6426
-7213
-5486
5937
-9764
3400
-4843
-3456
-6677
-9532
-7412
4825
-6099
-8020
-9941
-7989
-3935
-2637
844
9061
-4721
-6270
-3514
-9710
-9443
-9695
4690
-7153
5539
-9978
-7109
2967
-5778
-8151
-7359
3027
-4220
3720
2484
-4141
-5946
-3542
4159
-5582
-8143
4921
3334
-4618
3007
-9866
-2993
3369
-7417
1261
-3050
-3812
-2487
4968
-2521
502
1727
-2670
-8003
5287
121
8814
4739
-2718
-3267
6089
8596
4942
-8959
6394
-8812
239
6425
-7544
9765
-2669
2788
9204
1020
6670
2564
6478
1926
6475
3601
-7255
7759
-5399
-8622
-8687
-5065
-2289
9174
2860
-8429
5129
-9466
-2098
9594
-4818
4052
-2311
2798
-5674
-9015
-3056
-7983
-4522
3924
8386
1770
-4036
5935
791
3512
937
-9791
-4276
5762
8611
578
2055
4288
8043
1082
-7911
2135
6539
-3360
-7357
1944
1797
2461
1144
9735
-9850
-7390
-8868
-7461
-3358
17
3766
5840
-8201
4374
540
-6470
-7323
-9391
239
6015
8677
5003
-6738
5816
-6174
1685
-9785
1854
7329
1275
-7003
-2325
2757
7324
9558
-3774
-9682
-9010
-4520
-8698
-7187
381
-9494
-7914
7896
4582
-4566
-8947
8992
8772
7871
8631
4754
4664
8807
8808
2913
-2474
2853
1705
-8326
-4681
8424
503
-4767
5558
-3883
-8434
-9368
4519
1537
5450
4584
-7486
-5015
7419
327
6310
7605
6716
1522
3501
-4132
9481
4715
-2031
-4482
698
-8031
6430
-5337
9468
7482
8640
5241
-7501
-8842
6421
5184
4362
9279
9471
6767
-2631
-5220
-7686
-6075
4271
1281
7822
-8738
-7181
7311
1842
-3109
299
-6857
-9703
1396
3332
3081
-5485
8070
9941
-9043
5876
-4035
7135
620
5743
8339
6219
3212
-4601
-7300
-8127
3318
-4702
-8058
-2757
-7276
-3590
9667
4851
4827
-7536
3781
304
-9477
-7090
2213
9504
2340
4501
7840
-8049
749
-7629
-3129
-9112
5400
-5175
-5668
8482
8675
-8127
-8159
-5617
-3335
-7796
-3136
5358
-4303
-3387
-5128
1447
3548
129
2315
6257
429
-8147
306
8141
6602
8112
3578
8591
-9218
-4376
9168
-9669
5842
7169
1881
4112
2917
2884
3544
2163
5181
1083
9498
-2858
-6565
-2999
-4220
157
-6359
-6891
-6957
9362
-6558
5760
1452
-2182
2821
587
803
-6846
607
1132
-3607
1997
9692
6386
-6833
7978
6738
2791
7457
-5158
6187
7789
3003
-2313
-9837
-9973
8632
339
-5072
-7958
-3362
-3964
-9220
-9922
-6802
9987
-4857
8997
-4587
900
-5519
3254
-9831
3168
1113
-4856
5912
-4791
9455
-6347
5250
3156
-6959
7387
4862
-7704
-2153
583
9289
6620
-9513
9505
8419
1865
74
8713
8317
-4829
-2307
-8613
-5998
-3017
-4384
-3416
8706
331
1217
877
9989
-4702
7631
-8633
-9699
9176
760
1265
1223
-7333
-9034
1217
4435
-7493
7646
-6911
-4002
5180
3364
1085
-3581
3716
4711
-9543
1059
-4186
8965
-2811
1127
3742
5811
7535
1729
-6587
5735
2125
885
2937
4172
-3090
8387
391
6557
9568
4761
6540
819
5048
-3109
2250
2761
-5144
-9147
7838
-5058
8063
-6013
5468
-5205
4774
9362
-8141
7355
1676
-9742
2072
234
3127
-6687
9677
-7907
-8454
-4995
7440
-2935
-8152
5907
-9243
7369
-7465
1374
8251
8156
9129
7688
9048
5744
-4203
8812
5938
9991
-9382
-6117
-5892
-6281
2768
460
-8742
1523
9633
-8203
8090
-2645
2006
-6936
5341
-2513
-3368
3803
6360
1865
-7502
3643
3093
3855
9515
-3884
9918
1913
1044
-7660
8769
7268
9944
2757
4539
-3543
-8260
5151
6331
6655
2122
-8475
-5526
2847
-8154
8976
5556
-7748
1009
-6761
6197
9095
-6790
1142
-6370
3068
-3388
-9208
-2909
4579
-6575
9837
2061
-5823
-5284
1277
-9772
1737
73
-7979
-9382
-6797
-6279
9158
614
-5031
5643
-5114
7410
1686
6085
3977
536
4187
-6682
-9241
2961
3260
2694
5523
-3812
-3756
