0
-1
-2
-3
-4
-5
-6
-7
-8
-9
-10
-11
-12
-13
-14
-15
-16
-17
-18
-19
-20
-21
-22
-23
-24
-25
-26
-27
-28
-29
-30
-31
-32
-33
-34
-35
-36
-37
-38
-39
-40
-41
-42
-43
-44
-45
-46
-47
-48
-49
-50
-51
-52
-53
-54
-55
-56
-57
-58
-59
-60
-61
-62
-63
-64
-65
-66
-67
-68
-69
-70
-71
-72
-73
-74
-75
-76
-77
-78
-79
-80
-81
-82
-83
-84
-85
-86
-87
-88
-89
-90
-91
-92
-93
-94
-95
-96
-97
-98
-99
-100
-101
-102
-103
-104
-105
-106
-107
-108
-109
-110
-111
-112
-113
-114
-115
-116
-117
-118
-119
-120
-121
-122
-123
-124
-125
-126
-127
-128
-129
-130
-131
-132
-133
-134
-135
-136
-137
-138
-139
-140
-141
-142
-143
-144
-145
-146
-147
-148
-149
-150
-151
-152
-153
-154
-155
-156
-157
-158
-159
-160
-161
-162
-163
-164
-165
-166
-167
-168
-169
-170
-171
-172
-173
-174
-175
-176
-177
-178
-179
-180
-181
-182
-183
-184
-185
-186
-187
-188
-189
-190
-191
-192
-193
-194
-195
-196
-197
-198
-199
-200
-201
-202
-203
-204
-205
-206
-207
-208
-209
-210
-211
-212
-213
-214
-215
-216
-217
-218
-219
-220
-221
-222
-223
-224
-225
-226
-227
-228
-229
-230
-231
-232
-233
-234
-235
-236
-237
-238
-239
-240
-241
-242
-243
-244
-245
-246
-247
-248
-249
-250
-251
-252
-253
-254
-255
-256
-257
-258
-259
-260
-261
-262
-263
-264
-265
-266
-267
-268
-269
-270
-271
-272
-273
-274
-275
-276
-277
-278
-279
-280
-281
-282
-283
-284
-285
-286
-287
-288
-289
-290
-291
-292
-293
-294
-295
-296
-297
-298
-299
-300
-301
-302
-303
-304
-305
-306
-307
-308
-309
-310
-311
-312
-313
-314
-315
-316
-317
-318
-319
-320
-321
-322
-323
-324
-325
-326
-327
-328
-329
-330
-331
-332
-333
-334
-335
-336
-337
-338
-339
-340
-341
-342
-343
-344
-345
-346
-347
-348
-349
-350
-351
-352
-353
-354
-355
-356
-357
-358
-359
-360
-361
-362
-363
-364
-365
-366
-367
-368
-369
-370
-371
-372
-373
-374
-375
-376
-377
-378
-379
-380
-381
-382
-383
-384
-385
-386
-387
-388
-389
-390
-391
-392
-393
-394
-395
-396
-397
-398
-399
-400
-401
-402
-403
-404
-405
-406
-407
-408
-409
-410
-411
-412
-413
-414
-415
-416
-417
-418
-419
-420
-421
-422
-423
-424
-425
-426
-427
-428
-429
-430
-431
-432
-433
-434
-435
-436
-437
-438
-439
-440
-441
-442
-443
-444
-445
-446
-447
-448
-449
-450
-451
-452
-453
-454
-455
-456
-457
-458
-459
-460
-461
-462
-463
-464
-465
-466
-467
-468
-469
-470
-471
-472
-473
-474
-475
-476
-477
-478
-479
-480
-481
-482
-483
-484
-485
-486
-487
-488
-489
-490
-491
-492
-493
-494
-495
-496
-497
-498
-499
-500
-501
-502
-503
-504
-505
-506
-507
-508
-509
-510
-511
-512
-513
-514
-515
-516
-517
-518
-519
-520
-521
-522
-523
-524
-525
-526
-527
-528
-529
-530
-531
-532
-533
-534
-535
-536
-537
-538
-539
-540
-541
-542
-543
-544
-545
-546
-547
-548
-549
-550
-551
-552
-553
-554
-555
-556
-557
-558
-559
-560
-561
-562
-563
-564
-565
-566
-567
-568
-569
-570
-571
-572
-573
-574
-575
-576
-577
-578
-579
-580
-581
-582
-583
-584
-585
-586
-587
-588
-589
-590
-591
-592
-593
-594
-595
-596
-597
-598
-599
-600
-601
-602
-603
-604
-605
-606
-607
-608
-609
-610
-611
-612
-613
-614
-615
-616
-617
-618
-619
-620
-621
-622
-623
-624
-625
-626
-627
-628
-629
-630
-631
-632
-633
-634
-635
-636
-637
-638
-639
-640
-641
-642
-643
-644
-645
-646
-647
-648
-649
-650
-651
-652
-653
-654
-655
-656
-657
-658
-659
-660
-661
-662
-663
-664
-665
-666
-667
-668
-669
-670
-671
-672
-673
-674
-675
-676
-677
-678
-679
-680
-681
-682
-683
-684
-685
-686
-687
-688
-689
-690
-691
-692
-693
-694
-695
-696
-697
-698
-699
-700
-701
-702
-703
-704
-705
-706
-707
-708
-709
-710
-711
-712
-713
-714
-715
-716
-717
-718
-719
-720
-721
-722
-723
-724
-725
-726
-727
-728
-729
-730
-731
-732
-733
-734
-735
-736
-737
-738
-739
-740
-741
-742
-743
-744
-745
-746
-747
-748
-749
-750
-751
-752
-753
-754
-755
-756
-757
-758
-759
-760
-761
-762
-763
-764
-765
-766
-767
-768
-769
-770
-771
-772
-773
-774
-775
-776
-777
-778
-779
-780
-781
-782
-783
-784
-785
-786
-787
-788
-789
-790
-791
-792
-793
-794
-795
-796
-797
-798
-799
-800
-801
-802
-803
-804
-805
-806
-807
-808
-809
-810
-811
-812
-813
-814
-815
-816
-817
-818
-819
-820
-821
-822
-823
-824
-825
-826
-827
-828
-829
-830
-831
-832
-833
-834
-835
-836
-837
-838
-839
-840
-841
-842
-843
-844
-845
-846
-847
-848
-849
-850
-851
-852
-853
-854
-855
-856
-857
-858
-859
-860
-861
-862
-863
-864
-865
-866
-867
-868
-869
-870
-871
-872
-873
-874
-875
-876
-877
-878
-879
-880
-881
-882
-883
-884
-885
-886
-887
-888
-889
-890
-891
-892
-893
-894
-895
-896
-897
-898
-899
-900
-901
-902
-903
-904
-905
-906
-907
-908
-909
-910
-911
-912
-913
-914
-915
-916
-917
-918
-919
-920
-921
-922
-923
-924
-925
-926
-927
-928
-929
-930
-931
-932
-933
-934
-935
-936
-937
-938
-939
-940
-941
-942
-943
-944
-945
-946
-947
-948
-949
-950
-951
-952
-953
-954
-955
-956
-957
-958
-959
-960
-961
-962
-963
-964
-965
-966
-967
-968
-969
-970
-971
-972
-973
-974
-975
-976
-977
-978
-979
-980
-981
-982
-983
-984
-985
-986
-987
-988
-989
-990
-991
-992
-993
-994
-995
-996
-997
-998
-999
8734
9531
-4712
-8220
-4953
1420
-2376
8059
1894
-5332
8204
-7037
-9472
6685
-2265
-3604
7700
-5118
1734
-3666
4327
7402
4232
-1589
3208
-6943
-5957
7403
-7830
-6628
-1469
3110
-9866
-4300
5934
-2514
6473
7642
1164
1189
-8304
-4038
4342
-5591
1381
1270
-6785
-8057
-2525
9267
-8843
8825
3314
8155
7554
-1470
4590
-2856
6000
-5631
-2327
2258
1222
-7176
7016
1817
5150
-7912
2072
6573
-9383
-9037
5291
-6337
1307
7472
1793
5701
-1655
8526
4004
-2446
-4474
6064
-9219
-9314
9271
-9232
-3630
-2535
6372
-7060
9342
1777
9232
-6227
-7451
-6853
9774
3845
-3787
-8765
7914
7136
-7143
7460
8197
-4808
-8260
3216
-8942
-4819
-3569
7775
9359
-2190
6317
4565
5622
-1913
-5536
2159
-6100
-7485
3522
5089
-8743
3352
-4886
3581
-5447
1600
7586
3005
-1618
7578
9079
7429
8609
8172
9403
-9172
4969
3170
7619
8732
-1041
4076
-6877
9002
-9257
4015
6100
2929
-4318
7743
6498
-3307
9891
-8353
-4373
-6464
2563
7031
7647
-7757
6997
-7238
1967
6408
1397
7628
-4653
-1324
-9974
3557
6678
-8825
-8795
-1700
-6304
9368
7904
-3220
-1671
7800
-6417
-9909
-9693
8972
-9922
-5052
6550
-3641
-9736
4043
5350
-1012
-7630
-5056
-6468
-7024
-1571
1371
4224
8155
5408
-2604
-8642
8115
9597
9373
-7010
-8994
-3530
1332
8138
2456
-7512
7874
-8964
7507
8208
6755
-9791
-6491
-7538
-8622
1988
4270
1361
4134
-6147
7704
-7927
6011
5602
-7020
3949
-7724
1082
-6102
7048
-9065
6537
9824
-7130
4731
7713
-5177
6149
2891
-2203
-8543
-9041
-3669
-1546
-1324
-1763
-9478
6786
-9797
-3447
3415
-5378
6874
-4479
-1087
-6559
-8593
1817
9391
1608
-1391
1864
1692
-3799
-9703
-3309
-5350
3392
4413
-3890
4914
2339
6356
8099
-4504
6875
8775
-5694
-3278
1992
7016
9668
-2492
-6971
7608
-3884
8494
6330
2325
5575
2483
6244
7248
-8736
1278
-4077
-1091
8396
9488
1316
2938
-4853
-2723
2797
9571
5160
1509
-7823
-3354
-9829
6785
4159
-5114
2648
-9410
7467
6921
6586
-5847
9118
8211
-8217
1984
3628
-3756
-1083
-5961
4964
-3239
6808
9310
-1452
-3610
-7718
8001
-3449
-6775
9457
3134
-3738
-8393
-3124
6573
-8000
-3679
2074
-3943
-6361
4208
-5193
-1446
6042
-3456
6712
3597
5178
-9469
5901
-9398
-2896
-2923
-5007
4562
3971
-5186
-9026
6334
-3523
1048
3959
-9139
-3884
-1384
8424
6590
-7617
1020
-4092
-4122
9685
4600
4863
-2180
-1873
3784
6417
7845
7621
-5975
-6872
1883
-5123
1160
4646
3174
2795
-5389
2802
-6018
6689
-2769
-1197
-7479
2890
-2256
2273
-9034
-5744
-7516
-4780
6272
-8896
7826
6421
-6739
4590
4802
3534
5926
-8829
5412
1769
6873
8791
8741
-9283
-5919
-8324
1658
-8780
8789
-3810
-4410
8139
-6029
3029
7843
-6960
5022
-1003
5072
-8428
1879
-3324
8666
-9639
7126
-7236
-2431
-2122
2216
-1590
-1495
-3759
-7344
6037
2908
-2513
-1531
6850
2912
-3045
6650
-8958
5537
-8924
3877
1109
-2416
2902
-2926
5580
8175
-6393
-6567
-3082
-6721
8795
-3307
-4344
-9722
3301
6601
2960
2679
-8217
7108
4080
-6073
-4751
-8872
-7119
9267
-1892
-2301
7836
1451
2989
1405
1697
8940
7664
3893
4218
-7582
1009
5776
-4994
-7423
-6481
-1929
2495
-9735
-8471
9464
-2019
4799
-4375
-3597
7948
6379
-1238
-4198
-7989
8425
-6633
-5136
-7570
-9107
-4195
5133
-8739
-7329
3886
7971
-6999
-7578
-1961
-7073
-3193
4692
6566
-5603
-9868
5428
-4626
6049
4812
6500
-7114
-6701
-7210
-6555
-7398
-8990
3409
-5479
-9554
1573
5269
9651
1008
1657
9487
7125
7075
4151
3463
1188
8404
-5382
-5159
2461
9727
6053
5051
4427
4220
-2591
2922
-2217
-8486
-3923
7609
-9261
4054
-1972
-8222
-9203
-3398
-9685
7871
-7093
-2072
6198
1459
-4585
-7786
-2213
7905
4123
7129
-1458
7186
2882
9886
-5041
6646
8089
-8943
9759
-4039
9406
-9839
-4610
-6926
4111
-8258
4400
-3995
5631
-3296
-3044
-8658
-7460
-6408
1311
-8160
8286
9906
9205
7167
4238
2605
-9995
-7274
4405
-1122
7036
-2982
1898
-1814
-6710
-2771
7299
1560
-8508
6783
-1433
-5646
-8678
1746
-3917
1767
-1076
-8046
-2132
9602
5281
1647
-4295
-3482
-9631
-5597
-6692
-8202
9660
9511
8281
-9668
-8137
-5440
6598
-2595
-4166
-7047
2841
2140
-8326
-5670
-6632
-3559
-8074
8127
-5647
-7262
-6646
-8529
-9390
5820
-6922
-9664
-1799
4165
1579
2471
-1964
1381
-3584
-6418
9347
1105
7074
8201
5469
-8234
-4179
-5039
-5984
-3975
4422
-4819
2782
3597
5825
4289
-8628
8274
5507
-5078
2872
-1305
7903
2775
5814
-7429
-6565
3276
9306
1273
-3343
-7256
-2949
-1585
-1159
1971
5684
8758
-4952
9319
3698
8587
7252
2012
-1243
-4631
2801
9889
-6604
8058
2536
-8802
6122
9277
-3121
7718
6420
5437
-7763
8085
5833
6089
-3715
-5712
-3127
-1389
-6003
-5469
-4562
1587
5790
6604
-6303
2345
5708
-7525
-3706
1697
-9676
-2795
-6540
3717
7117
9520
-6548
8725
-3964
-8073
-9231
-5849
1372
-8463
-3738
4759
2669
-7379
-6387
1857
-9591
-3764
-7943
8956
-8981
-4702
9064
-1526
-1654
-7648
9315
-2908
-6807
9261
1264
5113
-2610
8754
2259
-7476
5235
-5216
-5761
-6041
-2287
-9362
-5275
8451
-2130
9878
-2643
2316
9383
-8070
6555
-1268
-5404
-8652
2387
-6675
-7142
8056
1426
9136
-8760
-4794
2521
-1665
-5205
9120
-9685
-9417
-2486
-6483
-4305
-4634
-5466
4006
-4430
-7921
7573
-8523
9254
2165
5057
7263
-4311
9166
-1364
-4747
-5071
-3932
3484
5416
-3498
7024
-7021
5223
-7292
3666
-5934
8528
-9652
9912
-6560
-9627
8094
5881
-1397
-5639
-5409
-6312
-7848
-6534
9032
-2484
-5252
5681
-9486
3856
-7812
7134
6641
3516
5312
-9743
-5583
9961
-7469
4047
8441
-2631
-8704
2628
9145
-2077
2166
9493
-2488
8939
-9844
6636
-5874
4463
-8656
2674
-8224
-1818
-5448
-5570
5728
1021
-8170
6755
9770
4176
2076
-1958
-4939
4509
6839
6951
9499
-7523
-5772
8950
-2649
7797
-7743
3361
9277
-4665
-1585
-2509
-7809
-2717
-7977
-1180
-7158
-2302
-9035
-7913
7296
-5854
-4092
7392
-7977
5205
5047
3070
8561
8956
-8006
6206
-5804
2692
3681
-3122
-1422
8352
-4205
2687
-4051
7903
5152
-3435
1955
1864
-4768
