10
9
8
7
6
5
4
3
2
1
0
-1
-2
-3
-4
-5
-6
-7
-8
-9
-10
-11
-12
-13
-14
-15
-16
-17
-18
-19
-20
-21
-22
-23
-24
-25
-26
-27
-28
-29
-30
-31
-32
-33
-34
-35
-36
-37
-38
-39
-40
-41
-42
-43
-44
-45
-46
-47
-48
-49
-50
-51
-52
-53
-54
-55
-56
-57
-58
-59
-60
-61
-62
-63
-64
-65
-66
-67
-68
-69
-70
-71
-72
-73
-74
-75
-76
-77
-78
-79
-80
-81
-82
-83
-84
-85
-86
-87
-88
-89
-90
-91
-92
-93
-94
-95
-96
-97
-98
-99
-100
-101
-102
-103
-104
-105
-106
-107
-108
-109
-110
-111
-112
-113
-114
-115
-116
-117
-118
-119
-120
-121
-122
-123
-124
-125
-126
-127
-128
-129
-130
-131
-132
-133
-134
-135
-136
-137
-138
-139
-140
-141
-142
-143
-144
-145
-146
-147
-148
-149
-150
-151
-152
-153
-154
-155
-156
-157
-158
-159
-160
-161
-162
-163
-164
-165
-166
-167
-168
-169
-170
-171
-172
-173
-174
-175
-176
-177
-178
-179
-180
-181
-182
-183
-184
-185
-186
-187
-188
-189
-190
-191
-192
-193
-194
-195
-196
-197
-198
-199
-200
-201
-202
-203
-204
-205
-206
-207
-208
-209
-210
-211
-212
-213
-214
-215
-216
-217
-218
-219
-220
-221
-222
-223
-224
-225
-226
-227
-228
-229
-230
-231
-232
-233
-234
-235
-236
-237
-238
-239
-240
-241
-242
-243
-244
-245
-246
-247
-248
-249
-250
-251
-252
-253
-254
-255
-256
-257
-258
-259
-260
-261
-262
-263
-264
-265
-266
-267
-268
-269
-270
-271
-272
-273
-274
-275
-276
-277
-278
-279
-280
-281
-282
-283
-284
-285
-286
-287
-288
-289
-290
-291
-292
-293
-294
-295
-296
-297
-298
-299
-300
-301
-302
-303
-304
-305
-306
-307
-308
-309
-310
-311
-312
-313
-314
-315
-316
-317
-318
-319
-320
-321
-322
-323
-324
-325
-326
-327
-328
-329
-330
-331
-332
-333
-334
-335
-336
-337
-338
-339
-340
-341
-342
-343
-344
-345
-346
-347
-348
-349
-350
-351
-352
-353
-354
-355
-356
-357
-358
-359
-360
-361
-362
-363
-364
-365
-366
-367
-368
-369
-370
-371
-372
-373
-374
-375
-376
-377
-378
-379
-380
-381
-382
-383
-384
-385
-386
-387
-388
-389
-390
-391
-392
-393
-394
-395
-396
-397
-398
-399
-400
-401
-402
-403
-404
-405
-406
-407
-408
-409
-410
-411
-412
-413
-414
-415
-416
-417
-418
-419
-420
-421
-422
-423
-424
-425
-426
-427
-428
-429
-430
-431
-432
-433
-434
-435
-436
-437
-438
-439
-440
-441
-442
-443
-444
-445
-446
-447
-448
-449
-450
-451
-452
-453
-454
-455
-456
-457
-458
-459
-460
-461
-462
-463
-464
-465
-466
-467
-468
-469
-470
-471
-472
-473
-474
-475
-476
-477
-478
-479
-480
-481
-482
-483
-484
-485
-486
-487
-488
-489
-490
-491
-492
-493
-494
-495
-496
-497
-498
-499
-500
-501
-502
-503
-504
-505
-506
-507
-508
-509
-510
-511
-512
-513
-514
-515
-516
-517
-518
-519
-520
-521
-522
-523
-524
-525
-526
-527
-528
-529
-530
-531
-532
-533
-534
-535
-536
-537
-538
-539
-540
-541
-542
-543
-544
-545
-546
-547
-548
-549
-550
-551
-552
-553
-554
-555
-556
-557
-558
-559
-560
-561
-562
-563
-564
-565
-566
-567
-568
-569
-570
-571
-572
-573
-574
-575
-576
-577
-578
-579
-580
-581
-582
-583
-584
-585
-586
-587
-588
-589
-590
-591
-592
-593
-594
-595
-596
-597
-598
-599
-600
-601
-602
-603
-604
-605
-606
-607
-608
-609
-610
-611
-612
-613
-614
-615
-616
-617
-618
-619
-620
-621
-622
-623
-624
-625
-626
-627
-628
-629
-630
-631
-632
-633
-634
-635
-636
-637
-638
-639
-640
-641
-642
-643
-644
-645
-646
-647
-648
-649
-650
-651
-652
-653
-654
-655
-656
-657
-658
-659
-660
-661
-662
-663
-664
-665
-666
-667
-668
-669
-670
-671
-672
-673
-674
-675
-676
-677
-678
-679
-680
-681
-682
-683
-684
-685
-686
-687
-688
-689
-690
-691
-692
-693
-694
-695
-696
-697
-698
-699
-700
-701
-702
-703
-704
-705
-706
-707
-708
-709
-710
-711
-712
-713
-714
-715
-716
-717
-718
-719
-720
-721
-722
-723
-724
-725
-726
-727
-728
-729
-730
-731
-732
-733
-734
-735
-736
-737
-738
-739
-740
-741
-742
-743
-744
-745
-746
-747
-748
-749
-750
-751
-752
-753
-754
-755
-756
-757
-758
-759
-760
-761
-762
-763
-764
-765
-766
-767
-768
-769
-770
-771
-772
-773
-774
-775
-776
-777
-778
-779
-780
-781
-782
-783
-784
-785
-786
-787
-788
-789
-790
-791
-792
-793
-794
-795
-796
-797
-798
-799
-800
-801
-802
-803
-804
-805
-806
-807
-808
-809
-810
-811
-812
-813
-814
-815
-816
-817
-818
-819
-820
-821
-822
-823
-824
-825
-826
-827
-828
-829
-830
-831
-832
-833
-834
-835
-836
-837
-838
-839
-840
-841
-842
-843
-844
-845
-846
-847
-848
-849
-850
-851
-852
-853
-854
-855
-856
-857
-858
-859
-860
-861
-862
-863
-864
-865
-866
-867
-868
-869
-870
-871
-872
-873
-874
-875
-876
-877
-878
-879
-880
-881
-882
-883
-884
-885
-886
-887
-888
-889
-890
-891
-892
-893
-894
-895
-896
-897
-898
-899
-900
-901
-902
-903
-904
-905
-906
-907
-908
-909
-910
-911
-912
-913
-914
-915
-916
-917
-918
-919
-920
-921
-922
-923
-924
-925
-926
-927
-928
-929
-930
-931
-932
-933
-934
-935
-936
-937
-938
-939
-940
-941
-942
-943
-944
-945
-946
-947
-948
-949
-950
-951
-952
-953
-954
-955
-956
-957
-958
-959
-960
-961
-962
-963
-964
-965
-966
-967
-968
-969
-970
-971
-972
-973
-974
-975
-976
-977
-978
-979
-980
-981
-982
-983
-984
-985
-986
-987
-988
-989
-5552
-6286
-9680
-4996
-6310
-5342
-8494
-2621
3007
-2782
7420
-5744
-6146
-1897
-1982
8653
5036
-2269
-8845
-7301
-8417
6073
-7252
9843
6682
1436
-1487
7162
-1435
-5262
-5038
8434
6676
-7572
4275
-1795
6407
-7521
8786
-5624
-8148
-5066
3994
-4294
-1533
-7552
-5113
-8008
6065
8796
3941
2424
-1827
5051
-6560
-9929
1227
3012
-5688
-6484
-9075
-6786
-4539
3463
2852
-3708
9615
4450
5979
-5343
-6474
3256
6987
-3562
-4409
5522
-8499
5547
7041
8327
-2325
2688
5356
2458
4484
9065
8880
3077
4004
-8410
5871
8388
-6545
-5994
-9175
-5277
-2795
5063
-6806
-8324
8959
-8914
-8901
-7110
9521
-2781
7319
-6013
9087
-1774
1765
7511
-7025
4380
-6508
2213
-8607
-7931
6806
-1998
-5196
5014
-9090
5606
-5579
-2255
5432
6840
-7936
6798
9860
-9075
-4214
-2468
9895
-9236
1492
3013
-5136
-3862
-2569
1315
-5890
-3178
-8609
-5820
-2410
-7295
-1483
5906
-8117
-2984
7864
-7012
3009
-5487
1036
4509
9398
6606
7364
8227
7432
6142
4258
7988
-1779
-9123
5201
7219
-4687
7345
-5313
8704
-1698
8922
8322
-8253
2248
1208
8910
-4075
-4162
6932
1410
-3299
-9674
-1539
4556
-3713
-1689
3567
2628
-7920
-3373
3504
8585
2088
8918
-5651
-5321
-2653
8098
4907
-8906
-9477
-4968
3971
8374
-5213
-7162
4802
3528
7885
3128
-3225
3651
-6364
6523
1787
8583
2307
-5395
5902
2997
-1100
1398
-1405
7610
8454
-7582
7447
-5497
-8851
8953
4189
-8369
-1639
-9269
9147
-8835
-2385
-4622
-1635
-3147
-3323
5904
9221
-9994
9591
-5558
9687
-9861
1135
-9340
-6419
8468
2585
-4051
-2677
-8253
-3738
1309
-7572
6976
3241
-3418
8806
-4892
4661
-7681
-4223
2525
-2577
-5318
-3169
-3799
-9103
2566
7359
-3972
-5663
-7687
-5448
-3118
-8674
-1679
8707
-1077
4701
8964
-5848
-7082
7678
3316
-1110
7898
-5109
-7172
-7473
1703
-9777
-6683
-6083
-9701
4000
-7268
-1669
4645
9895
5452
7234
-6618
-4278
4962
-8362
6754
-3526
5690
8002
7492
-1102
-4383
-9113
-3743
9478
-4518
2332
-5037
4241
6883
2078
-2058
6851
-7135
3079
3413
5092
-7390
-8774
-4482
-3425
2439
9007
-7486
2292
4402
-2554
-4461
5245
-9537
-6666
-1934
-5322
2399
9111
3083
5076
8831
-8672
9094
4274
7362
5098
2497
3649
-5396
3753
9676
4050
-7984
6036
-5947
-8122
4916
5593
3256
-5697
8685
8113
-6500
-5499
-7480
-7661
1259
-1690
9242
-7865
6648
2268
-4846
1082
6067
-6366
2320
7257
-8441
4010
3851
4933
-1983
-6584
-2697
8985
7423
6132
2594
2485
-6032
-1140
1044
-9163
-1944
-2299
-9170
-5988
-1980
-2985
2821
1899
7010
5816
-5022
9881
3970
2863
-7174
1739
1518
5487
-6783
-4658
4618
3680
9365
5351
-9811
3804
-5899
2074
-2109
6551
-4499
-3249
-6001
4901
5824
6898
2406
2065
-7056
-1222
-7440
2929
-4750
8961
-2241
-8683
9059
-7624
-9302
-7909
-5368
-4628
-4901
5978
5175
-7395
2360
-9703
3613
4618
-2462
1526
6556
-7086
-5522
-2004
-8583
8595
-3240
5444
-4258
-1189
5475
-8422
4766
-2838
-4162
5109
-3513
3231
1843
5569
8866
3897
1948
-4831
4028
7179
6424
-4856
-9959
-2662
-4951
-1792
-2368
-7201
3465
3615
-8936
-7271
8977
-6764
5923
-9378
8711
2387
4439
1485
-6006
-5527
4983
4796
9647
-2441
3738
-6595
-3089
6857
-1507
-9912
-9780
9594
-4081
-9721
9733
-9600
7551
-8920
-3207
-1700
9598
-2715
-1314
-9718
3882
-6584
1537
-2709
-4453
3808
-4489
3086
7341
5289
-5599
-9501
-8809
-7972
-8420
2693
7487
3720
9540
2608
-5003
-2645
9177
2637
8040
-6653
3567
-3971
3749
-6589
7255
-6959
-5185
7902
-2288
-5833
-9729
8115
-7157
-5283
-7671
-1612
-1634
-4183
9202
-8599
-4900
1641
7440
3289
-9696
-7213
4116
1353
-3892
-6865
3052
9065
-2697
-6199
-6513
-9068
3895
-6649
-8128
-5894
3329
-8451
3818
8069
7349
3223
1674
5126
9281
-1373
-9781
-5594
-9320
-3461
1081
-1249
-2151
6669
7079
1115
2331
2454
4430
-9744
-8419
-5874
5580
7107
6757
3339
1019
2870
-2192
8367
-2628
-9387
2970
-8815
4292
-2700
9160
-6029
8645
4086
-9971
-6436
9572
-7738
-4954
7934
2946
1176
-7098
-6207
3892
-3040
-4009
3565
5717
7682
2367
6343
-6297
-2767
-4492
-1104
-2695
-1886
5902
6472
-6260
9754
-7418
-7427
4501
6405
3657
9488
-4517
-9684
8929
6465
-8363
-9338
-8084
7069
-1937
-8651
-2238
-1183
-1840
1469
-4894
-2038
3965
-4549
4001
1288
-2258
-5958
9763
8850
-7340
9963
9193
7959
-8140
-4978
-4253
-6254
-4439
8229
-6346
7975
-4314
7863
-6814
-2113
-9332
-2462
6107
-7966
2887
-5933
-2495
-1047
-7751
-2058
4522
7078
6821
5682
-2900
-3790
-5880
1323
7664
4572
1491
8829
9415
-5542
-3748
8320
5446
2273
-4468
5852
2392
-8749
-8743
9572
-1070
1830
-8718
1257
9108
2800
-4386
6169
-9129
1139
5293
3060
3220
8884
-8324
-2060
2262
-9459
7978
-4665
5095
-2738
1736
4560
-2211
-8331
6452
-8093
-7174
4472
-9177
-8878
-9547
-6636
5324
-3712
4511
-2440
-2306
6772
-9360
9870
2141
3758
8844
-4378
-4848
-7203
5621
-7744
-8543
9895
7637
7424
7726
2074
5339
4468
-7352
-7182
-2726
-5212
-5586
4163
7251
5612
-3472
-4630
-9037
5982
-7792
-8746
2273
-3485
-1262
8739
6650
-8148
8585
3820
-3796
-1347
-5402
-8967
-1781
6099
3002
-7333
2948
-8689
-9878
5863
-9677
-8802
4190
-2510
4542
9758
1359
-2720
-9672
8762
-2788
1763
-7494
-7392
-5826
1922
8814
-7844
-5989
3741
2943
4945
-5531
-1227
6546
6054
1855
3629
8205
-4205
8091
-2969
9424
-7409
3656
1283
-6578
6013
4061
-8028
-6668
-5985
9920
9294
9805
3585
-1452
-4923
6600
8076
3937
-2196
8141
8174
-5019
-7777
5966
-1674
8526
3044
1249
1689
-1217
-2859
-8209
-2729
6843
-3013
1662
6252
-6556
-6731
-9699
-5133
5915
-7162
6528
-5091
-8043
-6652
1703
-7318
-6790
-3146
8231
-6620
-5236
-1063
5896
8452
-7202
-5990
-2196
2104
-2045
1358
9997
1083
3476
8874
-9431
-2186
-3790
-6459
-4333
-7648
-8611
-8716
-1223
5007
-6677
7905
-7459
2517
3260
2617
6846
-8927
-8156
9173
1862
5931
4669
6183
8191
1767
9915
5416
-8360
6838
7286
7686
-6682
9210
8873
-2020
7615
1515
9438
-1109
9347
6154
9505
4299
