0
-1
-2
-3
-4
-5
-6
-7
-8
-9
-10
-11
-12
-13
-14
-15
-16
-17
-18
-19
-20
-21
-22
-23
-24
-25
-26
-27
-28
-29
-30
-31
-32
-33
-34
-35
-36
-37
-38
-39
-40
-41
-42
-43
-44
-45
-46
-47
-48
-49
-50
-51
-52
-53
-54
-55
-56
-57
-58
-59
-60
-61
-62
-63
-64
-65
-66
-67
-68
-69
-70
-71
-72
-73
-74
-75
-76
-77
-78
-79
-80
-81
-82
-83
-84
-85
-86
-87
-88
-89
-90
-91
-92
-93
-94
-95
-96
-97
-98
-99
-100
-101
-102
-103
-104
-105
-106
-107
-108
-109
-110
-111
-112
-113
-114
-115
-116
-117
-118
-119
-120
-121
-122
-123
-124
-125
-126
-127
-128
-129
-130
-131
-132
-133
-134
-135
-136
-137
-138
-139
-140
-141
-142
-143
-144
-145
-146
-147
-148
-149
-150
-151
-152
-153
-154
-155
-156
-157
-158
-159
-160
-161
-162
-163
-164
-165
-166
-167
-168
-169
-170
-171
-172
-173
-174
-175
-176
-177
-178
-179
-180
-181
-182
-183
-184
-185
-186
-187
-188
-189
-190
-191
-192
-193
-194
-195
-196
-197
-198
-199
-200
-201
-202
-203
-204
-205
-206
-207
-208
-209
-210
-211
-212
-213
-214
-215
-216
-217
-218
-219
-220
-221
-222
-223
-224
-225
-226
-227
-228
-229
-230
-231
-232
-233
-234
-235
-236
-237
-238
-239
-240
-241
-242
-243
-244
-245
-246
-247
-248
-249
-250
-251
-252
-253
-254
-255
-256
-257
-258
-259
-260
-261
-262
-263
-264
-265
-266
-267
-268
-269
-270
-271
-272
-273
-274
-275
-276
-277
-278
-279
-280
-281
-282
-283
-284
-285
-286
-287
-288
-289
-290
-291
-292
-293
-294
-295
-296
-297
-298
-299
-300
-301
-302
-303
-304
-305
-306
-307
-308
-309
-310
-311
-312
-313
-314
-315
-316
-317
-318
-319
-320
-321
-322
-323
-324
-325
-326
-327
-328
-329
-330
-331
-332
-333
-334
-335
-336
-337
-338
-339
-340
-341
-342
-343
-344
-345
-346
-347
-348
-349
-350
-351
-352
-353
-354
-355
-356
-357
-358
-359
-360
-361
-362
-363
-364
-365
-366
-367
-368
-369
-370
-371
-372
-373
-374
-375
-376
-377
-378
-379
-380
-381
-382
-383
-384
-385
-386
-387
-388
-389
-390
-391
-392
-393
-394
-395
-396
-397
-398
-399
-400
-401
-402
-403
-404
-405
-406
-407
-408
-409
-410
-411
-412
-413
-414
-415
-416
-417
-418
-419
-420
-421
-422
-423
-424
-425
-426
-427
-428
-429
-430
-431
-432
-433
-434
-435
-436
-437
-438
-439
-440
-441
-442
-443
-444
-445
-446
-447
-448
-449
-450
-451
-452
-453
-454
-455
-456
-457
-458
-459
-460
-461
-462
-463
-464
-465
-466
-467
-468
-469
-470
-471
-472
-473
-474
-475
-476
-477
-478
-479
-480
-481
-482
-483
-484
-485
-486
-487
-488
-489
-490
-491
-492
-493
-494
-495
-496
-497
-498
-499
-500
-501
-502
-503
-504
-505
-506
-507
-508
-509
-510
-511
-512
-513
-514
-515
-516
-517
-518
-519
-520
-521
-522
-523
-524
-525
-526
-527
-528
-529
-530
-531
-532
-533
-534
-535
-536
-537
-538
-539
-540
-541
-542
-543
-544
-545
-546
-547
-548
-549
-550
-551
-552
-553
-554
-555
-556
-557
-558
-559
-560
-561
-562
-563
-564
-565
-566
-567
-568
-569
-570
-571
-572
-573
-574
-575
-576
-577
-578
-579
-580
-581
-582
-583
-584
-585
-586
-587
-588
-589
-590
-591
-592
-593
-594
-595
-596
-597
-598
-599
-600
-601
-602
-603
-604
-605
-606
-607
-608
-609
-610
-611
-612
-613
-614
-615
-616
-617
-618
-619
-620
-621
-622
-623
-624
-625
-626
-627
-628
-629
-630
-631
-632
-633
-634
-635
-636
-637
-638
-639
-640
-641
-642
-643
-644
-645
-646
-647
-648
-649
-650
-651
-652
-653
-654
-655
-656
-657
-658
-659
-660
-661
-662
-663
-664
-665
-666
-667
-668
-669
-670
-671
-672
-673
-674
-675
-676
-677
-678
-679
-680
-681
-682
-683
-684
-685
-686
-687
-688
-689
-690
-691
-692
-693
-694
-695
-696
-697
-698
-699
-700
-701
-702
-703
-704
-705
-706
-707
-708
-709
-710
-711
-712
-713
-714
-715
-716
-717
-718
-719
-720
-721
-722
-723
-724
-725
-726
-727
-728
-729
-730
-731
-732
-733
-734
-735
-736
-737
-738
-739
-740
-741
-742
-743
-744
-745
-746
-747
-748
-749
-750
-751
-752
-753
-754
-755
-756
-757
-758
-759
-760
-761
-762
-763
-764
-765
-766
-767
-768
-769
-770
-771
-772
-773
-774
-775
-776
-777
-778
-779
-780
-781
-782
-783
-784
-785
-786
-787
-788
-789
-790
-791
-792
-793
-794
-795
-796
-797
-798
-799
-800
-801
-802
-803
-804
-805
-806
-807
-808
-809
-810
-811
-812
-813
-814
-815
-816
-817
-818
-819
-820
-821
-822
-823
-824
-825
-826
-827
-828
-829
-830
-831
-832
-833
-834
-835
-836
-837
-838
-839
-840
-841
-842
-843
-844
-845
-846
-847
-848
-849
-850
-851
-852
-853
-854
-855
-856
-857
-858
-859
-860
-861
-862
-863
-864
-865
-866
-867
-868
-869
-870
-871
-872
-873
-874
-875
-876
-877
-878
-879
-880
-881
-882
-883
-884
-885
-886
-887
-888
-889
-890
-891
-892
-893
-894
-895
-896
-897
-898
-899
-900
-901
-902
-903
-904
-905
-906
-907
-908
-909
-910
-911
-912
-913
-914
-915
-916
-917
-918
-919
-920
-921
-922
-923
-924
-925
-926
-927
-928
-929
-930
-931
-932
-933
-934
-935
-936
-937
-938
-939
-940
-941
-942
-943
-944
-945
-946
-947
-948
-949
-950
-951
-952
-953
-954
-955
-956
-957
-958
-959
-960
-961
-962
-963
-964
-965
-966
-967
-968
-969
-970
-971
-972
-973
-974
-975
-976
-977
-978
-979
-980
-981
-982
-983
-984
-985
-986
-987
-988
-989
-990
-991
-992
-993
-994
-995
-996
-997
-998
-999
-3491
-1131
4526
4169
2621
-1269
-6017
-6617
5661
7158
1159
-5351
6207
-4976
6786
9371
2044
-6799
-7467
4231
5721
-3663
-5071
4770
7042
-7639
4317
-1972
-5509
-5569
-8214
-9036
4042
-4151
-1821
-9482
1103
2353
-2241
-9273
-3682
-7612
5745
5021
-6050
-7691
4860
-5608
3466
7365
5022
-7211
-1126
-5877
-6275
-2928
-4309
-5607
-6251
-9153
-2448
-1694
-5100
6307
5131
8924
7592
-7326
2847
7553
-9705
8809
1416
9785
4057
7418
-5425
-4114
1220
-7039
-4777
4516
-5734
-1115
-2309
3755
-3120
6675
-4076
7418
8169
-9885
1754
6008
6283
-4728
-6288
-1533
8151
-6596
-8760
1783
-6586
8132
8932
-8213
4633
7748
1888
8722
-9595
7459
-3776
4497
-9153
6023
2399
5805
9019
6801
4264
-1305
4132
7968
8741
6368
-2649
2109
-5147
-7558
-6129
-5919
-3801
1208
8527
-3651
9005
1649
-9767
5501
7262
-9600
2103
-7845
9897
5339
-1422
-8730
5652
9504
2082
-8782
-8116
6018
1300
1187
-7614
-5361
2908
2831
-2939
9822
9154
1991
-7809
-5234
-2615
1996
-4709
-3951
9927
1994
6997
9772
-7919
-9174
-3483
-3448
-5870
-5865
9351
4066
4846
-1864
-1093
-1444
-3497
-1846
2937
-5703
2175
-5658
9240
2999
-2437
-1959
4126
3167
-1441
-9218
-3782
-9629
-6501
-4995
3962
3298
1835
-6219
-7664
-6592
-4504
4923
6696
-1190
-7862
7569
3812
-7306
5971
-4807
7206
4780
-7714
-7031
7522
9992
2650
4093
-9019
8708
-5988
-1989
-6813
-8485
5637
8141
-3527
4539
-8129
-4052
-7135
-2097
-9631
8684
8545
5252
-7011
9087
9983
2857
-6477
-3993
-7924
8634
9235
-1018
5862
4721
9114
-2522
3533
-6495
9012
-7945
4963
-8366
-9285
7267
-8547
3233
7397
2428
-6772
2440
2426
-4441
7907
5358
4046
7373
-2504
7277
-5327
-9795
2140
4546
-9411
-7267
4374
-7532
-5290
-6619
2541
5114
-3171
7222
-7243
-5712
5984
-6073
-8522
-3752
5859
4979
-8610
-1397
-5464
-3332
6682
-5647
8619
8383
-7261
-2237
-2843
-5237
-6369
-8517
-4931
6020
-8790
-1884
-6229
1165
-3249
-8644
5265
6736
8924
3532
-6907
-6343
-7323
-9427
-5278
7643
-1454
-1759
-9744
2049
-7646
-4481
-2459
-6855
1746
-2282
-7478
-6617
-4346
-7284
9223
7885
1091
7567
-2185
4699
-1132
6462
6096
1516
-6684
-6764
8191
6693
7255
-7811
5610
4635
-8278
9161
-6797
-2086
-5647
-2530
-4061
5907
8065
-5693
-1233
1075
-3794
3361
-6206
3005
6532
4493
2836
6887
-4494
9367
-5945
-1014
2779
-4081
9357
-8972
-2714
4236
8410
1995
4433
9939
-2581
7942
-4122
-4555
-9235
-8079
-9763
-6422
-7862
6054
6370
-8725
8803
4877
4758
-7546
4013
1673
-9983
-5761
-9665
9892
1431
-5623
-2113
-6449
-1058
-3331
8371
2698
2086
-5736
-3491
-5211
9262
-5638
7426
-3449
-3990
5051
3195
-7702
-9067
-4281
1414
5134
-5628
-2108
4814
-3032
3285
-7010
9911
2211
5306
-7774
3563
8095
9827
9210
7797
-7333
-9288
6630
-3608
5738
1621
9198
9498
-8198
2206
1186
6409
2897
2569
1014
-6805
-9259
-5888
8622
6721
-6627
-2716
1667
4354
-4583
-2839
-7198
4998
2558
1506
-6038
1781
7075
4823
-2701
-5642
9777
-8619
4562
7713
-5716
-3048
-1311
-1317
8735
2487
-3915
5347
-2212
9795
-3596
-7639
-1425
2296
-8544
1277
-5902
-6962
-6741
-6072
9547
-1976
-7427
-9401
8652
3829
-9642
-5193
1034
9589
-5838
9523
-7045
-3905
1954
6015
1216
-4204
-7171
-2645
2930
-7887
-5947
3520
-8180
6311
-9301
-5041
-5573
7878
-7454
9385
4551
4194
2537
2224
2648
7128
-5060
2826
-2772
-5476
-6942
-1742
-1646
-2099
-4783
-4613
-2400
7743
4057
-6836
9590
9939
-7683
-8766
-2655
-6114
1043
7236
1892
-6953
-4029
7848
8436
4843
-1215
9492
7098
-8281
-5985
3600
-9688
-6759
-3579
-1714
7326
1978
-9483
8007
-5940
1732
-8509
8388
-2297
2410
8010
-1405
-5303
7767
2344
6945
-6295
-9405
-6123
-6037
4331
7540
3787
3777
9381
9005
-6678
-7184
-5868
-9964
3733
5115
6374
-7795
-1623
-6062
8090
5472
9536
4900
-2056
-2988
-8982
3061
-9320
8461
9913
9790
2339
-3247
-3828
5627
5646
5889
-4966
3108
-4783
-3652
-7178
-3344
7012
4687
-4891
-1946
-3418
-2938
-8311
2456
-3871
6890
4705
1740
6511
6089
-6209
-5974
-8338
-8453
-4559
-9010
3959
-9511
-5043
9995
1373
-3310
-7199
2137
3429
-2794
-2559
-8994
5375
-2018
-1337
-7541
9249
-8667
6144
9791
-8162
-6164
-6090
-1011
-4359
-3492
5504
3835
5311
-4557
-9317
1356
-5578
4548
4972
7948
-2266
1068
-7998
-3554
-8641
-1068
-6335
-9633
-7367
8861
9052
8294
-6910
6238
-5009
-6460
-4011
-9287
1907
5448
3112
-7807
-4106
-9511
5371
5333
2244
-6230
9371
5908
6677
-7023
4881
-5461
8015
6393
7993
5080
8867
4330
3155
-3706
-3281
-5622
-9039
3291
-4813
2636
8681
-8488
2974
-7614
-1676
6461
-9056
-4809
-7451
-9538
-5452
3306
-6851
-9458
-8551
-6100
-6104
3126
5302
-5504
-6812
-6220
7001
1808
-4676
3842
-3582
7081
-1341
2641
-3741
9852
6671
3108
-9163
-5960
-5814
7805
-2254
-9364
3111
-2092
1893
-2382
2445
-5150
4098
-2842
5060
-2707
-1715
-2615
-7817
3047
-4931
-6618
-7968
6236
2476
-1134
-5839
-2997
5279
5001
-2580
-1458
3334
5997
-8055
-4301
-6464
3113
1719
2587
-1670
3411
-9345
9458
-8387
-5614
-9236
-8170
-2871
-3355
9397
2165
-6018
-1484
5695
7907
-8087
9386
9247
2088
8137
3404
7932
-6530
-3595
-5891
8423
-9043
-3408
-8162
2886
6006
1445
5093
9450
8727
-4156
-8479
7034
-4729
-6263
-4408
-6598
7392
-3085
2960
1459
-7859
4070
-4551
-3200
-4007
2143
-6533
8294
3254
5539
9060
-8627
-7079
-8784
9486
1731
8420
9979
-4610
-4962
7925
5871
-9843
-5525
-6967
-1035
7846
1351
-6983
5336
5989
1410
4436
-3190
-6611
-3684
-3734
5746
1243
6942
-3072
-7500
-1523
2460
4830
-3708
-3316
8320
1483
-4306
9389
7303
-4420
-2718
6560
7249
5944
-2096
-3564
-8118
8782
-1080
-6754
-9378
-8177
-8919
-1437
-5294
2765
7030
-8247
8260
4760
9220
7079
4465
-1139
9354
7434
-6663
8441
4465
-2387
4185
-6993
7725
3100
-8410
1580
-1797
6518
6140
9803
6448
1651
-8783
8366
-6533
3417
3600
8567
8949
9210
-7765
-3914
-9401
-8691
1547
9775
-5593
-4973
-7472
-6975
-2677
5572
8985
