0
-1
-2
-3
-4
-5
-6
-7
-8
-9
-10
-11
-12
-13
-14
-15
-16
-17
-18
-19
-20
-21
-22
-23
-24
-25
-26
-27
-28
-29
-30
-31
-32
-33
-34
-35
-36
-37
-38
-39
-40
-41
-42
-43
-44
-45
-46
-47
-48
-49
-50
-51
-52
-53
-54
-55
-56
-57
-58
-59
-60
-61
-62
-63
-64
-65
-66
-67
-68
-69
-70
-71
-72
-73
-74
-75
-76
-77
-78
-79
-80
-81
-82
-83
-84
-85
-86
-87
-88
-89
-90
-91
-92
-93
-94
-95
-96
-97
-98
-99
-100
-101
-102
-103
-104
-105
-106
-107
-108
-109
-110
-111
-112
-113
-114
-115
-116
-117
-118
-119
-120
-121
-122
-123
-124
-125
-126
-127
-128
-129
-130
-131
-132
-133
-134
-135
-136
-137
-138
-139
-140
-141
-142
-143
-144
-145
-146
-147
-148
-149
-150
-151
-152
-153
-154
-155
-156
-157
-158
-159
-160
-161
-162
-163
-164
-165
-166
-167
-168
-169
-170
-171
-172
-173
-174
-175
-176
-177
-178
-179
-180
-181
-182
-183
-184
-185
-186
-187
-188
-189
-190
-191
-192
-193
-194
-195
-196
-197
-198
-199
-200
-201
-202
-203
-204
-205
-206
-207
-208
-209
-210
-211
-212
-213
-214
-215
-216
-217
-218
-219
-220
-221
-222
-223
-224
-225
-226
-227
-228
-229
-230
-231
-232
-233
-234
-235
-236
-237
-238
-239
-240
-241
-242
-243
-244
-245
-246
-247
-248
-249
-250
-251
-252
-253
-254
-255
-256
-257
-258
-259
-260
-261
-262
-263
-264
-265
-266
-267
-268
-269
-270
-271
-272
-273
-274
-275
-276
-277
-278
-279
-280
-281
-282
-283
-284
-285
-286
-287
-288
-289
-290
-291
-292
-293
-294
-295
-296
-297
-298
-299
-300
-301
-302
-303
-304
-305
-306
-307
-308
-309
-310
-311
-312
-313
-314
-315
-316
-317
-318
-319
-320
-321
-322
-323
-324
-325
-326
-327
-328
-329
-330
-331
-332
-333
-334
-335
-336
-337
-338
-339
-340
-341
-342
-343
-344
-345
-346
-347
-348
-349
-350
-351
-352
-353
-354
-355
-356
-357
-358
-359
-360
-361
-362
-363
-364
-365
-366
-367
-368
-369
-370
-371
-372
-373
-374
-375
-376
-377
-378
-379
-380
-381
-382
-383
-384
-385
-386
-387
-388
-389
-390
-391
-392
-393
-394
-395
-396
-397
-398
-399
-400
-401
-402
-403
-404
-405
-406
-407
-408
-409
-410
-411
-412
-413
-414
-415
-416
-417
-418
-419
-420
-421
-422
-423
-424
-425
-426
-427
-428
-429
-430
-431
-432
-433
-434
-435
-436
-437
-438
-439
-440
-441
-442
-443
-444
-445
-446
-447
-448
-449
-450
-451
-452
-453
-454
-455
-456
-457
-458
-459
-460
-461
-462
-463
-464
-465
-466
-467
-468
-469
-470
-471
-472
-473
-474
-475
-476
-477
-478
-479
-480
-481
-482
-483
-484
-485
-486
-487
-488
-489
-490
-491
-492
-493
-494
-495
-496
-497
-498
-499
-500
-501
-502
-503
-504
-505
-506
-507
-508
-509
-510
-511
-512
-513
-514
-515
-516
-517
-518
-519
-520
-521
-522
-523
-524
-525
-526
-527
-528
-529
-530
-531
-532
-533
-534
-535
-536
-537
-538
-539
-540
-541
-542
-543
-544
-545
-546
-547
-548
-549
-550
-551
-552
-553
-554
-555
-556
-557
-558
-559
-560
-561
-562
-563
-564
-565
-566
-567
-568
-569
-570
-571
-572
-573
-574
-575
-576
-577
-578
-579
-580
-581
-582
-583
-584
-585
-586
-587
-588
-589
-590
-591
-592
-593
-594
-595
-596
-597
-598
-599
-600
-601
-602
-603
-604
-605
-606
-607
-608
-609
-610
-611
-612
-613
-614
-615
-616
-617
-618
-619
-620
-621
-622
-623
-624
-625
-626
-627
-628
-629
-630
-631
-632
-633
-634
-635
-636
-637
-638
-639
-640
-641
-642
-643
-644
-645
-646
-647
-648
-649
-650
-651
-652
-653
-654
-655
-656
-657
-658
-659
-660
-661
-662
-663
-664
-665
-666
-667
-668
-669
-670
-671
-672
-673
-674
-675
-676
-677
-678
-679
-680
-681
-682
-683
-684
-685
-686
-687
-688
-689
-690
-691
-692
-693
-694
-695
-696
-697
-698
-699
-700
-701
-702
-703
-704
-705
-706
-707
-708
-709
-710
-711
-712
-713
-714
-715
-716
-717
-718
-719
-720
-721
-722
-723
-724
-725
-726
-727
-728
-729
-730
-731
-732
-733
-734
-735
-736
-737
-738
-739
-740
-741
-742
-743
-744
-745
-746
-747
-748
-749
-750
-751
-752
-753
-754
-755
-756
-757
-758
-759
-760
-761
-762
-763
-764
-765
-766
-767
-768
-769
-770
-771
-772
-773
-774
-775
-776
-777
-778
-779
-780
-781
-782
-783
-784
-785
-786
-787
-788
-789
-790
-791
-792
-793
-794
-795
-796
-797
-798
-799
-800
-801
-802
-803
-804
-805
-806
-807
-808
-809
-810
-811
-812
-813
-814
-815
-816
-817
-818
-819
-820
-821
-822
-823
-824
-825
-826
-827
-828
-829
-830
-831
-832
-833
-834
-835
-836
-837
-838
-839
-840
-841
-842
-843
-844
-845
-846
-847
-848
-849
-850
-851
-852
-853
-854
-855
-856
-857
-858
-859
-860
-861
-862
-863
-864
-865
-866
-867
-868
-869
-870
-871
-872
-873
-874
-875
-876
-877
-878
-879
-880
-881
-882
-883
-884
-885
-886
-887
-888
-889
-890
-891
-892
-893
-894
-895
-896
-897
-898
-899
-900
-901
-902
-903
-904
-905
-906
-907
-908
-909
-910
-911
-912
-913
-914
-915
-916
-917
-918
-919
-920
-921
-922
-923
-924
-925
-926
-927
-928
-929
-930
-931
-932
-933
-934
-935
-936
-937
-938
-939
-940
-941
-942
-943
-944
-945
-946
-947
-948
-949
-950
-951
-952
-953
-954
-955
-956
-957
-958
-959
-960
-961
-962
-963
-964
-965
-966
-967
-968
-969
-970
-971
-972
-973
-974
-975
-976
-977
-978
-979
-980
-981
-982
-983
-984
-985
-986
-987
-988
-989
-990
-991
-992
-993
-994
-995
-996
-997
-998
-999
6274
-6292
-5710
9486
-3308
3934
-7006
-2866
-9576
-4473
8925
9518
7192
-3440
-9435
-2835
-7517
-6426
3787
6634
-4389
-1866
9792
-7808
-3885
1047
-9963
-4687
6797
-6378
-7036
-3798
-7586
-9057
5162
-1569
5480
-5275
-5740
8962
-1551
3593
-5147
3835
3734
-9814
-6608
3929
8160
4649
6673
-5711
3886
2767
-6759
-4229
-4260
-2312
6211
-9191
-1419
1302
2672
2585
6889
9311
-1255
-7076
-9466
1459
-9967
7212
-6778
-2999
4872
7386
-3043
2068
3330
-6440
9255
3264
-9747
-2670
-3619
-8642
-7226
-3177
-2457
5984
-8226
-6178
-8586
9373
6560
7328
8801
-7565
1477
9606
10000
-3799
2514
4853
8874
-1666
-3897
5205
-4200
7151
2161
-7322
-6709
4342
-8998
-1676
4164
-3783
-2890
8246
-2649
-5971
-9658
6850
-3681
-1814
-5859
4463
-7008
4752
4272
-7683
5941
-6701
4035
1099
4193
-9392
-7545
-6212
8004
-7105
3747
3962
-4685
2014
-7360
2961
-3056
7116
9396
8461
-9792
2650
-3264
-7814
3129
1164
-2925
2614
-7216
-6780
-7862
-2997
-9832
3066
6484
-9191
-6084
8439
-1508
-9461
-6456
1701
-4077
3981
2952
3051
8887
9287
8945
-5635
8279
2061
9316
-9159
6353
4030
-4872
-6441
-7415
-6595
-7390
-8958
-9517
1382
-7310
6266
-8884
-9792
3632
-9161
-9432
-6691
2028
-1064
-6170
-5290
3456
2888
-7216
-1866
4791
-7476
2628
9523
9936
-4089
-6878
-5298
1754
-1788
1668
3358
-2563
-1612
2408
6007
-9645
1790
9523
6760
-8643
4158
-8580
6495
-5560
-3267
-7384
4084
-2012
-6392
4102
-9082
3420
-5696
-8496
-3415
-7622
-4484
1895
6842
-3876
-4181
7874
1874
-6999
-5103
5216
-6272
7695
4602
8528
4432
-2055
7777
5678
-7908
-8567
1062
5669
6680
2547
6244
8100
-9812
-9456
-3654
-1649
7909
-7050
-5792
-9399
7959
-3014
-5936
-9201
9334
-6131
9009
8829
9056
-6797
3123
3986
9250
-7661
-6881
2142
9708
7748
8518
4741
-5298
8643
-3466
7850
2925
7053
-1079
2586
-5419
-8110
8132
-6718
-3566
8235
6639
3646
2750
8431
5844
-7933
-7160
-5818
-4296
8148
-1244
-3302
5929
6639
-1363
3327
6371
2207
7482
9396
3577
-9748
5216
3845
8014
2093
-5628
4793
6401
1940
8369
6665
6051
8352
-3663
8055
5186
-6957
1779
5136
-6161
-1848
-6921
-9205
-3267
-1771
-3307
-9894
-3118
-1752
-7135
-4823
-2469
-3213
6556
-2677
-1362
-9505
-6559
-2399
3925
-2253
1949
3147
-3936
6998
1143
5376
-5130
1477
-8566
-9761
3271
-4796
-5551
-6344
-2448
6601
-7617
4389
1121
-1526
-9485
5148
3771
5211
8108
-2063
9931
-3279
-2988
-7548
4695
-5580
-3826
6129
6494
4747
2930
8866
3657
-2151
1951
-1874
-5013
6241
-8323
3032
5350
9588
-8075
-7853
2869
-9702
-8154
1917
7435
-2008
5327
-2774
-4609
4781
1016
-1244
6359
-3594
-8557
2776
3950
5535
6622
-7224
-9665
-7943
-3139
-8808
7933
6129
-3476
-7515
-4420
9898
-7447
-4587
9968
-1299
-1953
8794
6824
1718
5201
4873
7311
1531
-2176
-4636
1322
-4614
6675
7453
3290
8612
1159
4265
2104
-8491
-9828
5413
9386
9078
-7704
-5058
9198
-5364
9033
-9106
-7565
-5411
7977
3326
6550
1077
-6431
3409
6466
-5095
-2863
-7937
6505
-9982
2074
1346
-2422
-3086
8051
-9632
-8709
1241
6302
-4066
-3483
-3562
-2604
5665
4637
7236
-5341
-8531
-2414
-5429
-9565
2209
-6371
9938
-3469
9331
5797
-9139
9553
5958
-3683
-1340
8468
-6195
-9941
-9869
4325
2496
-4969
-6274
8661
3725
2617
2061
-4886
4561
7518
8122
-4060
2245
4868
-1418
4607
6699
8302
5680
-4117
-1443
-2262
8397
9836
4756
-5461
4396
-7232
6726
-4116
-8705
-6850
-8613
-8632
8861
9198
-5728
9401
-6833
5303
-8846
-2710
-9563
-6421
8574
6912
-5669
-7769
-8038
3377
-2392
4187
-7542
-7868
-3853
-3133
4368
-5787
2486
-5756
-9639
-1656
-7022
-2412
-4360
-2526
8339
4200
9040
7258
1505
8436
-2329
1806
-1177
7129
7522
-3019
8662
9853
8737
-4757
4279
-5791
9182
8928
3163
6249
-6017
5653
7242
-7742
-1173
9411
9267
5861
-7153
8702
-8982
-7024
6020
7735
-7446
4899
8133
3153
4380
1257
9250
-7092
-4911
7411
2484
3841
-4910
8288
9032
7676
6492
-3160
-1809
9343
-3407
4965
-7137
-1132
-3209
7045
8337
-4941
4392
-1728
-4650
-6515
-2791
5829
-6445
-1665
-8313
-7857
-3481
7272
3505
-7796
-3962
-6748
-9671
4990
2972
-9283
4864
7975
1683
-1245
4540
-3524
-1659
-9819
-5986
-8877
-6605
-9510
1878
-7901
3738
6508
-7721
6060
-7073
5737
5136
3489
4657
2843
-1828
8208
5936
1767
-3595
-3989
9203
4088
8993
5996
-5487
-4745
2939
-7699
8318
-7398
-6322
1953
-7372
-9175
-3009
-2925
-8197
-4015
9018
7942
-5771
5588
7768
-4330
-3783
-3483
-2754
6296
6624
-5040
2881
-7823
1510
-2503
5628
8815
-5776
-6589
4852
-8814
-9041
9173
-9548
6660
5058
-2021
1776
-1093
6292
7079
-6883
-7376
5895
-1063
-2850
-6799
6234
8321
-5724
3105
7101
6218
6136
7408
2946
-3159
-6796
-6605
8152
5186
-1456
8147
-9400
-9298
-2005
-7815
8600
-8964
-4684
7120
-1593
9445
-1638
-9214
-4085
6293
3323
6741
-4762
-9926
7462
3120
4898
5048
-5139
-3685
5270
-4304
5585
-2413
9057
-1113
-6781
7477
1447
6249
9538
1715
-4379
5380
-1829
9087
-9723
-2019
-8560
5110
2191
-1528
6279
1350
4412
7817
-6154
-6669
7517
7144
2328
6286
2804
4286
7201
1820
5487
-3475
8767
-5549
-1492
7774
1757
1392
-9110
-2427
4067
9190
4622
-8963
-3930
-2323
6974
-4837
2618
-4919
1500
3750
2859
7850
-2404
-8005
5897
2781
-4387
1422
3576
4711
1423
-4504
1915
4768
-7527
9680
6856
-7378
-5401
-9365
-7098
6968
-2439
-1201
6841
-5881
-3669
-6837
5623
-5784
-2829
3483
-6408
3199
-5872
-5709
8214
7921
-9213
-9563
8634
-5394
1244
-7689
2818
3149
7320
6617
8757
-5199
6870
-6637
7175
-1270
7905
-2902
7967
9578
-2377
-4657
4765
-8886
6363
-5680
6871
-7921
5217
-4781
1360
-9564
-5161
-1505
1634
-2340
4425
8208
5065
5770
-5209
2654
-5309
-5044
-7415
-9221
-2022
-6721
9480
3372
-6472
-5971
-6706
1640
-7989
-9489
-7542
8357
8808
1018
-6384
-9785
-9296
-4911
6590
-5666
-6704
-6681
4151
4288
-1414
8056
6910
6175
8785
-5435
-1706
-7169
4347
-7451
5973
-4898
-7273
-3234
