0 5
-2 -2
-4 -9
-6 -16
-8 -23
-10 -30
-12 -37
-14 -44
-16 -51
-18 -58
-20 -65
-22 -72
-24 -79
-26 -86
-28 -93
-30 -100
-32 -107
-34 -114
-36 -121
-38 -128
-40 -135
-42 -142
-44 -149
-46 -156
-48 -163
-50 -170
-52 -177
-54 -184
-56 -191
-58 -198
-60 -205
-62 -212
-64 -219
-66 -226
-68 -233
-70 -240
-72 -247
-74 -254
-76 -261
-78 -268
-80 -275
-82 -282
-84 -289
-86 -296
-88 -303
-90 -310
-92 -317
-94 -324
-96 -331
-98 -338
-100 -345
-102 -352
-104 -359
-106 -366
-108 -373
-110 -380
-112 -387
-114 -394
-116 -401
-118 -408
-120 -415
-122 -422
-124 -429
-126 -436
-128 -443
-130 -450
-132 -457
-134 -464
-136 -471
-138 -478
-140 -485
-142 -492
-144 -499
-146 -506
-148 -513
-150 -520
-152 -527
-154 -534
-156 -541
-158 -548
-160 -555
-162 -562
-164 -569
-166 -576
-168 -583
-170 -590
-172 -597
-174 -604
-176 -611
-178 -618
-180 -625
-182 -632
-184 -639
-186 -646
-188 -653
-190 -660
-192 -667
-194 -674
-196 -681
-198 -688
-200 -695
-202 -702
-204 -709
-206 -716
-208 -723
-210 -730
-212 -737
-214 -744
-216 -751
-218 -758
-220 -765
-222 -772
-224 -779
-226 -786
-228 -793
-230 -800
-232 -807
-234 -814
-236 -821
-238 -828
-240 -835
-242 -842
-244 -849
-246 -856
-248 -863
-250 -870
-252 -877
-254 -884
-256 -891
-258 -898
-260 -905
-262 -912
-264 -919
-266 -926
-268 -933
-270 -940
-272 -947
-274 -954
-276 -961
-278 -968
-280 -975
-282 -982
-284 -989
-286 -996
-288 -1003
-290 -1010
-292 -1017
-294 -1024
-296 -1031
-298 -1038
-300 -1045
-302 -1052
-304 -1059
-306 -1066
-308 -1073
-310 -1080
-312 -1087
-314 -1094
-316 -1101
-318 -1108
-320 -1115
-322 -1122
-324 -1129
-326 -1136
-328 -1143
-330 -1150
-332 -1157
-334 -1164
-336 -1171
-338 -1178
-340 -1185
-342 -1192
-344 -1199
-346 -1206
-348 -1213
-350 -1220
-352 -1227
-354 -1234
-356 -1241
-358 -1248
-360 -1255
-362 -1262
-364 -1269
-366 -1276
-368 -1283
-370 -1290
-372 -1297
-374 -1304
-376 -1311
-378 -1318
-380 -1325
-382 -1332
-384 -1339
-386 -1346
-388 -1353
-390 -1360
-392 -1367
-394 -1374
-396 -1381
-398 -1388
-400 -1395
-402 -1402
-404 -1409
-406 -1416
-408 -1423
-410 -1430
-412 -1437
-414 -1444
-416 -1451
-418 -1458
-420 -1465
-422 -1472
-424 -1479
-426 -1486
-428 -1493
-430 -1500
-432 -1507
-434 -1514
-436 -1521
-438 -1528
-440 -1535
-442 -1542
-444 -1549
-446 -1556
-448 -1563
-450 -1570
-452 -1577
-454 -1584
-456 -1591
-458 -1598
-460 -1605
-462 -1612
-464 -1619
-466 -1626
-468 -1633
-470 -1640
-472 -1647
-474 -1654
-476 -1661
-478 -1668
-480 -1675
-482 -1682
-484 -1689
-486 -1696
-488 -1703
-490 -1710
-492 -1717
-494 -1724
-496 -1731
-498 -1738
-500 -1745
-502 -1752
-504 -1759
-506 -1766
-508 -1773
-510 -1780
-512 -1787
-514 -1794
-516 -1801
-518 -1808
-520 -1815
-522 -1822
-524 -1829
-526 -1836
-528 -1843
-530 -1850
-532 -1857
-534 -1864
-536 -1871
-538 -1878
-540 -1885
-542 -1892
-544 -1899
-546 -1906
-548 -1913
-550 -1920
-552 -1927
-554 -1934
-556 -1941
-558 -1948
-560 -1955
-562 -1962
-564 -1969
-566 -1976
-568 -1983
-570 -1990
-572 -1997
-574 -2004
-576 -2011
-578 -2018
-580 -2025
-582 -2032
-584 -2039
-586 -2046
-588 -2053
-590 -2060
-592 -2067
-594 -2074
-596 -2081
-598 -2088
-600 -2095
-602 -2102
-604 -2109
-606 -2116
-608 -2123
-610 -2130
-612 -2137
-614 -2144
-616 -2151
-618 -2158
-620 -2165
-622 -2172
-624 -2179
-626 -2186
-628 -2193
-630 -2200
-632 -2207
-634 -2214
-636 -2221
-638 -2228
-640 -2235
-642 -2242
-644 -2249
-646 -2256
-648 -2263
-650 -2270
-652 -2277
-654 -2284
-656 -2291
-658 -2298
-660 -2305
-662 -2312
-664 -2319
-666 -2326
-668 -2333
-670 -2340
-672 -2347
-674 -2354
-676 -2361
-678 -2368
-680 -2375
-682 -2382
-684 -2389
-686 -2396
-688 -2403
-690 -2410
-692 -2417
-694 -2424
-696 -2431
-698 -2438
-700 -2445
-702 -2452
-704 -2459
-706 -2466
-708 -2473
-710 -2480
-712 -2487
-714 -2494
-716 -2501
-718 -2508
-720 -2515
-722 -2522
-724 -2529
-726 -2536
-728 -2543
-730 -2550
-732 -2557
-734 -2564
-736 -2571
-738 -2578
-740 -2585
-742 -2592
-744 -2599
-746 -2606
-748 -2613
-750 -2620
-752 -2627
-754 -2634
-756 -2641
-758 -2648
-760 -2655
-762 -2662
-764 -2669
-766 -2676
-768 -2683
-770 -2690
-772 -2697
-774 -2704
-776 -2711
-778 -2718
-780 -2725
-782 -2732
-784 -2739
-786 -2746
-788 -2753
-790 -2760
-792 -2767
-794 -2774
-796 -2781
-798 -2788
-800 -2795
-802 -2802
-804 -2809
-806 -2816
-808 -2823
-810 -2830
-812 -2837
-814 -2844
-816 -2851
-818 -2858
-820 -2865
-822 -2872
-824 -2879
-826 -2886
-828 -2893
-830 -2900
-832 -2907
-834 -2914
-836 -2921
-838 -2928
-840 -2935
-842 -2942
-844 -2949
-846 -2956
-848 -2963
-850 -2970
-852 -2977
-854 -2984
-856 -2991
-858 -2998
-860 -3005
-862 -3012
-864 -3019
-866 -3026
-868 -3033
-870 -3040
-872 -3047
-874 -3054
-876 -3061
-878 -3068
-880 -3075
-882 -3082
-884 -3089
-886 -3096
-888 -3103
-890 -3110
-892 -3117
-894 -3124
-896 -3131
-898 -3138
-900 -3145
-902 -3152
-904 -3159
-906 -3166
-908 -3173
-910 -3180
-912 -3187
-914 -3194
-916 -3201
-918 -3208
-920 -3215
-922 -3222
-924 -3229
-926 -3236
-928 -3243
-930 -3250
-932 -3257
-934 -3264
-936 -3271
-938 -3278
-940 -3285
-942 -3292
-944 -3299
-946 -3306
-948 -3313
-950 -3320
-952 -3327
-954 -3334
-956 -3341
-958 -3348
-960 -3355
-962 -3362
-964 -3369
-966 -3376
-968 -3383
-970 -3390
-972 -3397
-974 -3404
-976 -3411
-978 -3418
-980 -3425
-982 -3432
-984 -3439
-986 -3446
-988 -3453
-990 -3460
-992 -3467
-994 -3474
-996 -3481
-998 -3488
-1000 -3495
-1002 -3502
-1004 -3509
-1006 -3516
-1008 -3523
-1010 -3530
-1012 -3537
-1014 -3544
-1016 -3551
-1018 -3558
-1020 -3565
-1022 -3572
-1024 -3579
-1026 -3586
-1028 -3593
-1030 -3600
-1032 -3607
-1034 -3614
-1036 -3621
-1038 -3628
-1040 -3635
-1042 -3642
-1044 -3649
-1046 -3656
-1048 -3663
-1050 -3670
-1052 -3677
-1054 -3684
-1056 -3691
-1058 -3698
-1060 -3705
-1062 -3712
-1064 -3719
-1066 -3726
-1068 -3733
-1070 -3740
-1072 -3747
-1074 -3754
-1076 -3761
-1078 -3768
-1080 -3775
-1082 -3782
-1084 -3789
-1086 -3796
-1088 -3803
-1090 -3810
-1092 -3817
-1094 -3824
-1096 -3831
-1098 -3838
-1100 -3845
-1102 -3852
-1104 -3859
-1106 -3866
-1108 -3873
-1110 -3880
-1112 -3887
-1114 -3894
-1116 -3901
-1118 -3908
-1120 -3915
-1122 -3922
-1124 -3929
-1126 -3936
-1128 -3943
-1130 -3950
-1132 -3957
-1134 -3964
-1136 -3971
-1138 -3978
-1140 -3985
-1142 -3992
-1144 -3999
-1146 -4006
-1148 -4013
-1150 -4020
-1152 -4027
-1154 -4034
-1156 -4041
-1158 -4048
-1160 -4055
-1162 -4062
-1164 -4069
-1166 -4076
-1168 -4083
-1170 -4090
-1172 -4097
-1174 -4104
-1176 -4111
-1178 -4118
-1180 -4125
-1182 -4132
-1184 -4139
-1186 -4146
-1188 -4153
-1190 -4160
-1192 -4167
-1194 -4174
-1196 -4181
-1198 -4188
-1200 -4195
-1202 -4202
-1204 -4209
-1206 -4216
-1208 -4223
-1210 -4230
-1212 -4237
-1214 -4244
-1216 -4251
-1218 -4258
-1220 -4265
-1222 -4272
-1224 -4279
-1226 -4286
-1228 -4293
-1230 -4300
-1232 -4307
-1234 -4314
-1236 -4321
-1238 -4328
-1240 -4335
-1242 -4342
-1244 -4349
-1246 -4356
-1248 -4363
-1250 -4370
-1252 -4377
-1254 -4384
-1256 -4391
-1258 -4398
-1260 -4405
-1262 -4412
-1264 -4419
-1266 -4426
-1268 -4433
-1270 -4440
-1272 -4447
-1274 -4454
-1276 -4461
-1278 -4468
-1280 -4475
-1282 -4482
-1284 -4489
-1286 -4496
-1288 -4503
-1290 -4510
-1292 -4517
-1294 -4524
-1296 -4531
-1298 -4538
-1300 -4545
-1302 -4552
-1304 -4559
-1306 -4566
-1308 -4573
-1310 -4580
-1312 -4587
-1314 -4594
-1316 -4601
-1318 -4608
-1320 -4615
-1322 -4622
-1324 -4629
-1326 -4636
-1328 -4643
-1330 -4650
-1332 -4657
-1334 -4664
-1336 -4671
-1338 -4678
-1340 -4685
-1342 -4692
-1344 -4699
-1346 -4706
-1348 -4713
-1350 -4720
-1352 -4727
-1354 -4734
-1356 -4741
-1358 -4748
-1360 -4755
-1362 -4762
-1364 -4769
-1366 -4776
-1368 -4783
-1370 -4790
-1372 -4797
-1374 -4804
-1376 -4811
-1378 -4818
-1380 -4825
-1382 -4832
-1384 -4839
-1386 -4846
-1388 -4853
-1390 -4860
-1392 -4867
-1394 -4874
-1396 -4881
-1398 -4888
-1400 -4895
-1402 -4902
-1404 -4909
-1406 -4916
-1408 -4923
-1410 -4930
-1412 -4937
-1414 -4944
-1416 -4951
-1418 -4958
-1420 -4965
-1422 -4972
-1424 -4979
-1426 -4986
-1428 -4993
-1430 -5000
-1432 -5007
-1434 -5014
-1436 -5021
-1438 -5028
-1440 -5035
-1442 -5042
-1444 -5049
-1446 -5056
-1448 -5063
-1450 -5070
-1452 -5077
-1454 -5084
-1456 -5091
-1458 -5098
-1460 -5105
-1462 -5112
-1464 -5119
-1466 -5126
-1468 -5133
-1470 -5140
-1472 -5147
-1474 -5154
-1476 -5161
-1478 -5168
-1480 -5175
-1482 -5182
-1484 -5189
-1486 -5196
-1488 -5203
-1490 -5210
-1492 -5217
-1494 -5224
-1496 -5231
-1498 -5238
-1500 -5245
-1502 -5252
-1504 -5259
-1506 -5266
-1508 -5273
-1510 -5280
-1512 -5287
-1514 -5294
-1516 -5301
-1518 -5308
-1520 -5315
-1522 -5322
-1524 -5329
-1526 -5336
-1528 -5343
-1530 -5350
-1532 -5357
-1534 -5364
-1536 -5371
-1538 -5378
-1540 -5385
-1542 -5392
-1544 -5399
-1546 -5406
-1548 -5413
-1550 -5420
-1552 -5427
-1554 -5434
-1556 -5441
-1558 -5448
-1560 -5455
-1562 -5462
-1564 -5469
-1566 -5476
-1568 -5483
-1570 -5490
-1572 -5497
-1574 -5504
-1576 -5511
-1578 -5518
-1580 -5525
-1582 -5532
-1584 -5539
-1586 -5546
-1588 -5553
-1590 -5560
-1592 -5567
-1594 -5574
-1596 -5581
-1598 -5588
-1600 -5595
-1602 -5602
-1604 -5609
-1606 -5616
-1608 -5623
-1610 -5630
-1612 -5637
-1614 -5644
-1616 -5651
-1618 -5658
-1620 -5665
-1622 -5672
-1624 -5679
-1626 -5686
-1628 -5693
-1630 -5700
-1632 -5707
-1634 -5714
-1636 -5721
-1638 -5728
-1640 -5735
-1642 -5742
-1644 -5749
-1646 -5756
-1648 -5763
-1650 -5770
-1652 -5777
-1654 -5784
-1656 -5791
-1658 -5798
-1660 -5805
-1662 -5812
-1664 -5819
-1666 -5826
-1668 -5833
-1670 -5840
-1672 -5847
-1674 -5854
-1676 -5861
-1678 -5868
-1680 -5875
-1682 -5882
-1684 -5889
-1686 -5896
-1688 -5903
-1690 -5910
-1692 -5917
-1694 -5924
-1696 -5931
-1698 -5938
-1700 -5945
-1702 -5952
-1704 -5959
-1706 -5966
-1708 -5973
-1710 -5980
-1712 -5987
-1714 -5994
-1716 -6001
-1718 -6008
-1720 -6015
-1722 -6022
-1724 -6029
-1726 -6036
-1728 -6043
-1730 -6050
-1732 -6057
-1734 -6064
-1736 -6071
-1738 -6078
-1740 -6085
-1742 -6092
-1744 -6099
-1746 -6106
-1748 -6113
-1750 -6120
-1752 -6127
-1754 -6134
-1756 -6141
-1758 -6148
-1760 -6155
-1762 -6162
-1764 -6169
-1766 -6176
-1768 -6183
-1770 -6190
-1772 -6197
-1774 -6204
-1776 -6211
-1778 -6218
-1780 -6225
-1782 -6232
-1784 -6239
-1786 -6246
-1788 -6253
-1790 -6260
-1792 -6267
-1794 -6274
-1796 -6281
-1798 -6288
-1800 -6295
-1802 -6302
-1804 -6309
-1806 -6316
-1808 -6323
-1810 -6330
-1812 -6337
-1814 -6344
-1816 -6351
-1818 -6358
-1820 -6365
-1822 -6372
-1824 -6379
-1826 -6386
-1828 -6393
-1830 -6400
-1832 -6407
-1834 -6414
-1836 -6421
-1838 -6428
-1840 -6435
-1842 -6442
-1844 -6449
-1846 -6456
-1848 -6463
-1850 -6470
-1852 -6477
-1854 -6484
-1856 -6491
-1858 -6498
-1860 -6505
-1862 -6512
-1864 -6519
-1866 -6526
-1868 -6533
-1870 -6540
-1872 -6547
-1874 -6554
-1876 -6561
-1878 -6568
-1880 -6575
-1882 -6582
-1884 -6589
-1886 -6596
-1888 -6603
-1890 -6610
-1892 -6617
-1894 -6624
-1896 -6631
-1898 -6638
-1900 -6645
-1902 -6652
-1904 -6659
-1906 -6666
-1908 -6673
-1910 -6680
-1912 -6687
-1914 -6694
-1916 -6701
-1918 -6708
-1920 -6715
-1922 -6722
-1924 -6729
-1926 -6736
-1928 -6743
-1930 -6750
-1932 -6757
-1934 -6764
-1936 -6771
-1938 -6778
-1940 -6785
-1942 -6792
-1944 -6799
-1946 -6806
-1948 -6813
-1950 -6820
-1952 -6827
-1954 -6834
-1956 -6841
-1958 -6848
-1960 -6855
-1962 -6862
-1964 -6869
-1966 -6876
-1968 -6883
-1970 -6890
-1972 -6897
-1974 -6904
-1976 -6911
-1978 -6918
-1980 -6925
-1982 -6932
-1984 -6939
-1986 -6946
-1988 -6953
-1990 -6960
-1992 -6967
-1994 -6974
-1996 -6981
-1998 -6988
-7930 -5337
-9599 7440
9607 9268
-7696 1447
-3623 -6112
7652 9446
8353 4250
4484 199
-1675 1175
635 4274
-4774 5034
1898 1542
2008 -9596
7061 1601
4027 6884
-7174 -9451
-198 7216
1865 -1505
-1440 7576
-9734 6446
-9983 -6409
-9782 -9880
539 3931
5962 -2832
-5209 -8506
-6613 -2602
9255 2565
4798 403
7208 6058
1666 3906
8176 2924
6496 -1699
9306 2296
6607 -7600
1923 3821
2818 2279
1662 -727
5723 7080
1024 305
-1395 -8396
2444 -2196
4757 7013
4879 -5795
-2966 2976
-6681 -5976
-9746 4499
8996 -1039
-4147 9005
8457 -7713
-6713 -7015
-5654 4336
-6720 8722
5889 4176
-9963 -6712
-3679 -4061
-1611 -1442
-1262 -4780
1265 -7792
-6019 -8336
6507 -4883
2624 -1036
-7039 2104
-6864 -7093
-4323 2570
7038 -1607
-2360 -58
-6592 -6876
3614 1733
-5074 4481
-6574 -3794
-2257 5966
-1481 -9176
4303 -7103
9151 8973
6824 -3388
9123 5453
-4772 -778
-1138 -3982
-8796 1390
-4144 9756
-8895 -3545
-4158 2230
979 -7296
6342 -7915
9556 889
-3614 -490
-1378 -8782
1346 2975
-429 3452
-6155 2157
-7987 6052
1399 -9807
8379 3467
342 8306
-7584 6862
-9384 -7952
-6460 9135
-2834 -3955
4387 -1102
-2712 -7030
-6371 -9866
2071 3532
3892 -5959
7413 -6147
-2373 5742
3721 9708
-867 9981
-8443 -4651
5802 657
-654 4950
2613 1401
5527 2911
1703 -1490
-2490 7159
295 -1704
4122 -4328
3355 -3280
-5414 1372
1011 -9446
7708 5683
3794 -3914
-4070 -8152
-6969 -7135
7936 5206
-9935 2395
-6389 1260
2640 -7909
-2509 -5626
-1487 2859
-6868 -4642
-7024 8223
-3978 -8963
-8141 -7611
-7529 -5399
2329 -2637
-6684 9941
4300 4363
6789 9139
9116 -3145
104 -3627
-1201 4003
8239 5979
6767 8148
1658 5813
1074 -7843
-931 9153
-1731 -9361
-8581 -4074
-8650 9080
4218 -233
9980 9739
-5678 6347
-8905 -7408
4442 3778
2283 -7246
-1680 94
7682 6368
5237 -2843
-6294 7148
8423 -377
-5934 4828
-5663 -1665
-9238 8766
-8781 5538
4740 6519
-6519 4058
7770 -1995
8311 9754
1248 2950
717 -89
475 7045
-5622 8151
3580 4716
-6885 -1675
-1489 -3115
7516 -5368
-8206 8172
-3630 -4365
-332 -8199
8336 -9705
7672 8704
-2175 5285
7364 -2899
-7974 2166
-891 5902
4414 6357
-1492 -4877
3519 -5330
-2754 -6020
5198 -8604
1399 8027
3202 3071
-3527 -1869
-1630 -9503
329 4494
-5951 8616
-8218 5012
-5027 -7943
7750 -3096
-457 5465
-9738 9849
9290 6307
-5626 5410
4024 6264
-885 878
-5598 -8749
633 5001
-7402 -9660
-4454 -3758
-2607 13
8401 -7836
3011 9801
1228 8008
-517 8290
-1041 2642
5490 -2124
-488 -8894
-2769 -8303
-5200 -6566
6627 -5304
-2226 -6523
6290 -9296
-6119 -8743
-831 -6046
3974 -893
-4124 3995
-2022 3492
3459 -8079
9008 5055
9657 6204
4076 -3577
1568 7869
-2682 -9805
8956 2528
-9888 -6108
-2921 7807
-8189 4452
-8804 -9083
4496 603
-1370 -9172
-8966 3399
3350 9098
-9020 1877
-3929 -7876
-1117 9833
9033 -3312
-9523 -2698
-6883 -1227
-7119 6279
8135 3638
6771 -7037
3201 -4746
1689 3934
6622 -897
4183 -2679
2355 -4656
-7021 -2690
-2722 -6695
-7461 -6696
-5190 -2606
-363 -6426
-6211 -1881
8551 3191
3604 395
1638 -4455
2029 6684
-7074 -4550
-5048 1230
-9259 -28
-7650 1964
-4810 3941
747 202
-3666 9064
-6863 9300
-8187 5988
-3145 6024
1910 172
-3960 8826
-8239 -3207
7710 -9993
6653 3379
2779 -2154
1770 -836
-4419 -2642
-4490 -5269
-497 7369
4624 2988
7388 -8395
-2571 -3125
1124 2202
4254 -3493
-6982 -1257
8235 9687
-5830 -1297
-7609 8400
5542 9292
4222 558
6713 1557
-2682 3625
-1044 7963
5016 -6620
6138 -9301
-4561 -9070
-6270 -9407
728 9680
3471 -9423
-8348 -8737
7475 -4975
5816 2886
-8604 -6851
8135 -8417
5027 5706
-1306 1308
-5366 -8775
3659 -7670
-6681 9444
-4579 -4497
-3259 -2379
-9524 -3193
-9556 -4202
3052 -8775
9546 -1877
-3404 -9420
5895 -5835
6428 -4729
-526 8643
-2364 1383
8714 4707
-4090 -9701
6398 -5513
2425 8486
1561 5534
8426 -6098
-9573 4141
-224 -9766
1426 306
7720 9396
6235 6669
-3269 -5932
5659 -9927
-6532 -995
6702 -5073
-766 -7846
-6248 7471
8186 7170
3098 -8036
354 247
-7860 8001
-4795 5917
-2585 -8823
7468 5727
-4827 5884
4971 6953
-4314 -2056
-2009 821
3515 18
-2935 -8179
-4332 9441
-8813 -412
5936 6487
-6490 5563
-913 -6710
2700 -7390
980 5181
-6129 4973
2701 -4213
4721 -3629
4901 8275
-2971 7832
7739 3536
-4934 9589
-1765 -940
-3505 1129
9658 9752
6111 -9686
-5430 -5801
289 -703
-9582 4385
-7828 -3759
6328 -4498
4210 -33
-3543 6412
8082 6822
-9959 -1821
-586 9069
-1038 -9908
4695 5095
-1028 3251
-1174 692
-9065 6100
4824 6910
3015 -5934
-6906 -3210
5219 5771
7590 -3142
-3078 3193
-8686 -6368
9984 1982
-5767 -140
-1006 2570
-3146 4499
7068 8515
-1608 7284
6044 -6877
4709 2274
-7191 2034
-3080 4245
1544 -5787
-9049 7433
-1933 4694
6656 -8876
-1554 -8363
8239 9458
9907 -8266
441 542
571 8669
8365 7793
-278 4812
8943 -1195
2972 9097
4750 -9928
3225 -7975
9825 5341
-2401 9485
2097 -6718
9327 -3299
-1735 7025
8529 -8364
-1186 7891
-4139 2760
-3189 -7100
-9830 -2938
-1353 6044
-9981 -5870
-4294 4078
9162 -3167
-9972 -3822
-8339 -875
-8467 4820
-7025 -9413
2247 -5517
3980 -8492
516 -2838
9099 -1484
7200 340
7128 -7845
1419 9199
3080 439
-8357 -8059
5075 -6892
1379 -181
2278 4277
-2184 1844
8039 771
-4272 -5578
-6608 5077
2801 9146
-3188 7934
-8296 -4416
-4063 -186
4797 -9530
-1750 -8005
764 -6540
5643 4019
-8773 3665
9835 -1459
8829 2012
1609 -5428
6822 -4834
-4553 4103
8195 4897
-9573 1788
8207 9238
8566 8309
1131 -3950
-1267 7373
-4865 -7655
-4686 3786
5594 900
665 1281
1888 5397
-2088 737
-7194 8998
-1836 -8621
-5923 5348
9112 5934
-9826 -8346
-5030 1210
-4669 -4318
6850 3029
3086 8576
-4086 5151
2471 1036
-6347 401
4542 6307
7650 8955
245 8942
-6186 -2651
6444 2159
8540 4863
9293 -7077
-2365 3364
-6664 1077
-9927 -9951
-5850 1478
-6633 8838
-1828 -574
9075 3502
-9648 -872
-9857 7745
-2408 -8071
3271 -3958
4077 5321
-1320 3960
-2127 -8476
3075 7757
-9155 -1455
2346 -5945
5948 -3607
-1312 5288
-5996 1644
-282 1352
-4279 1195
2962 4782
4900 -3698
773 1025
8535 -8333
3370 -3631
7619 6533
-2655 -3054
-4700 -3126
3618 9651
-3772 9949
5277 -4692
6371 1093
2214 -2485
8986 -5782
-1505 3385
-9662 1485
-4942 -9916
846 -8017
9239 3990
214 -459
-9331 825
-8330 -9409
-952 3448
7564 -9807
2936 4407
3569 -6410
9229 -7738
8066 -4363
3818 4059
6923 -734
6630 -6467
8887 7561
-1483 -9058
-2377 -8907
-1828 -7811
-5580 -4614
-2952 6829
1091 8016
2883 8508
-1783 7399
3728 7213
-3818 9076
-6494 -7586
-333 -8960
-7269 9843
-9433 -6250
-4692 -5975
-7241 -9457
6452 -9263
4530 -2708
-1746 -3814
2878 -3892
6415 -3884
-1104 666
-4513 -4888
3987 7813
-2275 -5270
2442 -7965
5911 -4064
-9250 6027
8398 3431
-665 -3043
3652 -3891
-8900 -1907
-4732 3969
7159 -6516
-3819 -2412
-7729 -3704
-1009 -8186
4000 -7038
4930 5909
-6390 -1252
5289 4426
-9089 484
-1179 9080
4337 -7869
-3602 2854
-6126 -1465
-2760 -3619
-9858 -6424
-6417 -6230
-2356 5823
-4993 -2692
1084 8273
4482 -7278
-2381 -8891
888 9946
-9901 -2556
-9780 1468
7125 -1590
2976 -5888
6707 -61
8897 -5679
5741 4506
9965 6121
4705 2288
-3528 7488
6942 -9352
4943 -6200
6555 -1184
-7777 6416
2594 -6236
7172 -1693
-8925 -542
-2236 6493
4647 -833
5765 -5828
-9287 1056
292 -1635
2779 -3301
1158 -3728
-2829 3421
-6724 4790
9903 9626
5198 8074
-7326 9921
-8368 -2364
324 -6997
-3721 -6719
5040 -9221
-8246 -6570
-3756 3925
-9855 4824
-3535 -502
-831 9181
-7239 9397
-4626 2252
-8964 -3001
-5809 9253
-1610 5903
7298 -9476
7181 9691
-864 8801
8273 3418
7444 5428
9847 -4043
7783 -5870
2633 -6358
4929 -1988
910 237
-8656 7408
3932 1406
1010 -4663
-426 -8130
8972 1512
6747 -5868
-6301 -9464
-4112 -9581
3454 7641
-4530 -6675
7147 -2442
-9475 -4987
-8533 1436
637 5036
-556 710
-4724 6228
-9120 -4488
7654 -171
1024 6859
-6601 -3093
5845 1413
-9274 8607
-6085 -3465
3204 -7752
-5311 -9042
-4019 8911
5933 -4525
-5154 6645
-5551 9076
8738 1367
1545 -4811
8207 -50
13 -8836
5558 3607
-2151 -9275
9375 2124
3710 -2188
7677 -1405
-6063 8617
-3425 -3399
-2709 -3453
-1131 -4984
1685 -4559
8317 -1520
1961 -9478
2446 1385
6428 -4642
-6695 -2801
534 -8096
-3145 5005
-5451 2068
-3332 4494
-773 -9150
-6505 829
-9570 -2874
9338 9265
7308 4118
-4372 8146
5004 -5991
1080 -4194
456 -33
9240 -5424
5048 -8615
8997 7727
2808 1436
-4818 -8463
-1135 -7770
-8223 -4686
-1932 9002
-5001 -4907
-3254 9050
-6915 160
6247 8322
7860 6280
1358 5012
-9593 -9747
-7398 8254
7632 1168
-4428 -2671
-6929 3073
4420 2460
-4230 -5911
8484 3599
-6348 8587
1446 1359
3178 -4139
-5166 7326
-2289 -884
6072 4198
7680 1014
-4012 1827
9366 7147
-6908 8843
-4796 -5341
6259 -2800
6905 2493
5669 1231
1796 -2620
8130 7831
-1537 -2329
-8779 -2701
-4580 7846
9231 9314
-6398 -8439
7210 -2368
2515 2490
-1467 5334
7625 483
4467 -4903
6682 7772
-1186 8124
6552 3593
3336 -409
-8816 -7878
511 -6521
3860 -3032
-8727 -7838
-3883 9713
-2848 1124
6062 -2147
8066 6128
5846 -9381
-6670 670
7126 1432
1228 1113
8186 3217
4837 -4200
8079 -6638
8665 4260
9300 5996
-830 -2289
-7177 7288
-5134 -2593
486 5981
3350 -8452
-5592 -4609
-4056 3685
-613 -3910
-6508 4701
-5875 8449
8347 7125
6234 8180
-210 -1109
-9944 204
5748 -343
-1351 8281
7206 2761
7220 3939
8352 1708
-8517 -1572
787 -1875
4236 6659
-1358 5063
-6874 -6340
-3987 9943
-7024 -3506
-6748 -8705
-7549 7898
-662 -8184
8521 1521
-3453 -8918
-9068 -824
4490 -8122
-1520 6202
9423 -4612
6612 6393
854 2544
-1709 264
-2999 -6709
-2733 5738
9801 8652
-4580 2583
5054 4676
-3343 7274
-8543 -6797
8385 -1247
5562 6233
-4124 -8412
8457 -6807
-2607 1023
8691 6151
129 6972
-1879 7767
-7387 -8846
335 7796
6743 6498
-976 9267
-5325 7608
3911 -1905
-6687 -3172
-3987 -6576
3175 8410
-1975 -5349
7213 1519
4262 8163
-8257 -3323
-3548 -9068
809 2857
2502 1518
-8154 8428
4377 -6422
-1084 4714
9272 -171
2886 3981
-3868 -6373
-9320 -1099
8957 -2274
1955 8496
-3916 1548
6413 304
-4196 9353
-2446 -8369
2570 -4705
-6494 9519
1693 7055
5116 6042
8887 4994
179 5762
7619 6594
-3972 1437
3767 -8251
-7715 -1283
9333 -5717
-6478 -8529
2777 -334
-6680 -7591
-1317 -1979
8153 -1388
-4160 2915
-3767 -1943
2075 3213
-1968 1068
-4491 5265
-6016 9917
-8094 -8078
9686 -927
-6229 8320
3373 -859
-1030 -1718
9228 -8141
-9965 4716
4101 1517
-5998 2762
-3326 -6575
-9349 5913
-4142 7718
-8793 7346
-8699 -7419
-8363 4345
5459 4263
-2933 4855
-1810 -8680
-5994 6976
-5849 6944
3464 -2485
4884 7067
-1615 2703
-2299 1883
-6222 -2559
960 -3967
-362 2486
1223 4126
9404 -3405
-2751 -9718
-3715 625
-8637 -4056
1839 -7689
-9770 4233
-4668 -1814
699 8927
3512 9483
-4920 90
4246 -4748
-2417 -1038
-6841 5812
453 -7963
8176 7250
-7960 -3714
7549 -4527
5408 -4023
3799 -1631
6315 -2926
2084 2889
2338 -8357
1080 -6284
8694 9845
9195 -8747
-6889 2620
7819 5259
-4615 -7400
4329 -3492
7606 7873
1294 1036
-6853 -8268
6033 -1787
-9988 -6912
962 4445
3427 5216
8522 4370
-9462 614
1014 3854
1583 -3846
62 8984
43 9290
4585 -1401
-2571 1648
5149 1381
-4142 -1452
9554 -1885
9170 1643
-5612 -5557
3967 8314
4955 1299
9744 -1144
2342 -3959
-8810 455
-3003 7148
-9479 -2333
-7946 -816
-1390 -7838
768 2491
3363 5779
-9589 910
-6581 2121
2429 8983
-873 -9427
-3326 6899
8656 -7014
-459 -3276
138 -7724
-8528 -6432
9065 -3979
1693 2287
155 9042
-2037 -9083
7745 2423
-6300 9130
