6986004
4
-3
172
462340
249
340
445
564
697
844
1005
1180
1369
1572
1789
2020
2265
2524
2797
3084
3385
3700
4029
4372
4729
5100
5485
5884
6297
6724
7165
7620
8089
8572
9069
9580
10105
10644
11197
11764
12345
12940
13549
14172
14809
15460
16125
16804
17497
18204
18925
19660
20409
21172
21949
22740
23545
24364
25197
26044
26905
27780
28669
29572
30489
31420
32365
33324
34297
35284
36285
37300
38329
39372
40429
41500
42585
43684
44797
45924
47065
48220
49389
50572
51769
52980
54205
55444
56697
57964
59245
60540
61849
63172
64509
65860
67225
68604
69997
71404
72825
74260
75709
77172
78649
80140
81645
83164
84697
86244
87805
89380
90969
92572
94189
95820
97465
99124
100797
102484
104185
105900
107629
109372
111129
112900
114685
116484
118297
120124
121965
123820
125689
127572
129469
131380
133305
135244
137197
139164
141145
143140
145149
147172
149209
151260
153325
155404
157497
159604
161725
163860
166009
168172
170349
172540
174745
176964
179197
181444
183705
185980
188269
190572
192889
195220
197565
199924
202297
204684
207085
209500
211929
214372
216829
219300
221785
224284
226797
229324
231865
234420
236989
239572
242169
244780
247405
250044
252697
255364
258045
260740
263449
266172
268909
271660
274425
277204
279997
282804
285625
288460
291309
294172
297049
299940
302845
305764
308697
311644
314605
317580
320569
323572
326589
329620
332665
335724
338797
341884
344985
348100
351229
354372
357529
360700
363885
367084
370297
373524
376765
380020
383289
386572
389869
393180
396505
399844
403197
406564
409945
413340
416749
420172
423609
6999997
7014004
465945
469564
473197
476844
480505
484180
487869
491572
495289
499020
502765
506524
510297
514084
517885
521700
525529
529372
533229
537100
540985
544884
548797
552724
556665
560620
564589
568572
572569
576580
580605
584644
588697
592764
596845
600940
605049
609172
613309
617460
621625
625804
629997
634204
638425
642660
646909
651172
655449
659740
664045
668364
672697
677044
681405
685780
690169
694572
698989
703420
707865
712324
716797
721284
725785
730300
734829
739372
743929
748500
753085
757684
762297
766924
771565
776220
780889
785572
790269
794980
799705
804444
809197
813964
818745
823540
828349
833172
838009
842860
847725
852604
857497
862404
867325
872260
877209
882172
887149
892140
897145
902164
907197
912244
917305
922380
927469
932572
937689
942820
947965
953124
958297
963484
968685
973900
979129
984372
989629
994900
1000185
1005484
1010797
1016124
1021465
1026820
1032189
1037572
1042969
1048380
1053805
1059244
1064697
1070164
1075645
1081140
1086649
1092172
1097709
1103260
1108825
1114404
1119997
1125604
1131225
1136860
1142509
1148172
1153849
1159540
1165245
1170964
1176697
1182444
1188205
1193980
1199769
1205572
1211389
1217220
1223065
1228924
1234797
1240684
1246585
1252500
1258429
1264372
1270329
1276300
1282285
1288284
1294297
1300324
1306365
1312420
1318489
1324572
1330669
1336780
1342905
1349044
1355197
1361364
1367545
1373740
1379949
1386172
1392409
1398660
1404925
1411204
1417497
1423804
1430125
1436460
1442809
1449172
1455549
1461940
1468345
1474764
1481197
1487644
1494105
1500580
1507069
1513572
1520089
1526620
1533165
1539724
1546297
1552884
1559485
1566100
1572729
1579372
1586029
1592700
1599385
1606084
1612797
1619524
1626265
1633020
1639789
1646572
1653369
1660180
1667005
1673844
1680697
1687564
1694445
1701340
1708249
1715172
1722109
1729060
1736025
1743004
1749997
1757004
1764025
1771060
1778109
1785172
1792249
1799340
1806445
1813564
1820697
1827844
1835005
1842180
1849369
1856572
1863789
1871020
1878265
1885524
1892797
1900084
1907385
1914700
1922029
1929372
1936729
1944100
1951485
1958884
1966297
1973724
1981165
1988620
1996089
2003572
2011069
2018580
2026105
2033644
2041197
2048764
2056345
2063940
2071549
2079172
2086809
2094460
2102125
2109804
2117497
2125204
2132925
2140660
2148409
2156172
2163949
2171740
2179545
2187364
2195197
2203044
2210905
2218780
2226669
2234572
2242489
2250420
2258365
2266324
2274297
2282284
2290285
2298300
2306329
2314372
2322429
2330500
2338585
2346684
2354797
2362924
2371065
2379220
2387389
2395572
2403769
2411980
2420205
2428444
2436697
2444964
2453245
2461540
2469849
2478172
2486509
2494860
2503225
2511604
2519997
2528404
2536825
2545260
2553709
2562172
2570649
2579140
2587645
2596164
2604697
2613244
2621805
2630380
2638969
2647572
2656189
2664820
2673465
2682124
2690797
2699484
2708185
2716900
2725629
2734372
2743129
2751900
2760685
2769484
2778297
2787124
2795965
2804820
2813689
2822572
2831469
2840380
2849305
2858244
2867197
2876164
2885145
2894140
2903149
2912172
2921209
2930260
2939325
2948404
2957497
2966604
2975725
2984860
2994009
3003172
3012349
3021540
3030745
3039964
3049197
3058444
3067705
3076980
3086269
3095572
3104889
3114220
3123565
3132924
3142297
3151684
3161085
3170500
3179929
3189372
3198829
3208300
3217785
3227284
3236797
3246324
3255865
3265420
3274989
3284572
3294169
3303780
3313405
3323044
3332697
3342364
3352045
3361740
3371449
3381172
3390909
3400660
3410425
3420204
3429997
3439804
3449625
3459460
3469309
3479172
3489049
3498940
3508845
3518764
3528697
3538644
3548605
3558580
3568569
3578572
3588589
3598620
3608665
3618724
3628797
3638884
3648985
3659100
3669229
3679372
3689529
3699700
3709885
3720084
3730297
3740524
3750765
3761020
3771289
3781572
3791869
3802180
3812505
3822844
3833197
3843564
3853945
3864340
3874749
3885172
3895609
3906060
3916525
3927004
3937497
3948004
3958525
3969060
3979609
3990172
4000749
4011340
4021945
4032564
4043197
4053844
4064505
4075180
4085869
4096572
4107289
4118020
4128765
4139524
4150297
4161084
4171885
4182700
4193529
4204372
4215229
4226100
4236985
4247884
4258797
4269724
4280665
4291620
4302589
4313572
4324569
4335580
4346605
4357644
4368697
4379764
4390845
4401940
4413049
4424172
4435309
4446460
4457625
4468804
4479997
4491204
4502425
4513660
4524909
4536172
4547449
4558740
4570045
4581364
4592697
4604044
4615405
4626780
4638169
4649572
4660989
4672420
4683865
4695324
4706797
4718284
4729785
4741300
4752829
4764372
4775929
4787500
4799085
4810684
4822297
4833924
4845565
4857220
4868889
4880572
4892269
4903980
4915705
4927444
4939197
4950964
4962745
4974540
4986349
4998172
5010009
5021860
5033725
5045604
5057497
5069404
5081325
5093260
5105209
5117172
5129149
5141140
5153145
5165164
5177197
5189244
5201305
5213380
5225469
5237572
5249689
5261820
5273965
5286124
5298297
5310484
5322685
5334900
5347129
5359372
5371629
5383900
5396185
5408484
5420797
5433124
5445465
5457820
5470189
5482572
5494969
5507380
5519805
5532244
5544697
5557164
5569645
5582140
5594649
5607172
5619709
5632260
5644825
5657404
5669997
5682604
5695225
5707860
5720509
5733172
5745849
5758540
5771245
5783964
5796697
5809444
5822205
5834980
5847769
5860572
5873389
5886220
5899065
5911924
5924797
5937684
5950585
5963500
5976429
5989372
6002329
6015300
6028285
6041284
6054297
6067324
6080365
6093420
6106489
6119572
6132669
6145780
6158905
6172044
6185197
6198364
6211545
6224740
6237949
6251172
6264409
6277660
6290925
6304204
6317497
6330804
6344125
6357460
6370809
6384172
6397549
6410940
6424345
6437764
6451197
6464644
6478105
6491580
6505069
6518572
6532089
6545620
6559165
6572724
6586297
6599884
6613485
6627100
6640729
6654372
6668029
6681700
6695385
6709084
6722797
6736524
6750265
6764020
6777789
6791572
6805369
6819180
6833005
6846844
6860697
6874564
6888445
6902340
6916249
6930172
6944109
6958060
6972025
427060
430525
434004
437497
441004
444525
448060
451609
455172
458749
25
