10500
10501
10502
10503
10504
10505
10506
10507
10508
10509
10510
10511
10512
10513
10514
10515
10516
10517
10518
10519
10520
10521
10522
10523
10524
10525
10526
10527
10528
10529
10530
10531
10532
10533
10534
10535
10536
10537
10538
10539
10540
10541
10542
10543
10544
10545
10546
10547
10548
10549
10550
10551
10552
10553
10554
10555
10556
10557
10558
10559
10560
10561
10562
10563
10564
10565
10566
10567
10568
10569
10570
10571
10572
10573
10574
10575
10576
10577
10578
10579
10580
10581
10582
10583
10584
10585
10586
10587
10588
10589
10590
10591
10592
10593
10594
10595
10596
10597
10598
10599
10600
10601
10602
10603
10604
10605
10606
10607
10608
10609
10610
10611
10612
10613
10614
10615
10616
10617
10618
10619
10620
10621
10622
10623
10624
10625
10626
10627
10628
10629
10630
10631
10632
10633
10634
10635
10636
10637
10638
10639
10640
10641
10642
10643
10644
10645
10646
10647
10648
10649
10650
10651
10652
10653
10654
10655
10656
10657
10658
10659
10660
10661
10662
10663
10664
10665
10666
10667
10668
10669
10670
10671
10672
10673
10674
10675
10676
10677
10678
10679
10680
10681
10682
10683
10684
10685
10686
10687
10688
10689
10690
10691
10692
10693
10694
10695
10696
10697
10698
10699
10700
10701
10702
10703
10704
10705
10706
10707
10708
10709
10710
10711
10712
10713
10714
10715
10716
10717
10718
10719
10720
10721
10722
10723
10724
10725
10726
10727
10728
10729
10730
10731
10732
10733
10734
10735
10736
10737
10738
10739
10740
10741
10742
10743
10744
10745
10746
10747
10748
10749
10750
10751
10752
10753
10754
10755
10756
10757
10758
10759
10760
10761
10762
10763
10764
10765
10766
10767
10768
10769
10770
10771
10772
10773
10774
10775
10776
10777
10778
10779
10780
10781
10782
10783
10784
10785
10786
10787
10788
10789
10790
10791
10792
10793
10794
10795
10796
10797
10798
10799
10800
10801
10802
10803
10804
10805
10806
10807
10808
10809
10810
10811
10812
10813
10814
10815
10816
10817
10818
10819
10820
10821
10822
10823
10824
10825
10826
10827
10828
10829
10830
10831
10832
10833
100000
100001
100002
100003
100004
100005
100006
100007
100008
100009
100010
100011
100012
100013
100014
100015
100016
100017
100018
100019
100020
100021
100022
100023
100024
100025
100026
100027
100028
100029
100030
100031
100032
100033
100034
100035
100036
100037
100038
100039
100040
100041
100042
100043
100044
100045
100046
100047
100048
100049
100050
100051
100052
100053
100054
100055
100056
100057
100058
100059
100060
100061
100062
100063
100064
100065
100066
100067
100068
100069
100070
100071
100072
100073
100074
100075
100076
100077
100078
100079
100080
100081
100082
100083
100084
100085
100086
100087
100088
100089
100090
100091
100092
100093
100094
100095
100096
100097
100098
100099
100100
100101
100102
100103
100104
100105
100106
100107
100108
100109
100110
100111
100112
100113
100114
100115
100116
100117
100118
100119
100120
100121
100122
100123
100124
100125
100126
100127
100128
100129
100130
100131
100132
100133
100134
100135
100136
100137
100138
100139
100140
100141
100142
100143
100144
100145
100146
100147
100148
100149
100150
100151
100152
100153
100154
100155
100156
100157
100158
100159
100160
100161
100162
100163
100164
100165
100166
100167
100168
100169
100170
100171
100172
100173
100174
100175
100176
100177
100178
100179
100180
100181
100182
100183
100184
100185
100186
100187
100188
100189
100190
100191
100192
100193
100194
100195
100196
100197
100198
100199
100200
100201
100202
100203
100204
100205
100206
100207
100208
100209
100210
100211
100212
100213
100214
100215
100216
100217
100218
100219
100220
100221
100222
100223
100224
100225
100226
100227
100228
100229
100230
100231
100232
100233
100234
100235
100236
100237
100238
100239
100240
100241
100242
100243
100244
100245
100246
100247
100248
100249
100250
100251
100252
100253
100254
100255
100256
100257
100258
100259
100260
100261
100262
100263
100264
100265
100266
100267
100268
100269
100270
100271
100272
100273
100274
100275
100276
100277
100278
100279
100280
100281
100282
100283
100284
100285
100286
100287
100288
100289
100290
100291
100292
100293
100294
100295
100296
100297
100298
100299
100300
100301
100302
100303
100304
100305
100306
100307
100308
100309
100310
100311
100312
100313
100314
100315
100316
100317
100318
100319
100320
100321
100322
100323
100324
100325
100326
100327
100328
100329
100330
100331
100332
100333
999999
999998
999997
999996
999995
999994
999993
999992
999991
999990
999989
999988
999987
999986
999985
999984
999983
999982
999981
999980
999979
999978
999977
999976
999975
999974
999973
999972
999971
999970
999969
999968
999967
999966
999965
999964
999963
999962
999961
999960
999959
999958
999957
999956
999955
999954
999953
999952
999951
999950
999949
999948
999947
999946
999945
999944
999943
999942
999941
999940
999939
999938
999937
999936
999935
999934
999933
999932
999931
999930
999929
999928
999927
999926
999925
999924
999923
999922
999921
999920
999919
999918
999917
999916
999915
999914
999913
999912
999911
999910
999909
999908
999907
999906
999905
999904
999903
999902
999901
999900
999899
999898
999897
999896
999895
999894
999893
999892
999891
999890
999889
999888
999887
999886
999885
999884
999883
999882
999881
999880
999879
999878
999877
999876
999875
999874
999873
999872
999871
999870
999869
999868
999867
999866
999865
999864
999863
999862
999861
999860
999859
999858
999857
999856
999855
999854
999853
999852
999851
999850
999849
999848
999847
999846
999845
999844
999843
999842
999841
999840
999839
999838
999837
999836
999835
999834
999833
999832
999831
999830
999829
999828
999827
999826
999825
999824
999823
999822
999821
999820
999819
999818
999817
999816
999815
999814
999813
999812
999811
999810
999809
999808
999807
999806
999805
999804
999803
999802
999801
999800
999799
999798
999797
999796
999795
999794
999793
999792
999791
999790
999789
999788
999787
999786
999785
999784
999783
999782
999781
999780
999779
999778
999777
999776
999775
999774
999773
999772
999771
999770
999769
999768
999767
999766
999765
999764
999763
999762
999761
999760
999759
999758
999757
999756
999755
999754
999753
999752
999751
999750
999749
999748
999747
999746
999745
999744
999743
999742
999741
999740
999739
999738
999737
999736
999735
999734
999733
999732
999731
999730
999729
999728
999727
999726
999725
999724
999723
999722
999721
999720
999719
999718
999717
999716
999715
999714
999713
999712
999711
999710
999709
999708
999707
999706
999705
999704
999703
999702
999701
999700
999699
999698
999697
999696
999695
999694
999693
999692
999691
999690
999689
999688
999687
999686
999685
999684
999683
999682
999681
999680
999679
999678
999677
999676
999675
999674
999673
999672
999671
999670
999669
999668
999667
999666
1832
-4820
-1107
-8095
6302
-2433
-112
4559
9053
6547
449
-4134
-8184
4806
1876
-9558
6177
845
-7077
1114
9283
-2780
7023
4284
-8609
8532
4692
-2726
-6502
-852
4527
-734
-7851
-6043
6388
-4651
-847
-5489
8502
1568
-181
5482
-6294
-770
8497
-4392
9115
-2787
-5113
-3751
-7644
1080
-2010
-3296
-6605
-8328
-1554
8136
8387
7777
4536
-7998
9089
302
-2486
-9290
2688
1353
-3103
-5842
-4891
4855
3838
-7429
-9997
-3461
-1186
-1516
529
5384
6204
9627
1294
-962
2017
-9598
-6873
9310
-7439
1378
-2778
-180
6330
-1881
498
-6696
-5049
7675
3513
1993
-431
-5918
-6587
-2196
-2419
2129
-5409
-1215
9609
1776
9951
7965
-3700
-864
4584
-8430
-3971
890
6625
2027
-4439
7017
1820
1134
-7666
-371
365
5982
6230
6720
6481
-5004
-1893
-6871
-6267
-2296
5492
-8168
4266
4631
-1761
7565
-7500
-696
96
-9299
-8982
3493
-9789
-8331
-117
5614
-6494
2334
-8424
5078
-8728
-1668
-9892
9156
-7299
2807
5276
-2222
8453
2906
7780
-7929
4928
-6741
3202
2187
3054
-642
3163
-359
-8322
7837
-3587
-8066
-4011
2503
-4058
-635
-9821
7240
6965
-4995
8600
-8281
6816
-9022
-8934
-3967
-9557
5841
573
-216
-5080
-3640
-7146
-1909
6760
-2546
-3095
4865
2911
4163
7987
-4487
-471
-864
7740
-4693
-8192
7289
-616
7318
3084
-3752
6086
4619
7244
857
2445
6900
-389
-5169
9481
-4668
8896
-2996
-1980
-6758
-6363
2724
5103
3007
-1284
-762
9178
2203
6012
6483
-4567
5567
1654
-9187
4202
-4280
-6390
-104
-1428
9898
2455
-6092
-7586
2970
-8135
-7983
8098
7789
8187
-2630
-5327
466
-7599
1512
2992
5195
-8391
436
-1834
-8571
1611
-8502
-2064
5622
4684
-9354
929
-1040
6690
2131
-133
-596
4326
-1990
-3823
-139
-4607
7635
-157
-400
5471
9990
986
6472
2897
-2122
3564
4307
-890
-9049
5006
5426
1617
8520
4462
7455
-6215
5927
8687
8576
-8294
8747
-1484
2393
-6845
-5832
7312
989
-681
-1561
1288
-8542
-3963
-5929
-9032
2095
-3432
-7184
446
-5044
6628
4922
4530
4389
-4631
-846
5884
-7735
593
-7963
-6500
-4093
-3093
-7688
4954
-8737
2489
2243
-5954
-9063
2933
2332
7917
-9598
4460
1748
-3324
4504
3953
2611
3111
4115
-7232
3053
-7148
-5297
7137
-1344
-501
8536
-2182
1766
-8026
-5815
-1527
4389
9727
-8698
1257
-7616
-164
7444
2437
5079
744
8497
8734
9708
-8629
6026
8414
8345
-5482
-4118
2031
-986
3412
-5586
9787
1848
-7160
-9900
-2299
7840
894
7424
-6466
-5103
-3234
-9074
2895
-8369
9017
-7544
2209
5817
-4434
2687
4363
960
-7656
-7998
-1654
6233
-903
-7616
1620
7722
-4546
1640
-7936
4281
-8589
3758
3732
-9225
-3286
1740
9428
-7784
-7726
-6998
3957
6470
-6268
-7970
-3660
2800
6395
1154
4380
2289
-9169
-974
-5308
3125
7054
-315
-6532
-8884
4294
-7673
1687
4583
9163
-982
4284
7940
-5946
7886
9671
3900
-1384
4903
-7181
-2856
-2182
9140
-9875
8323
-9048
7392
-6400
4145
6215
7157
-6549
4440
-1794
-2101
2067
-1508
-6676
2074
4855
5922
4081
-6265
-8244
-5115
5313
3809
-7886
-7037
-455
-3816
8296
6607
3520
-7941
1663
-1386
-4235
2184
1758
-9419
5573
-3247
6861
5680
412
4587
-3694
-90
8241
-1875
290
-5685
-4923
8649
5286
5326
-9392
-999
-4092
-8547
-4707
-1886
7376
-2722
3501
-9805
3344
-2575
5587
-9096
8283
7650
-4473
3151
9611
-6545
765
9730
-3809
756
-5173
2080
-2426
402
-4925
-5867
8898
-989
2465
-7381
8497
7456
4308
-4269
4447
-2071
-4866
7915
-35
-2370
6273
-130
-3976
-1763
-9950
-2910
3903
-418
1626
-8451
-8822
1198
5522
-1835
325
5751
-2253
-1503
2973
44
3265
4541
742
-1614
-2907
2811
4996
-7829
2890
9376
3538
8528
7464
-2270
5923
-6302
3440
1719
3357
7249
3010
5802
4573
-1943
3767
-2605
-598
-7046
4352
839
-3074
770
-4046
8351
-3112
-7612
-4350
9291
8988
7655
4627
930
-7177
7907
-9538
2435
-9886
-7219
8826
-1616
6784
3630
-1071
8556
681
1876
3730
-9296
6915
1118
4278
6021
7993
-2090
-55
7206
3200
7321
-8231
5440
4231
5425
7642
3573
2800
-5043
-362
7143
5987
-8852
9655
-3063
3687
-5420
4556
7245
2484
2903
9949
3131
-426
-9640
-8030
4935
6988
-2358
7646
7733
8509
4894
-2830
-8419
2871
-6376
-226
2290
-6085
-7276
-7937
-1391
6271
9341
2477
4862
1059
604
-2393
-2238
-8886
-7563
-9950
-9936
3018
598
8672
3288
846
-799
8337
1904
-6685
2555
9431
5019
4933
2675
9921
4510
396
55
8573
549
3145
5230
-3889
-8251
6663
-874
-7216
-7454
4958
-7854
7963
-9176
-5815
-1877
-6199
4201
7469
-2192
896
-4805
1926
5204
451
-4428
7758
-1977
1402
5801
2108
3388
618
5148
-3440
3933
6479
-708
-6238
-2979
7015
-3284
-8696
3184
-5752
2498
-479
53
261
6645
6084
-8751
5338
2082
-3214
2902
-3848
-5374
-8444
-33
9156
-4895
2092
6394
1826
3605
3980
4133
1051
9520
-6491
7288
-8625
7685
6877
7963
5465
-3161
5011
-7441
7776
-7365
-8414
-8
5088
1289
4247
6461
-2947
-5391
-7586
538
-7143
-8508
-6247
-7331
9935
-2290
-6326
-4658
7463
-5900
-9716
7180
6969
4402
360
-1711
-5469
-8281
4496
-1250
-3509
-8488
2365
-3357
6775
4658
508
7049
-2177
-2608
-5487
-1127
-7641
-5083
-1402
3909
-1766
3697
1513
-9070
-7780
2372
-1663
2498
1698
9150
8991
-1152
9431
-469
8413
5008
9862
8985
-6871
2702
-7775
6528
6281
-5205
-976
7865
3222
9022
3589
-1034
4208
6854
-7236
4810
6301
-1110
-7236
-506
2125
5736
-3019
5329
9150
5484
-4127
-8216
5656
-3692
-6985
5124
-4134
-7661
8971
-7269
6487
-4902
4223
718
-2712
4465
-622
-344
5099
151
2065
2370
-6277
-1528
-4652
-8513
1004
5999
-7488
-3002
5021
-5724
9837
-9908
1678
9292
8036
4290
7043
1913
6992
5529
-123
-4144
5321
-9727
-7373
1996
-5014
7112
-9586
-9512
-4340
84
-9731
8843
-3153
-6600
-6786
-8665
-98
7983
8509
-7735
7978
1413
-8811
-843
38
-531
9
9134
9176
3548
3881
-1474
-5062
9337
-4537
-8017
-1419
3841
8680
-5317
-8280
8315
8058
-7964
