2 12
3 14
4 16
5 18
6 20
7 22
9306 595
9664 6178
735 -1594
-8000 -2933
7649 -1664
-4724 1577
-3890 6468
4048 -1900
8456 -2483
9049 4556
8484 5403
2807 -7759
-1912 4924
-4565 7511
2949 4545
9999 3611
8561 8870
-5943 -4130
-4536 1055
-4710 -7745
9974 -3905
2948 756
5612 9823
6920 3733
-4061 -5029
4172 3843
5794 -9591
-3849 3269
-4704 -8428
3008 -9748
-892 -7933
-9520 9480
-7742 -561
-9906 846
-4762 9795
153 9683
7522 -9929
-4889 -8690
5473 -1840
-7591 -7842
6764 -2204
-7117 -203
-8782 -6972
5720 998
-6017 -2900
9863 4459
-5536 -500
2740 -966
-4307 -200
-4382 3280
-9890 9357
-7494 -7906
4555 2701
-3524 -3353
-9707 8047
-5483 6432
-9850 5734
-6375 384
6948 4277
684 -9932
-5079 1057
3595 -9067
9398 -8578
-6583 -3567
-8722 -7110
8944 9584
-9540 9437
-6712 5309
-6340 5872
-5605 -9670
5948 -500
-5847 -8842
-2971 -3910
4757 9252
8354 4755
-168 8635
2785 -9374
1539 -4243
9212 6949
-4092 -4092
-9163 3256
-7664 -1447
434 9099
9222 5511
-6208 -7225
-609 8260
8073 -352
-5359 -6657
1837 -5854
3166 5793
-1079 -9158
1109 5915
-6332 737
-4060 -683
-3263 2371
-3817 913
1035 1264
197 3081
4495 -1736
9073 8162
3943 -1911
9154 4866
-5633 8225
-3554 7175
-7535 -1849
-6172 2747
6459 -7138
-8597 3411
7634 -419
4834 1029
6161 -1196
-8582 6061
-8895 481
7533 -3582
4207 4428
9917 -5523
-9928 3455
7686 -1829
-5394 -1363
-6221 6538
7975 -6483
-6176 -2600
5016 -7997
-8250 -6976
-2653 -8347
-6169 -2290
-8924 -8903
-963 -7104
-5559 7164
3387 -4311
867 -1194
-1593 -2262
-4560 3572
7767 -4045
487 -9083
-6315 9227
-2231 -4494
7102 -4098
1273 -3733
-1946 -6415
-2106 -8055
8617 4598
7478 3751
-4819 2691
-3587 -6280
5348 3670
2797 8842
8970 -1873
-7054 -1836
-6332 578
-2091 -5480
4989 5997
6745 6155
236 7779
7974 -9712
-5207 5929
4488 7702
8815 -2467
613 7739
2124 -2490
-8477 -2931
-4294 8565
8281 -9770
941 -7875
9224 7201
6913 7663
-6444 9248
8473 -3479
873 -5008
-8813 7730
3976 9289
-314 9352
-7975 -8830
1430 -2165
8607 -5315
8197 9966
5125 -13
-4285 403
-5203 -1317
2143 152
9021 -1371
-7548 1517
-1155 -3867
-1476 4029
-3904 -6198
-4845 -4372
1287 8713
-2495 5884
7029 2594
3594 -7751
-4873 7067
-3846 6680
-2920 -8704
7942 9931
-2196 6521
726 5430
-3467 3077
-4528 7208
-5533 -9045
9088 -5052
-9405 -4620
1325 -169
3554 6902
9562 7480
-2096 8127
-8140 -8956
1573 -2914
8069 8729
54 7231
322 6846
-4323 2877
2419 -6920
-9395 3360
8593 9151
5781 -8754
-1272 -7516
3285 -993
-7009 -1862
-605 -8235
-5879 -4496
7284 6326
3453 -1287
6217 -6631
-6793 -3657
-3173 -4168
8887 -9590
6401 -9915
-2188 6336
8816 -8027
-7100 6893
3948 9922
4432 5107
9372 7922
-1103 -6502
-9876 2968
2467 -3551
-926 7706
7428 -7559
-1565 -756
7740 9443
4796 -4348
6786 -7254
2894 6675
-3469 -9771
951 -9269
2341 4660
1217 -4623
2828 -110
6679 7509
-3770 -2525
-2793 -5056
1577 5571
873 -7424
-2595 -9561
-8367 6748
4614 9724
9839 315
3780 4606
7218 -2123
-7954 4589
-1165 -3968
-1594 -3622
5701 -9414
-1522 -4002
-2999 -9880
-4347 -3808
-7924 7690
9433 5726
5221 -7651
1298 1899
9426 6437
2625 5787
-7647 9976
-6014 8877
9993 5238
-1254 5613
858 -1507
-9959 -6910
6557 -4673
7928 -824
7196 -6800
-8009 -5256
-5119 9732
5256 5542
3809 -6868
-7659 -3589
-1446 1790
1591 5476
-5654 5772
7039 2361
8827 9323
-12 -9313
9611 7230
-5205 4739
8289 -2155
-2650 8366
3206 -8479
-2132 -8045
2529 -8503
-9742 -6799
-5057 -6732
5264 849
2129 350
2329 -2783
1973 -4450
4961 -6299
-4620 -4601
-3388 -8750
3623 -6001
2572 3720
-8168 3929
-2339 8057
9742 8904
3950 7022
2313 8382
-331 3965
293 7096
6510 -4926
9661 8135
8904 -8663
-615 -4301
-3964 -4450
-91 8477
-519 -6013
-6637 -5357
-3461 874
6416 9485
-9915 -7366
-806 8152
495 -3081
-1016 3020
-1154 -846
-4688 -1680
-8021 4290
7169 -8681
8228 -8356
3674 -3199
-6531 5396
8121 -3658
3422 9588
-4505 -6105
-7305 7727
-4680 1771
-2424 -2437
7482 1655
3821 -9970
-844 -3880
6690 3770
3922 3889
-3186 -5905
1338 -4913
-5841 4630
6506 3960
5234 8750
-5393 111
-5445 7897
4517 -2389
8907 -5793
-6376 3705
558 3004
-5058 -7501
6949 2533
1733 3330
-1828 3592
174 9006
-646 -2294
-6682 4029
-8064 -3000
-7106 1683
7454 2404
-8687 522
8368 6406
2056 8659
-9552 -2922
4463 5005
3733 -2822
4516 -210
2609 7986
-9789 415
5932 9329
-9031 -5220
4616 -6881
3768 -6913
-1149 6878
2490 -8620
-6584 2351
7974 -2695
9791 3928
-5742 8202
2628 2161
3890 -7295
-2287 -7625
3297 -8844
8752 4237
-8546 8137
-2537 6765
-7149 -7076
184 -6198
-9326 -4789
5626 600
-2193 -102
-4236 -2372
-4517 8854
7219 4131
6376 -8643
-6025 -8310
1000 -303
9559 -5366
-5137 7478
5077 -5574
9439 335
-8176 -7884
-877 8250
-1230 140
-9183 -9964
-7385 7072
-3601 -6847
-3281 -150
-6449 5599
445 4263
1578 8229
3662 -6544
6972 9293
8825 6519
-5759 -7903
2459 -7750
-4302 -3514
-3995 -4786
5023 -1060
1350 2305
-2141 -6298
2761 -8961
8093 -8664
-4242 -6571
-7656 8660
-1631 4667
-5452 2296
-6358 -6208
-7377 -6934
6693 -973
8794 -8388
-3056 -4180
-8199 8634
-4901 5599
6098 4964
5520 -7930
3648 -3983
-6914 4306
-3174 -2651
-5830 -5943
4156 -9130
-6956 3401
-5204 5319
-9368 -6289
-2743 9901
6018 3199
6323 4567
6006 8174
2499 9723
-4217 -9620
-6382 971
-7885 -4020
2124 -3482
-1316 4961
6116 -8966
-8379 2092
-440 1862
5094 -2766
8964 -9082
7191 1576
-9788 1382
-2544 9690
-3809 -7475
9137 6266
9473 -2674
-1538 -193
-3413 -9755
-7162 5592
1224 8842
7898 3809
-5344 1571
-2094 4499
9299 -833
1685 7580
4811 4861
9251 3920
7557 4222
275 -8999
-6417 7016
8676 29
3598 -7680
-8748 -1853
4446 -3440
8411 4900
1906 -6446
7521 6488
4912 611
5159 5116
2442 6101
-905 -2702
9947 357
-8905 4481
-578 -9816
9299 -6603
8401 -5242
7328 3727
-3117 -7986
5676 7966
2741 3772
3678 1313
-1185 6458
-310 -6191
7710 -5626
3368 5058
9647 9418
8430 -2462
1110 -5218
-4336 6357
4476 -5589
-3187 971
-9564 -1626
-7546 6055
-7775 3116
-2435 -106
-9397 2662
2252 5476
-9418 -436
-3197 -7485
8797 3819
-312 4159
7609 7839
-3038 -2312
-9930 -3010
6190 7654
1076 -8840
-8556 -1803
-7735 7179
8242 -2208
3169 1591
-913 -8404
6503 -8211
-7397 2111
-1010 -365
1534 -2377
-6146 -5675
-8570 -2391
6383 8722
-2118 -4280
-2098 -8918
-529 2025
6758 -6711
-8579 4878
-7884 4283
7808 -7602
-613 -7683
6327 9102
-9447 9269
9397 1197
8152 -9622
1787 7098
9462 7681
-2419 3888
8344 -9559
-1772 -5885
-9861 7753
5440 -9490
-7525 1039
9402 2820
5456 1175
-2273 -3854
-725 599
-2584 751
-3678 -8977
8556 -9956
-2872 -1384
-2264 -5928
3490 -8626
-802 3179
-7229 -7980
5866 -4024
8349 5372
-7484 -1896
9960 7492
-3708 -879
-7852 -7579
-8960 3974
4733 5882
6276 6439
-4822 9739
9481 -2657
-6545 3966
-5649 3595
-6073 -8814
-2038 3175
9749 -8744
3813 8786
9527 9603
4024 -6265
-3134 -7694
-8580 9121
-4578 2072
-4501 9105
6291 -5487
7299 275
7891 -5666
-5172 1584
-5078 -6860
3269 4221
-8695 9056
-1856 -8868
-2237 -1362
-5261 8810
1008 -9947
-5711 3579
4507 3528
-4114 -3498
-7637 -8804
2203 -1440
9477 2022
7255 -6005
-1512 -6865
-2345 -694
9660 9180
4744 2575
5177 -3743
-8784 -8614
-9089 -4875
9584 -6226
5399 -8517
8702 5031
6122 4618
-6825 -2773
-8712 7567
2034 9023
-8923 -4765
5825 -9938
9083 745
-5329 -1444
7457 -2904
-151 3818
-3326 142
-9405 -5078
9257 2183
6907 5585
-4529 1316
-5972 7694
7857 9357
-9622 7105
-946 5735
-1722 -1272
-1658 949
1631 6190
1499 -2
-8132 7706
-7122 9128
-9778 9425
-1273 -6435
4038 1517
-9824 -8723
9099 8685
4600 -4508
7231 9124
9489 5923
8803 -6374
-5097 -5167
9557 -9815
6606 -1815
-4817 3004
7096 -7618
-5336 -5172
1157 8016
3675 4624
6130 -662
-5891 3168
1626 6088
-6776 3777
4501 7046
-2119 -3
7653 -8103
5886 5901
9477 -2676
-8927 -9376
7318 -176
5949 6682
-4194 -3368
-4554 -25
-5698 -6916
6928 -4508
-9849 5052
238 3028
6700 4556
9330 6302
777 -3376
6113 -1754
838 -8378
-6414 -3362
-4359 8382
9044 5966
-2272 -2130
-8700 292
477 -4076
7716 1888
1455 -1770
3712 -8959
6237 -671
3388 7864
-8762 -3609
8046 -3137
4751 4255
-8516 3314
-4868 -1665
123 1170
-5415 1676
-835 -6215
-3129 -8278
-3914 1551
-9450 -7139
-4297 -4583
8408 571
-4791 -2839
-8483 -7288
-4180 -759
5521 -1846
7129 -3337
-1270 6898
8644 8943
2947 -5232
-7151 -3908
5619 -8145
2853 -1921
3761 4126
4749 8642
2595 5516
-3771 5676
1460 7384
-5747 5615
9789 43
-7835 6883
7071 3577
-2343 -6893
-9031 9988
2133 3005
9192 -4218
-9428 5457
-9457 -9481
-5870 -3140
9028 6122
-297 9740
8676 -3427
2667 -2930
15 4285
-8832 -6408
3109 7501
-1169 3851
2714 2599
1787 -69
-9918 -5192
-9428 2444
-334 -9602
-9218 6262
-7655 7127
7299 5790
3659 -1251
9545 9946
-5943 -2863
4218 6541
-7839 2649
7896 -7574
-3353 -3947
9738 6198
-1945 2582
-9017 -4692
-7631 -8914
-6579 7662
-7661 -9076
-6447 -98
-4547 5418
7052 -1326
5072 6921
-2227 3781
-7458 -7484
469 -2613
493 2433
5717 4453
-3173 -9169
-9167 -2918
8199 -7112
-8211 -5733
-2165 6622
6213 -5012
-1927 399
-3981 8514
5325 6260
7941 -2954
4052 -4032
8849 -6671
-5098 -9483
-3151 2329
2563 8467
7309 6671
-6026 -3429
-4876 -457
1380 3382
-9759 7960
4662 -2947
1807 -1888
-433 -7158
-1188 9791
239 -4234
3177 -9787
-6358 7328
-5750 4385
6515 -1028
-4389 -6180
4072 -5978
1730 6920
-6353 -4226
-6104 6857
-4130 -5166
-2672 2044
4899 -6819
7035 -8928
-8456 8498
6281 -9574
-8240 7560
-2329 -1441
1371 -7781
-6103 9660
5503 9616
-1458 7563
709 -3018
9106 -3604
1199 -3484
-7533 -8008
-4230 -9209
-4364 168
9270 8464
-6296 -1605
-6301 4774
-4733 7125
-8117 -4460
9166 2758
-9197 -4736
1329 2836
9738 7616
-2461 -8529
-1052 -5837
5718 -2301
-480 7186
8724 -9261
2531 1140
-9135 -324
4486 7054
5221 5882
1285 6811
-8898 6496
7148 -7506
5973 -4268
7589 -6729
-722 694
5567 -9970
2589 7808
-2699 3897
-9513 -6754
3501 3625
8466 234
-499 3209
1938 -7509
1213 2885
-9654 8374
-9740 3722
-8037 8130
-5129 -1428
5439 9162
5120 1960
7564 -2390
8489 3322
-9747 394
-315 7843
8601 9962
6789 -4412
5991 8747
6450 3207
-7164 -3499
-6622 -6851
9642 -7718
5888 -3099
1633 922
-112 -3400
8252 8123
-3399 9507
-9029 -9817
-7312 -1712
3374 -9042
647 9366
9948 -450
6758 -5419
311 3836
-5726 2887
6334 3193
-6358 -504
-2951 -1494
-7525 -8202
4020 -5216
9325 -1246
2326 1956
5752 6792
8178 -9221
-6752 844
2279 -6333
-4245 2520
-3669 -6253
-2813 -65
7209 7465
1299 -1656
-3558 6736
-3669 157
-3231 -7349
2421 -7325
-4184 2476
4779 -4544
2047 -7455
-3764 -3957
3783 7783
-5596 7259
3590 -6813
-5021 8537
6016 6622
3615 1913
-3461 8289
1896 -7515
3463 -345
-867 -8332
744 8278
1665 5672
5231 -6505
3430 7628
-4181 -1291
-157 -6438
-2150 -6561
-4080 5267
7538 -7663
-5963 -2862
-5524 6219
8780 -7974
-7008 -8881
-1718 3331
7425 -1074
-7084 8940
-51 3599
8777 -571
-1138 7019
-5969 5635
-492 9379
-6760 3914
7960 3273
-2140 4909
-7798 -3869
-8047 -6863
9391 -9559
8166 1899
-4142 -4875
-4280 -9155
5728 8356
-2740 -2029
7322 -3716
-3339 -3957
-4493 5514
3698 -8763
5871 9878
-6825 -172
2282 49
864 3656
-6372 2789
-1710 -9316
-765 -2432
-3742 -3456
-8554 -1866
1254 8503
2979 4732
1378 5154
7959 -8283
-5787 -8214
-2924 -3590
1121 -2167
8132 -8941
-6937 9907
9752 -2468
-2812 4223
-8951 5418
-8988 -5290
-5986 -6753
-1143 -5198
-4727 6483
663 -4898
-6144 5141
3268 -8952
-2543 1805
8860 -3368
-3929 6870
