0 0
1 -1
2 -2
0 1
1 1
2 2
1 3
-4095 -194
9746 -1454
1932 5170
-6868 -2008
-5565 9858
-8110 -2088
4820 7933
3348 -5031
-9152 7072
-8756 -9476
-9360 6692
-5213 -9479
-170 7089
-8333 -9416
3100 -216
9015 -6867
-2362 -3048
-8931 -6137
8641 -5064
-9091 -21
-5792 -1557
-7007 -1705
-6808 9816
4630 -8320
6737 6882
-7113 -39
-2471 -6873
-3141 -6975
2743 -761
2578 -1488
-2705 1856
-2819 2480
-5014 4947
5326 3165
-6455 -2763
6109 5784
9995 66
5086 -2752
-1330 -6405
-8088 -6292
-1941 5092
5165 8692
6293 6228
9344 1525
-4472 -2030
6937 -334
-6793 699
7656 -4811
-3119 4021
9689 7778
5530 4697
5121 9511
-7826 -3028
8164 -2531
-9752 3813
-7301 3882
-1906 2487
-6178 3653
-3815 -7180
-7354 3151
6900 296
-6207 -687
-5406 -1431
-6958 6955
2176 301
-7117 -9814
-5685 4926
7692 5042
-3425 -2525
857 -3721
8347 3567
448 -5246
-5633 3587
-8206 1136
2215 3683
4108 6328
-2636 2628
8676 -7546
4263 -9944
2870 -2330
-8024 -2164
6897 -955
7664 8996
-6250 3648
8447 -579
-2784 8346
-1993 772
5851 5387
-3045 -3674
-7641 -9084
2307 4250
2694 -3977
3174 -5231
9007 517
-6381 8183
7676 1581
-8601 -2679
3140 6178
4631 5772
-9794 9682
344 -8272
9383 6717
6105 1307
272 9888
-7884 1999
-1336 -953
8373 7001
8467 1621
-4787 -6440
-9594 7156
5862 125
1922 4434
2196 -7676
-5031 1668
-3993 5781
-4933 3410
-9141 -8132
-7507 6103
-7618 -1029
-8157 1511
1074 -6936
518 8092
-9846 2423
-2463 7565
-9084 6472
4894 8672
3860 7236
1185 132
-9941 9408
-9069 8418
-7165 7876
-113 1462
-8841 -1785
-1940 7094
8336 -6626
6629 8050
-9575 -5549
9288 -6016
-4908 -6478
-7890 2500
-8405 4432
-8078 2424
868 2489
7356 -4973
3926 -5462
4632 -4475
6578 9941
-2394 7283
-4002 3116
-5828 7300
2329 6284
5947 9875
5695 -7639
3623 675
3009 432
-2650 4517
-4685 2037
9176 6204
-3312 -9849
-4508 4987
-3248 -9313
-9484 3833
-3240 -4209
1884 -6033
1631 -9249
4540 6838
9268 7323
2256 7829
-6961 9472
-2910 -7401
-5681 -6794
-7389 -5915
-9923 -7982
-2036 -2954
-1027 -4639
6730 1882
-2149 -6023
9881 -6161
6284 -5190
3435 3802
8408 -9112
7163 -476
-6794 2794
6466 1662
6523 -4464
-9809 3069
8200 8153
8087 -1895
-5943 -801
-276 5609
-1081 5003
-5221 6283
-131 2481
3842 3360
-4943 384
-7445 5450
6487 -9545
-6720 6529
-6561 -68
9975 8318
8659 5941
8108 -9921
-1289 2820
-4765 -7327
-59 8507
-9048 2242
7815 783
-282 8801
-8032 -9850
765 -4098
6598 935
-1677 6995
-636 -8710
-359 -2707
-366 7772
2110 4799
5811 5315
7744 -6600
-953 6282
4674 7067
4628 -2394
-4958 2817
-1992 3214
7722 -3730
8956 478
7626 -1644
9998 -2662
-3307 6939
1212 -2131
7318 5806
3058 -781
9214 3927
-6192 -377
-3119 -9171
-429 7577
-2767 -3443
1296 2565
-6137 4219
-1703 6376
5793 -1157
3502 9
-195 -6127
-9193 9658
7698 -3763
7433 2101
-8219 -1664
-7302 -6066
-1790 9110
5275 -7000
3485 7716
-4261 -668
5972 -2628
-4991 8415
-1218 1856
-8808 7294
3899 -126
8502 4835
7627 -4674
8457 5354
-9318 5061
-59 -6253
-5558 -3483
-62 -4473
7572 -8781
3969 -3175
-5811 -4675
1286 8786
-5820 380
-3206 -2466
6536 5710
4065 -3080
-2121 -6226
-335 9476
1328 -106
6388 7199
3654 -2849
-2538 -6732
4550 -7979
525 5542
4308 -324
-2998 -9868
-2385 849
4970 7645
4860 2504
-1403 -9503
-8940 925
-4291 241
-1177 2902
-2396 4819
-3717 3774
602 9607
8853 4172
-2144 7262
9781 -1483
625 -2525
-2316 1273
-1153 2400
1160 5238
9383 2614
2377 8164
3619 9638
-9821 5434
-3232 8604
8484 9397
-6183 -1064
9127 -1193
-6279 6822
-4984 1692
-4559 -9045
2559 -3531
-7809 -8086
-3809 -6009
-6200 -3523
-7378 -4674
7792 1347
-4777 5242
-352 -9422
3773 -8373
6680 -1901
8296 -197
9985 3459
-8999 -8999
8843 8437
-3362 -4201
3534 6697
-3607 8513
-5655 -1398
-5574 204
151 -5124
6922 -4806
9839 -7916
-7990 -6222
-3674 920
6502 -3548
3132 3856
1198 -4773
5525 -8219
-6628 -6955
2188 -7365
9323 5400
-1178 -230
-5503 -5629
-2111 1143
6561 6076
-2557 -6303
-5495 -7504
-9101 4251
-3534 5895
2122 7501
-8281 -2165
3023 -9235
-5070 -8332
7878 793
-729 3513
2654 7233
-2325 8251
-2955 -3841
3530 178
1589 5852
4252 7019
2533 4179
6929 5786
4838 5366
-1020 -2593
7170 -4985
964 2584
1357 -3186
5186 -2602
-4442 4671
6281 1132
6526 -3356
4727 9156
1233 482
-438 1870
3379 -2768
-6827 1175
-2960 6814
-3630 7695
10 8854
-9640 2826
3945 7195
-8371 -502
-9158 -1862
-5241 3167
-3915 9025
5464 1978
-873 -1439
-6890 3730
-5823 -2785
-2285 8538
9640 -8854
5806 -6200
5281 6710
199 2000
-8441 -9395
7486 7118
2518 -2905
-5018 1246
-1910 6120
-5477 -5053
-9655 -527
-5760 -6136
-6208 9490
9004 -9635
-9347 -2237
8756 8884
-5283 -9532
-7427 8619
1217 4027
9356 -3920
-2928 -4832
8035 -1446
8711 2353
7912 5450
-3508 -9045
-7556 -2280
-8748 -673
8842 -5307
-2347 -706
-7421 2760
5806 6291
-2981 7562
-6482 9640
-299 8054
-4273 -4683
-2342 7015
-8548 2055
1269 -8391
-7808 5551
9650 -4765
-6854 -1684
-1745 -3275
9107 755
-5621 -5715
-2976 2067
9507 9753
3254 6793
-4225 1539
-492 -6212
-4497 -2152
-2195 4527
2263 -9248
-4169 -4923
1807 -9011
4513 -7735
313 2683
557 -8482
-5671 -5962
-3333 1647
-2889 -1048
6323 6035
-9775 724
-5288 -8679
-7798 -628
8779 1407
1074 701
-8734 -814
4817 53
-6557 9758
-9512 6296
-6894 3105
3142 -6044
2471 7503
8915 -6008
397 6160
214 3041
6945 -5369
-2262 7785
2864 143
8613 7003
5477 182
5359 -1198
-487 -6988
1844 5216
-4613 2917
8268 -5760
-5494 659
-4771 6544
6091 7607
1046 9493
-2970 9088
8033 3641
-5877 4775
8774 2627
9564 1288
5858 -5217
-8762 -4325
2218 -3202
9685 -4166
9028 3372
-7364 -8307
6339 2010
6127 -8065
-5542 4788
2661 -5744
3396 -5965
9163 -1989
-8578 -9166
-9023 -5816
3396 -3686
8986 839
-6711 -6976
4266 5023
-6263 5944
9822 -2340
8506 4802
-4093 -5021
-9326 -6936
-4415 -4054
-5186 9859
-1122 269
-6439 -9112
9903 7766
2573 -3686
-2757 -4307
9346 3182
2255 9160
-7925 1538
1336 -7493
3964 5775
4686 1755
2430 330
-2964 -6771
-1072 -1780
-3608 828
2751 3210
-140 9453
1117 8871
-4827 -6047
1060 3411
7877 970
8532 -8423
315 8744
-8209 3906
-7552 -4783
9519 -3330
7867 -4524
3911 -6683
3908 -487
5537 -59
6516 -7953
2270 -1339
9807 -852
8013 -229
9036 -7397
-4060 -8570
8134 -6682
-5145 478
-9094 -2396
-1252 5401
6667 -9090
3453 -3594
7430 -3341
-7235 6091
-8292 5194
-2650 6697
-8717 226
5328 -2865
-493 -3644
-5930 3860
-539 -3496
-7859 -2395
-5355 -4827
-6636 -5510
-4776 -4909
5302 332
-4319 8379
-80 2851
7833 8254
-7850 1586
9228 2818
429 -1635
-4000 -585
-9032 8814
1606 5266
-9695 -348
5480 -1518
875 -1617
-1784 5933
5615 5604
3791 6530
-8662 -5124
3135 5649
7018 3236
-6026 -2806
61 -5959
-7355 5552
4711 5199
7392 -9256
-6915 4375
1168 -5494
-8762 -4934
-3679 -3851
9006 9554
843 4197
-914 -1903
5878 3197
-729 -5306
-1615 5151
-3123 -1867
-1312 8417
2918 1276
7644 -2217
-5731 -9457
-5259 -2444
7590 8077
-7613 -9791
2329 -8924
-6457 -8090
-6376 4923
-6540 -2344
-8724 7529
-9935 -2568
219 9865
-399 3314
3541 3464
-5895 -2864
-2001 -8830
1070 497
-6819 -303
-6931 -2464
-5684 433
371 9479
6190 -7355
96 -7580
9175 189
9175 891
6241 9433
4274 -3510
-7731 -604
-3811 8890
-4177 5742
8368 -5586
-1907 -4826
-288 -4941
-2670 -7939
3963 -1597
512 -5369
-5893 7365
-9269 3284
6943 5555
2565 4815
-8393 9443
-4746 -6662
9616 -9473
9293 -2263
8735 7614
-3851 -2021
3556 6461
9007 6408
4025 -9365
-647 7979
6444 6366
-4259 9646
6347 5061
-830 -3156
-9036 5992
9007 -8164
9832 6670
2480 5397
7158 -8389
9287 5903
3714 -6454
6572 4665
-813 -1265
-33 7836
-291 -6097
-9394 5261
1609 4313
-8085 5666
-4884 -2061
9006 -5525
-7231 3501
-1123 -5510
5811 7256
5759 2079
-2724 -5433
2571 2704
7664 -9535
9270 -6981
-6388 -6461
4327 2248
-8120 -476
-6763 -1860
-8693 4606
9281 492
-4197 -7113
-7809 4103
-6639 7697
-4937 3486
8507 -613
4789 -2966
-2638 -4397
2979 3509
-382 9126
-1913 -1033
-864 -8599
5200 -6938
5164 -5300
8961 -2755
-311 -9016
3251 6603
412 5611
-622 -1362
3954 7745
9772 -8665
-8332 -956
-6386 -1926
322 -8722
-8959 5549
-8575 -5873
-6222 9096
7 9700
-8267 9167
-5886 -1556
-2311 -4287
-2280 6376
-6343 -9841
486 2263
-1799 3962
9898 7567
-967 1652
-1873 -6488
-754 -4855
6627 3247
6723 -8099
-4462 -7915
-8583 -154
757 -2414
-6222 -826
382 -6379
-7837 1276
-6026 506
9184 -6162
1941 -5648
3442 9591
-4668 8133
-4164 8994
-9454 5042
388 -9746
-4247 -2225
678 -8923
-2483 4148
5509 6777
-8447 7041
6203 -1278
-2950 9418
3307 6038
8131 1108
-6912 1967
-880 -1419
9896 1847
2878 5607
-4128 -7378
4439 -2405
-2669 -4690
8789 -8026
-442 2465
2591 -5670
-4112 1326
6707 3944
-4162 -5346
-4463 -5828
-1689 -7042
527 -6291
9993 4912
-5719 -3017
7352 -6729
-9450 -9427
8984 7603
-5059 308
4231 -9378
-516 -6473
-8460 -4185
-2203 -7948
-7003 -1331
-3543 8294
-5976 -9192
-2568 -7391
9757 -9386
3773 7504
9869 -2120
-1115 -8162
6042 -8211
9423 -1745
2566 4931
5230 8890
-5808 7761
-7898 1477
-1841 9506
-7981 -7705
-506 -1590
8346 -1008
2512 -704
2134 7275
-9591 7823
-6311 12
431 5278
65 7921
5077 -1290
1459 -4537
-9459 -9364
9473 -6714
7581 -7229
2657 -2287
-9512 340
-1422 7735
-9232 -437
9991 6601
2063 431
-8706 -6171
-5991 -7421
-6779 626
-2411 7016
-7203 9478
-6787 2654
-5832 8984
-910 -3829
-783 7272
979 6978
5636 -3233
-4856 5008
-8292 7136
7007 153
7303 -3901
4223 9754
7305 6189
2303 9298
9338 -956
-7091 4553
89 3036
7448 -7203
1587 -6999
8317 -5688
-8484 34
4277 2552
9132 5713
-7775 9988
834 -5859
3215 -1541
-7510 1584
-7740 3843
7072 3077
-697 1362
-4341 8850
3645 -9235
897 -6000
8222 5371
-6086 5162
6724 -4339
9213 -2255
-6704 598
2075 4802
-9283 -4920
-3731 -4662
-3491 9999
-3601 -7319
-7319 2591
-1688 1546
5009 6339
-3084 5775
8847 3571
9544 4747
9653 9604
-2990 -1512
5396 525
-2390 -9147
-6017 2380
-2508 -3786
3077 8899
-9389 8398
-1070 -4187
-2532 -4644
1593 3584
8608 70
-1846 -1841
457 8388
6884 4357
4516 3392
2489 4866
5150 -7275
8905 -797
1710 -8786
2428 5635
7167 5249
-4716 6433
-3921 -615
254 1834
6708 2723
4299 2170
7675 -5313
1804 8088
6752 -981
-2029 5784
-4204 4615
-9422 -5875
-2226 3156
5268 9321
6221 5759
1354 -7023
-783 -4064
-1521 4758
3716 4149
2679 -5227
4870 343
-3720 8242
5014 6889
-7059 2640
2117 -5645
7631 -4953
9214 1559
5548 -5877
-8984 -1475
-5542 7665
-931 4659
7361 1460
5383 -8762
1725 -4414
4573 9013
-6932 -7621
9464 -323
-3474 6131
-9621 -5871
4159 4311
-7684 -6142
-7998 -125
-8275 -636
6553 2942
-1478 9891
-762 -5530
-907 -8260
1358 -4846
1225 7043
8854 -1164
-7006 2213
-4649 1692
9171 -4396
653 1422
2193 -8143
7578 8801
4805 9595
-7303 -4757
-9325 3319
-1977 -6630
-4216 -8794
-2155 9435
-9388 -4008
1644 -3645
6691 5572
-2434 -3039
-1307 -1134
3675 280
6907 2820
8562 6141
3031 -3729
8153 3902
3156 -9739
-585 3040
-4090 919
8412 9245
-7563 -3197
-7466 4775
-1357 -718
-2380 8312
-8958 -2770
5459 -7707
-8269 8163
-4849 -5351
2686 2264
-931 9646
-5934 -7786
-4344 -8797
2790 9470
9694 -8170
-2113 6870
1311 8036
3082 -4735
-9107 6902
1795 7990
5925 2952
9895 -9511
-3436 -6277
-8186 4446
-1612 -7583
9631 1848
-6556 6307
4429 -5896
-868 8294
-2900 8270
-7663 -1154
2488 -6522
8749 -3305
787 -4017
-4770 8852
-7470 -1330
-8860 3920
-2879 -4917
-370 -7438
6761 2958
2048 5894
