3 1
5 2
7 3
1 0
2 0
3 0
2000 999
2001 1000
1110 7489
-753 1286
-9540 -9696
793 -4005
-8781 6498
-5104 -2814
4359 7073
6131 4471
-5881 598
6947 -9842
-183 3357
4637 -7632
-4096 19
893 7948
-7878 -8831
7905 5438
2346 805
5534 -3583
8711 6085
5404 3771
-2553 -9169
-5339 -9512
2302 398
5019 6991
-19 4930
5443 2953
9883 -6653
-4521 -8754
-4270 -1368
-7654 -166
1286 -9302
2233 2185
-1442 487
-1723 1208
-4182 1842
-1201 -8121
6396 2748
-1930 5111
9454 1366
1121 1420
-4601 -1211
-835 -3056
-2063 -9471
1434 -4681
-2464 678
8141 712
5135 8019
785 7177
6149 -8475
-5062 6861
-8109 9082
-4551 -8673
-544 7405
7602 375
5427 -9443
1659 6022
-5771 -357
-9721 7549
2407 1425
6325 -1390
3809 -3479
-6261 -5315
-4370 -2573
3208 -933
2679 4949
2792 8454
2808 1242
-9992 -2406
5362 1514
5484 -8114
-1175 -9677
7011 -4931
-4579 4915
5235 -6993
-9828 4673
1661 -7791
-8294 -6384
-9505 -4124
3497 -3448
6107 6097
-4863 2016
-7683 8447
2529 6304
5217 -9773
-4676 7227
-995 -2944
6629 -7215
-9792 1233
6716 -1275
-8595 1393
-356 -1340
7095 -8285
-1015 -2063
4436 6902
8622 2847
2684 -232
-2101 5507
3918 -8215
9679 -2733
-3555 -3418
-6678 781
542 -9648
3552 -8745
708 6697
-9173 -4480
-3909 -1070
359 -6003
9628 -6918
7548 -1555
1724 5279
-6591 1464
537 -7260
2511 1278
8257 3994
4734 5089
6497 3093
4227 5813
6852 -9397
9440 6788
8749 8492
3727 1915
-9077 6969
-8338 -9524
-5658 -486
8447 22
-9083 -5386
-7929 -4743
-1988 953
-3931 1099
-5549 6985
-5511 -1891
1210 -5690
3481 -2127
-1382 8462
-1423 6269
2574 -7956
2550 1367
9986 -5742
7688 8798
-8785 7142
-878 -8983
5473 -3571
-3524 -8459
5061 -6149
-1915 6190
24 -2471
-7598 6128
1017 2534
-2883 4053
5273 -340
-5062 8070
-5294 5048
3214 -9553
-1016 -7516
-3307 -3421
5513 -6887
9143 -1221
-3799 1928
-8783 -5256
8612 -1959
-853 3988
5471 3655
-3634 -8953
384 -3102
-9147 6196
-611 7075
8039 -4640
795 -8403
2318 -5158
5602 9830
1233 -9630
-2553 -2465
3192 -2740
4109 -8108
5863 1189
-5706 -8825
-2437 5112
2301 -124
6698 3306
-7524 -9004
-7571 -2164
-1346 3926
500 -2204
-3120 525
4208 -4177
-8557 -2720
4466 -1967
-9621 -9503
-6890 3853
-455 8872
4862 -1498
-6608 9000
-2763 -8925
-3506 -2024
-8757 5809
-3090 -6518
-1074 -3512
1095 9944
-2534 -2332
3113 3833
-2761 2308
-8756 3112
9392 -7896
504 5021
-7778 7193
5232 -9714
-4004 -5729
-141 1648
8435 2244
-2543 6686
4744 4139
-6655 -8895
3882 -7964
-5591 5614
5575 -3904
6213 8607
2153 -8985
1414 5868
4458 273
-4496 2900
7999 -7668
-8666 -3545
6997 8571
8591 -2361
1392 -2089
-9692 1831
5796 799
-7087 6279
4255 9497
-6062 267
-3460 -7328
-6387 730
-9298 6430
3811 5704
-7823 -4670
-2497 -2596
2845 6677
-425 2745
-7674 -2764
-7089 9354
8032 -8234
-357 3409
9772 1512
8615 1054
-9841 3436
-9255 4024
7639 2147
1257 8905
5410 5421
-2329 6718
6953 -640
-3601 2530
7618 -3232
3869 -9493
5806 -4452
2297 3099
636 8906
6305 2851
-8703 6092
-3641 -2509
9170 3736
798 -8219
-5870 2401
2786 6200
1471 8147
-1045 1911
-32 8286
3048 2506
-4202 -3826
7103 7333
2522 -6400
5991 7737
3172 873
-9612 6531
2085 6460
8557 -9686
-9586 -9696
-1060 -5952
-819 1924
4399 7749
9450 1903
3715 -3131
5775 -5674
8958 9090
6718 3525
-9665 7125
6571 9410
7349 -2522
-3788 799
-8938 -4066
-7408 -6213
7582 -9906
-2095 -3714
4853 719
-7538 -9226
-3350 6719
2210 2210
4255 -3056
-7569 -5333
-5424 -9908
1588 -4385
-7613 -9646
-877 -3252
998 9465
8860 -4739
1863 -5963
-1242 -6600
9268 9704
1022 -996
-7941 -1241
1954 -9202
-4482 26
-6361 -1915
230 -9797
-1954 2484
-574 4685
7410 4271
-6264 -3342
-9978 1435
-1847 9022
4450 -2778
-263 -3306
5346 -6410
-7938 3642
-7032 -968
126 8931
614 -2304
7831 4992
-1414 4089
2806 8120
-8757 1182
5989 -2147
-4491 -1360
7906 133
-3438 4522
1915 8060
5306 -3837
8432 8886
-7624 -7825
6650 318
3277 -5007
-6999 8154
-3713 -8789
2470 5222
-1662 2882
-673 842
-6183 -7149
396 4635
2763 -5824
7769 -9232
-7390 -2956
3128 -1188
-8113 -2105
-8788 -6214
2918 8053
-7607 4899
2709 -7653
-3067 -8371
-450 -4110
-3748 -9294
9713 -6163
-6926 4153
-696 4262
4224 -7155
-3270 1608
-1540 7514
-3170 -3950
933 -5825
1648 1497
-3873 -7769
4289 1897
8542 -7268
-7686 -2843
3585 2867
-3757 9550
-9086 -3238
-5776 9546
-7695 -8510
-1797 7695
1977 4920
-6805 3494
-6041 3481
7190 6180
7535 7238
6959 -3009
1133 6533
1185 -7571
2583 -2248
-5681 1799
-8802 3601
3762 9099
5349 -5833
-1262 -7448
-6092 7096
9763 9835
9174 9212
1705 -486
-9533 -6262
8032 -6280
-9012 9908
3592 -6143
-5602 -6619
2609 -5920
-2437 2547
-9308 -850
704 -3760
-2864 5229
-9779 -7916
3451 -4979
-4897 4215
6897 8453
-5440 -1054
1113 3084
2949 -7663
-2319 1140
-7444 -9414
-9412 -4436
100 5213
5423 4359
-3459 5115
-8487 -5784
-6949 3856
-3281 -9763
-102 -3299
-2678 3042
-5623 6617
-2773 4142
-1679 -2139
-8075 9864
8708 8025
-9990 -206
4683 785
4252 8158
9435 -4538
-1844 1993
-2351 9267
-3242 882
-5147 4243
-2396 -8494
1061 -5703
6659 -1281
-9859 -121
9921 2877
-266 -9153
-7624 7951
6397 5813
-3111 641
761 -4535
-1607 -4811
-6930 -430
2684 9255
-5116 -9983
2022 -4433
-7218 2162
463 -8850
-4833 6785
-6868 -2532
-6182 4028
-7192 1338
9986 -3080
-3894 -750
4677 -7077
3156 -1075
8514 -8218
-1272 -6518
1367 -4874
2940 -4372
-8494 -1121
6488 -6093
3311 591
-7353 -1536
8341 5068
1633 -2410
902 -1818
-4779 4346
5422 4234
-2817 -4431
-3209 -3388
8564 7955
6822 8309
-847 5607
-6475 8299
-7599 6220
-3079 7544
-9362 -9070
6482 113
-2274 1286
-8365 -1435
7268 -4840
-9686 446
4384 -7671
-1525 8350
4775 8576
8193 3190
-7520 -4880
4170 -4832
-4926 9102
2228 6125
8766 -4642
8543 1132
-6107 -132
-5258 6180
6274 -7866
-2036 -7117
4416 5155
-9171 5969
-8810 -7274
-2939 2541
9153 3952
9504 9426
-467 -2517
7102 -6531
5558 -4631
3404 8142
-4800 -7673
-3654 654
-1761 -1855
8845 8575
-1490 2937
2586 3429
2545 -2418
9435 4300
-4756 -812
-6350 3319
5625 -1399
436 2920
-3293 1457
-442 -6993
-8112 6089
-1124 2501
-8380 1920
7828 7135
-1893 543
-7769 -5869
-6638 -1103
8356 9516
2085 -9689
9679 -9485
1601 -1081
2193 -1234
6503 -8741
-4534 -5314
-836 -1940
-830 9474
-3942 -403
171 7742
-4438 8245
-3736 2412
2017 7606
9388 1894
9272 9525
-1194 4600
-7084 -295
8075 -5582
-1268 5878
-7848 -5585
-8638 2410
8959 -1459
8869 -7284
-6723 -396
-8804 1549
-3365 6248
-1774 4672
-8245 6195
793 -5536
6515 -8940
4817 246
6002 1285
7880 -125
-4632 -458
2282 -2125
1554 9859
-4993 -5246
2906 727
-3066 -1871
6147 -7466
1000 7554
8294 6154
2463 9341
6116 7560
-6362 4587
-6749 -814
-2084 4649
-1112 -7752
8428 6607
7828 1582
3919 1288
1728 5283
-6103 3197
-8431 3487
-7976 2985
-714 -6349
1124 3029
4951 6720
4236 781
9012 -7666
8712 -4368
9601 4575
5061 -2031
2973 -736
7508 9448
2882 -1979
6023 -5702
6915 1449
9840 -5474
-2602 -2519
9565 -4452
645 8994
-5794 -5791
9536 9572
-2709 6895
-2922 -5280
5879 -5041
-9621 -5287
5116 3765
-3514 -4242
610 7086
-5078 -4877
-2017 9383
-5193 -4889
6399 -2645
1696 -1791
4435 -3364
-5956 6245
7925 4145
-8546 8211
-4242 1301
-3815 -268
-7963 -8638
-3892 4131
-7549 -3274
-281 -5332
-5694 -9835
-437 -5352
-6882 9713
4885 1990
-1385 6614
3298 6624
2899 -964
6775 3156
3191 -6629
-132 -6731
8099 -5991
3488 1313
-1450 -5722
3940 -3969
6697 -5983
4157 148
3615 1286
6205 -9292
5167 -4463
-4433 -4172
7566 -9577
3562 8565
-2836 -5153
5067 7083
2291 2891
9120 9664
9020 -5167
1885 -1571
89 5164
-3860 -4652
-1222 7656
-809 9032
6329 -1586
6208 -2955
-9885 265
7207 8770
-7356 -7241
-7013 2927
1202 -7959
6851 -8557
196 -7191
-2270 -4641
-2802 2575
4825 4652
7619 2741
-8177 -5692
-8081 6251
2804 -8173
-283 -3010
-2315 1236
4792 7455
-7281 8563
2239 9004
680 6411
-7165 4464
-4025 -9844
-4350 -4587
-8818 -3625
9496 -559
1798 -6590
7768 -1262
-8379 -8238
-6957 -8242
8436 4758
3725 -8023
-7072 2097
5641 4498
4684 -2186
-4684 7634
6957 -7563
2894 -4724
1909 -8854
1899 -4296
4809 8578
1384 -5418
-6867 8230
-9557 9349
1776 258
6417 -4747
-8676 8366
-5619 5440
2665 671
-3316 2738
6585 -7661
-90 -1273
652 1139
1982 -8172
9845 -389
8415 6782
-7781 -7630
-4375 8547
-6001 3505
9720 6480
9908 282
8617 -1415
9998 -4005
-3227 -5388
-3964 8127
5990 -912
-4654 8922
1235 -3046
9846 -4274
-2140 -8819
450 6090
-8218 1819
-1824 3233
-5717 77
-333 -3948
-9376 -9947
4725 9607
6082 -1229
3385 5657
-5127 8781
-9792 -3179
-4897 -4531
-2141 -124
8123 -7150
2958 -9110
-2584 5992
1837 -5870
5421 -9522
-7149 -9620
307 -9224
2956 5701
-9579 6559
-8664 7750
3626 3248
-2531 8411
1060 -8058
9467 -4218
7991 -6262
4198 -1716
-4704 -3221
-871 -4379
1180 -6344
-5783 -3130
8919 7072
6572 2361
-9605 5180
-6255 8957
9191 -7272
-123 -8490
-3006 -9128
-2302 8189
2834 -8518
-9880 -6964
-7795 -4639
6515 -8829
-6441 2276
-8812 -4917
7823 -987
8623 -6610
9877 -9471
2093 9472
3384 2871
-5473 -501
-2535 -5409
-3484 8726
-4558 7827
1773 5913
-257 -7790
9899 -6339
5092 -5451
5732 6703
-8727 8720
-776 -1460
-3094 -6519
9914 -9613
2941 8018
2926 9664
5947 9249
-4198 -5860
-8941 9346
-5802 -9878
-7999 -3372
-2757 9451
-8667 -5658
-3351 -5264
-5634 -4850
8235 2554
-1593 -9510
190 8081
8098 -3857
6639 -195
8449 -9682
3690 -1293
7210 -2821
-3079 -9829
7567 308
5437 -5277
-7393 8993
1099 -3429
5818 -6883
-8382 -6824
7767 7390
-6288 -6993
-7744 -5804
-4355 -2180
-7172 -6960
-1968 4787
8237 -5544
-6349 9978
1265 -9504
1331 6431
8632 -1086
-3359 -1438
-5153 -4093
8343 9116
-4876 -5056
7028 8838
-739 6041
-8643 -6722
-227 -1247
8625 -1447
-6565 -2477
1532 -7309
-4916 1973
595 7645
-9028 8293
4715 2729
425 8176
-7821 -2217
8842 4045
-9699 3629
5036 -4792
6183 -5386
1793 -7664
-6651 -5363
1735 9883
6885 4586
-1614 9423
-7203 4381
7924 -588
-5710 -8365
3870 7991
9152 -8321
3807 2949
6433 1091
-5533 -7536
8459 -433
7860 -7281
-5017 -1169
8616 3836
-9033 -4187
1090 -8665
1457 -247
-5886 -5059
8154 6282
-7885 -1305
2570 2562
-7590 -6077
-4465 -2583
7019 -3109
-6088 -7766
-3168 5674
-5984 -1623
8653 1870
3875 -8288
-6703 6679
4114 3539
5398 2064
-3146 -240
476 8887
2218 6738
-8934 -1968
-4915 -6108
-3269 -6160
-5523 3632
9980 7720
6609 1912
4608 -6380
7940 7044
8337 -3031
-2735 2672
-2286 -8468
3753 -7
-7646 -1884
-1945 -8815
4170 -1548
3430 3956
8030 2907
4004 1304
-8103 7901
9043 6198
-1555 -6595
7163 3438
-2346 -9074
-5030 7939
6409 6869
9054 -8635
-4162 6756
-8057 -8515
3863 5455
8976 -9184
2650 2550
6749 3003
-833 -1044
7068 493
-9944 -7420
-1100 7837
9194 2414
5174 1968
8657 -6002
-8744 -6535
6535 -1358
941 -6544
-7734 9583
2654 -8956
941 1737
3380 -1216
-8151 7116
484 9762
-4993 2865
3802 3782
4620 9954
-6596 -2371
7850 7828
-7918 -5609
-1759 -1076
8023 -4200
-2084 -3181
-3714 1931
-2821 7536
-2215 3970
4241 -2363
4427 4660
-3467 6922
-4338 -3319
-6848 2423
-5435 8769
3049 -2513
3673 3607
-1132 -5567
5467 927
3234 -4121
3822 299
6985 4404
-9345 -6075
-9061 -5931
-8373 9039
-5127 -6096
3884 849
116 6903
584 -3310
2470 6592
7816 -7552
3865 -3944
-9149 5903
4195 -7728
-7393 -156
1683 1836
-7308 5884
4000 -9867
-360 -5730
3745 -552
2919 6509
1515 -4993
583 -1196
-4435 8874
-8182 7586
7304 3742
2560 -6976
6190 447
-8095 5868
1544 3635
3956 -155
-220 6974
8270 -6888
