-6
-4
-2
0
3
6
9
6086
-979
-3083
1637
-9318
-5136
-2959
5847
-2751
6214
7517
-2671
-3428
6264
3609
-5351
2330
-4620
4280
-9785
8060
-4972
938
2936
-6495
725
-6028
-7566
3273
-3055
5046
5516
-2925
773
520
-5795
5801
8406
7952
4671
6853
170
-523
-9869
7423
-7119
-5374
-7387
6186
-8541
7666
3741
-3370
-9521
8571
5285
5126
6581
-9277
-6884
-7420
6413
-5318
-4218
-3528
-2352
-2712
-6051
5470
4670
1150
-3495
-721
-3885
5294
-8655
4656
-6995
8615
5715
-3093
-2290
-2116
4434
4046
1711
8218
-3813
-3166
-569
-9216
2209
-4249
5354
2731
1984
3573
-6543
6368
-411
-6837
5674
4404
8606
-5839
-6838
-6281
-7651
8696
9095
4957
4117
-2995
2647
7180
-8284
7590
-1417
2033
6835
9786
2578
-6804
-7785
1469
-3652
-8949
-4570
8123
-5148
-3777
-703
-4187
4696
-6162
-4888
3037
-6094
-3547
-7079
932
-8548
-5093
-3802
6197
-9216
9283
4625
4275
-6626
1826
2816
-7226
-6945
-9275
-6280
-7206
4792
8596
7981
2842
1721
5886
-9348
7994
-8051
9316
6284
4290
944
-4751
6438
4978
-7508
3601
-2915
-4022
-2191
-7131
7472
8521
-3847
-6786
-5041
6246
-9250
3729
-8961
-8894
6522
8332
-4117
-9662
7396
-3973
7149
-8945
763
4908
-1963
-8766
3334
-7412
8498
6045
-6571
2326
-1509
-7872
9025
-9134
70
-1405
-8279
-1305
-4708
8001
-4091
5462
-9040
6371
-5874
4911
8407
-5253
9643
-6800
-3736
6909
1624
5722
9406
-7125
1634
-5084
-9489
5255
5988
-5795
6688
9619
-3557
1928
5313
-1049
-2335
6500
8401
-8219
4594
5868
5808
-4766
-5958
9547
-3900
-2421
4073
-6692
-8460
-9846
5924
-6587
7115
-7936
9336
2768
8508
-3798
9317
7028
9545
4022
-7713
-865
-2397
-6453
-4955
3853
-6716
-7653
7538
6133
-9116
6554
8616
2153
6177
4770
3735
-9564
-1981
-7457
1046
-8470
-3643
-6522
-3642
-2581
4854
9924
8869
7591
-7109
-4258
-8201
-5191
8698
7515
-7200
-1241
-9982
-3195
4556
4347
7632
-2648
-6568
-5923
5838
6372
4483
7011
-4571
9056
370
3377
-3406
8662
-9024
6485
-8374
-4533
8132
1006
-5271
5194
6923
5500
7148
-7375
-6272
-979
-8964
9549
-6670
1775
9764
-9183
7233
-7620
-1011
5310
-5686
107
6315
-7087
4595
1660
3898
125
5878
8435
326
9002
7918
3920
3236
9386
9117
-8868
-9417
-9262
8610
2932
-7960
-2387
7238
2011
-3302
4266
-5723
-4529
4657
-6884
-3840
7336
7866
8060
-3724
5411
6356
-2223
-4908
8126
3629
4216
8956
-8098
2986
1364
7468
-8809
-9415
6101
7973
-1119
9713
9412
199
-7969
-3376
-8239
-8380
3558
6590
-6102
404
9068
-3820
6341
9230
-8162
5430
-4822
-7078
-1697
4326
-4294
-9123
-8812
-6211
4845
-1103
-2992
5694
268
4168
9230
4583
-4151
-7271
-4218
-205
-9829
8158
-2113
3859
-633
-277
-4216
-9646
8701
-8564
-9882
4210
-7195
9669
-6751
4731
-6041
-5062
-2672
805
-7418
8533
-6646
4742
-2116
7378
-6087
6509
7367
-6535
76
-7760
346
4343
-1259
-2301
5009
8766
1093
-6322
-8787
-5373
7772
-6617
1177
-4056
3171
-2734
9446
-2382
851
8390
6398
-3428
6469
2419
949
1315
4931
-8995
-2423
5385
-6206
4012
-1759
4250
-9348
-7307
-1735
-4139
-3418
-5395
8618
8164
-5987
-6831
-9000
-3427
-9482
7307
-9482
-5587
5267
1736
6790
-3742
8827
-3193
-5604
8068
-4928
-2588
9734
-7962
9010
-6859
-3855
6846
-9085
2945
-9192
-3906
6715
205
2617
-3597
9585
98
-6283
-6442
-5784
-7305
7603
-3661
8711
-1249
-8819
3160
3506
-6592
9733
-4733
-5468
7395
5143
-4424
-9356
-7915
4075
8058
-6228
-6485
5867
-613
7216
-6976
5129
1619
-9629
8030
-3234
-6213
-9636
6203
4050
-6200
6801
5034
8648
-9674
-7340
-2456
-9301
9802
-2161
5792
7469
9735
5300
3928
-349
-7866
-8160
6712
7057
151
5430
6873
-6092
-3480
-6840
2341
-6606
7804
503
-2451
5422
8592
8495
-6462
8939
8133
4944
8491
1208
-4929
3991
1762
-7164
-2570
-8863
2734
-6771
-3662
4706
1403
9532
7813
5405
-2774
-6313
-2121
8357
7155
-9335
5199
-3524
737
7910
-9095
9599
-4851
-6666
-875
3407
-9633
-643
1474
-1627
-7066
6598
8642
8020
-5998
3465
8295
-2245
4281
-5938
-2798
-8159
8914
-4293
-5316
-2317
2108
-7001
4532
6561
-9013
3043
4647
-8339
9052
-3791
9405
4082
4185
-8287
-9445
-2450
3181
5974
8052
8455
-3955
4263
1151
-4084
-9251
-5859
7862
-3528
-1145
3441
-2504
-2746
-3918
-8492
5553
-3913
-1805
1375
-4806
6382
-5044
-2172
4409
2150
-4779
3721
-4901
-2388
-2725
5279
7827
3245
9509
7667
-3002
-5562
7429
8103
4077
-365
4998
-4096
5295
-161
5406
-6970
6372
8971
-4557
-6868
1229
9435
86
-4697
-4608
-7544
6703
3668
991
-9770
1124
-6784
9947
4189
-6716
3732
-7510
6400
6554
8051
-5540
-6024
-1191
646
-3581
-7426
6827
4278
-5473
3466
-8896
8654
9029
-3936
8628
-6099
-973
7335
7166
-9945
4074
626
-1273
2533
-8465
-8324
-5615
6374
1372
-7317
-3295
9541
-8518
4138
-9892
641
8644
7450
-8036
5397
3551
-8314
9499
5898
2369
1201
-4280
-7857
-6610
-3945
-7880
-8418
9151
6907
8621
9173
-9175
-3664
8764
-4548
-4611
6199
9018
-9131
1112
4975
5323
-2844
-9506
-8809
-9486
-2415
-3555
-347
8036
8832
7792
-363
1334
-3033
-5650
-8358
7827
-8647
-5414
2971
-2017
4421
-3081
-7453
1243
-2458
2888
-8522
5934
-3300
3748
-5246
-2979
-3550
6787
2990
-2714
4943
4247
2341
-2826
-7042
-3806
-6268
4598
-4093
9391
-6099
-9622
7228
4524
-4933
1025
3012
-7830
-7531
9324
9204
6118
9098
-273
-2202
2324
8474
7795
4948
2188
9720
-3785
6899
-6207
-2957
7952
2645
-1671
4137
5904
-5217
611
9258
-9280
-7810
4247
1652
-4534
4863
-4902
-9249
-9490
3214
6059
-8076
796
6214
-9701
5739
-5494
2344
-3004
-1737
-9569
-2007
-4334
-6177
8525
5015
-6173
-9888
9582
962
-705
260
-4904
-6817
-6718
4939
-7952
-9887
9449
-4556
-4839
-3971
-5713
-6282
2909
4794
3748
-245
-3605
-8883
-5589
8001
8567
8357
1855
-5258
7198
-4431
1658
-4520
4527
-5745
-517
341
-8074
3350
5538
-1183
2962
9947
5592
-9510
-2820
-2230
7923
-3482
-4110
-5388
4474
-7521
-155
-4090
4243
9682
7223
