5
10
15
0
3
6
4998
5000
-6469
5010
5618
6087
-9794
9014
-9802
8571
-6911
9582
8414
5698
7970
9255
-7986
-8655
7893
-7225
6305
8919
8998
-7691
5573
6193
-6550
7603
9324
-6725
-9632
-8742
-8995
-6461
6585
7531
8610
-7988
-5063
-9715
7438
5231
-9535
-6678
5967
8311
-5397
-6002
5301
6418
6704
7155
-8171
5682
-6665
-7649
-5085
6478
-6435
-9354
-7143
-6045
6482
-7978
8488
-6886
-5880
7891
-5113
7280
-5520
-8884
8971
-9490
-7052
-6231
-8296
8380
-6157
-8299
7283
-8864
8792
-9682
5929
9178
5783
8637
8439
7750
8749
-5113
-8809
8288
-5064
8146
8019
-6826
-8667
9970
-6949
-9987
7629
-8283
8394
-8706
-9043
8507
-5562
9486
-9041
-7465
7575
9010
9165
8981
9726
-7453
6120
-9981
-7128
-5100
7578
-8814
-6432
-9812
8828
-8254
-9236
7149
5999
8043
9614
7165
-7676
-8758
-9862
9950
6604
8276
-6728
-7611
-7843
-6005
-5416
-7421
-9168
-9550
-6621
8374
6483
-5453
5923
-9034
-7312
-6296
8373
-9512
9331
6282
-7888
-9079
5457
-9634
9101
7555
7523
9842
9596
6699
6980
-7830
-8322
8108
8723
8490
-8044
9564
9571
6398
8157
-8374
-9208
-6901
-7572
-8553
-9143
9153
-7173
-7161
6272
5980
-6770
5394
7253
-9084
5711
-8464
6600
-7388
-5747
-6041
-8063
6547
7702
9724
-9592
9087
5101
8587
6487
9916
-5837
-6454
7959
5177
-5533
8170
6426
-7125
7805
-8415
-6806
5204
6477
8524
-8579
-8301
-7817
9760
9568
-6033
7121
7617
-8512
7894
-7447
-7997
-9389
9525
7683
-8952
6100
-6067
-7965
-8209
7718
9021
7797
7961
-9946
9983
-7708
9500
7231
8564
8152
-5929
7343
-6045
-9664
8747
-7218
-5573
-9185
6269
-8553
8639
-9032
-6397
9534
6452
9543
-5109
-5926
5966
-7390
9416
-6220
9192
9447
5950
6047
-6712
-8128
-9165
9282
8137
5908
5020
7050
5339
-8875
-6827
5360
-9542
-6433
9641
7948
-8893
5811
-7826
-7977
-7469
-5774
-7190
5258
-9891
-8906
-7860
5274
5864
-9766
5590
7294
-7745
-7633
-5899
-7429
7323
-7046
6949
8842
-6771
7585
-5535
-7578
8975
-8683
-7757
-6495
9416
-9152
9839
-5101
8155
6949
-7864
-7621
9038
6368
5146
-6190
6975
-7375
-5463
-5133
9480
5824
-7174
-7066
5725
-7559
7205
7546
-6853
-5361
-7067
6141
6389
7861
9914
5343
5026
6946
-7479
-6869
6307
6235
-9982
-6923
-8858
-6695
8004
-7721
-7914
8254
7962
-9235
-9857
-5226
7361
9717
7672
-9818
-5075
5011
5607
-5102
6326
-7603
8451
-6260
-5120
9381
-5080
6623
-6368
-6925
7104
9060
7706
5393
5474
-6035
-9454
-7589
9031
5575
9367
5564
7556
9940
5038
6375
-6867
8962
-9626
-9856
5515
5516
5090
-8574
-8677
6673
-9821
-7473
-5996
5775
8714
8668
7764
9407
5965
8867
7735
6680
-8695
6754
-7581
-8744
-7204
7489
-8182
-5527
6448
-9118
-9337
-5497
5700
9843
9301
-6479
-7215
6660
-5139
-9115
6023
-6330
7685
5356
7250
7739
-6135
-5530
9593
9909
8024
6222
5566
-8872
8581
6222
6387
8484
-6323
7666
-5810
-5256
-5962
-6326
-9372
6570
-9272
8410
-5193
9127
-7822
5002
5525
-6331
-9751
-8836
6939
6226
-6373
-8932
9967
-6161
7382
5848
5014
9542
5963
9997
-8524
8612
-9099
-8946
-5893
8063
-8789
-8033
-9728
5540
-9630
-7239
-5318
7955
7160
-5303
6193
-7556
5652
8272
-7980
-8544
-6338
5992
7226
6713
-6793
7343
7795
7427
9451
8472
7954
-9986
-6742
6149
9027
-9517
-6249
-9062
-7322
9038
6437
9820
8760
5035
5998
5305
-6356
-8720
8533
-6531
8903
8591
-7050
-7877
9761
-5976
5574
7466
-5948
-7795
-6985
7426
-7672
8443
8533
-8829
8887
7247
-5696
-6929
-7723
-5379
9259
7195
6529
-5214
5703
-6852
-9515
9744
9009
8763
8980
5889
-6812
8943
-9229
5239
-9671
-8956
9292
9323
6519
8490
5222
-7901
-6384
9546
6150
6421
9578
6813
-5546
-5386
7536
-7190
5295
-8372
-8953
-6239
6678
8812
6247
9043
6034
6253
-5902
8507
6844
5594
8976
5121
-6428
-7197
7155
8177
-8427
-8144
-5113
-7697
7174
-6395
-9146
9981
-6089
-8125
-9433
6701
-7731
5839
-9182
7590
-9448
-6062
-5470
6058
6338
-7622
6339
-6280
9984
-7937
5525
8160
6600
-9787
8749
-5568
8407
7701
8605
9101
-7297
-9481
-8301
6670
-5097
-5200
-9582
6954
7555
7186
9780
7455
7290
-8492
-7763
-5686
-6274
7949
5503
6784
6643
5203
-5027
9196
-5053
-5665
-5497
-6921
7481
5914
5452
9356
-7242
-5875
-5786
8976
6294
8728
8016
-7094
6979
6114
-5824
7374
-8394
8728
7270
9820
6084
-5478
-7415
-6684
9513
-9644
-8550
-5188
-5873
7543
-8583
-9599
-6484
5729
5263
9643
-6542
5181
7860
-5596
7459
8458
-6839
-8135
8203
-9687
9076
6689
-6948
8886
-5115
-7727
5684
9747
-5838
6351
-8994
7968
7469
6854
8521
-5330
7303
5603
6787
-8267
7217
-9231
9151
-6733
-8480
-7843
7268
-7315
9872
6142
-9889
5245
9867
6623
7305
7561
5491
-7479
8247
-5882
-8327
-6724
-6763
-9094
8523
-7670
6857
9935
8818
7795
9815
-9729
-9535
-9472
7000
-8755
8492
-7115
-6708
5826
-7685
-7135
-5064
6462
-6497
-9146
6809
8300
-6165
9705
-9738
5350
9099
6678
8502
8818
-8270
-7228
7109
9781
9774
8156
7920
8556
8354
8815
8613
5424
-9144
8336
5946
5026
5751
7394
-5918
7916
-6794
-8237
5301
-9800
-5034
9389
5139
-7138
-5041
-5555
6910
-6468
6159
-8895
-7821
8463
6665
8631
7971
-5043
5281
7986
9762
5623
5102
7487
5475
8592
8565
9073
-7869
-5597
-6023
-8690
-9193
-7601
8068
-7544
-5434
6798
9855
-9149
8865
7963
-6421
-8690
-9275
7163
6048
8974
-9443
7722
8767
7886
-6422
9695
-6602
-9460
-7357
-5729
-5144
9920
8131
8602
7453
5706
-9878
-9283
7456
-9636
7715
9922
5220
5694
-6439
-6172
-8452
-6505
7574
-5951
-6145
7334
-9757
8977
-6394
9289
9232
7052
-6389
5248
9298
-6327
8851
-9405
5919
-7238
6333
-9983
-8905
-7956
-9824
6457
-9941
5498
6244
-9589
8814
6484
6892
5773
6577
-8171
7018
-7512
-7888
-7221
7603
-8253
7377
-8460
-9894
-7817
-7773
-9469
6509
8045
7785
-7348
8199
5294
8932
-7633
-5245
-9881
6641
-5819
-9252
-7120
8983
9800
-6247
5091
6239
-7374
-6123
-6788
-6309
9343
-5217
-5770
-5767
-7093
9349
-9674
5021
-6096
-8338
6036
9125
8752
-6404
-9897
7066
