0
-1
-2
-3
-4
-5
-6
-7
-8
-9
-10
-11
-12
-13
-14
-15
-16
-17
-18
-19
-20
-21
-22
-23
-24
-25
-26
-27
-28
-29
-30
-31
-32
-33
-34
-35
-36
-37
-38
-39
-40
-41
-42
-43
-44
-45
-46
-47
-48
-49
-50
-51
-52
-53
-54
-55
-56
-57
-58
-59
-60
-61
-62
-63
-64
-65
-66
-67
-68
-69
-70
-71
-72
-73
-74
-75
-76
-77
-78
-79
-80
-81
-82
-83
-84
-85
-86
-87
-88
-89
-90
-91
-92
-93
-94
-95
-96
-97
-98
-99
-100
-101
-102
-103
-104
-105
-106
-107
-108
-109
-110
-111
-112
-113
-114
-115
-116
-117
-118
-119
-120
-121
-122
-123
-124
-125
-126
-127
-128
-129
-130
-131
-132
-133
-134
-135
-136
-137
-138
-139
-140
-141
-142
-143
-144
-145
-146
-147
-148
-149
-150
-151
-152
-153
-154
-155
-156
-157
-158
-159
-160
-161
-162
-163
-164
-165
-166
-167
-168
-169
-170
-171
-172
-173
-174
-175
-176
-177
-178
-179
-180
-181
-182
-183
-184
-185
-186
-187
-188
-189
-190
-191
-192
-193
-194
-195
-196
-197
-198
-199
-200
-201
-202
-203
-204
-205
-206
-207
-208
-209
-210
-211
-212
-213
-214
-215
-216
-217
-218
-219
-220
-221
-222
-223
-224
-225
-226
-227
-228
-229
-230
-231
-232
-233
-234
-235
-236
-237
-238
-239
-240
-241
-242
-243
-244
-245
-246
-247
-248
-249
-250
-251
-252
-253
-254
-255
-256
-257
-258
-259
-260
-261
-262
-263
-264
-265
-266
-267
-268
-269
-270
-271
-272
-273
-274
-275
-276
-277
-278
-279
-280
-281
-282
-283
-284
-285
-286
-287
-288
-289
-290
-291
-292
-293
-294
-295
-296
-297
-298
-299
-300
-301
-302
-303
-304
-305
-306
-307
-308
-309
-310
-311
-312
-313
-314
-315
-316
-317
-318
-319
-320
-321
-322
-323
-324
-325
-326
-327
-328
-329
-330
-331
-332
-333
-334
-335
-336
-337
-338
-339
-340
-341
-342
-343
-344
-345
-346
-347
-348
-349
-350
-351
-352
-353
-354
-355
-356
-357
-358
-359
-360
-361
-362
-363
-364
-365
-366
-367
-368
-369
-370
-371
-372
-373
-374
-375
-376
-377
-378
-379
-380
-381
-382
-383
-384
-385
-386
-387
-388
-389
-390
-391
-392
-393
-394
-395
-396
-397
-398
-399
-400
-401
-402
-403
-404
-405
-406
-407
-408
-409
-410
-411
-412
-413
-414
-415
-416
-417
-418
-419
-420
-421
-422
-423
-424
-425
-426
-427
-428
-429
-430
-431
-432
-433
-434
-435
-436
-437
-438
-439
-440
-441
-442
-443
-444
-445
-446
-447
-448
-449
-450
-451
-452
-453
-454
-455
-456
-457
-458
-459
-460
-461
-462
-463
-464
-465
-466
-467
-468
-469
-470
-471
-472
-473
-474
-475
-476
-477
-478
-479
-480
-481
-482
-483
-484
-485
-486
-487
-488
-489
-490
-491
-492
-493
-494
-495
-496
-497
-498
-499
-500
-501
-502
-503
-504
-505
-506
-507
-508
-509
-510
-511
-512
-513
-514
-515
-516
-517
-518
-519
-520
-521
-522
-523
-524
-525
-526
-527
-528
-529
-530
-531
-532
-533
-534
-535
-536
-537
-538
-539
-540
-541
-542
-543
-544
-545
-546
-547
-548
-549
-550
-551
-552
-553
-554
-555
-556
-557
-558
-559
-560
-561
-562
-563
-564
-565
-566
-567
-568
-569
-570
-571
-572
-573
-574
-575
-576
-577
-578
-579
-580
-581
-582
-583
-584
-585
-586
-587
-588
-589
-590
-591
-592
-593
-594
-595
-596
-597
-598
-599
-600
-601
-602
-603
-604
-605
-606
-607
-608
-609
-610
-611
-612
-613
-614
-615
-616
-617
-618
-619
-620
-621
-622
-623
-624
-625
-626
-627
-628
-629
-630
-631
-632
-633
-634
-635
-636
-637
-638
-639
-640
-641
-642
-643
-644
-645
-646
-647
-648
-649
-650
-651
-652
-653
-654
-655
-656
-657
-658
-659
-660
-661
-662
-663
-664
-665
-666
-667
-668
-669
-670
-671
-672
-673
-674
-675
-676
-677
-678
-679
-680
-681
-682
-683
-684
-685
-686
-687
-688
-689
-690
-691
-692
-693
-694
-695
-696
-697
-698
-699
-700
-701
-702
-703
-704
-705
-706
-707
-708
-709
-710
-711
-712
-713
-714
-715
-716
-717
-718
-719
-720
-721
-722
-723
-724
-725
-726
-727
-728
-729
-730
-731
-732
-733
-734
-735
-736
-737
-738
-739
-740
-741
-742
-743
-744
-745
-746
-747
-748
-749
-750
-751
-752
-753
-754
-755
-756
-757
-758
-759
-760
-761
-762
-763
-764
-765
-766
-767
-768
-769
-770
-771
-772
-773
-774
-775
-776
-777
-778
-779
-780
-781
-782
-783
-784
-785
-786
-787
-788
-789
-790
-791
-792
-793
-794
-795
-796
-797
-798
-799
-800
-801
-802
-803
-804
-805
-806
-807
-808
-809
-810
-811
-812
-813
-814
-815
-816
-817
-818
-819
-820
-821
-822
-823
-824
-825
-826
-827
-828
-829
-830
-831
-832
-833
-834
-835
-836
-837
-838
-839
-840
-841
-842
-843
-844
-845
-846
-847
-848
-849
-850
-851
-852
-853
-854
-855
-856
-857
-858
-859
-860
-861
-862
-863
-864
-865
-866
-867
-868
-869
-870
-871
-872
-873
-874
-875
-876
-877
-878
-879
-880
-881
-882
-883
-884
-885
-886
-887
-888
-889
-890
-891
-892
-893
-894
-895
-896
-897
-898
-899
-900
-901
-902
-903
-904
-905
-906
-907
-908
-909
-910
-911
-912
-913
-914
-915
-916
-917
-918
-919
-920
-921
-922
-923
-924
-925
-926
-927
-928
-929
-930
-931
-932
-933
-934
-935
-936
-937
-938
-939
-940
-941
-942
-943
-944
-945
-946
-947
-948
-949
-950
-951
-952
-953
-954
-955
-956
-957
-958
-959
-960
-961
-962
-963
-964
-965
-966
-967
-968
-969
-970
-971
-972
-973
-974
-975
-976
-977
-978
-979
-980
-981
-982
-983
-984
-985
-986
-987
-988
-989
-990
-991
-992
-993
-994
-995
-996
-997
-998
-999
-5876
-1664
6886
4629
-9238
2803
5012
2870
1609
-4999
-2970
-1315
-2929
8532
1019
-6875
-3376
-8370
5557
-3257
2178
3181
2360
-3672
8020
-5468
-8479
-8969
-8364
-3968
8995
-1760
-1675
-5319
7059
-9055
6519
-8118
-1731
-8408
3673
9743
3338
-6297
1628
-5346
6773
-4447
7745
4885
-7793
-5174
-7308
-1372
-3597
3397
-4116
2561
4356
-5424
-5551
5869
7581
6184
9998
-9887
7617
6951
-9369
-9580
-8535
-8112
4411
1579
-6130
4012
1264
-5839
6212
9637
-5499
1658
-6976
-1381
7957
6837
2294
-2323
-5093
-2656
-1330
-4343
5465
4767
4888
-8812
4300
6014
7780
2512
5201
1516
4170
-8012
3285
-3423
3340
-2837
-1703
-2122
-8868
6682
4588
-9757
1158
-4233
1960
-4035
9595
-1664
4351
-5124
4745
-9708
-8495
-3527
2778
7558
-1241
-8370
-1310
5934
-4188
-9162
-2073
3321
-6898
-7390
-1942
4251
-9101
7045
-9640
-9356
4049
2289
-8911
-4513
-5700
-9512
2394
3652
8543
-9341
-2289
1451
-3111
-6199
5619
6178
2513
5086
4242
-1485
-9239
3620
2044
-4498
6526
1953
2446
6360
-3855
3844
-8439
-9649
-5116
-2642
6480
1932
-2500
8121
-3749
-2737
-9588
-3680
-9470
-9057
1557
-7281
-3247
-9964
-1630
5073
-1792
-8418
-4038
-7710
5141
5225
-8182
-6683
-4093
1954
-6324
7208
6106
3503
-1414
3450
9143
6689
2668
-6725
1304
-2621
3265
7686
1646
4300
2460
8237
-8118
7241
4216
5077
-3343
-2848
2082
9447
-6393
-4810
-4642
9263
-8150
2316
-3553
-5463
-8577
-6445
-3364
-9650
-2287
4349
-2773
-3951
3093
-9852
3231
5917
1244
3104
6237
-5399
-9934
2305
9515
-1376
1864
4360
-1352
5191
5021
-8015
4777
-2246
-8516
-4382
9101
1832
-6165
7228
4856
6757
-5161
5172
-1384
4437
-9257
-7736
-8135
5610
-6798
-9032
-8657
-9631
1529
5228
2651
8992
3190
-6440
-8692
7589
-7764
4067
3619
1454
-3248
6559
3848
-3226
4733
8980
5906
-9489
-5206
9135
-2902
-3855
9283
4653
-6290
-3733
-8382
1721
9787
-1225
-3883
-6255
-3312
4271
3600
-6667
2724
9458
-1529
-7187
-1355
-3029
-8309
-4647
-5148
-4969
-7989
-7224
-9004
-3272
7932
-8794
-4847
5168
1378
2135
-7467
7531
-7628
-5580
-5658
7617
5362
7504
-2896
3459
-9976
5790
-1846
2756
2141
-7077
7083
8559
9376
9826
-8739
2177
-9493
-9667
2096
-4443
2969
-9700
4244
-1093
-3246
5340
-3224
-8398
-3834
6280
8330
9403
-8582
8301
-1956
-1732
7431
-6772
8801
-4273
2108
-4384
7932
5680
-4885
-8102
-3282
-6128
-9140
8468
3044
4350
3136
-3249
-1075
-5514
9261
3533
1746
6425
6265
-3249
8626
-1075
5321
6162
3266
6926
-5516
-3507
-1418
-9242
3956
5537
-8119
4144
7320
-9286
-4678
-4337
7523
3007
8721
3451
7144
-2178
5671
1021
5221
-1705
-2659
9088
3410
-7995
4601
3592
-3035
9057
9446
3016
-7349
-9843
-9179
-4049
4823
-3260
-7915
-6721
-9221
-4846
-5777
8117
-2052
-9932
-2846
6994
-5031
-4134
-5782
8157
-9121
7570
4876
5937
-7336
2675
-3899
3121
-5899
5441
-9399
-4632
3095
-5208
-7970
8601
3614
7435
5420
-7891
3801
8165
-6375
2909
8808
-1538
8954
-4220
8771
-3244
4211
6782
-7020
4810
6348
1613
4907
-3772
2016
-7101
-3311
-4124
2329
-6758
-1009
4536
7649
1915
-8708
9808
-2681
-9693
-7091
8520
2112
-7647
-2211
-5350
-5680
6571
-6586
5844
7595
-6590
7423
-6610
5566
-3388
-6942
7353
3894
-8895
-1452
-8294
9041
2619
3032
3035
-3497
-8561
-8108
4230
-8127
6468
-6386
9092
1153
3436
-3632
-8672
8476
6442
2375
7484
-1059
-9393
-1627
8280
6384
-8561
3320
-1150
-8062
-4450
-9336
4049
-2440
-7762
-4530
3835
9829
2957
7839
-6837
-3174
1711
-8282
5716
-1302
-9522
-3314
5712
-5705
7506
9295
-2813
-7921
9822
-1711
4472
-2896
-4416
-3571
1903
3447
-5411
-5631
4023
5890
-5199
3540
-6581
-6969
4035
-6659
3028
2797
-3190
-5952
-8576
-5529
-4851
-2662
-5535
4123
-1303
1762
7900
5584
1679
-9094
-7648
-8651
-7325
-6632
-1656
-5211
-5713
4327
9806
7955
4388
-9381
5936
8335
4205
-7769
4505
5109
-7464
-8544
-8863
-1359
-2106
6917
-7948
1961
4597
8357
-4635
3936
-5755
-7439
-9306
8771
1651
-1540
-7120
-8751
1528
-6074
-8070
8370
-7123
5699
7350
-7360
-6823
-9019
6535
-4319
6463
-7066
-1525
6462
-8863
5192
6558
6689
-4825
-4952
-5284
-4873
-6772
5374
6014
1223
7222
8398
-5499
8321
8620
-4951
7625
-9275
-3287
-2225
-1026
9205
-1058
-1689
1344
8499
6889
3585
5456
1106
-4364
4942
8695
2651
-9565
1674
5276
2729
-4399
-3085
-5488
7441
4592
7294
-4506
-6355
-8538
6003
-7187
-3249
2989
6534
-1581
-2409
2762
-4765
-8093
-2334
5744
5250
-4257
-5783
1021
6161
2985
-6469
2322
7759
2771
2791
3528
9453
1859
-1742
-3294
-1960
-6779
1072
-6260
3859
9409
2550
-6217
-5089
9189
-1242
2439
9529
4767
6142
-9513
-4056
-4723
-4476
-6647
-7071
-5782
1288
2459
-4904
2468
-8048
-8028
3316
7636
5600
-4166
7236
-9740
8454
-7043
2274
-5368
7924
4185
1257
-4171
-2665
-5129
-2643
3704
-3042
-1545
-9770
-9269
1602
-9486
8967
6704
8499
-3700
-7852
7409
7279
1401
9100
-3463
7655
6557
-7861
7696
-6576
-8356
6235
9330
-1453
7088
2088
-8867
-3739
-4364
-6896
-7355
-7352
-6334
-7681
-5030
4170
-3949
-4954
-4066
1088
8475
5187
1668
-5037
-1351
-9197
8143
-6893
5468
-1294
1388
7056
1133
8224
2933
-8589
9780
-5662
4207
-8630
5228
-2303
-2663
9912
3868
9170
1715
-4217
7397
9502
1785
-7735
8862
2711
9559
-6882
8959
5121
-8351
-7309
3676
7045
4468
-4420
5033
-2855
-7248
-6680
3305
-9988
3155
-9334
3872
-4810
1887
-9087
9896
9989
-5438
-5732
-6522
7621
-6550
7377
-5706
-6764
5633
6537
-7940
-5584
2357
6443
6302
8195
4381
9643
-2276
-6732
-1683
5419
1428
3510
5758
-7196
1785
-6481
-3182
2591
-7036
-1608
-1806
-8789
-8622
-2132
7635
7454
-9356
-7227
2586
3434
-7662
-4953
-1279
-7696
8100
-8665
-3489
9533
-5798
-4337
6906
-7444
1914
-2792
5006
-6804
-7270
2923
-1395
-9621
-2824
4869
3731
3557
-5103
-5309
8829
-8288
-4463
-4189
-1163
-3943
-3921
5991
2074
5530
5513
7520
-8195
6607
-7994
-3005
-4232
8490
-5010
-8410
-9380
2596
2109
4544
9196
