0
-1
-2
-3
-4
-5
-6
-7
-8
-9
-10
-11
-12
-13
-14
-15
-16
-17
-18
-19
-20
-21
-22
-23
-24
-25
-26
-27
-28
-29
-30
-31
-32
-33
-34
-35
-36
-37
-38
-39
-40
-41
-42
-43
-44
-45
-46
-47
-48
-49
-50
-51
-52
-53
-54
-55
-56
-57
-58
-59
-60
-61
-62
-63
-64
-65
-66
-67
-68
-69
-70
-71
-72
-73
-74
-75
-76
-77
-78
-79
-80
-81
-82
-83
-84
-85
-86
-87
-88
-89
-90
-91
-92
-93
-94
-95
-96
-97
-98
-99
-100
-101
-102
-103
-104
-105
-106
-107
-108
-109
-110
-111
-112
-113
-114
-115
-116
-117
-118
-119
-120
-121
-122
-123
-124
-125
-126
-127
-128
-129
-130
-131
-132
-133
-134
-135
-136
-137
-138
-139
-140
-141
-142
-143
-144
-145
-146
-147
-148
-149
-150
-151
-152
-153
-154
-155
-156
-157
-158
-159
-160
-161
-162
-163
-164
-165
-166
-167
-168
-169
-170
-171
-172
-173
-174
-175
-176
-177
-178
-179
-180
-181
-182
-183
-184
-185
-186
-187
-188
-189
-190
-191
-192
-193
-194
-195
-196
-197
-198
-199
-200
-201
-202
-203
-204
-205
-206
-207
-208
-209
-210
-211
-212
-213
-214
-215
-216
-217
-218
-219
-220
-221
-222
-223
-224
-225
-226
-227
-228
-229
-230
-231
-232
-233
-234
-235
-236
-237
-238
-239
-240
-241
-242
-243
-244
-245
-246
-247
-248
-249
-250
-251
-252
-253
-254
-255
-256
-257
-258
-259
-260
-261
-262
-263
-264
-265
-266
-267
-268
-269
-270
-271
-272
-273
-274
-275
-276
-277
-278
-279
-280
-281
-282
-283
-284
-285
-286
-287
-288
-289
-290
-291
-292
-293
-294
-295
-296
-297
-298
-299
-300
-301
-302
-303
-304
-305
-306
-307
-308
-309
-310
-311
-312
-313
-314
-315
-316
-317
-318
-319
-320
-321
-322
-323
-324
-325
-326
-327
-328
-329
-330
-331
-332
-333
-334
-335
-336
-337
-338
-339
-340
-341
-342
-343
-344
-345
-346
-347
-348
-349
-350
-351
-352
-353
-354
-355
-356
-357
-358
-359
-360
-361
-362
-363
-364
-365
-366
-367
-368
-369
-370
-371
-372
-373
-374
-375
-376
-377
-378
-379
-380
-381
-382
-383
-384
-385
-386
-387
-388
-389
-390
-391
-392
-393
-394
-395
-396
-397
-398
-399
-400
-401
-402
-403
-404
-405
-406
-407
-408
-409
-410
-411
-412
-413
-414
-415
-416
-417
-418
-419
-420
-421
-422
-423
-424
-425
-426
-427
-428
-429
-430
-431
-432
-433
-434
-435
-436
-437
-438
-439
-440
-441
-442
-443
-444
-445
-446
-447
-448
-449
-450
-451
-452
-453
-454
-455
-456
-457
-458
-459
-460
-461
-462
-463
-464
-465
-466
-467
-468
-469
-470
-471
-472
-473
-474
-475
-476
-477
-478
-479
-480
-481
-482
-483
-484
-485
-486
-487
-488
-489
-490
-491
-492
-493
-494
-495
-496
-497
-498
-499
-500
-501
-502
-503
-504
-505
-506
-507
-508
-509
-510
-511
-512
-513
-514
-515
-516
-517
-518
-519
-520
-521
-522
-523
-524
-525
-526
-527
-528
-529
-530
-531
-532
-533
-534
-535
-536
-537
-538
-539
-540
-541
-542
-543
-544
-545
-546
-547
-548
-549
-550
-551
-552
-553
-554
-555
-556
-557
-558
-559
-560
-561
-562
-563
-564
-565
-566
-567
-568
-569
-570
-571
-572
-573
-574
-575
-576
-577
-578
-579
-580
-581
-582
-583
-584
-585
-586
-587
-588
-589
-590
-591
-592
-593
-594
-595
-596
-597
-598
-599
-600
-601
-602
-603
-604
-605
-606
-607
-608
-609
-610
-611
-612
-613
-614
-615
-616
-617
-618
-619
-620
-621
-622
-623
-624
-625
-626
-627
-628
-629
-630
-631
-632
-633
-634
-635
-636
-637
-638
-639
-640
-641
-642
-643
-644
-645
-646
-647
-648
-649
-650
-651
-652
-653
-654
-655
-656
-657
-658
-659
-660
-661
-662
-663
-664
-665
-666
-667
-668
-669
-670
-671
-672
-673
-674
-675
-676
-677
-678
-679
-680
-681
-682
-683
-684
-685
-686
-687
-688
-689
-690
-691
-692
-693
-694
-695
-696
-697
-698
-699
-700
-701
-702
-703
-704
-705
-706
-707
-708
-709
-710
-711
-712
-713
-714
-715
-716
-717
-718
-719
-720
-721
-722
-723
-724
-725
-726
-727
-728
-729
-730
-731
-732
-733
-734
-735
-736
-737
-738
-739
-740
-741
-742
-743
-744
-745
-746
-747
-748
-749
-750
-751
-752
-753
-754
-755
-756
-757
-758
-759
-760
-761
-762
-763
-764
-765
-766
-767
-768
-769
-770
-771
-772
-773
-774
-775
-776
-777
-778
-779
-780
-781
-782
-783
-784
-785
-786
-787
-788
-789
-790
-791
-792
-793
-794
-795
-796
-797
-798
-799
-800
-801
-802
-803
-804
-805
-806
-807
-808
-809
-810
-811
-812
-813
-814
-815
-816
-817
-818
-819
-820
-821
-822
-823
-824
-825
-826
-827
-828
-829
-830
-831
-832
-833
-834
-835
-836
-837
-838
-839
-840
-841
-842
-843
-844
-845
-846
-847
-848
-849
-850
-851
-852
-853
-854
-855
-856
-857
-858
-859
-860
-861
-862
-863
-864
-865
-866
-867
-868
-869
-870
-871
-872
-873
-874
-875
-876
-877
-878
-879
-880
-881
-882
-883
-884
-885
-886
-887
-888
-889
-890
-891
-892
-893
-894
-895
-896
-897
-898
-899
-900
-901
-902
-903
-904
-905
-906
-907
-908
-909
-910
-911
-912
-913
-914
-915
-916
-917
-918
-919
-920
-921
-922
-923
-924
-925
-926
-927
-928
-929
-930
-931
-932
-933
-934
-935
-936
-937
-938
-939
-940
-941
-942
-943
-944
-945
-946
-947
-948
-949
-950
-951
-952
-953
-954
-955
-956
-957
-958
-959
-960
-961
-962
-963
-964
-965
-966
-967
-968
-969
-970
-971
-972
-973
-974
-975
-976
-977
-978
-979
-980
-981
-982
-983
-984
-985
-986
-987
-988
-989
-990
-991
-992
-993
-994
-995
-996
-997
-998
-999
5385
-9327
8025
2546
3431
9414
-3512
-6275
4682
-2475
-1579
-8416
-7090
6200
3602
-5075
-7084
1109
-9664
-6647
3392
-5339
-1024
-8116
1403
3253
6224
-2708
-5608
7144
-4864
7942
-5223
9503
-8687
4244
7906
-6051
-2124
2566
7561
-6885
9120
1988
-9271
-8727
-5775
4458
9169
-2082
2214
9069
1646
7770
4904
-2429
3163
-9826
8248
6708
-4030
5445
6777
-7754
3642
-2356
-4654
-9352
-4504
-6570
-7926
7653
-8081
-4335
-1782
4560
2030
-6819
-6250
-7894
-3045
-7590
-2196
3250
1793
3357
-8944
-8597
-5565
-7661
-7986
8391
9575
-3280
-8859
-1820
-9045
-1969
3406
4144
-8305
4063
2656
7113
-1337
3688
1982
9310
8293
-5128
5545
-4654
8698
7939
-4149
-6865
1748
-9040
-8164
3252
-2833
9227
5544
-4783
1077
3070
4147
-2518
-1789
6563
7242
9093
-7701
3486
5946
-2480
7934
-8454
-3711
-1355
-5946
-7180
9408
-4686
1834
-5388
-9680
5976
1336
-4649
-1207
-1443
9841
5135
7714
4878
7252
-4599
-7146
-9482
-8202
-4480
8600
-4811
-6764
-5720
-1452
2051
-8690
9896
1730
8040
-8123
9957
3380
-5326
-5244
-1979
-9885
4563
1687
-2000
-2967
8519
2400
8275
4555
2890
9486
-4306
-9597
6881
-5937
-2134
5111
-5092
-7397
3136
-9601
-4274
6177
7174
-7284
-3704
4048
-2986
9523
-5234
-5844
6602
7299
9801
-5517
-6830
-7928
8945
4046
2757
-5072
-6562
-9541
7141
2848
-6617
-2130
4334
4300
-9984
9702
3470
-6187
-2046
-4786
-3739
8858
2863
1354
2292
-3818
8021
-5138
2785
-6618
-7494
9031
2870
7001
-4079
-7320
2559
4333
5435
4361
3598
-3329
-1913
2519
4389
-8081
6942
4624
7889
-6120
7535
-6726
-7635
-6614
9420
8066
-9153
-8693
2126
-3534
1162
1830
-4089
-6133
3438
2778
-3281
1777
-5392
8061
-6397
1255
8883
-5310
2421
6380
5823
-6691
8009
2620
6898
-6819
-4733
-8260
2321
8953
-5569
6842
-1705
-6406
-6492
-8304
-7893
5755
-9893
9385
6430
-7799
8363
8504
-1373
5903
5756
-6610
-9049
-2206
-7382
7325
3337
-6257
-6749
-8749
-3606
-7032
5780
-6464
6776
7706
6262
4674
-2355
2114
6362
1531
-2440
-1266
-5637
-4189
9820
2302
4725
4258
-3857
-9526
1946
8909
-4556
-8808
-9998
-7745
-9883
-6852
-3808
-9325
-4295
-3775
-7106
-4199
-6296
-6910
7735
1332
4915
-3427
5004
3448
-5221
-9408
2393
-4975
1488
5421
-8560
-2751
1091
5784
-8807
2744
1899
-7324
6410
6105
-4634
7805
-9408
7828
2974
5135
-6910
8057
-9619
-5067
7855
-2210
-9387
-1685
4264
-5674
6665
-5603
-8770
5712
-4046
1378
9657
7121
-5604
-5255
-5867
-2775
-7184
-7557
-9573
4584
5125
8446
2831
6663
9427
-3507
-3664
1799
6720
5559
6210
4444
4421
5384
8135
-1213
7295
9297
-6695
8022
2582
-9116
7807
9549
-2641
-5440
-6470
-2152
5062
-1840
-7014
-9456
8413
-6225
3251
9545
7979
-7487
8439
1402
6072
9696
3025
-1659
5471
-9811
8411
-3086
-4881
-5986
6678
8489
-7699
-3970
-8615
5259
-3495
1316
-9268
-6012
9746
-9713
-5554
-5420
-9237
7065
-5307
-1603
5844
4384
-3121
3531
-7618
4356
5961
2577
-7562
-4929
7063
1158
2973
-2706
-4149
5537
3228
7771
-7327
-4372
-8784
4934
-5124
-6391
-1599
8130
8243
5667
9377
2521
-6962
2580
1108
-3192
3706
-3473
8724
-6452
-3984
-3098
1579
-2614
7026
7569
-1236
-1773
-8969
-8651
-8462
4361
-7158
-5073
2991
-3494
-8556
-5294
-2537
-1411
1288
1883
-8584
-8468
2253
-9409
8088
4466
-2498
-7320
7896
2309
-5713
-2094
-7194
4054
-6786
-7114
-1102
-1680
-6739
7492
-9968
3727
8997
1829
-5063
-8051
7540
8327
-7243
8080
-6244
-3991
-7989
-6315
7588
8650
7359
-1643
4228
-6822
5305
-6310
-7982
2942
9861
-4171
5404
8563
7781
-5291
9810
-5705
-1416
4512
-9133
-7864
-6629
-4861
6660
5514
-3105
-2923
-8341
3555
4059
-6535
4122
-8883
-3974
5185
7407
8168
-6505
6212
-6126
-4938
-3785
-1990
6465
6402
4169
-7206
-4616
-5067
9910
6188
-1649
-3582
-9428
-1049
5467
3307
7505
3310
-6333
-8723
-2301
-2234
-7126
-9670
3259
-4710
3762
3260
-6612
8517
-3827
2436
8550
-2045
8194
7018
-2034
-4458
-7009
7742
-7909
7861
5481
5731
9562
-3191
1038
-1602
-3154
5392
-2134
-9633
4087
-4196
-6794
2822
3364
-1477
7656
-4241
-2661
1995
2828
-2885
1756
4557
2215
-2142
-9956
5166
6392
5449
5078
9458
-7650
-6104
5343
-4429
2323
-4935
6891
-6945
3431
1037
-8928
-6393
-5509
3436
-3713
6077
-2382
8272
-9456
-8952
6265
-3109
-5782
5961
7145
-3505
4637
-6210
6818
-6949
6124
9463
8904
-1212
6027
-5259
1910
5601
-5520
-1264
-7651
8587
-7941
-6231
-4618
5041
-8368
6324
8551
-3653
-2410
8671
6495
-4733
4952
-3939
-1893
9502
-4103
5320
3053
5484
4280
4313
4962
-8600
-6898
-8494
-2897
-7315
9400
9074
-7986
9216
7789
-1572
1187
-2750
-7468
5181
-3201
-8321
-5183
-2947
-4295
-6814
-2545
-9345
2547
-2776
4162
5201
-6336
-7093
9451
-4888
2180
-9740
-2714
6717
-4650
5934
9749
-7765
2106
-3401
8016
9351
-3505
2893
-6317
-1380
8117
8024
8266
-6989
-3914
3885
1799
5858
1088
5366
-8247
4880
1226
9737
7115
-5089
-6192
-6585
-1533
4824
7200
-2331
-2449
-2102
4908
-6437
-1511
-7729
2330
2051
-3115
-8141
-6364
-9829
-3489
4156
2643
-5994
7794
6473
-9961
7622
-5584
5848
-5291
-4557
-6930
8788
4799
5456
1281
3615
5185
-8040
6157
9734
-1503
3400
7771
1105
-4679
5029
9362
-1580
7950
1655
-8168
3030
-8137
3075
-6710
2034
2911
8416
4226
-5353
2587
-9270
-8588
-2275
4686
-5627
2079
-4307
-4773
6692
5927
1687
3676
7995
-4645
-6798
-4663
-4043
-9954
-8278
1424
-3458
8308
2668
1979
-4423
-1381
8714
-7246
9057
-3224
-1210
4206
7816
-3563
-3945
7321
4839
3498
1299
-5132
2140
4508
-4693
-7752
2764
-1854
4679
5114
-2357
4024
-1898
-9644
5240
-6981
2343
3338
8082
-8910
7477
-2780
-3600
-4999
3704
-7582
3624
2177
1265
-8451
1266
-5544
-8961
-6018
6096
-8385
4134
-4503
9964
8079
-3648
7570
6584
-8309
-4945
4017
-6567
2608
3153
5042
-5011
7183
8432
-1387
3785
-4123
7562
6394
-5991
6053
7896
-1671
-6222
-1037
8460
-7549
-3386
-4396
-8464
-1524
-9253
-4550
-9298
-3215
-6884
4417
5014
5473
