9999
9998
9997
9996
9995
9994
9993
9992
9991
9990
9989
9988
9987
9986
9985
9984
9983
9982
9981
9980
9979
9978
9977
9976
9975
9974
9973
9972
9971
9970
9969
9968
9967
9966
9965
9964
9963
9962
9961
9960
9959
9958
9957
9956
9955
9954
9953
9952
9951
9950
9949
9948
9947
9946
9945
9944
9943
9942
9941
9940
9939
9938
9937
9936
9935
9934
9933
9932
9931
9930
9929
9928
9927
9926
9925
9924
9923
9922
9921
9920
9919
9918
9917
9916
9915
9914
9913
9912
9911
9910
9909
9908
9907
9906
9905
9904
9903
9902
9901
9900
9899
9898
9897
9896
9895
9894
9893
9892
9891
9890
9889
9888
9887
9886
9885
9884
9883
9882
9881
9880
9879
9878
9877
9876
9875
9874
9873
9872
9871
9870
9869
9868
9867
9866
9865
9864
9863
9862
9861
9860
9859
9858
9857
9856
9855
9854
9853
9852
9851
9850
9849
9848
9847
9846
9845
9844
9843
9842
9841
9840
9839
9838
9837
9836
9835
9834
9833
9832
9831
9830
9829
9828
9827
9826
9825
9824
9823
9822
9821
9820
9819
9818
9817
9816
9815
9814
9813
9812
9811
9810
9809
9808
9807
9806
9805
9804
9803
9802
9801
9800
9799
9798
9797
9796
9795
9794
9793
9792
9791
9790
9789
9788
9787
9786
9785
9784
9783
9782
9781
9780
9779
9778
9777
9776
9775
9774
9773
9772
9771
9770
9769
9768
9767
9766
9765
9764
9763
9762
9761
9760
9759
9758
9757
9756
9755
9754
9753
9752
9751
9750
9749
9748
9747
9746
9745
9744
9743
9742
9741
9740
9739
9738
9737
9736
9735
9734
9733
9732
9731
9730
9729
9728
9727
9726
9725
9724
9723
9722
9721
9720
9719
9718
9717
9716
9715
9714
9713
9712
9711
9710
9709
9708
9707
9706
9705
9704
9703
9702
9701
9700
9699
9698
9697
9696
9695
9694
9693
9692
9691
9690
9689
9688
9687
9686
9685
9684
9683
9682
9681
9680
9679
9678
9677
9676
9675
9674
9673
9672
9671
9670
9669
9668
9667
9666
9665
9664
9663
9662
9661
9660
9659
9658
9657
9656
9655
9654
9653
9652
9651
9650
9649
9648
9647
9646
9645
9644
9643
9642
9641
9640
9639
9638
9637
9636
9635
9634
9633
9632
9631
9630
9629
9628
9627
9626
9625
9624
9623
9622
9621
9620
9619
9618
9617
9616
9615
9614
9613
9612
9611
9610
9609
9608
9607
9606
9605
9604
9603
9602
9601
9600
9599
9598
9597
9596
9595
9594
9593
9592
9591
9590
9589
9588
9587
9586
9585
9584
9583
9582
9581
9580
9579
9578
9577
9576
9575
9574
9573
9572
9571
9570
9569
9568
9567
9566
9565
9564
9563
9562
9561
9560
9559
9558
9557
9556
9555
9554
9553
9552
9551
9550
9549
9548
9547
9546
9545
9544
9543
9542
9541
9540
9539
9538
9537
9536
9535
9534
9533
9532
9531
9530
9529
9528
9527
9526
9525
9524
9523
9522
9521
9520
9519
9518
9517
9516
9515
9514
9513
9512
9511
9510
9509
9508
9507
9506
9505
9504
9503
9502
9501
9500
0
-3394
-9894
8917
1078
3386
-1913
-5346
-5468
8289
8808
-8311
8325
-9079
8915
-2258
-8269
-7570
-6967
-3097
180
-6487
-9658
-2716
-5835
-310
-7047
-2018
964
6269
4096
-2623
7871
1895
1647
-2628
-2962
5305
1296
7956
299
4486
5872
-7392
137
8370
5899
-3813
452
5686
1192
3273
2179
-6148
-9714
-992
-6153
3396
1759
-8918
5127
-6072
2936
4106
8886
779
8430
-2841
-1592
-7597
7554
6353
-3856
-9400
-7555
-9834
-1020
8900
7410
-5717
-6238
-8085
5656
6897
-3742
8941
2487
-3366
909
-3786
-6733
-8965
-6287
1439
-144
3742
3118
6268
-1115
-2243
4063
-605
-4757
-5424
8504
-1275
1252
-1002
-4346
6852
3455
-553
3377
5686
-229
-5480
-7925
5218
-7659
-9607
-4677
7368
8050
-5277
1157
1769
-8823
-6921
-3025
-8034
-4947
-660
-1083
5910
-8903
-7455
6927
6361
-4745
-1652
1628
7741
7439
3205
-6119
-5921
5902
-761
-9033
-3529
-269
-6539
137
-2274
-57
998
8293
3765
-9396
-734
5005
-1196
-5047
-4231
2109
2159
-9334
3229
3122
7137
6556
-4660
4310
-6530
6433
-4019
6612
-1479
-8057
-5551
-5108
-5700
-3972
-4556
-3622
626
2160
1655
7668
-2067
-4617
2414
-9693
-4455
-8718
-5783
-2613
-7516
1599
5644
-203
-8682
724
-6304
-8913
-9231
-3306
6413
-1396
-453
7176
6726
-3792
-9116
-5040
-1685
8378
-4391
8884
-8839
3759
3373
-9606
4900
5548
-8621
-9077
-2892
4554
-4129
-8386
1190
-1914
240
-1441
4763
-9552
-1295
-7206
-258
-5515
3936
8720
-50
-3736
3214
816
-1981
-3060
-9810
7553
4700
-2523
740
5179
-4437
6348
8033
-5609
-1852
-325
-3651
-9338
-5452
7590
-5659
814
7662
-4074
-6715
3332
3789
-657
5004
-8040
-1779
-8339
6270
-4107
-7002
-3353
-5710
-6460
-8689
161
-9373
4018
1419
-9146
3792
2101
-7991
-1216
-3343
238
7883
-2860
-3185
4682
-9100
-5956
-2706
819
-3372
8250
4133
-483
7399
1706
2151
-4403
8656
-8444
3882
5124
-3528
8855
4178
-5486
-3128
7703
-1898
5407
4674
2577
-8917
6348
4277
2248
67
3141
857
-5820
-1659
-7790
-4866
-4905
-2644
3344
-6283
6223
-203
8337
-6253
-6638
-9932
545
-569
-4709
-6848
8970
3345
-219
-5289
5356
3152
-4546
-1439
-2161
-3912
6053
8624
2365
1498
3421
5587
2331
-272
2298
-1979
6874
-2452
-9046
-2012
7719
5392
-7156
-3977
-8495
-7207
894
-4620
-7610
7503
1975
-2621
-9335
-8449
-6081
1842
2779
-6199
-3327
7317
2064
-6641
-92
6434
-5089
-1665
-2029
4636
8287
-8267
5951
-5253
4989
1615
-4207
-9067
-6645
7190
3401
7569
7436
-3189
-9972
-2537
762
1255
3551
-8936
7567
2477
1847
3483
-9488
4200
5129
-6764
3062
-4310
-7472
5843
-4121
2013
1826
-7392
-558
-4968
-5265
8740
-2623
6857
-1440
-8110
-466
-1315
598
1278
5894
-8488
7930
1541
-1514
3121
1221
1582
-3046
-8091
3335
8210
-3717
-4036
-2816
4340
-7561
-8191
-7365
-5001
-5051
2730
-3840
1973
-6208
-6141
3264
-3145
5828
1931
6615
-569
-8881
-3800
6156
-8815
-8623
-4152
4320
-144
8890
-6588
-7697
1400
2840
8590
-1135
-4895
-4751
1049
2607
-7100
-7494
8811
-2466
4839
6396
-8621
-2597
622
8617
8889
-241
-9741
-1776
2764
-6312
499
-2851
5716
8091
2479
2361
-445
3542
-806
-3403
-7714
-7505
5253
5863
5470
1898
78
-7840
2579
-5779
-9812
3189
-7967
-1590
-6928
-4508
-6953
1070
7576
1216
7645
-7105
4171
-5149
-7994
-1506
-3988
5777
-1618
-8399
-1801
-8274
-7435
-5132
1323
4832
8307
-8426
5916
-712
-8257
1180
4933
-9532
1312
-7355
7132
2148
-9660
2620
-1774
-9192
8730
-6412
-1174
-6233
-8629
4917
-9623
3149
-9674
-2678
-6928
-4477
735
-3879
-2469
-1956
-8434
-4024
1938
8792
4866
-4800
3982
-9980
1555
-6153
1049
3858
6187
-5674
1816
-1296
-7469
-4875
4888
-4371
-5018
-3662
8739
-1565
5267
-9934
-3454
4259
770
3679
-8531
-5018
-9157
2353
3550
-2724
2136
3529
5631
-3226
734
2054
-2606
-1335
7422
-9449
-8286
-9814
4984
-7599
5757
7826
-2811
-415
5193
-8120
98
992
-4222
576
4501
2063
4799
-9871
-461
3156
1730
4806
3932
-3354
6205
1843
148
3275
8771
1508
-7240
4518
7095
-1415
2268
6633
-8791
1760
7932
2376
-1728
3561
-8326
-863
1103
-4191
-5391
6846
-1530
-1788
-4722
-8308
8197
-4189
6861
-1028
-1702
-1872
-7244
7078
-9330
2337
3717
-8693
3548
-2687
-6042
4655
8663
5287
-2186
-7276
5312
-152
18
3421
-8429
-9589
-4143
-7017
7353
8256
2142
8290
-5873
1618
1018
7185
4541
381
-9550
2533
-3788
-3634
-4327
2334
6278
709
-4634
-1734
-7778
264
6730
-5732
-8241
-3728
-9701
-1758
-165
-8872
7180
-5144
-5178
868
-3053
-7214
-2314
-6948
2150
8782
-9257
6342
-9047
252
3796
4203
-9755
-8347
-1843
-306
5852
-7393
-9145
-3341
-8026
-5580
-7030
4350
5100
5898
-4750
-97
-187
3257
4500
-851
-8722
-4759
-7692
-3383
-4104
-9542
-2055
-7414
-8718
4420
-7742
3431
-680
-5123
4995
-9974
8916
5340
-8609
2701
-9986
6259
-4889
335
-6062
432
-6901
8117
-941
-4630
-673
-9207
4642
3291
1800
7377
257
8081
-9430
-1387
1877
4773
-2390
6910
8875
5656
-9698
-3780
-1704
7518
-892
-3232
-5402
-2334
8164
1834
-4410
6027
8325
-2489
-6112
1107
-1347
-2259
7754
5886
4256
-8205
7213
-1013
5803
-6020
-5380
-1426
-658
5059
-2993
-8827
8863
-12
-8354
4818
4599
501
-8421
-99
817
4785
-5037
-9145
411
-5797
5952
-6522
-3801
7801
-9405
-362
-6238
-9351
-1913
7087
4696
-8914
2888
-2874
314
3499
2409
-2903
2188
-7255
-5891
4365
-9641
-5460
5721
-3533
4543
-3951
3391
7066
-6282
3415
-6023
-788
-8712
1657
-9880
-5732
3303
-19
4861
-6587
2759
-2934
293
-7672
-5376
-7287
-9217
-2743
-3382
8414
3482
-5904
-371
-9794
6815
8240
-7519
-4618
6331
2728
-5346
5936
-6938
-7881
5188
1346
8661
2543
2349
-9494
-8218
3732
-4781
5136
-124
2999
8430
4017
-6482
5564
8286
-4512
-6358
7057
-1312
8845
5213
2442
-8720
2714
-6723
-9959
-9663
2411
-3815
7844
8732
710
1048
5564
5370
586
763
-9211
3124
-4042
1636
-4859
8216
7044
4905
3548
2021
-1232
-32
1863
744
8949
3570
-2970
