0
-1
-2
-3
-4
-5
-6
-7
-8
-9
-10
-11
-12
-13
-14
-15
-16
-17
-18
-19
-20
-21
-22
-23
-24
-25
-26
-27
-28
-29
-30
-31
-32
-33
-34
-35
-36
-37
-38
-39
-40
-41
-42
-43
-44
-45
-46
-47
-48
-49
-50
-51
-52
-53
-54
-55
-56
-57
-58
-59
-60
-61
-62
-63
-64
-65
-66
-67
-68
-69
-70
-71
-72
-73
-74
-75
-76
-77
-78
-79
-80
-81
-82
-83
-84
-85
-86
-87
-88
-89
-90
-91
-92
-93
-94
-95
-96
-97
-98
-99
-100
-101
-102
-103
-104
-105
-106
-107
-108
-109
-110
-111
-112
-113
-114
-115
-116
-117
-118
-119
-120
-121
-122
-123
-124
-125
-126
-127
-128
-129
-130
-131
-132
-133
-134
-135
-136
-137
-138
-139
-140
-141
-142
-143
-144
-145
-146
-147
-148
-149
-150
-151
-152
-153
-154
-155
-156
-157
-158
-159
-160
-161
-162
-163
-164
-165
-166
-167
-168
-169
-170
-171
-172
-173
-174
-175
-176
-177
-178
-179
-180
-181
-182
-183
-184
-185
-186
-187
-188
-189
-190
-191
-192
-193
-194
-195
-196
-197
-198
-199
-200
-201
-202
-203
-204
-205
-206
-207
-208
-209
-210
-211
-212
-213
-214
-215
-216
-217
-218
-219
-220
-221
-222
-223
-224
-225
-226
-227
-228
-229
-230
-231
-232
-233
-234
-235
-236
-237
-238
-239
-240
-241
-242
-243
-244
-245
-246
-247
-248
-249
-250
-251
-252
-253
-254
-255
-256
-257
-258
-259
-260
-261
-262
-263
-264
-265
-266
-267
-268
-269
-270
-271
-272
-273
-274
-275
-276
-277
-278
-279
-280
-281
-282
-283
-284
-285
-286
-287
-288
-289
-290
-291
-292
-293
-294
-295
-296
-297
-298
-299
-300
-301
-302
-303
-304
-305
-306
-307
-308
-309
-310
-311
-312
-313
-314
-315
-316
-317
-318
-319
-320
-321
-322
-323
-324
-325
-326
-327
-328
-329
-330
-331
-332
-333
-334
-335
-336
-337
-338
-339
-340
-341
-342
-343
-344
-345
-346
-347
-348
-349
-350
-351
-352
-353
-354
-355
-356
-357
-358
-359
-360
-361
-362
-363
-364
-365
-366
-367
-368
-369
-370
-371
-372
-373
-374
-375
-376
-377
-378
-379
-380
-381
-382
-383
-384
-385
-386
-387
-388
-389
-390
-391
-392
-393
-394
-395
-396
-397
-398
-399
-400
-401
-402
-403
-404
-405
-406
-407
-408
-409
-410
-411
-412
-413
-414
-415
-416
-417
-418
-419
-420
-421
-422
-423
-424
-425
-426
-427
-428
-429
-430
-431
-432
-433
-434
-435
-436
-437
-438
-439
-440
-441
-442
-443
-444
-445
-446
-447
-448
-449
-450
-451
-452
-453
-454
-455
-456
-457
-458
-459
-460
-461
-462
-463
-464
-465
-466
-467
-468
-469
-470
-471
-472
-473
-474
-475
-476
-477
-478
-479
-480
-481
-482
-483
-484
-485
-486
-487
-488
-489
-490
-491
-492
-493
-494
-495
-496
-497
-498
-499
-500
-501
-502
-503
-504
-505
-506
-507
-508
-509
-510
-511
-512
-513
-514
-515
-516
-517
-518
-519
-520
-521
-522
-523
-524
-525
-526
-527
-528
-529
-530
-531
-532
-533
-534
-535
-536
-537
-538
-539
-540
-541
-542
-543
-544
-545
-546
-547
-548
-549
-550
-551
-552
-553
-554
-555
-556
-557
-558
-559
-560
-561
-562
-563
-564
-565
-566
-567
-568
-569
-570
-571
-572
-573
-574
-575
-576
-577
-578
-579
-580
-581
-582
-583
-584
-585
-586
-587
-588
-589
-590
-591
-592
-593
-594
-595
-596
-597
-598
-599
-600
-601
-602
-603
-604
-605
-606
-607
-608
-609
-610
-611
-612
-613
-614
-615
-616
-617
-618
-619
-620
-621
-622
-623
-624
-625
-626
-627
-628
-629
-630
-631
-632
-633
-634
-635
-636
-637
-638
-639
-640
-641
-642
-643
-644
-645
-646
-647
-648
-649
-650
-651
-652
-653
-654
-655
-656
-657
-658
-659
-660
-661
-662
-663
-664
-665
-666
-667
-668
-669
-670
-671
-672
-673
-674
-675
-676
-677
-678
-679
-680
-681
-682
-683
-684
-685
-686
-687
-688
-689
-690
-691
-692
-693
-694
-695
-696
-697
-698
-699
-700
-701
-702
-703
-704
-705
-706
-707
-708
-709
-710
-711
-712
-713
-714
-715
-716
-717
-718
-719
-720
-721
-722
-723
-724
-725
-726
-727
-728
-729
-730
-731
-732
-733
-734
-735
-736
-737
-738
-739
-740
-741
-742
-743
-744
-745
-746
-747
-748
-749
-750
-751
-752
-753
-754
-755
-756
-757
-758
-759
-760
-761
-762
-763
-764
-765
-766
-767
-768
-769
-770
-771
-772
-773
-774
-775
-776
-777
-778
-779
-780
-781
-782
-783
-784
-785
-786
-787
-788
-789
-790
-791
-792
-793
-794
-795
-796
-797
-798
-799
-800
-801
-802
-803
-804
-805
-806
-807
-808
-809
-810
-811
-812
-813
-814
-815
-816
-817
-818
-819
-820
-821
-822
-823
-824
-825
-826
-827
-828
-829
-830
-831
-832
-833
-834
-835
-836
-837
-838
-839
-840
-841
-842
-843
-844
-845
-846
-847
-848
-849
-850
-851
-852
-853
-854
-855
-856
-857
-858
-859
-860
-861
-862
-863
-864
-865
-866
-867
-868
-869
-870
-871
-872
-873
-874
-875
-876
-877
-878
-879
-880
-881
-882
-883
-884
-885
-886
-887
-888
-889
-890
-891
-892
-893
-894
-895
-896
-897
-898
-899
-900
-901
-902
-903
-904
-905
-906
-907
-908
-909
-910
-911
-912
-913
-914
-915
-916
-917
-918
-919
-920
-921
-922
-923
-924
-925
-926
-927
-928
-929
-930
-931
-932
-933
-934
-935
-936
-937
-938
-939
-940
-941
-942
-943
-944
-945
-946
-947
-948
-949
-950
-951
-952
-953
-954
-955
-956
-957
-958
-959
-960
-961
-962
-963
-964
-965
-966
-967
-968
-969
-970
-971
-972
-973
-974
-975
-976
-977
-978
-979
-980
-981
-982
-983
-984
-985
-986
-987
-988
-989
-990
-991
-992
-993
-994
-995
-996
-997
-998
-999
-2589
6376
3687
9227
4264
5769
5664
-1556
4798
5595
-5684
-6119
-2966
8601
-9747
-8559
-6990
-1348
4200
-8652
-6187
-4337
5940
9374
-3014
2081
-4298
9613
9096
7476
-6246
7815
9673
3860
2028
4310
-4436
9057
7881
-2754
-4837
-5033
3105
-6664
9798
4198
-4378
2572
-1839
-9793
3924
-5564
-6052
-3405
-2230
6844
-1155
-3988
-8661
-4997
7776
7098
7117
4098
8352
9058
4222
-3380
9015
5877
-2892
-8842
3594
3482
-7957
8583
-1300
9593
8577
-7456
-1786
-9165
-7259
2692
1597
-5353
-2316
5251
2182
8736
6612
8612
8912
-1766
3492
-8584
-3369
-1991
1653
3820
1423
-4741
-2928
8949
3623
-6032
-9262
3387
9462
2626
5967
6151
-5091
6719
-7764
-1942
-4349
-8196
-2869
6746
1591
1762
-7820
-7679
2663
9434
-3151
-6012
1983
5144
9444
-3484
7401
7621
-9355
4817
-6781
-2499
5209
8215
-2852
5654
-2236
-8314
-2135
-7856
-2145
9717
3576
-7312
-2077
8846
-6391
5223
4335
3548
6510
7542
-5094
-4240
5441
-4757
6844
1654
-5438
4582
7875
-7899
-7813
-3462
-8335
-4570
-7597
-7892
5668
-5618
6554
-4323
-5467
3478
-4720
1231
-3746
7562
-9520
-4290
-9360
9029
-9160
-2069
-9122
3700
2446
-7187
-5705
3281
-6574
3357
-3636
-3684
-2718
2578
-8911
9127
-6009
5991
9239
-6368
5935
8879
-7734
9697
1891
-2191
3293
6641
4505
1858
-4586
1940
7340
-8492
5090
-8865
5302
-3524
-6543
2679
5250
-2282
-3082
-8614
-1558
-8440
3637
-4160
9379
1992
3471
-1064
3953
-2735
-2738
-3209
-3986
-7695
-6000
-1807
9134
-4635
3308
-3572
-7113
5781
-1497
-9029
2246
-8776
4804
8278
3706
-7836
-6829
5912
-2224
1055
6102
3342
4334
-6038
-5221
-1936
-6962
-7930
-5723
5321
9879
4968
-8414
1335
5568
-5629
3204
8785
-2157
6585
9931
3213
-2139
-7922
-8983
2904
-6293
6632
3152
-3009
-6634
5515
5670
3081
-2777
-8983
6508
-9988
6235
-3869
2685
9819
6068
-1688
3506
-2181
3725
-5085
-9447
-8922
-7351
7107
-9756
6663
-1549
5443
-8858
3051
-7988
-9522
2130
-9256
-1981
3191
-1349
1837
1354
8774
-2785
-8357
-5731
-1567
4693
9869
4269
-3122
-6451
-5946
1727
-6670
-6122
-2696
7739
1779
-7475
-2051
9414
-1752
8488
-5861
-2047
9070
-7725
5578
-1537
-9218
3673
-9005
-9516
3790
2416
9973
8131
-5519
-4652
6600
-4444
-5060
-3295
9821
2648
-7944
-3532
3373
3591
-5929
-4200
-3817
7813
-1596
-4962
-1559
6571
-9561
8135
7160
3509
3871
-6188
1912
-9881
4621
-4934
5475
5526
8147
-4191
-6036
9730
-4044
6740
7990
1854
-8842
2353
-7554
-8772
-9141
-7095
-8475
6519
1010
-1508
2864
-8911
-2556
-5383
-8376
4358
-4500
5362
4268
-2823
7515
-3894
5616
-4463
4880
8372
-4580
-9459
5514
4617
-9421
-2588
-7530
-1526
3423
7765
-5921
-4187
6995
-4822
-8579
9809
-3286
-2109
-2584
7530
3271
3362
1273
6548
-2117
-7928
1186
-5775
-3187
-8069
4703
9628
7915
-1194
2411
8706
-2753
-5562
3246
-5683
1891
8018
-8384
-1313
-7831
8641
-7415
7534
-9274
-8411
5053
-6667
-7913
-7651
-4859
8613
2748
8279
-6975
-6501
3824
6337
5569
6708
-4080
1848
3146
4519
-3950
6943
-1596
-2799
3015
-9841
-5148
5776
-8930
-6246
-8423
-5503
1370
-6232
-7345
-3047
-5289
-2029
-3397
-5695
-1514
6334
4841
-3645
7721
7881
-3671
-6143
7628
5463
6118
9330
-1794
-9050
-7580
-4670
-7414
-7750
1665
4601
3235
-5035
1949
-6138
-8995
-2272
8531
3581
7226
9472
-9645
7697
-1095
-3711
-3603
3677
-1333
1480
5032
-6956
-8574
3723
-5745
-8930
-8483
4022
3262
-2934
-8268
9012
7467
-6929
4451
6539
-9045
-8824
-3000
8419
-2779
-7124
-5866
6623
-2584
2267
4350
3233
3851
3778
-6773
9225
-2512
4815
3133
1177
6165
5477
-5508
9682
9879
2056
-2971
-2671
-4631
9773
4665
-6932
-8555
6604
-8270
6298
2055
5576
-4599
8829
2320
4569
-4777
8902
-8852
-4255
6983
8538
9354
2377
8411
8161
6812
5329
-1354
-2133
-5827
3938
-1094
1817
2930
3252
-2964
5585
-3557
6410
-3196
1349
-3249
-4270
2554
-4683
-7941
-9315
-3487
-3962
3948
4660
2452
9337
-7481
-6744
-8864
-6363
-9243
-1208
5389
-5921
6108
-5408
-4971
-3043
-4496
1484
-2828
-6938
9383
-4851
2787
6332
2551
7545
5347
1473
2774
-7121
8822
-3939
-6604
4275
-4661
4884
2107
-6230
-4725
-6211
-6077
2486
9706
4389
5357
-1194
-8395
4309
-2915
7526
9377
-3457
3026
-1934
-7883
-4223
-1181
2760
5612
9959
-6122
-4909
7989
-5533
-7931
1919
-8323
-8145
5117
-7221
5031
-9236
5979
5713
1332
-5300
5839
-3738
9740
9227
-5826
-5832
-4495
-3931
9778
3042
-4008
-1018
9013
-4867
-2784
4618
-8331
-7753
-8466
5501
-3942
-6467
9988
-2157
-4112
-5049
-4955
-6316
1601
4501
4055
4755
8669
3495
-7084
-8539
7106
-8151
-3794
6316
-5172
-1905
-8552
-5208
3004
4473
-8136
8666
9027
-1774
-6760
-4540
9018
2817
-8561
2799
1515
9312
4879
-3687
6813
-3607
2302
-3260
6722
3770
-2009
-8428
4974
3101
7234
-9488
-4547
6026
-4054
-9737
-9915
3347
-3098
-8888
-8532
6493
1134
9996
5011
-3591
3102
8907
4127
-5157
9384
9338
2634
2989
2318
7734
8345
5896
1995
-8774
1893
-9425
2943
-4816
-8430
-6198
6098
-2887
4160
-4887
6071
8920
-3791
1448
-4083
2661
-8064
4107
-6328
6002
-4694
1216
-4533
8961
-9519
9012
4267
1989
4948
4256
8384
2732
-6053
1407
5710
-3165
3403
-2925
2117
4463
7144
4195
-6889
-1557
-6262
-2338
2095
3432
8857
-3669
1982
4543
5827
-4789
8181
-1630
3863
-1806
-8587
7015
8561
1293
9671
2799
8777
-9681
-1770
-5473
-4946
-9181
1203
2158
4358
-4180
-9453
6617
-1669
2475
-8454
7323
-8916
6561
7822
-6802
-2757
-9046
10000
-2563
7925
-9959
-7091
-7037
-2714
-7883
6834
6996
-2373
-7652
6471
-3666
6055
2583
-4706
-4985
8001
-9351
8314
8866
9802
-4917
-6137
-2897
-6124
4354
-1551
7225
9522
-3327
-5290
3547
-3576
-8608
-5113
6164
6743
8192
5477
8556
8652
6477
7139
3775
1751
-2124
-5178
3239
2806
-2041
-9515
9917
4591
-3840
-3979
-9194
-5448
4276
-8305
-6340
5246
-3977
1353
1894
-2502
1527
-3718
-2069
-8019
3552
-1465
-2573
6152
-3987
5431
-8183
7632
2388
6320
1394
6552
-6918
-3770
