0
-1
-2
-3
-4
-5
-6
-7
-8
-9
-10
-11
-12
-13
-14
-15
-16
-17
-18
-19
-20
-21
-22
-23
-24
-25
-26
-27
-28
-29
-30
-31
-32
-33
-34
-35
-36
-37
-38
-39
-40
-41
-42
-43
-44
-45
-46
-47
-48
-49
-50
-51
-52
-53
-54
-55
-56
-57
-58
-59
-60
-61
-62
-63
-64
-65
-66
-67
-68
-69
-70
-71
-72
-73
-74
-75
-76
-77
-78
-79
-80
-81
-82
-83
-84
-85
-86
-87
-88
-89
-90
-91
-92
-93
-94
-95
-96
-97
-98
-99
-100
-101
-102
-103
-104
-105
-106
-107
-108
-109
-110
-111
-112
-113
-114
-115
-116
-117
-118
-119
-120
-121
-122
-123
-124
-125
-126
-127
-128
-129
-130
-131
-132
-133
-134
-135
-136
-137
-138
-139
-140
-141
-142
-143
-144
-145
-146
-147
-148
-149
-150
-151
-152
-153
-154
-155
-156
-157
-158
-159
-160
-161
-162
-163
-164
-165
-166
-167
-168
-169
-170
-171
-172
-173
-174
-175
-176
-177
-178
-179
-180
-181
-182
-183
-184
-185
-186
-187
-188
-189
-190
-191
-192
-193
-194
-195
-196
-197
-198
-199
-200
-201
-202
-203
-204
-205
-206
-207
-208
-209
-210
-211
-212
-213
-214
-215
-216
-217
-218
-219
-220
-221
-222
-223
-224
-225
-226
-227
-228
-229
-230
-231
-232
-233
-234
-235
-236
-237
-238
-239
-240
-241
-242
-243
-244
-245
-246
-247
-248
-249
-250
-251
-252
-253
-254
-255
-256
-257
-258
-259
-260
-261
-262
-263
-264
-265
-266
-267
-268
-269
-270
-271
-272
-273
-274
-275
-276
-277
-278
-279
-280
-281
-282
-283
-284
-285
-286
-287
-288
-289
-290
-291
-292
-293
-294
-295
-296
-297
-298
-299
-300
-301
-302
-303
-304
-305
-306
-307
-308
-309
-310
-311
-312
-313
-314
-315
-316
-317
-318
-319
-320
-321
-322
-323
-324
-325
-326
-327
-328
-329
-330
-331
-332
-333
-334
-335
-336
-337
-338
-339
-340
-341
-342
-343
-344
-345
-346
-347
-348
-349
-350
-351
-352
-353
-354
-355
-356
-357
-358
-359
-360
-361
-362
-363
-364
-365
-366
-367
-368
-369
-370
-371
-372
-373
-374
-375
-376
-377
-378
-379
-380
-381
-382
-383
-384
-385
-386
-387
-388
-389
-390
-391
-392
-393
-394
-395
-396
-397
-398
-399
-400
-401
-402
-403
-404
-405
-406
-407
-408
-409
-410
-411
-412
-413
-414
-415
-416
-417
-418
-419
-420
-421
-422
-423
-424
-425
-426
-427
-428
-429
-430
-431
-432
-433
-434
-435
-436
-437
-438
-439
-440
-441
-442
-443
-444
-445
-446
-447
-448
-449
-450
-451
-452
-453
-454
-455
-456
-457
-458
-459
-460
-461
-462
-463
-464
-465
-466
-467
-468
-469
-470
-471
-472
-473
-474
-475
-476
-477
-478
-479
-480
-481
-482
-483
-484
-485
-486
-487
-488
-489
-490
-491
-492
-493
-494
-495
-496
-497
-498
-499
-500
-501
-502
-503
-504
-505
-506
-507
-508
-509
-510
-511
-512
-513
-514
-515
-516
-517
-518
-519
-520
-521
-522
-523
-524
-525
-526
-527
-528
-529
-530
-531
-532
-533
-534
-535
-536
-537
-538
-539
-540
-541
-542
-543
-544
-545
-546
-547
-548
-549
-550
-551
-552
-553
-554
-555
-556
-557
-558
-559
-560
-561
-562
-563
-564
-565
-566
-567
-568
-569
-570
-571
-572
-573
-574
-575
-576
-577
-578
-579
-580
-581
-582
-583
-584
-585
-586
-587
-588
-589
-590
-591
-592
-593
-594
-595
-596
-597
-598
-599
-600
-601
-602
-603
-604
-605
-606
-607
-608
-609
-610
-611
-612
-613
-614
-615
-616
-617
-618
-619
-620
-621
-622
-623
-624
-625
-626
-627
-628
-629
-630
-631
-632
-633
-634
-635
-636
-637
-638
-639
-640
-641
-642
-643
-644
-645
-646
-647
-648
-649
-650
-651
-652
-653
-654
-655
-656
-657
-658
-659
-660
-661
-662
-663
-664
-665
-666
-667
-668
-669
-670
-671
-672
-673
-674
-675
-676
-677
-678
-679
-680
-681
-682
-683
-684
-685
-686
-687
-688
-689
-690
-691
-692
-693
-694
-695
-696
-697
-698
-699
-700
-701
-702
-703
-704
-705
-706
-707
-708
-709
-710
-711
-712
-713
-714
-715
-716
-717
-718
-719
-720
-721
-722
-723
-724
-725
-726
-727
-728
-729
-730
-731
-732
-733
-734
-735
-736
-737
-738
-739
-740
-741
-742
-743
-744
-745
-746
-747
-748
-749
-750
-751
-752
-753
-754
-755
-756
-757
-758
-759
-760
-761
-762
-763
-764
-765
-766
-767
-768
-769
-770
-771
-772
-773
-774
-775
-776
-777
-778
-779
-780
-781
-782
-783
-784
-785
-786
-787
-788
-789
-790
-791
-792
-793
-794
-795
-796
-797
-798
-799
-800
-801
-802
-803
-804
-805
-806
-807
-808
-809
-810
-811
-812
-813
-814
-815
-816
-817
-818
-819
-820
-821
-822
-823
-824
-825
-826
-827
-828
-829
-830
-831
-832
-833
-834
-835
-836
-837
-838
-839
-840
-841
-842
-843
-844
-845
-846
-847
-848
-849
-850
-851
-852
-853
-854
-855
-856
-857
-858
-859
-860
-861
-862
-863
-864
-865
-866
-867
-868
-869
-870
-871
-872
-873
-874
-875
-876
-877
-878
-879
-880
-881
-882
-883
-884
-885
-886
-887
-888
-889
-890
-891
-892
-893
-894
-895
-896
-897
-898
-899
-900
-901
-902
-903
-904
-905
-906
-907
-908
-909
-910
-911
-912
-913
-914
-915
-916
-917
-918
-919
-920
-921
-922
-923
-924
-925
-926
-927
-928
-929
-930
-931
-932
-933
-934
-935
-936
-937
-938
-939
-940
-941
-942
-943
-944
-945
-946
-947
-948
-949
-950
-951
-952
-953
-954
-955
-956
-957
-958
-959
-960
-961
-962
-963
-964
-965
-966
-967
-968
-969
-970
-971
-972
-973
-974
-975
-976
-977
-978
-979
-980
-981
-982
-983
-984
-985
-986
-987
-988
-989
-990
-991
-992
-993
-994
-995
-996
-997
-998
-999
-3777
-1776
-6125
-5050
-1845
2035
-2017
-4822
-2654
9098
-8853
-5723
-6016
4517
5346
-4347
-2319
-3538
-7146
-4723
6297
-7465
-4316
8314
4097
-4174
-1957
-4801
2924
8930
-9113
-1161
6280
-2085
2900
4656
8992
-7662
-5596
1079
3435
-1470
5486
2290
-1812
-4945
7649
3843
-6794
-9138
-5797
-7160
-4244
8625
6477
8187
-6847
3608
9447
4563
5291
3663
5263
-7886
-9227
9683
7078
-3188
5380
5639
-9100
-4106
8445
-5701
2204
5245
-1885
-1777
4550
-9185
-8444
-3237
5134
-9484
7978
-8584
1938
6905
8116
6912
5960
1401
-2164
6168
8019
2544
-1557
8753
7174
4974
4188
5126
5150
-1564
5920
-2490
3013
-6648
1043
-4489
-6456
-4600
-4638
-7464
5983
3475
5763
-1481
8869
5502
-3868
-7077
6958
9106
9619
9860
1676
6012
-2901
-7510
-2051
8902
6771
-1677
5087
-9730
9058
8151
4252
-2331
4858
-7855
-8907
6479
-1711
-4906
2055
2658
-8100
6694
3320
3975
-4274
-6302
-1528
-8961
2263
-4836
6746
-6061
-3703
9127
3840
-3848
2026
-8373
-4275
3560
3048
4595
4718
1169
-9942
-1983
5791
-4197
-1895
1404
3359
-5331
-5567
-1349
-9560
-7387
7364
-8587
9574
2297
7085
6198
6679
8675
4432
6326
1879
6870
9999
-1646
2437
-6912
7584
-8698
8948
3694
8338
9615
4135
4421
-8783
-5347
5298
6519
-1721
-2862
-1294
7525
-7633
-8228
2309
-3321
4731
4212
6505
-2497
-2039
2820
4795
-6083
2253
-5852
1571
4882
5918
-8553
-2108
7992
4981
-7520
-4961
-7565
1452
4155
7878
6398
-4345
-8248
2401
-9224
4812
-2703
-2116
6923
-8579
-3876
3312
6038
-5925
-8158
-2181
-7804
-7144
2196
1723
-2906
-6930
2378
3346
-7061
-1900
-5512
-5694
-9696
-3812
4243
7903
-3629
-3577
-1291
6998
-2636
-1798
7082
7311
-5662
3950
-9981
4114
-8342
6001
2338
7078
-7824
8236
6432
8397
-9790
-6001
7436
4187
-1010
-9439
-3135
6642
8475
-8683
8491
8660
6588
-9259
7256
-7197
5210
-3969
4139
-5560
-9559
-2171
-1253
-5678
-7160
-3798
-1284
8916
-1150
-9040
2198
6141
-2839
8258
-8570
7746
-6947
-2445
2386
-8845
4238
8592
-7309
7184
4235
2137
-9498
-3107
-6410
-5976
5464
-2419
-7612
2941
-7992
9083
-6119
-1304
6471
3687
-1011
4071
-7560
2771
-3896
-7980
-7672
-3879
1250
6140
3004
1321
9376
2011
-4459
1102
-1678
2274
-7247
2978
2882
5683
-8347
-6537
-5987
9637
-9949
-5440
-8723
-1482
-5647
4969
-8474
-1678
8801
3323
6446
6053
6831
-7047
-9758
-4187
-6968
-7262
-1252
9637
1807
-3045
1172
-5922
-5793
-1942
6876
6099
4555
-4779
6213
6472
-6704
-6373
-7772
7029
5769
4778
1278
-9353
4074
5456
-9604
-9820
-1704
8478
-5818
1195
-2909
1305
1006
-1842
-4838
-5580
-6517
4711
-2087
1004
-1999
-1576
8134
-3339
-8578
-4480
5852
6105
-3906
5943
-7161
3200
-7142
-8203
9537
9009
-7372
-9594
4826
5630
-3138
-1663
6617
-5423
-9707
8852
3894
-3640
-7642
1858
5724
-6743
-4749
2044
-1408
6821
-6765
6712
-6976
8856
-1106
-9932
-2536
-5043
2686
9398
7261
9429
-7434
9851
4645
-6054
-3742
8307
5839
3903
-1378
4227
9746
-1597
3484
-7030
-5684
6835
1003
6179
-4222
-4181
7093
4088
-3656
4472
-2348
-7253
9257
3520
-9816
-9843
8760
-2909
-7435
-2126
8069
5167
-9162
-5996
-2482
6786
-3265
-5829
-6457
1614
2057
-2767
-3479
-5545
-7988
-2867
-3818
3070
9553
-4667
1343
-6956
9258
-9271
4259
5656
-1475
-9495
7066
8362
-6069
3328
5471
-7672
4175
-4199
-1154
-3157
-3779
2430
-6396
-8044
-9881
8464
-9050
6390
5272
7950
8894
1934
2889
-1977
4635
-9423
-3839
-1838
1471
-1542
4094
-4917
-5588
4465
-5670
-3899
1947
6489
-5948
5686
-6844
8862
-5524
-8470
-1267
-6930
7258
9816
1707
7202
-4120
-2408
-7598
-1161
7356
8648
-6780
-6237
-8337
7975
2861
3839
-6672
-3661
-4853
1375
9052
-9366
-9437
-9854
-2321
5720
4542
-3545
2751
5817
7531
-4565
-1521
4850
-3494
-1331
-9517
-2277
6300
2174
6999
1091
3390
-1760
6263
-1193
-9352
5056
4278
2770
3080
4903
-2567
-7804
1970
-4589
-7452
2725
5155
7479
4400
-8443
5509
3652
6105
6205
-8753
-1217
8786
1213
-4476
2987
1102
5022
5890
-9836
2559
5743
8289
9825
3394
6864
-2327
4839
-8242
-8802
2321
3345
1203
4745
7947
-6617
2674
-7928
-9971
4839
-5101
2496
-8367
8760
8895
-3620
-9463
3737
1212
3953
-1196
-7587
-7679
-1699
6812
-2985
-7952
8454
-5097
-1798
2345
-3356
8540
-9223
4938
4167
7916
6020
-7775
5771
9222
8837
1480
-2313
-6007
-4956
1089
1423
9642
-5198
-5830
6331
2342
-8739
6173
6458
-1801
-4251
6017
2989
-6594
2921
5870
7003
-4972
6029
4097
-3361
-5171
7197
-2384
1924
-7666
7559
2581
-4726
6492
1181
5791
-3225
-9976
5691
4548
5665
-3698
1795
-7088
-2187
-3920
8005
-1496
-3089
2691
-2614
1234
-9882
7189
6998
-5142
-6015
-8845
4097
-1021
-4470
2101
3042
-9326
-1493
-7602
-1790
5988
-4239
-6144
-4662
-2850
5628
-3077
2294
-4160
-2464
-7783
3014
9092
-7270
6312
-1747
-3298
-2051
-1868
5856
-7691
-9253
-3800
5432
-4627
-3106
-6581
-4189
6062
-9191
5501
9774
-6227
7571
2844
5515
-8518
3876
-5756
-8429
-9303
8026
1796
5339
-4790
4614
1375
-7659
-2112
9523
-6100
6756
7883
8537
1882
8794
6738
-1220
-1403
-4356
-4042
-8135
8849
-9296
8064
-1128
-5707
8549
2155
-6772
9421
9098
-9383
-9203
-5428
-7162
1688
-8686
7297
9846
-6575
-3381
-7356
-6424
1080
7602
4902
4713
4310
-5375
-2252
-8350
3340
-5704
-7990
-9651
2370
2686
3007
-7238
-7790
-8752
5940
7169
9213
1120
4795
8903
-7094
4070
-9525
-2928
9015
-1548
4179
7226
2306
-7004
-5944
5372
2610
9336
6142
-6300
-7809
-2572
-3186
7046
-5334
-8827
-8930
-5187
4443
9965
-1543
8787
-5854
-3390
6950
6135
1755
9897
4094
-7015
-3761
1750
-3988
3511
3213
2312
-7481
-1232
5223
9512
3367
-9980
-3112
-3288
6339
-7053
6413
-9518
-4311
-8882
9484
-4738
9995
-3838
4161
-2409
5503
-2045
4482
3788
-5268
-7032
1700
-6055
-3628
-6050
-1979
4472
-1521
7332
-2722
2204
-1997
2440
7312
-2305
-7779
4951
-3054
-9394
9777
-5110
-8779
7614
-9205
3014
3787
-8887
2956
2319
8243
4112
3288
-3341
8937
